

================================================================
== Vivado HLS Report for 'array_io'
================================================================
* Date:           Sat Aug 08 15:42:55 2015

* Version:        2015.2 (Build 1266856 on Fri Jun 26 16:57:37 PM 2015)
* Project:        array_io_prj
* Solution:       solution2
* Product family: kintex7
* Target device:  xc7k160tfbg484-1


================================================================
== Performance Estimates
================================================================
+ Timing (ns): 
    * Summary: 
    +--------+-------+----------+------------+
    |  Clock | Target| Estimated| Uncertainty|
    +--------+-------+----------+------------+
    |ap_clk  |   4.00|      2.70|        0.50|
    +--------+-------+----------+------------+

+ Latency (clock cycles): 
    * Summary: 
    +-----+-----+-----+-----+---------+
    |  Latency  |  Interval | Pipeline|
    | min | max | min | max |   Type  |
    +-----+-----+-----+-----+---------+
    |   33|   33|   34|   34|   none  |
    +-----+-----+-----+-----+---------+

    + Detail: 
        * Instance: 
        N/A

        * Loop: 
        N/A



================================================================
== Utilization Estimates
================================================================
* Summary: 
+-----------------+---------+-------+--------+--------+
|       Name      | BRAM_18K| DSP48E|   FF   |   LUT  |
+-----------------+---------+-------+--------+--------+
|Expression       |        -|      -|       0|    1024|
|FIFO             |        -|      -|       -|       -|
|Instance         |        -|      -|       -|       -|
|Memory           |        -|      -|       -|       -|
|Multiplexer      |        -|      -|       -|     297|
|Register         |        -|      -|    1266|       -|
+-----------------+---------+-------+--------+--------+
|Total            |        0|      0|    1266|    1321|
+-----------------+---------+-------+--------+--------+
|Available        |      650|    600|  202800|  101400|
+-----------------+---------+-------+--------+--------+
|Utilization (%)  |        0|      0|   ~0   |       1|
+-----------------+---------+-------+--------+--------+

+ Detail: 
    * Instance: 
    N/A

    * Memory: 
    N/A

    * FIFO: 
    N/A

    * Expression: 
    +------------------------------+----------+-------+---+----+------------+------------+
    |         Variable Name        | Operation| DSP48E| FF| LUT| Bitwidth P0| Bitwidth P1|
    +------------------------------+----------+-------+---+----+------------+------------+
    |acc_0_loc_assign_1_fu_582_p2  |     +    |      0|  0|  32|          32|          32|
    |acc_0_loc_assign_2_fu_434_p2  |     +    |      0|  0|  32|          32|          32|
    |acc_0_loc_fu_694_p2           |     +    |      0|  0|  32|          32|          32|
    |acc_1_loc_assign_1_fu_596_p2  |     +    |      0|  0|  32|          32|          32|
    |acc_1_loc_assign_2_fu_453_p2  |     +    |      0|  0|  32|          32|          32|
    |acc_1_loc_fu_708_p2           |     +    |      0|  0|  32|          32|          32|
    |acc_2_loc_assign_1_fu_610_p2  |     +    |      0|  0|  32|          32|          32|
    |acc_2_loc_assign_2_fu_472_p2  |     +    |      0|  0|  32|          32|          32|
    |acc_2_loc_fu_722_p2           |     +    |      0|  0|  32|          32|          32|
    |acc_3_loc_assign_1_fu_624_p2  |     +    |      0|  0|  32|          32|          32|
    |acc_3_loc_assign_2_fu_491_p2  |     +    |      0|  0|  32|          32|          32|
    |acc_3_loc_fu_736_p2           |     +    |      0|  0|  32|          32|          32|
    |acc_4_loc_assign_1_fu_638_p2  |     +    |      0|  0|  32|          32|          32|
    |acc_4_loc_assign_2_fu_510_p2  |     +    |      0|  0|  32|          32|          32|
    |acc_4_loc_fu_750_p2           |     +    |      0|  0|  32|          32|          32|
    |acc_5_loc_assign_1_fu_652_p2  |     +    |      0|  0|  32|          32|          32|
    |acc_5_loc_assign_2_fu_529_p2  |     +    |      0|  0|  32|          32|          32|
    |acc_5_loc_fu_783_p2           |     +    |      0|  0|  32|          32|          32|
    |acc_6_loc_assign_1_fu_666_p2  |     +    |      0|  0|  32|          32|          32|
    |acc_6_loc_assign_2_fu_548_p2  |     +    |      0|  0|  32|          32|          32|
    |acc_6_loc_fu_834_p2           |     +    |      0|  0|  32|          32|          32|
    |acc_7_loc_assign_1_fu_680_p2  |     +    |      0|  0|  32|          32|          32|
    |acc_7_loc_assign_2_fu_567_p2  |     +    |      0|  0|  32|          32|          32|
    |acc_7_loc_fu_886_p2           |     +    |      0|  0|  32|          32|          32|
    |temp_1_fu_797_p2              |     +    |      0|  0|  32|          32|          32|
    |temp_2_fu_816_p2              |     +    |      0|  0|  32|          32|          32|
    |temp_3_fu_848_p2              |     +    |      0|  0|  32|          32|          32|
    |temp_4_fu_867_p2              |     +    |      0|  0|  32|          32|          32|
    |temp_5_fu_900_p2              |     +    |      0|  0|  32|          32|          32|
    |temp_6_fu_919_p2              |     +    |      0|  0|  32|          32|          32|
    |temp_7_fu_938_p2              |     +    |      0|  0|  32|          32|          32|
    |temp_s_fu_764_p2              |     +    |      0|  0|  32|          32|          32|
    +------------------------------+----------+-------+---+----+------------+------------+
    |Total                         |          |      0|  0|1024|        1024|        1024|
    +------------------------------+----------+-------+---+----+------------+------------+

    * Multiplexer: 
    +--------------+-----+-----------+-----+-----------+
    |     Name     | LUT | Input Size| Bits| Total Bits|
    +--------------+-----+-----------+-----+-----------+
    |ap_NS_fsm     |   60|         35|    1|         35|
    |d_i_address0  |   35|         26|    5|        130|
    |d_i_address1  |   10|          8|    5|         40|
    |d_o_din       |  160|         33|   16|        528|
    |reg_412       |   16|          2|   16|         32|
    |reg_417       |   16|          2|   16|         32|
    +--------------+-----+-----------+-----+-----------+
    |Total         |  297|        106|   59|        797|
    +--------------+-----+-----------+-----+-----------+

    * Register: 
    +-----------------------------+----+----+-----+-----------+
    |             Name            | FF | LUT| Bits| Const Bits|
    +-----------------------------+----+----+-----+-----------+
    |acc_0                        |  32|   0|   32|          0|
    |acc_0_loc_assign_1_reg_1043  |  32|   0|   32|          0|
    |acc_0_loc_assign_2_reg_963   |  32|   0|   32|          0|
    |acc_0_loc_reg_1128           |  32|   0|   32|          0|
    |acc_1                        |  32|   0|   32|          0|
    |acc_1_loc_assign_1_reg_1053  |  32|   0|   32|          0|
    |acc_1_loc_assign_2_reg_973   |  32|   0|   32|          0|
    |acc_1_loc_reg_1143           |  32|   0|   32|          0|
    |acc_2                        |  32|   0|   32|          0|
    |acc_2_loc_assign_1_reg_1063  |  32|   0|   32|          0|
    |acc_2_loc_assign_2_reg_983   |  32|   0|   32|          0|
    |acc_2_loc_reg_1158           |  32|   0|   32|          0|
    |acc_3                        |  32|   0|   32|          0|
    |acc_3_loc_assign_1_reg_1073  |  32|   0|   32|          0|
    |acc_3_loc_assign_2_reg_993   |  32|   0|   32|          0|
    |acc_3_loc_reg_1178           |  32|   0|   32|          0|
    |acc_4                        |  32|   0|   32|          0|
    |acc_4_loc_assign_1_reg_1083  |  32|   0|   32|          0|
    |acc_4_loc_assign_2_reg_1003  |  32|   0|   32|          0|
    |acc_4_loc_reg_1193           |  32|   0|   32|          0|
    |acc_5                        |  32|   0|   32|          0|
    |acc_5_loc_assign_1_reg_1093  |  32|   0|   32|          0|
    |acc_5_loc_assign_2_reg_1013  |  32|   0|   32|          0|
    |acc_5_loc_reg_1213           |  32|   0|   32|          0|
    |acc_6                        |  32|   0|   32|          0|
    |acc_6_loc_assign_1_reg_1103  |  32|   0|   32|          0|
    |acc_6_loc_assign_2_reg_1023  |  32|   0|   32|          0|
    |acc_6_loc_reg_1238           |  32|   0|   32|          0|
    |acc_7                        |  32|   0|   32|          0|
    |acc_7_loc_assign_1_reg_1113  |  32|   0|   32|          0|
    |acc_7_loc_assign_2_reg_1033  |  32|   0|   32|          0|
    |acc_7_loc_reg_1258           |  32|   0|   32|          0|
    |ap_CS_fsm                    |  34|   0|   34|          0|
    |d_i_load_22_reg_1163         |  16|   0|   16|          0|
    |reg_408                      |  16|   0|   16|          0|
    |reg_412                      |  16|   0|   16|          0|
    |reg_417                      |  16|   0|   16|          0|
    |reg_422                      |  16|   0|   16|          0|
    |tmp_25_reg_1198              |  16|   0|   16|          0|
    |tmp_26_reg_1218              |  16|   0|   16|          0|
    |tmp_27_reg_1223              |  16|   0|   16|          0|
    |tmp_28_reg_1243              |  16|   0|   16|          0|
    |tmp_29_reg_1248              |  16|   0|   16|          0|
    |tmp_30_reg_1263              |  16|   0|   16|          0|
    |tmp_31_reg_1268              |  16|   0|   16|          0|
    |tmp_32_reg_1273              |  16|   0|   16|          0|
    +-----------------------------+----+----+-----+-----------+
    |Total                        |1266|   0| 1266|          0|
    +-----------------------------+----+----+-----+-----------+



================================================================
== Interface
================================================================
* Summary: 
+--------------+-----+-----+------------+--------------+--------------+
|   RTL Ports  | Dir | Bits|  Protocol  | Source Object|    C Type    |
+--------------+-----+-----+------------+--------------+--------------+
|ap_clk        |  in |    1| ap_ctrl_hs |   array_io   | return value |
|ap_rst        |  in |    1| ap_ctrl_hs |   array_io   | return value |
|ap_start      |  in |    1| ap_ctrl_hs |   array_io   | return value |
|ap_done       | out |    1| ap_ctrl_hs |   array_io   | return value |
|ap_idle       | out |    1| ap_ctrl_hs |   array_io   | return value |
|ap_ready      | out |    1| ap_ctrl_hs |   array_io   | return value |
|d_o_din       | out |   16|   ap_fifo  |      d_o     |    pointer   |
|d_o_full_n    |  in |    1|   ap_fifo  |      d_o     |    pointer   |
|d_o_write     | out |    1|   ap_fifo  |      d_o     |    pointer   |
|d_i_address0  | out |    5|  ap_memory |      d_i     |     array    |
|d_i_ce0       | out |    1|  ap_memory |      d_i     |     array    |
|d_i_q0        |  in |   16|  ap_memory |      d_i     |     array    |
|d_i_address1  | out |    5|  ap_memory |      d_i     |     array    |
|d_i_ce1       | out |    1|  ap_memory |      d_i     |     array    |
|d_i_q1        |  in |   16|  ap_memory |      d_i     |     array    |
+--------------+-----+-----+------------+--------------+--------------+

