

================================================================
== Vivado HLS Report for 'dct_dct_2d'
================================================================
* Date:           Mon Aug 10 12:48:31 2015

* Version:        2015.2 (Build 1266856 on Fri Jun 26 16:57:37 PM 2015)
* Project:        dct_prj
* Solution:       solution3
* Product family: kintex7
* Target device:  xc7k160tfbg484-1


================================================================
== Performance Estimates
================================================================
+ Timing (ns): 
    * Summary: 
    +--------+-------+----------+------------+
    |  Clock | Target| Estimated| Uncertainty|
    +--------+-------+----------+------------+
    |ap_clk  |   8.00|      8.74|        1.00|
    +--------+-------+----------+------------+

+ Latency (clock cycles): 
    * Summary: 
    +-----+-----+-----+-----+---------+
    |  Latency  |  Interval | Pipeline|
    | min | max | min | max |   Type  |
    +-----+-----+-----+-----+---------+
    |  757|  757|  757|  757|   none  |
    +-----+-----+-----+-----+---------+

    + Detail: 
        * Instance: 
        +-----------------------+------------+-----+-----+-----+-----+---------+
        |                       |            |  Latency  |  Interval | Pipeline|
        |        Instance       |   Module   | min | max | min | max |   Type  |
        +-----------------------+------------+-----+-----+-----+-----+---------+
        |grp_dct_dct_1d_fu_223  |dct_dct_1d  |   37|   37|   37|   37|   none  |
        +-----------------------+------------+-----+-----+-----+-----+---------+

        * Loop: 
        +---------------------------------------------+-----+-----+----------+-----------+-----------+------+----------+
        |                                             |  Latency  | Iteration|  Initiation Interval  | Trip |          |
        |                  Loop Name                  | min | max |  Latency |  achieved |   target  | Count| Pipelined|
        +---------------------------------------------+-----+-----+----------+-----------+-----------+------+----------+
        |- Row_DCT_Loop                               |  312|  312|        39|          -|          -|     8|    no    |
        |- Xpose_Row_Outer_Loop_Xpose_Row_Inner_Loop  |   64|   64|         2|          1|          1|    64|    yes   |
        |- Col_DCT_Loop                               |  312|  312|        39|          -|          -|     8|    no    |
        |- Xpose_Col_Outer_Loop_Xpose_Col_Inner_Loop  |   64|   64|         2|          1|          1|    64|    yes   |
        +---------------------------------------------+-----+-----+----------+-----------+-----------+------+----------+



================================================================
== Utilization Estimates
================================================================
* Summary: 
+-----------------+---------+-------+--------+--------+
|       Name      | BRAM_18K| DSP48E|   FF   |   LUT  |
+-----------------+---------+-------+--------+--------+
|Expression       |        -|      -|       0|     100|
|FIFO             |        -|      -|       -|       -|
|Instance         |        0|      8|     558|     179|
|Memory           |        3|      -|       0|       0|
|Multiplexer      |        -|      -|       -|     116|
|Register         |        -|      -|      77|       -|
+-----------------+---------+-------+--------+--------+
|Total            |        3|      8|     635|     395|
+-----------------+---------+-------+--------+--------+
|Available        |      650|    600|  202800|  101400|
+-----------------+---------+-------+--------+--------+
|Utilization (%)  |    ~0   |      1|   ~0   |   ~0   |
+-----------------+---------+-------+--------+--------+

+ Detail: 
    * Instance: 
    +-----------------------+------------+---------+-------+-----+-----+
    |        Instance       |   Module   | BRAM_18K| DSP48E|  FF | LUT |
    +-----------------------+------------+---------+-------+-----+-----+
    |grp_dct_dct_1d_fu_223  |dct_dct_1d  |        0|      8|  558|  179|
    +-----------------------+------------+---------+-------+-----+-----+
    |Total                  |            |        0|      8|  558|  179|
    +-----------------------+------------+---------+-------+-----+-----+

    * Memory: 
    +--------------+-----------------------+---------+---+----+------+-----+------+-------------+
    |    Memory    |         Module        | BRAM_18K| FF| LUT| Words| Bits| Banks| W*Bits*Banks|
    +--------------+-----------------------+---------+---+----+------+-----+------+-------------+
    |col_inbuf_U   |dct_dct_2d_col_inbuf   |        1|  0|   0|    64|   16|     1|         1024|
    |row_outbuf_U  |dct_dct_2d_row_outbuf  |        1|  0|   0|    64|   16|     1|         1024|
    |col_outbuf_U  |dct_dct_2d_row_outbuf  |        1|  0|   0|    64|   16|     1|         1024|
    +--------------+-----------------------+---------+---+----+------+-----+------+-------------+
    |Total         |                       |        3|  0|   0|   192|   48|     3|         3072|
    +--------------+-----------------------+---------+---+----+------+-----+------+-------------+

    * FIFO: 
    N/A

    * Expression: 
    +--------------------------------+----------+-------+---+----+------------+------------+
    |          Variable Name         | Operation| DSP48E| FF| LUT| Bitwidth P0| Bitwidth P1|
    +--------------------------------+----------+-------+---+----+------------+------------+
    |i_4_fu_258_p2                   |     +    |      0|  0|   4|           4|           1|
    |i_5_fu_368_p2                   |     +    |      0|  0|   4|           4|           1|
    |i_6_fu_331_p2                   |     +    |      0|  0|   4|           4|           1|
    |i_7_fu_441_p2                   |     +    |      0|  0|   4|           4|           1|
    |indvar_flatten_next2_fu_380_p2  |     +    |      0|  0|   7|           7|           1|
    |indvar_flatten_next_fu_270_p2   |     +    |      0|  0|   7|           7|           1|
    |j_2_fu_400_p2                   |     +    |      0|  0|   4|           4|           1|
    |j_s_fu_290_p2                   |     +    |      0|  0|   4|           4|           1|
    |p_addr4_fu_461_p2               |     +    |      0|  0|   8|           8|           8|
    |p_addr5_fu_320_p2               |     +    |      0|  0|   8|           8|           8|
    |p_addr7_fu_351_p2               |     +    |      0|  0|   8|           8|           8|
    |p_addr9_fu_430_p2               |     +    |      0|  0|   8|           8|           8|
    |i_1_mid2_fu_282_p3              |  Select  |      0|  0|   4|           1|           1|
    |i_3_mid2_fu_392_p3              |  Select  |      0|  0|   4|           1|           1|
    |j_1_mid2_fu_406_p3              |  Select  |      0|  0|   4|           1|           4|
    |j_mid2_fu_296_p3                |  Select  |      0|  0|   4|           1|           4|
    |exitcond1_fu_386_p2             |   icmp   |      0|  0|   2|           4|           5|
    |exitcond2_fu_362_p2             |   icmp   |      0|  0|   2|           4|           5|
    |exitcond5_fu_252_p2             |   icmp   |      0|  0|   2|           4|           5|
    |exitcond_flatten2_fu_374_p2     |   icmp   |      0|  0|   3|           7|           8|
    |exitcond_flatten_fu_264_p2      |   icmp   |      0|  0|   3|           7|           8|
    |exitcond_fu_276_p2              |   icmp   |      0|  0|   2|           4|           5|
    +--------------------------------+----------+-------+---+----+------------+------------+
    |Total                           |          |      0|  0| 100|         104|          86|
    +--------------------------------+----------+-------+---+----+------------+------------+

    * Multiplexer: 
    +------------------------------+----+-----------+-----+-----------+
    |             Name             | LUT| Input Size| Bits| Total Bits|
    +------------------------------+----+-----------+-----+-----------+
    |ap_NS_fsm                     |   4|          9|    1|          9|
    |col_inbuf_address0            |   6|          3|    6|         18|
    |col_inbuf_ce0                 |   1|          3|    1|          3|
    |col_inbuf_ce1                 |   1|          2|    1|          2|
    |col_outbuf_address0           |   6|          3|    6|         18|
    |col_outbuf_ce0                |   1|          3|    1|          3|
    |col_outbuf_we0                |   1|          2|    1|          2|
    |grp_dct_dct_1d_fu_223_src_q0  |  16|          3|   16|         48|
    |grp_dct_dct_1d_fu_223_src_q1  |  16|          3|   16|         48|
    |grp_dct_dct_1d_fu_223_tmp_1   |   4|          3|    4|         12|
    |grp_dct_dct_1d_fu_223_tmp_11  |   4|          3|    4|         12|
    |i_1_reg_167                   |   4|          2|    4|          8|
    |i_2_reg_178                   |   4|          2|    4|          8|
    |i_3_reg_212                   |   4|          2|    4|          8|
    |i_reg_133                     |   4|          2|    4|          8|
    |in_block_ce0                  |   1|          2|    1|          2|
    |in_block_ce1                  |   1|          2|    1|          2|
    |indvar_flatten2_reg_190       |   7|          2|    7|         14|
    |indvar_flatten_reg_145        |   7|          2|    7|         14|
    |j_1_phi_fu_205_p4             |   4|          2|    4|          8|
    |j_1_reg_201                   |   4|          2|    4|          8|
    |j_phi_fu_160_p4               |   4|          2|    4|          8|
    |j_reg_156                     |   4|          2|    4|          8|
    |row_outbuf_address0           |   6|          3|    6|         18|
    |row_outbuf_ce0                |   1|          3|    1|          3|
    |row_outbuf_we0                |   1|          2|    1|          2|
    +------------------------------+----+-----------+-----+-----------+
    |Total                         | 116|         69|  113|        294|
    +------------------------------+----+-----------+-----+-----------+

    * Register: 
    +---------------------------------------------+---+----+-----+-----------+
    |                     Name                    | FF| LUT| Bits| Const Bits|
    +---------------------------------------------+---+----+-----+-----------+
    |ap_CS_fsm                                    |  8|   0|    8|          0|
    |ap_reg_ppiten_pp0_it0                        |  1|   0|    1|          0|
    |ap_reg_ppiten_pp0_it1                        |  1|   0|    1|          0|
    |ap_reg_ppiten_pp1_it0                        |  1|   0|    1|          0|
    |ap_reg_ppiten_pp1_it1                        |  1|   0|    1|          0|
    |exitcond_flatten2_reg_520                    |  1|   0|    1|          0|
    |exitcond_flatten_reg_481                     |  1|   0|    1|          0|
    |grp_dct_dct_1d_fu_223_ap_start_ap_start_reg  |  1|   0|    1|          0|
    |i_1_mid2_reg_490                             |  4|   0|    4|          0|
    |i_1_reg_167                                  |  4|   0|    4|          0|
    |i_2_reg_178                                  |  4|   0|    4|          0|
    |i_3_mid2_reg_529                             |  4|   0|    4|          0|
    |i_3_reg_212                                  |  4|   0|    4|          0|
    |i_4_reg_476                                  |  4|   0|    4|          0|
    |i_5_reg_515                                  |  4|   0|    4|          0|
    |i_reg_133                                    |  4|   0|    4|          0|
    |indvar_flatten2_reg_190                      |  7|   0|    7|          0|
    |indvar_flatten_reg_145                       |  7|   0|    7|          0|
    |j_1_mid2_reg_534                             |  4|   0|    4|          0|
    |j_1_reg_201                                  |  4|   0|    4|          0|
    |j_mid2_reg_495                               |  4|   0|    4|          0|
    |j_reg_156                                    |  4|   0|    4|          0|
    +---------------------------------------------+---+----+-----+-----------+
    |Total                                        | 77|   0|   77|          0|
    +---------------------------------------------+---+----+-----+-----------+



================================================================
== Interface
================================================================
* Summary: 
+--------------------+-----+-----+------------+--------------+--------------+
|      RTL Ports     | Dir | Bits|  Protocol  | Source Object|    C Type    |
+--------------------+-----+-----+------------+--------------+--------------+
|ap_clk              |  in |    1| ap_ctrl_hs |  dct_dct_2d  | return value |
|ap_rst              |  in |    1| ap_ctrl_hs |  dct_dct_2d  | return value |
|ap_start            |  in |    1| ap_ctrl_hs |  dct_dct_2d  | return value |
|ap_done             | out |    1| ap_ctrl_hs |  dct_dct_2d  | return value |
|ap_idle             | out |    1| ap_ctrl_hs |  dct_dct_2d  | return value |
|ap_ready            | out |    1| ap_ctrl_hs |  dct_dct_2d  | return value |
|in_block_address0   | out |    6|  ap_memory |   in_block   |     array    |
|in_block_ce0        | out |    1|  ap_memory |   in_block   |     array    |
|in_block_q0         |  in |   16|  ap_memory |   in_block   |     array    |
|in_block_address1   | out |    6|  ap_memory |   in_block   |     array    |
|in_block_ce1        | out |    1|  ap_memory |   in_block   |     array    |
|in_block_q1         |  in |   16|  ap_memory |   in_block   |     array    |
|out_block_address0  | out |    6|  ap_memory |   out_block  |     array    |
|out_block_ce0       | out |    1|  ap_memory |   out_block  |     array    |
|out_block_we0       | out |    1|  ap_memory |   out_block  |     array    |
|out_block_d0        | out |   16|  ap_memory |   out_block  |     array    |
+--------------------+-----+-----+------------+--------------+--------------+

