   Compiling(apcc) ../../../../adders_test.c in debug mode
@I [LIC-101] Checked out feature [HLS]
@I [HLS-10] Running 'c:/opt/winprog/Xilinx/Vivado_HLS/2015.2/bin/unwrapped/win64.o/apcc.exe'
            for user 'William' on host 'nalu' (Windows NT_amd64 version 6.2) on Sat Aug 08 14:35:49 +0800 2015
            in directory 'D:/opt/source/Vivado/Vivado_HLS_Tutorial/Interface_Synthesis/lab1/adders_prj/solution1/csim/build'
@I [APCC-3] Tmp directory is apcc_db
@I [APCC-1] APCC is done.
@I [LIC-101] Checked in feature [HLS]
   Compiling(apcc) ../../../../adders.c in debug mode
@I [LIC-101] Checked out feature [HLS]
@I [HLS-10] Running 'c:/opt/winprog/Xilinx/Vivado_HLS/2015.2/bin/unwrapped/win64.o/apcc.exe'
            for user 'William' on host 'nalu' (Windows NT_amd64 version 6.2) on Sat Aug 08 14:35:53 +0800 2015
            in directory 'D:/opt/source/Vivado/Vivado_HLS_Tutorial/Interface_Synthesis/lab1/adders_prj/solution1/csim/build'
@I [APCC-3] Tmp directory is apcc_db
@I [APCC-1] APCC is done.
@I [LIC-101] Checked in feature [HLS]
   Generating csim.exe
  10+20+30=60 
  20+30+40=90 
  30+40+50=120 
  40+50+60=150 
  50+60+70=180 
----------Pass!------------
@I [SIM-1] CSim done with 0 errors.
