

================================================================
== Vivado HLS Report for 'dct_write_data'
================================================================
* Date:           Mon Aug 10 14:05:43 2015

* Version:        2015.2 (Build 1266856 on Fri Jun 26 16:57:37 PM 2015)
* Project:        dct_prj
* Solution:       solution5
* Product family: kintex7
* Target device:  xc7k160tfbg484-1


================================================================
== Performance Estimates
================================================================
+ Timing (ns): 
    * Summary: 
    +--------+-------+----------+------------+
    |  Clock | Target| Estimated| Uncertainty|
    +--------+-------+----------+------------+
    |ap_clk  |   8.00|      5.75|        1.00|
    +--------+-------+----------+------------+

+ Latency (clock cycles): 
    * Summary: 
    +-----+-----+-----+-----+---------+
    |  Latency  |  Interval | Pipeline|
    | min | max | min | max |   Type  |
    +-----+-----+-----+-----+---------+
    |   66|   66|   66|   66|   none  |
    +-----+-----+-----+-----+---------+

    + Detail: 
        * Instance: 
        N/A

        * Loop: 
        +---------------------------+-----+-----+----------+-----------+-----------+------+----------+
        |                           |  Latency  | Iteration|  Initiation Interval  | Trip |          |
        |         Loop Name         | min | max |  Latency |  achieved |   target  | Count| Pipelined|
        +---------------------------+-----+-----+----------+-----------+-----------+------+----------+
        |- WR_Loop_Row_WR_Loop_Col  |   64|   64|         2|          1|          1|    64|    yes   |
        +---------------------------+-----+-----+----------+-----------+-----------+------+----------+



================================================================
== Utilization Estimates
================================================================
* Summary: 
+-----------------+---------+-------+--------+--------+
|       Name      | BRAM_18K| DSP48E|   FF   |   LUT  |
+-----------------+---------+-------+--------+--------+
|Expression       |        -|      -|       0|      43|
|FIFO             |        -|      -|       -|       -|
|Instance         |        -|      -|       -|       -|
|Memory           |        -|      -|       -|       -|
|Multiplexer      |        -|      -|       -|      20|
|Register         |        -|      -|      32|       -|
+-----------------+---------+-------+--------+--------+
|Total            |        0|      0|      32|      63|
+-----------------+---------+-------+--------+--------+
|Available        |      650|    600|  202800|  101400|
+-----------------+---------+-------+--------+--------+
|Utilization (%)  |        0|      0|   ~0   |   ~0   |
+-----------------+---------+-------+--------+--------+

+ Detail: 
    * Instance: 
    N/A

    * Memory: 
    N/A

    * FIFO: 
    N/A

    * Expression: 
    +-------------------------------+----------+-------+---+----+------------+------------+
    |         Variable Name         | Operation| DSP48E| FF| LUT| Bitwidth P0| Bitwidth P1|
    +-------------------------------+----------+-------+---+----+------------+------------+
    |c_1_fu_193_p2                  |     +    |      0|  0|   4|           1|           4|
    |indvar_flatten_next_fu_110_p2  |     +    |      0|  0|   7|           7|           1|
    |p_addr1_fu_176_p2              |     +    |      0|  0|   8|           8|           8|
    |r_s_fu_130_p2                  |     +    |      0|  0|   4|           1|           4|
    |tmp_9_fu_187_p2                |     +    |      0|  0|   6|           6|           6|
    |c_mid2_fu_122_p3               |  Select  |      0|  0|   4|           1|           1|
    |r_mid2_fu_136_p3               |  Select  |      0|  0|   4|           1|           4|
    |exitcond4_fu_116_p2            |   icmp   |      0|  0|   2|           4|           5|
    |exitcond_flatten_fu_104_p2     |   icmp   |      0|  0|   3|           7|           8|
    |ap_sig_bdd_79                  |    or    |      0|  0|   1|           1|           1|
    +-------------------------------+----------+-------+---+----+------------+------------+
    |Total                          |          |      0|  0|  43|          37|          42|
    +-------------------------------+----------+-------+---+----+------------+------------+

    * Multiplexer: 
    +-----------------------+----+-----------+-----+-----------+
    |          Name         | LUT| Input Size| Bits| Total Bits|
    +-----------------------+----+-----------+-----+-----------+
    |ap_NS_fsm              |   1|          4|    1|          4|
    |c_reg_93               |   4|          2|    4|          8|
    |indvar_flatten_reg_71  |   7|          2|    7|         14|
    |r_phi_fu_86_p4         |   4|          2|    4|          8|
    |r_reg_82               |   4|          2|    4|          8|
    +-----------------------+----+-----------+-----+-----------+
    |Total                  |  20|         12|   20|         42|
    +-----------------------+----+-----------+-----+-----------+

    * Register: 
    +--------------------------+---+----+-----+-----------+
    |           Name           | FF| LUT| Bits| Const Bits|
    +--------------------------+---+----+-----+-----------+
    |ap_CS_fsm                 |  3|   0|    3|          0|
    |ap_done_reg               |  1|   0|    1|          0|
    |ap_reg_ppiten_pp0_it0     |  1|   0|    1|          0|
    |ap_reg_ppiten_pp0_it1     |  1|   0|    1|          0|
    |c_reg_93                  |  4|   0|    4|          0|
    |exitcond_flatten_reg_203  |  1|   0|    1|          0|
    |indvar_flatten_reg_71     |  7|   0|    7|          0|
    |r_mid2_reg_212            |  4|   0|    4|          0|
    |r_reg_82                  |  4|   0|    4|          0|
    |tmp_9_reg_222             |  6|   0|    6|          0|
    +--------------------------+---+----+-----+-----------+
    |Total                     | 32|   0|   32|          0|
    +--------------------------+---+----+-----+-----------+



================================================================
== Interface
================================================================
* Summary: 
+-------------------+-----+-----+------------+----------------+--------------+
|     RTL Ports     | Dir | Bits|  Protocol  |  Source Object |    C Type    |
+-------------------+-----+-----+------------+----------------+--------------+
|ap_clk             |  in |    1| ap_ctrl_hs | dct_write_data | return value |
|ap_rst             |  in |    1| ap_ctrl_hs | dct_write_data | return value |
|ap_start           |  in |    1| ap_ctrl_hs | dct_write_data | return value |
|ap_done            | out |    1| ap_ctrl_hs | dct_write_data | return value |
|ap_continue        |  in |    1| ap_ctrl_hs | dct_write_data | return value |
|ap_idle            | out |    1| ap_ctrl_hs | dct_write_data | return value |
|ap_ready           | out |    1| ap_ctrl_hs | dct_write_data | return value |
|buf_r_address0     | out |    6|  ap_memory |      buf_r     |     array    |
|buf_r_ce0          | out |    1|  ap_memory |      buf_r     |     array    |
|buf_r_q0           |  in |   16|  ap_memory |      buf_r     |     array    |
|output_r_address0  | out |    6|  ap_memory |    output_r    |     array    |
|output_r_ce0       | out |    1|  ap_memory |    output_r    |     array    |
|output_r_we0       | out |    1|  ap_memory |    output_r    |     array    |
|output_r_d0        | out |   16|  ap_memory |    output_r    |     array    |
+-------------------+-----+-----+------------+----------------+--------------+

