@I [HLS-0] Workspace D:/opt/source/Vivado/Vivado_HLS_Tutorial/Interface_Synthesis/lab1/adders_prj/solution1 opened at Sat Aug 08 14:40:40 +0800 2015
@I [HLS-100] Command "config_clock -quiet -name default -period 1 -default=false "
@I [SYN-201] Setting up clock 'default' with a period of 1ns.
@I [HLS-100] Command 'config_clock' returned 0; elapsed 0Total elapsed time: 1.203 sec.
@I [HLS-100] Command "open_platform DefaultPlatform "
@I [HLS-100] Command 'open_platform' returned 0; elapsed 0Total elapsed time: 1.203 sec.
@I [HLS-100] Command "import_lib C:/opt/winprog/Xilinx/Vivado_HLS/2015.2/common/technology/xilinx/kintex7/kintex7 "
@I [HLS-100] Command "source C:/opt/winprog/Xilinx/Vivado_HLS/2015.2/common/technology/xilinx/common/xilinx.lib "
@I [HLS-100] Command "source C:/opt/winprog/Xilinx/Vivado_HLS/2015.2/common/technology/xilinx/interface/xilinx_interface.lib "
@I [HLS-100] Command "source C:/opt/winprog/Xilinx/Vivado_HLS/2015.2/common/technology/xilinx/interface/plb46.lib "
@I [HLS-100] Command 'ap_source' returned 0; elapsed 0Total elapsed time: 1.205 sec.
@I [HLS-100] Command "source C:/opt/winprog/Xilinx/Vivado_HLS/2015.2/common/technology/xilinx/interface/fsl.lib "
@I [HLS-100] Command 'ap_source' returned 0; elapsed 0.001Total elapsed time: 1.206 sec.
@I [HLS-100] Command "source C:/opt/winprog/Xilinx/Vivado_HLS/2015.2/common/technology/xilinx/interface/axi4.lib "
@I [HLS-100] Command 'ap_source' returned 0; elapsed 0Total elapsed time: 1.206 sec.
@I [HLS-100] Command "source C:/opt/winprog/Xilinx/Vivado_HLS/2015.2/common/technology/xilinx/interface/maxi.lib "
@I [HLS-100] Command 'ap_source' returned 0; elapsed 0Total elapsed time: 1.206 sec.
@I [HLS-100] Command "source C:/opt/winprog/Xilinx/Vivado_HLS/2015.2/common/technology/xilinx/interface/saxilite.lib "
@I [HLS-100] Command 'ap_source' returned 0; elapsed 0Total elapsed time: 1.207 sec.
@I [HLS-100] Command 'ap_source' returned 0; elapsed 0.003Total elapsed time: 1.207 sec.
@I [HLS-100] Command "source C:/opt/winprog/Xilinx/Vivado_HLS/2015.2/common/technology/xilinx/common/dsp48.lib "
@I [HLS-100] Command 'ap_source' returned 0; elapsed 0Total elapsed time: 1.207 sec.
@I [HLS-100] Command "source C:/opt/winprog/Xilinx/Vivado_HLS/2015.2/common/technology/xilinx/ip/dds_compiler.lib "
@I [HLS-100] Command 'ap_source' returned 0; elapsed 0Total elapsed time: 1.208 sec.
@I [HLS-100] Command "source C:/opt/winprog/Xilinx/Vivado_HLS/2015.2/common/technology/xilinx/ip/xfft.lib "
@I [HLS-100] Command 'ap_source' returned 0; elapsed 0.001Total elapsed time: 1.209 sec.
@I [HLS-100] Command "source C:/opt/winprog/Xilinx/Vivado_HLS/2015.2/common/technology/xilinx/ip/xfir.lib "
@I [HLS-100] Command 'ap_source' returned 0; elapsed 0Total elapsed time: 1.209 sec.
@I [HLS-100] Command 'ap_source' returned 0; elapsed 0.008Total elapsed time: 1.212 sec.
@I [HLS-100] Command "source C:/opt/winprog/Xilinx/Vivado_HLS/2015.2/common/technology/xilinx/common/xilinx_old.lib "
@I [HLS-100] Command 'ap_source' returned 0; elapsed 0.001Total elapsed time: 1.214 sec.
@I [HLS-100] Command "source C:/opt/winprog/Xilinx/Vivado_HLS/2015.2/common/technology/xilinx/common/xilinx_vivado.lib "
@I [HLS-100] Command 'ap_source' returned 0; elapsed 0.001Total elapsed time: 1.215 sec.
@I [HLS-100] Command "source C:/opt/winprog/Xilinx/Vivado_HLS/2015.2/common/technology/xilinx/common/xilinx.hlp "
@I [HLS-100] Command "source C:/opt/winprog/Xilinx/Vivado_HLS/2015.2/common/technology/xilinx/common/target_info.tcl "
@I [HLS-100] Command 'ap_source' returned 0; elapsed 0.002Total elapsed time: 1.222 sec.
@I [HLS-100] Command "source C:/opt/winprog/Xilinx/Vivado_HLS/2015.2/common/technology/xilinx/interface/xilinx_interface.hlp "
@I [HLS-100] Command "source C:/opt/winprog/Xilinx/Vivado_HLS/2015.2/common/technology/xilinx/interface/maxi.hlp "
@I [HLS-100] Command 'ap_source' returned 0; elapsed 0.001Total elapsed time: 1.223 sec.
@I [HLS-100] Command "source C:/opt/winprog/Xilinx/Vivado_HLS/2015.2/common/technology/xilinx/interface/saxilite.hlp "
@I [HLS-100] Command 'ap_source' returned 0; elapsed 0Total elapsed time: 1.223 sec.
@I [HLS-100] Command 'ap_source' returned 0; elapsed 0.001Total elapsed time: 1.223 sec.
@I [HLS-100] Command "source C:/opt/winprog/Xilinx/Vivado_HLS/2015.2/common/technology/xilinx/common/dsp48.hlp "
@I [HLS-100] Command 'ap_source' returned 0; elapsed 0.002Total elapsed time: 1.226 sec.
@I [HLS-100] Command 'ap_source' returned 0; elapsed 0.008Total elapsed time: 1.226 sec.
@I [HLS-100] Command "source C:/opt/winprog/Xilinx/Vivado_HLS/2015.2/common/technology/xilinx/kintex7/dsp48e1.hlp "
@I [HLS-100] Command 'ap_source' returned 0; elapsed 0Total elapsed time: 1.226 sec.
@I [HLS-100] Command "get_default_platform "
@I [HLS-100] Command 'get_default_platform' returned 0; elapsed 0Total elapsed time: 1.226 sec.
@I [HLS-100] Command "config_chip_info -quiet -resource  {SLICE 50950} {LUT 203800}    {FF 407600} {DSP48E 840}    {BRAM 890}  "
@I [HLS-100] Command 'config_chip_info' returned 0; elapsed 0Total elapsed time: 1.227 sec.
@I [HLS-100] Command "config_chip_info -quiet -speed medium "
@I [HLS-100] Command 'config_chip_info' returned 0; elapsed 0Total elapsed time: 1.227 sec.
@I [HLS-100] Command 'import_lib' returned 0; elapsed 0.024Total elapsed time: 1.228 sec.
@I [HLS-100] Command "source C:/opt/winprog/Xilinx/Vivado_HLS/2015.2/common/technology/xilinx/kintex7/kintex7.gen "
@I [HLS-100] Command "source C:/opt/winprog/Xilinx/Vivado_HLS/2015.2/common/technology/xilinx/common/virtex.gen "
@I [HLS-100] Command "source C:/opt/winprog/Xilinx/Vivado_HLS/2015.2/common/technology/xilinx/common/xilinx.gen "
@I [HLS-100] Command "source C:/opt/winprog/Xilinx/Vivado_HLS/2015.2/common/technology/xilinx/interface/plb46.gen "
@I [HLS-100] Command 'ap_source' returned 0; elapsed 0.001Total elapsed time: 1.231 sec.
@I [HLS-100] Command "source C:/opt/winprog/Xilinx/Vivado_HLS/2015.2/common/technology/xilinx/interface/fsl.gen "
@I [HLS-100] Command 'ap_source' returned 0; elapsed 0Total elapsed time: 1.232 sec.
@I [HLS-100] Command "source C:/opt/winprog/Xilinx/Vivado_HLS/2015.2/common/technology/xilinx/interface/axi4.gen "
@I [HLS-100] Command 'ap_source' returned 0; elapsed 0.004Total elapsed time: 1.236 sec.
@I [HLS-100] Command "source C:/opt/winprog/Xilinx/Vivado_HLS/2015.2/common/technology/xilinx/interface/nativeAXI4.gen "
@I [HLS-100] Command "source C:/opt/winprog/Xilinx/Vivado_HLS/2015.2/common/technology/xilinx/interface/saxilite.gen "
@I [HLS-100] Command 'ap_source' returned 0; elapsed 0.004Total elapsed time: 1.240 sec.
@I [HLS-100] Command "source C:/opt/winprog/Xilinx/Vivado_HLS/2015.2/common/technology/xilinx/interface/maxi.gen "
@I [HLS-100] Command 'ap_source' returned 0; elapsed 0.009Total elapsed time: 1.249 sec.
@I [HLS-100] Command 'ap_source' returned 0; elapsed 0.013Total elapsed time: 1.249 sec.
@I [HLS-100] Command "source C:/opt/winprog/Xilinx/Vivado_HLS/2015.2/common/technology/xilinx/scripts/xilinxcoregen.gen "
@I [HLS-100] Command 'ap_source' returned 0; elapsed 0.015Total elapsed time: 1.264 sec.
@I [HLS-100] Command "source C:/opt/winprog/Xilinx/Vivado_HLS/2015.2/common/technology/xilinx/interface/XilEDKCoreGen.gen "
@I [HLS-100] Command 'ap_source' returned 0; elapsed 0.012Total elapsed time: 1.276 sec.
@I [HLS-100] Command "source C:/opt/winprog/Xilinx/Vivado_HLS/2015.2/common/technology/xilinx/ip/dds_compiler.gen "
@I [HLS-100] Command 'ap_source' returned 0; elapsed 0.005Total elapsed time: 1.282 sec.
@I [HLS-100] Command "source C:/opt/winprog/Xilinx/Vivado_HLS/2015.2/common/technology/xilinx/ip/util.gen "
@I [HLS-100] Command 'ap_source' returned 0; elapsed 0Total elapsed time: 1.282 sec.
@I [HLS-100] Command "source C:/opt/winprog/Xilinx/Vivado_HLS/2015.2/common/technology/xilinx/ip/xfft.gen "
@I [HLS-100] Command 'ap_source' returned 0; elapsed 0.137Total elapsed time: 1.419 sec.
@I [HLS-100] Command "source C:/opt/winprog/Xilinx/Vivado_HLS/2015.2/common/technology/xilinx/ip/xfir.gen "
@I [HLS-100] Command "source C:/opt/winprog/Xilinx/Vivado_HLS/2015.2/tps/tcl/tcllib1.11.1/struct/list.tcl "
@I [HLS-100] Command "source C:/opt/winprog/Xilinx/Vivado_HLS/2015.2/tps/tcl/tcllib1.11.1/cmdline/cmdline.tcl "
@I [HLS-100] Command 'ap_source' returned 0; elapsed 0.002Total elapsed time: 1.476 sec.
@I [HLS-100] Command 'ap_source' returned 0; elapsed 0.038Total elapsed time: 1.476 sec.
@I [HLS-100] Command "source C:/opt/winprog/Xilinx/Vivado_HLS/2015.2/tps/tcl/tcllib1.11.1/math/bignum.tcl "
@I [HLS-100] Command 'ap_source' returned 0; elapsed 0.026Total elapsed time: 1.511 sec.
@I [HLS-100] Command 'ap_source' returned 0; elapsed 0.1Total elapsed time: 1.519 sec.
@I [HLS-100] Command 'ap_source' returned 0; elapsed 0.289Total elapsed time: 1.519 sec.
@I [HLS-100] Command "source C:/opt/winprog/Xilinx/Vivado_HLS/2015.2/common/technology/xilinx/common/dsp48.gen "
@I [HLS-100] Command 'ap_source' returned 0; elapsed 0Total elapsed time: 1.521 sec.
@I [HLS-100] Command 'ap_source' returned 0; elapsed 0.293Total elapsed time: 1.522 sec.
@I [HLS-100] Command 'ap_source' returned 0; elapsed 0.293Total elapsed time: 1.522 sec.
@I [HLS-100] Command "open_platform DefaultPlatform "
@I [HLS-100] Command 'open_platform' returned 0; elapsed 0Total elapsed time: 1.522 sec.
@I [HLS-100] Command "import_lib C:/opt/winprog/Xilinx/Vivado_HLS/2015.2/common/technology/xilinx/kintex7/kintex7_fpv6 "
@I [HLS-100] Command "source C:/opt/winprog/Xilinx/Vivado_HLS/2015.2/common/technology/xilinx/common/xilinx_fpv7.lib "
@I [HLS-100] Command 'ap_source' returned 0; elapsed 0.003Total elapsed time: 1.525 sec.
@I [HLS-100] Command "source C:/opt/winprog/Xilinx/Vivado_HLS/2015.2/common/technology/xilinx/common/xilinx_fpv.hlp "
@I [HLS-100] Command "source C:/opt/winprog/Xilinx/Vivado_HLS/2015.2/common/technology/xilinx/common/xilinx.hlp "
@I [HLS-100] Command "source C:/opt/winprog/Xilinx/Vivado_HLS/2015.2/common/technology/xilinx/common/target_info.tcl "
@I [HLS-100] Command 'ap_source' returned 0; elapsed 0.001Total elapsed time: 1.535 sec.
@I [HLS-100] Command "source C:/opt/winprog/Xilinx/Vivado_HLS/2015.2/common/technology/xilinx/interface/xilinx_interface.hlp "
@I [HLS-100] Command "source C:/opt/winprog/Xilinx/Vivado_HLS/2015.2/common/technology/xilinx/interface/maxi.hlp "
@I [HLS-100] Command 'ap_source' returned 0; elapsed 0.001Total elapsed time: 1.536 sec.
@I [HLS-100] Command "source C:/opt/winprog/Xilinx/Vivado_HLS/2015.2/common/technology/xilinx/interface/saxilite.hlp "
@I [HLS-100] Command 'ap_source' returned 0; elapsed 0Total elapsed time: 1.536 sec.
@I [HLS-100] Command 'ap_source' returned 0; elapsed 0.001Total elapsed time: 1.536 sec.
@I [HLS-100] Command "source C:/opt/winprog/Xilinx/Vivado_HLS/2015.2/common/technology/xilinx/common/dsp48.hlp "
@I [HLS-100] Command 'ap_source' returned 0; elapsed 0.001Total elapsed time: 1.537 sec.
@I [HLS-100] Command 'ap_source' returned 0; elapsed 0.005Total elapsed time: 1.538 sec.
@I [HLS-100] Command 'ap_source' returned 0; elapsed 0.006Total elapsed time: 1.538 sec.
@I [HLS-100] Command "source C:/opt/winprog/Xilinx/Vivado_HLS/2015.2/common/technology/xilinx/kintex7/kintex7_hp.hlp "
@I [HLS-100] Command 'ap_source' returned 0; elapsed 0.001Total elapsed time: 1.539 sec.
@I [HLS-100] Command 'import_lib' returned 0; elapsed 0.022Total elapsed time: 1.544 sec.
@I [HLS-100] Command "source C:/opt/winprog/Xilinx/Vivado_HLS/2015.2/common/technology/xilinx/kintex7/kintex7_fpv6.gen "
@I [HLS-100] Command "source C:/opt/winprog/Xilinx/Vivado_HLS/2015.2/common/technology/xilinx/common/xilinx_fpv6.gen "
@I [HLS-100] Command 'ap_source' returned 0; elapsed 0.002Total elapsed time: 1.546 sec.
@I [HLS-100] Command 'ap_source' returned 0; elapsed 0.002Total elapsed time: 1.546 sec.
@I [HLS-100] Command "set_part xc7k160tfbg484-1 "
@I [HLS-100] Command "add_library xilinx/kintex7/kintex7:xc7k160t:fbg484:-1 "
@I [HLS-100] Command "get_default_platform "
@I [HLS-100] Command 'get_default_platform' returned 0; elapsed 0Total elapsed time: 1.552 sec.
@I [HLS-100] Command "license_exists VIVADO_HLS "
@I [HLS-100] Command 'license_exists' returned 1; elapsed 0.059Total elapsed time: 1.611 sec.
@I [HLS-100] Command "license_exists ap_opencl "
@I [HLS-100] Command 'license_exists' returned 1; elapsed 0.101Total elapsed time: 1.712 sec.
@I [HLS-100] Command "license_exists ap_sdsoc "
@I [HLS-100] Command 'license_exists' returned 1; elapsed 0.076Total elapsed time: 1.788 sec.
@I [HLS-100] Command "license_exists AUTOESL_NI "
@I [HLS-100] Command 'license_exists' returned 1; elapsed 0.124Total elapsed time: 1.912 sec.
@I [HLS-100] Command "license_exists HLS "
@I [LICQ-103] Checked out feature [HLS]
@I [LIC-101] Checked out feature [HLS]
@I [HLS-100] Command 'license_exists' returned 0; elapsed 0Total elapsed time: 1.912 sec.
@I [HLS-100] Command "open_platform DefaultPlatform "
@I [HLS-100] Command 'open_platform' returned 0; elapsed 0Total elapsed time: 1.912 sec.
@I [HLS-100] Command "import_lib C:/opt/winprog/Xilinx/Vivado_HLS/2015.2/common/technology/xilinx/kintex7/kintex7 "
@I [HLS-100] Command "source C:/opt/winprog/Xilinx/Vivado_HLS/2015.2/common/technology/xilinx/common/xilinx.lib "
@I [HLS-100] Command "source C:/opt/winprog/Xilinx/Vivado_HLS/2015.2/common/technology/xilinx/interface/xilinx_interface.lib "
@I [HLS-100] Command "source C:/opt/winprog/Xilinx/Vivado_HLS/2015.2/common/technology/xilinx/interface/plb46.lib "
@I [HLS-100] Command 'ap_source' returned 0; elapsed 0Total elapsed time: 1.914 sec.
@I [HLS-100] Command "source C:/opt/winprog/Xilinx/Vivado_HLS/2015.2/common/technology/xilinx/interface/fsl.lib "
@I [HLS-100] Command 'ap_source' returned 0; elapsed 0.001Total elapsed time: 1.915 sec.
@I [HLS-100] Command "source C:/opt/winprog/Xilinx/Vivado_HLS/2015.2/common/technology/xilinx/interface/axi4.lib "
@I [HLS-100] Command 'ap_source' returned 0; elapsed 0Total elapsed time: 1.915 sec.
@I [HLS-100] Command "source C:/opt/winprog/Xilinx/Vivado_HLS/2015.2/common/technology/xilinx/interface/maxi.lib "
@I [HLS-100] Command 'ap_source' returned 0; elapsed 0.001Total elapsed time: 1.916 sec.
@I [HLS-100] Command "source C:/opt/winprog/Xilinx/Vivado_HLS/2015.2/common/technology/xilinx/interface/saxilite.lib "
@I [HLS-100] Command 'ap_source' returned 0; elapsed 0Total elapsed time: 1.916 sec.
@I [HLS-100] Command 'ap_source' returned 0; elapsed 0.003Total elapsed time: 1.916 sec.
@I [HLS-100] Command "source C:/opt/winprog/Xilinx/Vivado_HLS/2015.2/common/technology/xilinx/common/dsp48.lib "
@I [HLS-100] Command 'ap_source' returned 0; elapsed 0.001Total elapsed time: 1.917 sec.
@I [HLS-100] Command "source C:/opt/winprog/Xilinx/Vivado_HLS/2015.2/common/technology/xilinx/ip/dds_compiler.lib "
@I [HLS-100] Command 'ap_source' returned 0; elapsed 0Total elapsed time: 1.918 sec.
@I [HLS-100] Command "source C:/opt/winprog/Xilinx/Vivado_HLS/2015.2/common/technology/xilinx/ip/xfft.lib "
@I [HLS-100] Command 'ap_source' returned 0; elapsed 0Total elapsed time: 1.918 sec.
@I [HLS-100] Command "source C:/opt/winprog/Xilinx/Vivado_HLS/2015.2/common/technology/xilinx/ip/xfir.lib "
@I [HLS-100] Command 'ap_source' returned 0; elapsed 0.001Total elapsed time: 1.919 sec.
@I [HLS-100] Command 'ap_source' returned 0; elapsed 0.008Total elapsed time: 1.921 sec.
@I [HLS-100] Command "source C:/opt/winprog/Xilinx/Vivado_HLS/2015.2/common/technology/xilinx/common/xilinx_old.lib "
@I [HLS-100] Command 'ap_source' returned 0; elapsed 0.002Total elapsed time: 1.923 sec.
@I [HLS-100] Command "source C:/opt/winprog/Xilinx/Vivado_HLS/2015.2/common/technology/xilinx/common/xilinx_vivado.lib "
@I [HLS-100] Command 'ap_source' returned 0; elapsed 0Total elapsed time: 1.923 sec.
@I [HLS-100] Command "source C:/opt/winprog/Xilinx/Vivado_HLS/2015.2/common/technology/xilinx/common/xilinx.hlp "
@I [HLS-100] Command "source C:/opt/winprog/Xilinx/Vivado_HLS/2015.2/common/technology/xilinx/common/target_info.tcl "
@I [HLS-100] Command 'ap_source' returned 0; elapsed 0.082Total elapsed time: 2.9 sec.
@I [HLS-100] Command "source C:/opt/winprog/Xilinx/Vivado_HLS/2015.2/common/technology/xilinx/interface/xilinx_interface.hlp "
@I [HLS-100] Command "source C:/opt/winprog/Xilinx/Vivado_HLS/2015.2/common/technology/xilinx/interface/maxi.hlp "
@I [HLS-100] Command 'ap_source' returned 0; elapsed 0Total elapsed time: 2.10 sec.
@I [HLS-100] Command "source C:/opt/winprog/Xilinx/Vivado_HLS/2015.2/common/technology/xilinx/interface/saxilite.hlp "
@I [HLS-100] Command 'ap_source' returned 0; elapsed 0.001Total elapsed time: 2.11 sec.
@I [HLS-100] Command 'ap_source' returned 0; elapsed 0.001Total elapsed time: 2.11 sec.
@I [HLS-100] Command "source C:/opt/winprog/Xilinx/Vivado_HLS/2015.2/common/technology/xilinx/common/dsp48.hlp "
@I [HLS-100] Command 'ap_source' returned 0; elapsed 0.001Total elapsed time: 2.12 sec.
@I [HLS-100] Command 'ap_source' returned 0; elapsed 0.087Total elapsed time: 2.13 sec.
@I [HLS-100] Command "source C:/opt/winprog/Xilinx/Vivado_HLS/2015.2/common/technology/xilinx/kintex7/dsp48e1.hlp "
@I [HLS-100] Command 'ap_source' returned 0; elapsed 0Total elapsed time: 2.13 sec.
@I [HLS-100] Command "get_default_platform "
@I [HLS-100] Command 'get_default_platform' returned 0; elapsed 0Total elapsed time: 2.13 sec.
@I [HLS-100] Command "config_chip_info -quiet -resource  {SLICE 50950} {LUT 203800}    {FF 407600} {DSP48E 840}    {BRAM 890}  "
@I [HLS-100] Command 'config_chip_info' returned 0; elapsed 0Total elapsed time: 2.13 sec.
@I [HLS-100] Command "config_chip_info -quiet -speed medium "
@I [HLS-100] Command 'config_chip_info' returned 0; elapsed 0Total elapsed time: 2.13 sec.
@I [HLS-100] Command 'import_lib' returned 0; elapsed 0.103Total elapsed time: 2.15 sec.
@I [HLS-100] Command "source C:/opt/winprog/Xilinx/Vivado_HLS/2015.2/common/technology/xilinx/kintex7/kintex7.gen "
@I [HLS-100] Command "source C:/opt/winprog/Xilinx/Vivado_HLS/2015.2/common/technology/xilinx/common/virtex.gen "
@I [HLS-100] Command "source C:/opt/winprog/Xilinx/Vivado_HLS/2015.2/common/technology/xilinx/common/xilinx.gen "
@I [HLS-100] Command "source C:/opt/winprog/Xilinx/Vivado_HLS/2015.2/common/technology/xilinx/interface/plb46.gen "
@I [HLS-100] Command 'ap_source' returned 0; elapsed 0.002Total elapsed time: 2.19 sec.
@I [HLS-100] Command "source C:/opt/winprog/Xilinx/Vivado_HLS/2015.2/common/technology/xilinx/interface/fsl.gen "
@I [HLS-100] Command 'ap_source' returned 0; elapsed 0Total elapsed time: 2.19 sec.
@I [HLS-100] Command "source C:/opt/winprog/Xilinx/Vivado_HLS/2015.2/common/technology/xilinx/interface/axi4.gen "
@I [HLS-100] Command 'ap_source' returned 0; elapsed 0.003Total elapsed time: 2.22 sec.
@I [HLS-100] Command "source C:/opt/winprog/Xilinx/Vivado_HLS/2015.2/common/technology/xilinx/interface/nativeAXI4.gen "
@I [HLS-100] Command "source C:/opt/winprog/Xilinx/Vivado_HLS/2015.2/common/technology/xilinx/interface/saxilite.gen "
@I [HLS-100] Command 'ap_source' returned 0; elapsed 0.004Total elapsed time: 2.27 sec.
@I [HLS-100] Command "source C:/opt/winprog/Xilinx/Vivado_HLS/2015.2/common/technology/xilinx/interface/maxi.gen "
@I [HLS-100] Command 'ap_source' returned 0; elapsed 0.009Total elapsed time: 2.36 sec.
@I [HLS-100] Command 'ap_source' returned 0; elapsed 0.013Total elapsed time: 2.36 sec.
@I [HLS-100] Command "source C:/opt/winprog/Xilinx/Vivado_HLS/2015.2/common/technology/xilinx/scripts/xilinxcoregen.gen "
@I [HLS-100] Command 'ap_source' returned 0; elapsed 0.012Total elapsed time: 2.48 sec.
@I [HLS-100] Command "source C:/opt/winprog/Xilinx/Vivado_HLS/2015.2/common/technology/xilinx/interface/XilEDKCoreGen.gen "
@I [HLS-100] Command 'ap_source' returned 0; elapsed 0.011Total elapsed time: 2.59 sec.
@I [HLS-100] Command "source C:/opt/winprog/Xilinx/Vivado_HLS/2015.2/common/technology/xilinx/ip/dds_compiler.gen "
@I [HLS-100] Command 'ap_source' returned 0; elapsed 0.004Total elapsed time: 2.64 sec.
@I [HLS-100] Command "source C:/opt/winprog/Xilinx/Vivado_HLS/2015.2/common/technology/xilinx/ip/util.gen "
@I [HLS-100] Command 'ap_source' returned 0; elapsed 0.001Total elapsed time: 2.65 sec.
@I [HLS-100] Command "source C:/opt/winprog/Xilinx/Vivado_HLS/2015.2/common/technology/xilinx/ip/xfft.gen "
@I [HLS-100] Command 'ap_source' returned 0; elapsed 0.126Total elapsed time: 2.191 sec.
@I [HLS-100] Command "source C:/opt/winprog/Xilinx/Vivado_HLS/2015.2/common/technology/xilinx/ip/xfir.gen "
@I [HLS-100] Command 'ap_source' returned 0; elapsed 0.035Total elapsed time: 2.226 sec.
@I [HLS-100] Command 'ap_source' returned 0; elapsed 0.209Total elapsed time: 2.226 sec.
@I [HLS-100] Command "source C:/opt/winprog/Xilinx/Vivado_HLS/2015.2/common/technology/xilinx/common/dsp48.gen "
@I [HLS-100] Command 'ap_source' returned 0; elapsed 0.001Total elapsed time: 2.228 sec.
@I [HLS-100] Command 'ap_source' returned 0; elapsed 0.212Total elapsed time: 2.228 sec.
@I [HLS-100] Command 'ap_source' returned 0; elapsed 0.213Total elapsed time: 2.228 sec.
@I [HLS-100] Command "get_default_platform "
@I [HLS-100] Command 'get_default_platform' returned 0; elapsed 0Total elapsed time: 2.229 sec.
@I [HLS-100] Command "config_chip_info -quiet -resource  {SLICE 25350} {LUT 101400}    {FF 202800} {DSP48E 600}    {BRAM 650}  "
@I [HLS-100] Command 'config_chip_info' returned 0; elapsed 0Total elapsed time: 2.229 sec.
@I [HLS-100] Command "config_chip_info -quiet -speed slow "
@I [HLS-100] Command 'config_chip_info' returned 0; elapsed 0Total elapsed time: 2.229 sec.
@I [HLS-100] Command 'add_library' returned 0; elapsed 0.679Total elapsed time: 2.230 sec.
@I [HLS-100] Command "add_library xilinx/kintex7/kintex7_fpv6 "
@I [HLS-100] Command "get_default_platform "
@I [HLS-100] Command 'get_default_platform' returned 0; elapsed 0Total elapsed time: 2.230 sec.
@I [HLS-100] Command "license_exists VIVADO_HLS "
@I [HLS-100] Command 'license_exists' returned 1; elapsed 0.052Total elapsed time: 2.282 sec.
@I [HLS-100] Command "license_exists ap_opencl "
@I [HLS-100] Command 'license_exists' returned 1; elapsed 0.039Total elapsed time: 2.321 sec.
@I [HLS-100] Command "license_exists ap_sdsoc "
@I [HLS-100] Command 'license_exists' returned 1; elapsed 0.104Total elapsed time: 2.425 sec.
@I [HLS-100] Command "license_exists AUTOESL_NI "
@I [HLS-100] Command 'license_exists' returned 1; elapsed 0.04Total elapsed time: 2.465 sec.
@I [HLS-100] Command "license_exists HLS "
@I [HLS-100] Command 'license_exists' returned 0; elapsed 0Total elapsed time: 2.465 sec.
@I [HLS-100] Command "open_platform DefaultPlatform "
@I [HLS-100] Command 'open_platform' returned 0; elapsed 0Total elapsed time: 2.465 sec.
@I [HLS-100] Command "import_lib C:/opt/winprog/Xilinx/Vivado_HLS/2015.2/common/technology/xilinx/kintex7/kintex7_fpv6 "
@I [HLS-100] Command "source C:/opt/winprog/Xilinx/Vivado_HLS/2015.2/common/technology/xilinx/common/xilinx_fpv7.lib "
@I [HLS-100] Command 'ap_source' returned 0; elapsed 0.002Total elapsed time: 2.468 sec.
@I [HLS-100] Command "source C:/opt/winprog/Xilinx/Vivado_HLS/2015.2/common/technology/xilinx/common/xilinx_fpv.hlp "
@I [HLS-100] Command "source C:/opt/winprog/Xilinx/Vivado_HLS/2015.2/common/technology/xilinx/common/xilinx.hlp "
@I [HLS-100] Command "source C:/opt/winprog/Xilinx/Vivado_HLS/2015.2/common/technology/xilinx/common/target_info.tcl "
@I [HLS-100] Command 'ap_source' returned 0; elapsed 0.052Total elapsed time: 2.529 sec.
@I [HLS-100] Command "source C:/opt/winprog/Xilinx/Vivado_HLS/2015.2/common/technology/xilinx/interface/xilinx_interface.hlp "
@I [HLS-100] Command "source C:/opt/winprog/Xilinx/Vivado_HLS/2015.2/common/technology/xilinx/interface/maxi.hlp "
@I [HLS-100] Command 'ap_source' returned 0; elapsed 0.001Total elapsed time: 2.530 sec.
@I [HLS-100] Command "source C:/opt/winprog/Xilinx/Vivado_HLS/2015.2/common/technology/xilinx/interface/saxilite.hlp "
@I [HLS-100] Command 'ap_source' returned 0; elapsed 0Total elapsed time: 2.530 sec.
@I [HLS-100] Command 'ap_source' returned 0; elapsed 0.001Total elapsed time: 2.530 sec.
@I [HLS-100] Command "source C:/opt/winprog/Xilinx/Vivado_HLS/2015.2/common/technology/xilinx/common/dsp48.hlp "
@I [HLS-100] Command 'ap_source' returned 0; elapsed 0Total elapsed time: 2.531 sec.
@I [HLS-100] Command 'ap_source' returned 0; elapsed 0.055Total elapsed time: 2.531 sec.
@I [HLS-100] Command 'ap_source' returned 0; elapsed 0.055Total elapsed time: 2.531 sec.
@I [HLS-100] Command "source C:/opt/winprog/Xilinx/Vivado_HLS/2015.2/common/technology/xilinx/kintex7/kintex7_hp.hlp "
@I [HLS-100] Command 'ap_source' returned 0; elapsed 0Total elapsed time: 2.532 sec.
@I [HLS-100] Command 'import_lib' returned 0; elapsed 0.072Total elapsed time: 2.537 sec.
@I [HLS-100] Command "source C:/opt/winprog/Xilinx/Vivado_HLS/2015.2/common/technology/xilinx/kintex7/kintex7_fpv6.gen "
@I [HLS-100] Command "source C:/opt/winprog/Xilinx/Vivado_HLS/2015.2/common/technology/xilinx/common/xilinx_fpv6.gen "
@I [HLS-100] Command 'ap_source' returned 0; elapsed 0.002Total elapsed time: 2.540 sec.
@I [HLS-100] Command 'ap_source' returned 0; elapsed 0.003Total elapsed time: 2.540 sec.
@I [HLS-100] Command 'add_library' returned 0; elapsed 0.311Total elapsed time: 2.541 sec.
@I [HLS-10] Setting target device to 'xc7k160tfbg484-1'
@I [HLS-100] Command 'set_part' returned 0; elapsed 0.994Total elapsed time: 2.541 sec.
@I [HLS-100] Command "get_default_platform "
@I [HLS-100] Command 'get_default_platform' returned 0; elapsed 0Total elapsed time: 2.541 sec.
@I [HLS-100] Command "config_chip_info -quiet -resource  {SLICE 25350} {LUT 101400}    {FF 202800} {DSP48E 600}    {BRAM 650}  "
@I [HLS-100] Command 'config_chip_info' returned 0; elapsed 0Total elapsed time: 2.541 sec.
@I [HLS-100] Command "config_chip_info -quiet -speed slow "
@I [HLS-100] Command 'config_chip_info' returned 0; elapsed 0Total elapsed time: 2.541 sec.
@I [HLS-100] Command 'open_solution' returned 0; elapsed 1.413Total elapsed time: 2.542 sec.
@I [HLS-100] Command "set_part xc7k160tfbg484-1 "
@I [HLS-100] Command "add_library xilinx/kintex7/kintex7:xc7k160t:fbg484:-1 "
@I [HLS-100] Command "get_default_platform "
@I [HLS-100] Command 'get_default_platform' returned 0; elapsed 0Total elapsed time: 2.600 sec.
@I [HLS-100] Command "license_exists VIVADO_HLS "
@I [HLS-100] Command 'license_exists' returned 1; elapsed 0.059Total elapsed time: 2.659 sec.
@I [HLS-100] Command "license_exists ap_opencl "
@I [HLS-100] Command 'license_exists' returned 1; elapsed 0.045Total elapsed time: 2.704 sec.
@I [HLS-100] Command "license_exists ap_sdsoc "
@I [HLS-100] Command 'license_exists' returned 1; elapsed 0.084Total elapsed time: 2.788 sec.
@I [HLS-100] Command "license_exists AUTOESL_NI "
@I [HLS-100] Command 'license_exists' returned 1; elapsed 0.038Total elapsed time: 2.826 sec.
@I [HLS-100] Command "license_exists HLS "
@I [HLS-100] Command 'license_exists' returned 0; elapsed 0Total elapsed time: 2.826 sec.
@I [HLS-100] Command "open_platform DefaultPlatform "
@I [HLS-100] Command 'open_platform' returned 0; elapsed 0Total elapsed time: 2.826 sec.
@I [HLS-100] Command "import_lib C:/opt/winprog/Xilinx/Vivado_HLS/2015.2/common/technology/xilinx/kintex7/kintex7 "
@I [HLS-100] Command "source C:/opt/winprog/Xilinx/Vivado_HLS/2015.2/common/technology/xilinx/common/xilinx.lib "
@I [HLS-100] Command "source C:/opt/winprog/Xilinx/Vivado_HLS/2015.2/common/technology/xilinx/interface/xilinx_interface.lib "
@I [HLS-100] Command "source C:/opt/winprog/Xilinx/Vivado_HLS/2015.2/common/technology/xilinx/interface/plb46.lib "
@I [HLS-100] Command 'ap_source' returned 0; elapsed 0.001Total elapsed time: 2.828 sec.
@I [HLS-100] Command "source C:/opt/winprog/Xilinx/Vivado_HLS/2015.2/common/technology/xilinx/interface/fsl.lib "
@I [HLS-100] Command 'ap_source' returned 0; elapsed 0Total elapsed time: 2.828 sec.
@I [HLS-100] Command "source C:/opt/winprog/Xilinx/Vivado_HLS/2015.2/common/technology/xilinx/interface/axi4.lib "
@I [HLS-100] Command 'ap_source' returned 0; elapsed 0.001Total elapsed time: 2.829 sec.
@I [HLS-100] Command "source C:/opt/winprog/Xilinx/Vivado_HLS/2015.2/common/technology/xilinx/interface/maxi.lib "
@I [HLS-100] Command 'ap_source' returned 0; elapsed 0Total elapsed time: 2.829 sec.
@I [HLS-100] Command "source C:/opt/winprog/Xilinx/Vivado_HLS/2015.2/common/technology/xilinx/interface/saxilite.lib "
@I [HLS-100] Command 'ap_source' returned 0; elapsed 0Total elapsed time: 2.829 sec.
@I [HLS-100] Command 'ap_source' returned 0; elapsed 0.003Total elapsed time: 2.830 sec.
@I [HLS-100] Command "source C:/opt/winprog/Xilinx/Vivado_HLS/2015.2/common/technology/xilinx/common/dsp48.lib "
@I [HLS-100] Command 'ap_source' returned 0; elapsed 0Total elapsed time: 2.830 sec.
@I [HLS-100] Command "source C:/opt/winprog/Xilinx/Vivado_HLS/2015.2/common/technology/xilinx/ip/dds_compiler.lib "
@I [HLS-100] Command 'ap_source' returned 0; elapsed 0Total elapsed time: 2.831 sec.
@I [HLS-100] Command "source C:/opt/winprog/Xilinx/Vivado_HLS/2015.2/common/technology/xilinx/ip/xfft.lib "
@I [HLS-100] Command 'ap_source' returned 0; elapsed 0Total elapsed time: 2.831 sec.
@I [HLS-100] Command "source C:/opt/winprog/Xilinx/Vivado_HLS/2015.2/common/technology/xilinx/ip/xfir.lib "
@I [HLS-100] Command 'ap_source' returned 0; elapsed 0.001Total elapsed time: 2.832 sec.
@I [HLS-100] Command 'ap_source' returned 0; elapsed 0.006Total elapsed time: 2.833 sec.
@I [HLS-100] Command "source C:/opt/winprog/Xilinx/Vivado_HLS/2015.2/common/technology/xilinx/common/xilinx_old.lib "
@I [HLS-100] Command 'ap_source' returned 0; elapsed 0.001Total elapsed time: 2.834 sec.
@I [HLS-100] Command "source C:/opt/winprog/Xilinx/Vivado_HLS/2015.2/common/technology/xilinx/common/xilinx_vivado.lib "
@I [HLS-100] Command 'ap_source' returned 0; elapsed 0.001Total elapsed time: 2.835 sec.
@I [HLS-100] Command "source C:/opt/winprog/Xilinx/Vivado_HLS/2015.2/common/technology/xilinx/common/xilinx.hlp "
@I [HLS-100] Command "source C:/opt/winprog/Xilinx/Vivado_HLS/2015.2/common/technology/xilinx/common/target_info.tcl "
@I [HLS-100] Command 'ap_source' returned 0; elapsed 0.048Total elapsed time: 2.886 sec.
@I [HLS-100] Command "source C:/opt/winprog/Xilinx/Vivado_HLS/2015.2/common/technology/xilinx/interface/xilinx_interface.hlp "
@I [HLS-100] Command "source C:/opt/winprog/Xilinx/Vivado_HLS/2015.2/common/technology/xilinx/interface/maxi.hlp "
@I [HLS-100] Command 'ap_source' returned 0; elapsed 0Total elapsed time: 2.887 sec.
@I [HLS-100] Command "source C:/opt/winprog/Xilinx/Vivado_HLS/2015.2/common/technology/xilinx/interface/saxilite.hlp "
@I [HLS-100] Command 'ap_source' returned 0; elapsed 0.001Total elapsed time: 2.888 sec.
@I [HLS-100] Command 'ap_source' returned 0; elapsed 0.001Total elapsed time: 2.888 sec.
@I [HLS-100] Command "source C:/opt/winprog/Xilinx/Vivado_HLS/2015.2/common/technology/xilinx/common/dsp48.hlp "
@I [HLS-100] Command 'ap_source' returned 0; elapsed 0.001Total elapsed time: 2.889 sec.
@I [HLS-100] Command 'ap_source' returned 0; elapsed 0.053Total elapsed time: 2.890 sec.
@I [HLS-100] Command "source C:/opt/winprog/Xilinx/Vivado_HLS/2015.2/common/technology/xilinx/kintex7/dsp48e1.hlp "
@I [HLS-100] Command 'ap_source' returned 0; elapsed 0Total elapsed time: 2.890 sec.
@I [HLS-100] Command "get_default_platform "
@I [HLS-100] Command 'get_default_platform' returned 0; elapsed 0Total elapsed time: 2.890 sec.
@I [HLS-100] Command "config_chip_info -quiet -resource  {SLICE 50950} {LUT 203800}    {FF 407600} {DSP48E 840}    {BRAM 890}  "
@I [HLS-100] Command 'config_chip_info' returned 0; elapsed 0Total elapsed time: 2.890 sec.
@I [HLS-100] Command "config_chip_info -quiet -speed medium "
@I [HLS-100] Command 'config_chip_info' returned 0; elapsed 0Total elapsed time: 2.890 sec.
@I [HLS-100] Command 'import_lib' returned 0; elapsed 0.066Total elapsed time: 2.892 sec.
@I [HLS-100] Command "source C:/opt/winprog/Xilinx/Vivado_HLS/2015.2/common/technology/xilinx/kintex7/kintex7.gen "
@I [HLS-100] Command "source C:/opt/winprog/Xilinx/Vivado_HLS/2015.2/common/technology/xilinx/common/virtex.gen "
@I [HLS-100] Command "source C:/opt/winprog/Xilinx/Vivado_HLS/2015.2/common/technology/xilinx/common/xilinx.gen "
@I [HLS-100] Command "source C:/opt/winprog/Xilinx/Vivado_HLS/2015.2/common/technology/xilinx/interface/plb46.gen "
@I [HLS-100] Command 'ap_source' returned 0; elapsed 0.001Total elapsed time: 2.895 sec.
@I [HLS-100] Command "source C:/opt/winprog/Xilinx/Vivado_HLS/2015.2/common/technology/xilinx/interface/fsl.gen "
@I [HLS-100] Command 'ap_source' returned 0; elapsed 0.001Total elapsed time: 2.896 sec.
@I [HLS-100] Command "source C:/opt/winprog/Xilinx/Vivado_HLS/2015.2/common/technology/xilinx/interface/axi4.gen "
@I [HLS-100] Command 'ap_source' returned 0; elapsed 0.003Total elapsed time: 2.899 sec.
@I [HLS-100] Command "source C:/opt/winprog/Xilinx/Vivado_HLS/2015.2/common/technology/xilinx/interface/nativeAXI4.gen "
@I [HLS-100] Command "source C:/opt/winprog/Xilinx/Vivado_HLS/2015.2/common/technology/xilinx/interface/saxilite.gen "
@I [HLS-100] Command 'ap_source' returned 0; elapsed 0.004Total elapsed time: 2.903 sec.
@I [HLS-100] Command "source C:/opt/winprog/Xilinx/Vivado_HLS/2015.2/common/technology/xilinx/interface/maxi.gen "
@I [HLS-100] Command 'ap_source' returned 0; elapsed 0.01Total elapsed time: 2.913 sec.
@I [HLS-100] Command 'ap_source' returned 0; elapsed 0.014Total elapsed time: 2.913 sec.
@I [HLS-100] Command "source C:/opt/winprog/Xilinx/Vivado_HLS/2015.2/common/technology/xilinx/scripts/xilinxcoregen.gen "
@I [HLS-100] Command 'ap_source' returned 0; elapsed 0.013Total elapsed time: 2.926 sec.
@I [HLS-100] Command "source C:/opt/winprog/Xilinx/Vivado_HLS/2015.2/common/technology/xilinx/interface/XilEDKCoreGen.gen "
@I [HLS-100] Command 'ap_source' returned 0; elapsed 0.01Total elapsed time: 2.936 sec.
@I [HLS-100] Command "source C:/opt/winprog/Xilinx/Vivado_HLS/2015.2/common/technology/xilinx/ip/dds_compiler.gen "
@I [HLS-100] Command 'ap_source' returned 0; elapsed 0.005Total elapsed time: 2.942 sec.
@I [HLS-100] Command "source C:/opt/winprog/Xilinx/Vivado_HLS/2015.2/common/technology/xilinx/ip/util.gen "
@I [HLS-100] Command 'ap_source' returned 0; elapsed 0Total elapsed time: 2.942 sec.
@I [HLS-100] Command "source C:/opt/winprog/Xilinx/Vivado_HLS/2015.2/common/technology/xilinx/ip/xfft.gen "
@I [HLS-100] Command 'ap_source' returned 0; elapsed 0.122Total elapsed time: 3.64 sec.
@I [HLS-100] Command "source C:/opt/winprog/Xilinx/Vivado_HLS/2015.2/common/technology/xilinx/ip/xfir.gen "
@I [HLS-100] Command 'ap_source' returned 0; elapsed 0.037Total elapsed time: 3.101 sec.
@I [HLS-100] Command 'ap_source' returned 0; elapsed 0.208Total elapsed time: 3.101 sec.
@I [HLS-100] Command "source C:/opt/winprog/Xilinx/Vivado_HLS/2015.2/common/technology/xilinx/common/dsp48.gen "
@I [HLS-100] Command 'ap_source' returned 0; elapsed 0Total elapsed time: 3.102 sec.
@I [HLS-100] Command 'ap_source' returned 0; elapsed 0.211Total elapsed time: 3.103 sec.
@I [HLS-100] Command 'ap_source' returned 0; elapsed 0.211Total elapsed time: 3.103 sec.
@I [HLS-100] Command "get_default_platform "
@I [HLS-100] Command 'get_default_platform' returned 0; elapsed 0Total elapsed time: 3.104 sec.
@I [HLS-100] Command "config_chip_info -quiet -resource  {SLICE 25350} {LUT 101400}    {FF 202800} {DSP48E 600}    {BRAM 650}  "
@I [HLS-100] Command 'config_chip_info' returned 0; elapsed 0Total elapsed time: 3.104 sec.
@I [HLS-100] Command "config_chip_info -quiet -speed slow "
@I [HLS-100] Command 'config_chip_info' returned 0; elapsed 0Total elapsed time: 3.104 sec.
@I [HLS-100] Command 'add_library' returned 0; elapsed 0.506Total elapsed time: 3.105 sec.
@I [HLS-100] Command "add_library xilinx/kintex7/kintex7_fpv6 "
@I [HLS-100] Command "get_default_platform "
@I [HLS-100] Command 'get_default_platform' returned 0; elapsed 0Total elapsed time: 3.105 sec.
@I [HLS-100] Command "license_exists VIVADO_HLS "
@I [HLS-100] Command 'license_exists' returned 1; elapsed 0.063Total elapsed time: 3.168 sec.
@I [HLS-100] Command "license_exists ap_opencl "
@I [HLS-100] Command 'license_exists' returned 1; elapsed 0.057Total elapsed time: 3.225 sec.
@I [HLS-100] Command "license_exists ap_sdsoc "
@I [HLS-100] Command 'license_exists' returned 1; elapsed 0.039Total elapsed time: 3.264 sec.
@I [HLS-100] Command "license_exists AUTOESL_NI "
@I [HLS-100] Command 'license_exists' returned 1; elapsed 0.041Total elapsed time: 3.305 sec.
@I [HLS-100] Command "license_exists HLS "
@I [HLS-100] Command 'license_exists' returned 0; elapsed 0Total elapsed time: 3.305 sec.
@I [HLS-100] Command "open_platform DefaultPlatform "
@I [HLS-100] Command 'open_platform' returned 0; elapsed 0Total elapsed time: 3.305 sec.
@I [HLS-100] Command "import_lib C:/opt/winprog/Xilinx/Vivado_HLS/2015.2/common/technology/xilinx/kintex7/kintex7_fpv6 "
@I [HLS-100] Command "source C:/opt/winprog/Xilinx/Vivado_HLS/2015.2/common/technology/xilinx/common/xilinx_fpv7.lib "
@I [HLS-100] Command 'ap_source' returned 0; elapsed 0.004Total elapsed time: 3.310 sec.
@I [HLS-100] Command "source C:/opt/winprog/Xilinx/Vivado_HLS/2015.2/common/technology/xilinx/common/xilinx_fpv.hlp "
@I [HLS-100] Command "source C:/opt/winprog/Xilinx/Vivado_HLS/2015.2/common/technology/xilinx/common/xilinx.hlp "
@I [HLS-100] Command "source C:/opt/winprog/Xilinx/Vivado_HLS/2015.2/common/technology/xilinx/common/target_info.tcl "
@I [HLS-100] Command 'ap_source' returned 0; elapsed 0.059Total elapsed time: 3.379 sec.
@I [HLS-100] Command "source C:/opt/winprog/Xilinx/Vivado_HLS/2015.2/common/technology/xilinx/interface/xilinx_interface.hlp "
@I [HLS-100] Command "source C:/opt/winprog/Xilinx/Vivado_HLS/2015.2/common/technology/xilinx/interface/maxi.hlp "
@I [HLS-100] Command 'ap_source' returned 0; elapsed 0.001Total elapsed time: 3.380 sec.
@I [HLS-100] Command "source C:/opt/winprog/Xilinx/Vivado_HLS/2015.2/common/technology/xilinx/interface/saxilite.hlp "
@I [HLS-100] Command 'ap_source' returned 0; elapsed 0Total elapsed time: 3.380 sec.
@I [HLS-100] Command 'ap_source' returned 0; elapsed 0.001Total elapsed time: 3.380 sec.
@I [HLS-100] Command "source C:/opt/winprog/Xilinx/Vivado_HLS/2015.2/common/technology/xilinx/common/dsp48.hlp "
@I [HLS-100] Command 'ap_source' returned 0; elapsed 0.001Total elapsed time: 3.382 sec.
@I [HLS-100] Command 'ap_source' returned 0; elapsed 0.064Total elapsed time: 3.383 sec.
@I [HLS-100] Command 'ap_source' returned 0; elapsed 0.065Total elapsed time: 3.383 sec.
@I [HLS-100] Command "source C:/opt/winprog/Xilinx/Vivado_HLS/2015.2/common/technology/xilinx/kintex7/kintex7_hp.hlp "
@I [HLS-100] Command 'ap_source' returned 0; elapsed 0.001Total elapsed time: 3.384 sec.
@I [HLS-100] Command 'import_lib' returned 0; elapsed 0.084Total elapsed time: 3.389 sec.
@I [HLS-100] Command "source C:/opt/winprog/Xilinx/Vivado_HLS/2015.2/common/technology/xilinx/kintex7/kintex7_fpv6.gen "
@I [HLS-100] Command "source C:/opt/winprog/Xilinx/Vivado_HLS/2015.2/common/technology/xilinx/common/xilinx_fpv6.gen "
@I [HLS-100] Command 'ap_source' returned 0; elapsed 0.002Total elapsed time: 3.392 sec.
@I [HLS-100] Command 'ap_source' returned 0; elapsed 0.002Total elapsed time: 3.392 sec.
@I [HLS-100] Command 'add_library' returned 0; elapsed 0.288Total elapsed time: 3.393 sec.
@I [HLS-100] Command 'set_part' returned 0; elapsed 0.851Total elapsed time: 3.393 sec.
@I [HLS-100] Command "create_clock -period 1 -name default "
@I [HLS-100] Command 'create_clock' returned 0; elapsed 0.001Total elapsed time: 3.394 sec.
@I [HLS-100] Command "csynth_design "
@I [HLS-100] Command "elaborate -effort=medium -skip_syncheck=0 -lm=0 -skip_cdt=0 -skip_transform=0 -ng=0 -g=0 -opt_fp=0 "
@I [HLS-10] Analyzing design file 'adders.c' ... 
@0 [HLS-0] Analyzing design file 'adders.c' ... 
@I [HLS-0] Compiling one TU...
@I [HLS-0] 
Checking before pre-process: exec clang -fno-limit-debug-info -gcc-toolchain "C:/opt/winprog/Xilinx/Vivado_HLS/2015.2/msys" -hls    -fno-math-errno -c -emit-llvm -O0  -mllvm -disable-llvm-optzns -std=gnu89   -DAESL_SYN -D__SYNTHESIS__ -D__HLS_SYN__ -I "C:/opt/winprog/Xilinx/Vivado_HLS/2015.2/common/technology/autopilot" -I "C:/opt/winprog/Xilinx/Vivado_HLS/2015.2/common/technology/autopilot/ap_sysc" -include etc/autopilot_ssdm_op.h -D__cdecl=  "adders.c"  -o "D:/opt/source/Vivado/Vivado_HLS_Tutorial/Interface_Synthesis/lab1/adders_prj/solution1/.autopilot/db/adders.pp.00.o"

@I [HLS-100] Command "is_encrypted D:/opt/source/Vivado/Vivado_HLS_Tutorial/Interface_Synthesis/lab1/adders_prj/solution1/.autopilot/db/adders.pp.00.o "
@I [HLS-100] Command 'is_encrypted' returned 0; elapsed 0.001Total elapsed time: 3.888 sec.
@I [HLS-0] Syntax Checker time: 0 seconds per iteration
@I [HLS-0] 
Source preprocessing: exec clang -fno-limit-debug-info -gcc-toolchain "C:/opt/winprog/Xilinx/Vivado_HLS/2015.2/msys" -hls -fno-exceptions  -D__llvm__  -CC -E "adders.c"     -fno-math-errno -c -emit-llvm -O0  -mllvm -disable-llvm-optzns -std=gnu89   -DAESL_SYN -D__SYNTHESIS__ -D__HLS_SYN__ -I "C:/opt/winprog/Xilinx/Vivado_HLS/2015.2/common/technology/autopilot" -I "C:/opt/winprog/Xilinx/Vivado_HLS/2015.2/common/technology/autopilot/ap_sysc" -include etc/autopilot_ssdm_op.h -D__cdecl=  -o "D:/opt/source/Vivado/Vivado_HLS_Tutorial/Interface_Synthesis/lab1/adders_prj/solution1/.autopilot/db/adders.pp.0.c"

@I [HLS-0] GCC PP time: 0 seconds per iteration
@I [HLS-100] Command "list_core -type functional_unit "
@I [HLS-100] Command 'list_core' returned 0; elapsed 0Total elapsed time: 4.424 sec.
@I [HLS-0] Marker-Pragma convertor: D:/opt/source/Vivado/Vivado_HLS_Tutorial/Interface_Synthesis/lab1/adders_prj/solution1/.autopilot/db/adders.pp.0.c D:/opt/source/Vivado/Vivado_HLS_Tutorial/Interface_Synthesis/lab1/adders_prj/solution1/.autopilot/db/adders.pp.0.c.ap-line.c D:/opt/source/Vivado/Vivado_HLS_Tutorial/Interface_Synthesis/lab1/adders_prj/solution1/.autopilot/db/adders.pp.0.c.ap-line.c.CXX 1
@I [HLS-0] 
Source processor: exec C:/opt/winprog/Xilinx/Vivado_HLS/2015.2/tps/win64/jre/bin/java -Xmx512m -classpath   "C:/opt/winprog/Xilinx/Vivado_HLS/2015.2/lib/classes/autopilot.sourceprocessor.jar;C:/opt/winprog/Xilinx/Vivado_HLS/2015.2/lib/classes/org.eclipse.cdt.core_5.3.0.xilinx_patch.jar;C:/opt/winprog/Xilinx/Vivado_HLS/2015.2/lib/classes/org.eclipse.core.runtime_3.7.0.v20110110.jar;C:/opt/winprog/Xilinx/Vivado_HLS/2015.2/lib/classes/org.eclipse.equinox.common_3.6.0.v20110523.jar;C:/opt/winprog/Xilinx/Vivado_HLS/2015.2/lib/classes/com.ibm.icu_4.4.2.v20110208.jar;C:/opt/winprog/Xilinx/Vivado_HLS/2015.2/lib/classes/jargs.jar;C:/opt/winprog/Xilinx/Vivado_HLS/2015.2/win64/tools/eclipse/plugins/org.eclipse.emf.common_2.10.0.v20140514-1158.jar;C:/opt/winprog/Xilinx/Vivado_HLS/2015.2/win64/tools/eclipse/plugins/org.eclipse.emf.ecore_2.10.0.v20140514-1158.jar;C:/opt/winprog/Xilinx/Vivado_HLS/2015.2/win64/tools/eclipse/plugins/org.eclipse.emf.ecore.xmi_2.10.0.v20140514-1158.jar;C:/opt/winprog/Xilinx/Vivado_HLS/2015.2/win64/tools/eclipse/plugins/com.autoesl.autopilot.ui.directiveFileModel_1.0.0.jar;C:/opt/winprog/Xilinx/Vivado_HLS/2015.2/win64/tools/eclipse/plugins/com.autoesl.autopilot.ui.common_1.0.0.jar"  autopilot.sourceprocessor.CParser  "D:/opt/source/Vivado/Vivado_HLS_Tutorial/Interface_Synthesis/lab1/adders_prj/solution1/.autopilot/db/adders.pp.0.c.ap-line.c"  -m "adders" -o "D:/opt/source/Vivado/Vivado_HLS_Tutorial/Interface_Synthesis/lab1/adders_prj/solution1/.autopilot/db/adders.pp.0.c.ap-cdt.c" -c --pp --directive D:/opt/source/Vivado/Vivado_HLS_Tutorial/Interface_Synthesis/lab1/adders_prj/solution1/solution1.directive --source D:/opt/source/Vivado/Vivado_HLS_Tutorial/Interface_Synthesis/lab1/adders.c --error D:/opt/source/Vivado/Vivado_HLS_Tutorial/Interface_Synthesis/lab1/adders_prj/solution1/.autopilot/db --funcunit "AddSub AddSub_DSP AddSubnS DAddSub_fulldsp DAddSub_nodsp DDiv DExp_fulldsp DExp_meddsp DExp_nodsp DLog_fulldsp DLog_meddsp DLog_nodsp DMul_fulldsp DMul_maxdsp DMul_meddsp DMul_nodsp DRSqrt DRecip DSqrt DivnS FAddSub_fulldsp FAddSub_nodsp FDiv FExp_fulldsp FExp_meddsp FExp_nodsp FLog_fulldsp FLog_meddsp FLog_nodsp FMul_fulldsp FMul_maxdsp FMul_meddsp FMul_nodsp FRSqrt_fulldsp FRSqrt_nodsp FRecip_fulldsp FRecip_nodsp FSqrt Mul Mul2S Mul3S Mul4S Mul5S Mul6S MulnS MuxnS" --ca --gf --df --pd --p2d D:/opt/source/Vivado/Vivado_HLS_Tutorial/Interface_Synthesis/lab1/adders_prj/solution1/.autopilot/db --sd --scff D:/opt/source/Vivado/Vivado_HLS_Tutorial/Interface_Synthesis/lab1/adders_prj/solution1/.autopilot/db/.systemc_flag --ad

@I [HLS-0] Marker-Pragma convertor: D:/opt/source/Vivado/Vivado_HLS_Tutorial/Interface_Synthesis/lab1/adders_prj/solution1/.autopilot/db/adders.pp.0.c.ap-cdt.c D:/opt/source/Vivado/Vivado_HLS_Tutorial/Interface_Synthesis/lab1/adders_prj/solution1/.autopilot/db/adders.pragma.0.c D:/opt/source/Vivado/Vivado_HLS_Tutorial/Interface_Synthesis/lab1/adders_prj/solution1/.autopilot/db/adders.pragma.0.c.ap-line.CXX 0
@I [HLS-100] Command "source D:/opt/source/Vivado/Vivado_HLS_Tutorial/Interface_Synthesis/lab1/adders_prj/solution1/.autopilot/db/pragma.status.tcl "
@I [HLS-100] Command 'ap_source' returned 0; elapsed 0.005Total elapsed time: 5.724 sec.
@I [HLS-0] CDT processor time: 1 seconds per iteration
@I [HLS-0] Pragma handling time: 0 seconds per iteration
@I [HLS-0] 
Source preprocessing: exec clang -fno-limit-debug-info -gcc-toolchain "C:/opt/winprog/Xilinx/Vivado_HLS/2015.2/msys" -hls -fno-exceptions  -D__llvm__  -CC -E "D:/opt/source/Vivado/Vivado_HLS_Tutorial/Interface_Synthesis/lab1/adders_prj/solution1/.autopilot/db/adders.pragma.1.c"     -fno-math-errno -c -emit-llvm -O0  -mllvm -disable-llvm-optzns -std=gnu89   -DAESL_SYN -D__SYNTHESIS__ -D__HLS_SYN__ -I "C:/opt/winprog/Xilinx/Vivado_HLS/2015.2/common/technology/autopilot" -I "C:/opt/winprog/Xilinx/Vivado_HLS/2015.2/common/technology/autopilot/ap_sysc" -include etc/autopilot_ssdm_op.h -D__cdecl=  -o "D:/opt/source/Vivado/Vivado_HLS_Tutorial/Interface_Synthesis/lab1/adders_prj/solution1/.autopilot/db/adders.pragma.2.c"

@I [HLS-0] exec clang -fno-limit-debug-info -gcc-toolchain C:/opt/winprog/Xilinx/Vivado_HLS/2015.2/msys -hls -hls-analyze-label -hls-analyze-pragma -fno-exceptions  -D__llvm__  -w  "D:/opt/source/Vivado/Vivado_HLS_Tutorial/Interface_Synthesis/lab1/adders_prj/solution1/.autopilot/db/adders.pragma.2.c"    -fno-math-errno -c -emit-llvm -O0  -mllvm -disable-llvm-optzns -std=gnu89  -DAESL_SYN -D__SYNTHESIS__ -D__HLS_SYN__ -I "C:/opt/winprog/Xilinx/Vivado_HLS/2015.2/common/technology/autopilot" -I "C:/opt/winprog/Xilinx/Vivado_HLS/2015.2/common/technology/autopilot/ap_sysc" -include etc/autopilot_ssdm_op.h -g -o "D:/opt/source/Vivado/Vivado_HLS_Tutorial/Interface_Synthesis/lab1/adders_prj/solution1/.autopilot/db/adders.g.bc"
@I [HLS-10] Validating synthesis directives ...
@0 [HLS-0] Validating synthesis directives ...
@I [HLS-100] Command "source D:/opt/source/Vivado/Vivado_HLS_Tutorial/Interface_Synthesis/lab1/adders_prj/solution1/.autopilot/db/pragma.status.tcl "
@I [HLS-100] Command 'ap_source' returned 0; elapsed 0.023Total elapsed time: 6.859 sec.
@I [HLS-0] Linking all ...
@I [HLS-0] exec llvm-ld  "D:/opt/source/Vivado/Vivado_HLS_Tutorial/Interface_Synthesis/lab1/adders_prj/solution1/.autopilot/db/adders.bc"  -disable-opt  -LC:/opt/winprog/Xilinx/Vivado_HLS/2015.2/win64/lib -lm_basic -o "D:/opt/source/Vivado/Vivado_HLS_Tutorial/Interface_Synthesis/lab1/adders_prj/solution1/.autopilot/db/a.o.pre"
@I [HLS-0] Link time: 0 seconds per iteration
@I [HLS-0] Linking all ...
@I [HLS-0] exec llvm-ld  "D:/opt/source/Vivado/Vivado_HLS_Tutorial/Interface_Synthesis/lab1/adders_prj/solution1/.autopilot/db/adders.g.bc"  -disable-opt  -LC:/opt/winprog/Xilinx/Vivado_HLS/2015.2/win64/lib -lm_basic -o "D:/opt/source/Vivado/Vivado_HLS_Tutorial/Interface_Synthesis/lab1/adders_prj/solution1/.autopilot/db/a.g.pre"
@I [HLS-0] Link time: 0 seconds per iteration
@I [HLS-100] Command "opt_and_import_c a -opt_level=2 -skip_syncheck=0 -ng=0 "
@I [HLS-100] Command "cleanup_all_models "
@I [HLS-100] Command 'cleanup_all_models' returned 0; elapsed 0Total elapsed time: 7.921 sec.
@I [HLS-10] Starting code transformations ...
@0 [HLS-0] Starting code transformations ...
@I [HLS-0] std xform: transform -hls -share-std-xform -always-inline -promote-dbg-pointer  -interface-preproc  -scalarrepl -mem2reg -keep-read-access -instcombine -dce  -promote-dbg-pointer  -bitop-raise  -indvars -loop-simplify -xunroll  -constprop -instcombine -simplifycfg -indvars  -simplifycfg -dce -globaldce  -basicaa  -simplifycfg -mem2reg -globalopt  -global-constprop -deadargelim -instcombine -simplifycfg  -prune-eh -simplifycfg  -scalarrepl -instcombine -reassociate -licm  -simplifycfg -loop-simplify -indvars -instcombine  -simplifycfg -mem2reg -loop-simplify -indvars -instcombine  -gvn -gvn -instcombine -adce  -break-crit-edges  -simplifycfg -loop-delete  -global-array-opt -dce -dse -adce  -find-syn-modules -top adders  -deadargelim  -mem2reg -instcombine -dce  -presyn-prepare -auto-rom-infer  -interface-preproc  -syn-check -check-rec-only  -find-region -simplifycfg -func-extr -function-inline  -globaldce -mem2reg -instcombine -dce   -gvn -globaldce -adce -adse  -constprop -instcombine -bit-constprop  -instcombine -dce -simplifycfg -bitop-raise  -simplifycfg -dce -loop-delete -reassociate  -globalopt -global-privatize -mem2reg -dce  -global-constprop -pointer-simplify -constprop -dce  -func-inst -deadargelim  -promote-dbg-pointer  -norm-name   D:/opt/source/Vivado/Vivado_HLS_Tutorial/Interface_Synthesis/lab1/adders_prj/solution1/.autopilot/db/a.g.0.bc -o D:/opt/source/Vivado/Vivado_HLS_Tutorial/Interface_Synthesis/lab1/adders_prj/solution1/.autopilot/db/a.g.1.bc -f  -phase std-opt
@I [HLS-0] Std xform time: 0 seconds per iteration
@I [HLS-100] Command "is_encrypted D:/opt/source/Vivado/Vivado_HLS_Tutorial/Interface_Synthesis/lab1/adders_prj/solution1/.autopilot/db/a.g.1.bc "
@I [HLS-100] Command 'is_encrypted' returned 0; elapsed 0Total elapsed time: 8.240 sec.
@I [HLS-10] Checking synthesizability ...
@0 [HLS-0] Checking synthesizability ...
@I [HLS-0] syn check 1/2: transform -hls -syn-check -check-rec-only -disaggr -scalarrepl -norm-name -dce  -mem2reg -instcombine  -function-uniquify -directive-preproc -mem2reg -dse -dce -auto-rom-infer -dce  -array-normalize -instcombine -dce  -array-seg-normalize -instcombine -dce  -array-flatten -instcombine -dce  -array-burst -dce  -deadargelim -promote-global-argument  -function-inline -globaldce -dce  -doublePtrSimplify -doublePtrElim -dce  -doublePtrSimplify -promote-dbg-pointer  -dce -scalarrepl -dse -adse -instcombine  -ptrLegalization  -simplifycfg -dce -instcombine  -pointer-simplify -ptrArgReplace -dce -instcombine   -disaggr -scalarrepl -norm-name -dce  -mem2reg -instcombine -ptrLegalization   -simplifycfg -deadargelim  -instcombine -dce -inst-simplify  -function-uniquify -directive-preproc -mem2reg -dse -dce  -globaldce    D:/opt/source/Vivado/Vivado_HLS_Tutorial/Interface_Synthesis/lab1/adders_prj/solution1/.autopilot/db/a.g.1.bc -o D:/opt/source/Vivado/Vivado_HLS_Tutorial/Interface_Synthesis/lab1/adders_prj/solution1/.autopilot/db/a.g.2.prechk.bc -f
@I [HLS-0] Syn check 1/2 time: 0 seconds per iteration
@I [HLS-0] syn check 2/2: transform -syn-check   D:/opt/source/Vivado/Vivado_HLS_Tutorial/Interface_Synthesis/lab1/adders_prj/solution1/.autopilot/db/a.g.2.prechk.bc -o D:/opt/source/Vivado/Vivado_HLS_Tutorial/Interface_Synthesis/lab1/adders_prj/solution1/.autopilot/db/a.g.2.bc -f  -phase syn-check
@I [HLS-0] Syn check 2/2 time: 0 seconds per iteration
@I [HLS-0] Compiler optimizing ...
@I [HLS-0] Share syncheck's 1.bc for syn flow: copy D:/opt/source/Vivado/Vivado_HLS_Tutorial/Interface_Synthesis/lab1/adders_prj/solution1/.autopilot/db/a.g.1.bc to D:/opt/source/Vivado/Vivado_HLS_Tutorial/Interface_Synthesis/lab1/adders_prj/solution1/.autopilot/db/a.o.1.bc
@I [HLS-0] presyn 1: transform -hls -tmp D:/opt/source/Vivado/Vivado_HLS_Tutorial/Interface_Synthesis/lab1/adders_prj/solution1/.autopilot/db -type-info  -function-uniquify -directive-preproc -mem2reg -dse -dce  -disaggr -scalarrepl -norm-name -deadargelim  -mem2reg -instcombine -dce -auto-rom-infer -dce -function-uniquify  -clib-intrinsic-prepare -dce  -func-buffer -dce -array-normalize  -func-legal -instcombine -gvn -constprop -dce   -ptrArgReplace -mem2reg -instcombine -dce  -array-seg-normalize -deadargelim  -instcombine -dce  -pointer-simplify -dce  -port-alignment -dce  -interface-preproc  -data-pack -instcombine -dce   -basicaa -aggr-aa -aggrmodref-aa -aggr-aa -gvn -gvn  -basicaa -aggr-aa -aggrmodref-aa -aggr-aa -dse -adse -adce  -loop-simplify -indvars -instcombine  -gvn -loop-simplify -mem2reg -dce -simplifycfg  -find-region -instcombine  -auto-loop-pipeline  -inst-simplify  -interface-preproc  -indvars -auto-loop-unroll -loop-simplify -loop-bound -xunroll  -constprop -instcombine -simplifycfg -indvars  -simplifycfg -dce -globaldce  -attach-range  -gvn -disable-agg-range -inst-simplify  -constprop -simplifycfg -dce  -pointer-simplify -dce  -globalopt -constprop -dce  -array-promote -constprop -instcombine -dce  -ptrArgReplace -mem2reg  -instcombine -simplifycfg -dce  -auto-par -instcombine -dce  -array-transform-check  -array-reshape -instcombine -simplifycfg -dce  -ptrArgReplace -deadargelim -mem2reg  -instcombine -simplifycfg -dce   -array-partition -instcombine -simplifycfg -dce  -ptrArgReplace -global-constprop -deadargelim -mem2reg  -func-legal -instcombine -dce -global-constprop -deadargelim -mem2reg  -instcombine -simplifycfg -dce   -globalopt -constprop -dce  -array-promote -constprop -instcombine -dce  -ptrArgReplace -mem2reg  -instcombine -simplifycfg -dce   -mem-intrinsic-preproc -dce  -global-privatize  -mem2reg -globaldce  -promote-global-argument  -ptrArgReplace -mem2reg -instcombine -dce  -globalopt -mergereturn -simplify-global-access -mem2reg -dce  -pointer-simplify -dce  -functionattrs  -basicaa -aggr-aa -aggrmodref-aa -aggr-aa -gvn -gvn  -basicaa -aggr-aa -aggrmodref-aa -aggr-aa -dse -adse -adce  -inst-simplify -dce -norm-name  -function-inline -globaldce  -func-inst -constprop -instcombine -simplifycfg -dce  -func-legal -dce   -loop-bound  -arraycheck -bitwidthmin -on-by-dataflow  -loop-delete -instcombine -simplifycfg -dce -loop-simplify -clean-region -simplifycfg -loop-stream -instcombine -simplifycfg -dce -globaldce  -stream-intrinsic-preproc -dce  -check-ap-stream -check-dataflow-syntax  -legalize-stream-variable -legalize-global -legalize-global-1  -extract-subproc -scalar-propagation -globaldce -mem2reg  -check-dataflow-channels -function-stream -dce -globaldce  -prop-fifo-spec -internal-stream-gen  -array-streaming -instcombine -simplifycfg -dce    -function-uniquify -directive-preproc -mem2reg -dse -dce  -group-axi-access    -simplifycfg -dce -loop-delete  -norm-name  D:/opt/source/Vivado/Vivado_HLS_Tutorial/Interface_Synthesis/lab1/adders_prj/solution1/.autopilot/db/a.o.1.bc -o D:/opt/source/Vivado/Vivado_HLS_Tutorial/Interface_Synthesis/lab1/adders_prj/solution1/.autopilot/db/a.o.1.tmp.bc -f
@I [HLS-0] Presyn 1 time: 0 seconds per iteration
@I [HLS-0] presyn 2: transform -hls -keep-callgraph -scalarrepl -mem2reg  -port-alignment -attach-range -dce  -pipe-mux-gen  -indvars -loop-bound  -inst-simplify -instcombine -dce  -merge-array-access -mem2reg -dce  -clean-region -mergereturn -if-conv  -instcombine -dce -constprop  -basicaa -aggr-aa -aggrmodref-aa -aggr-aa -gvn -gvn  -basicaa -aggr-aa -aggrmodref-aa -aggr-aa -dse -adse -adce  -scalarrepl -mem2reg  -global-constprop -deadargelim -deadargelim  -instcombine -dce -simplifycfg    -ptrArgReplace -mem2reg -function-inline  -globaldce -mem2reg -instcombine -dce -expr-balance  -instcombine -dce  -bitwidthmin  -directive-preproc  -inst-rectify -instcombine -dce  -functionattrs  -constprop -instcombine -bit-constprop  -simplify-global-access  -globalopt -globaldce  -inst-simplify -instcombine -elimdeaddata -dce  -loop-delete -simplifycfg   -norm-name D:/opt/source/Vivado/Vivado_HLS_Tutorial/Interface_Synthesis/lab1/adders_prj/solution1/.autopilot/db/a.o.1.tmp.bc -o D:/opt/source/Vivado/Vivado_HLS_Tutorial/Interface_Synthesis/lab1/adders_prj/solution1/.autopilot/db/a.o.2.bc -f  -phase presyn
@I [HLS-0] Presyn 2 time: 0 seconds per iteration
@I [HLS-100] Command "is_encrypted D:/opt/source/Vivado/Vivado_HLS_Tutorial/Interface_Synthesis/lab1/adders_prj/solution1/.autopilot/db/a.o.2.bc "
@I [HLS-100] Command 'is_encrypted' returned 0; elapsed 0.007Total elapsed time: 8.430 sec.
@I [HLS-0] build ssdm: transform -hls -function-uniquify -auto-function-inline -globaldce  -ptrArgReplace -mem2reg -instcombine -dce  -loop-simplify -indvars -licm -loop-dep  -loop-bound -licm -loop-simplify -flattenloopnest  -array-flatten -gvn -instcombine -dce  -array-map -dce -func-legal  -gvn -adce -instcombine -cfgopt -simplifycfg -loop-simplify   -array-burst -promote-global-argument -dce  -axi4-lower -array-seg-normalize  -basicaa -aggrmodref-aa -globalsmodref-aa -aggr-aa -gvn -gvn  -basicaa -aggrmodref-aa -globalsmodref-aa -aggr-aa -dse -adse -adce -licm  -inst-simplify -dce  -globaldce -array-streaming -instcombine  -dce   -deadargelim -doublePtrSimplify  -doublePtrElim -dce -doublePtrSimplify -promote-dbg-pointer  -dce -scalarrepl -mem2reg -disaggr -norm-name -mem2reg  -instcombine  -dse -adse -adce -ptrLegalization -dce -auto-rom-infer -array-flatten -dce -instcombine  -loop-rot -constprop -cfgopt -simplifycfg -loop-simplify -indvars -pointer-simplify -dce -loop-bound  -loop-simplify -loop-preproc  -constprop -global-constprop -gvn -mem2reg -instcombine -dce  -loop-merge -dce  -bitwidthmin  -scalar-propagation -globaldce -mem2reg  -interface-preproc -interface-gen  -deadargelim -directive-preproc -inst-simplify -dce  -gvn -mem2reg -instcombine -dce -adse  -loop-bound  -instcombine -cfgopt -simplifycfg -loop-simplify  -clean-region -io-protocol  -find-region -mem2reg  -bitop-raise  -inst-simplify -inst-rectify -instcombine -adce -deadargelim  -loop-simplify -phi-opt -bitop-raise  -cfgopt -simplifycfg -strip-dead-prototypes  -interface-lower -bitop-lower -intrinsic-lower -auto-function-inline  -basicaa -aggrmodref-aa -globalsmodref-aa -aggr-aa  -inst-simplify -simplifycfg   -mergereturn -inst-simplify -inst-rectify  -dce -bitop-lower  -loop-rewind -pointer-simplify -dce -cfgopt  -norm-name -legalize -read-loop-dep -dce -bitwidth   -cdfg-build  D:/opt/source/Vivado/Vivado_HLS_Tutorial/Interface_Synthesis/lab1/adders_prj/solution1/.autopilot/db/a.o.2.bc -o D:/opt/source/Vivado/Vivado_HLS_Tutorial/Interface_Synthesis/lab1/adders_prj/solution1/.autopilot/db/a.o.3.bc -f  -phase build-ssdm
@I [HLS-0] Build ssdm time: 0 seconds per iteration
@I [HLS-100] Command "is_encrypted D:/opt/source/Vivado/Vivado_HLS_Tutorial/Interface_Synthesis/lab1/adders_prj/solution1/.autopilot/db/a.o.3.bc "
@I [HLS-100] Command 'is_encrypted' returned 0; elapsed 0.008Total elapsed time: 8.500 sec.
@I [HLS-0] Finish building internal data model.
@I [HLS-100] Command 'opt_and_import_c' returned 0; elapsed 0.604Total elapsed time: 8.524 sec.
@I [HLS-111] Elapsed time: 8.538 seconds; current memory usage: 69.1 MB.
@I [HLS-100] Command 'elaborate' returned 0; elapsed 5.137Total elapsed time: 8.531 sec.
@I [HLS-100] Command "autosyn "
@I [HLS-10] Starting hardware synthesis ...
@0 [HLS-0] Starting hardware synthesis ...
@I [HLS-0] Synthesizing C/C++ design ...
@I [HLS-10] Synthesizing 'adders' ...
@0 [HLS-0] Synthesizing 'adders' ...
@I [HLS-100] Command "ap_set_top_model adders "
@I [HLS-100] Command 'ap_set_top_model' returned 0; elapsed 0Total elapsed time: 8.616 sec.
@I [HLS-100] Command "get_model_list adders -filter all-wo-channel -topdown "
@I [HLS-100] Command 'get_model_list' returned 0; elapsed 0Total elapsed time: 8.616 sec.
@I [HLS-100] Command "preproc_iomode -model adders "
@I [HLS-100] Command 'preproc_iomode' returned 0; elapsed 0Total elapsed time: 8.616 sec.
@I [HLS-100] Command "get_model_list adders -filter all-wo-channel "
@I [HLS-100] Command 'get_model_list' returned 0; elapsed 0Total elapsed time: 8.616 sec.
@I [HLS-0] Model list for configure: adders
@I [HLS-0] Configuring Module : adders ...
@I [HLS-100] Command "set_default_model adders "
@I [HLS-100] Command 'set_default_model' returned 0; elapsed 0Total elapsed time: 8.617 sec.
@I [HLS-100] Command "apply_spec_resource_limit adders "
@I [HLS-100] Command 'apply_spec_resource_limit' returned 0; elapsed 0Total elapsed time: 8.617 sec.
@I [HLS-0] Model list for preprocess: adders
@I [HLS-0] Preprocessing Module: adders ...
@I [HLS-100] Command "set_default_model adders "
@I [HLS-100] Command 'set_default_model' returned 0; elapsed 0Total elapsed time: 8.617 sec.
@I [HLS-100] Command "cdfg_preprocess -model adders "
@I [HLS-100] Command 'cdfg_preprocess' returned 0; elapsed 0Total elapsed time: 8.617 sec.
@I [HLS-100] Command "rtl_gen_preprocess adders "
@I [HLS-100] Command 'rtl_gen_preprocess' returned 0; elapsed 0.001Total elapsed time: 8.618 sec.
@I [HLS-0] Model list for synthesis: adders
@I [HLS-10] ----------------------------------------------------------------
@0 [HLS-0] ----------------------------------------------------------------
@I [HLS-10] -- Scheduling module 'adders' 
@0 [HLS-0] -- Scheduling module 'adders' 
@I [HLS-10] ----------------------------------------------------------------
@0 [HLS-0] ----------------------------------------------------------------
@I [HLS-100] Command "set_default_model adders "
@I [HLS-100] Command 'set_default_model' returned 0; elapsed 0Total elapsed time: 8.619 sec.
@I [HLS-100] Command "schedule -model adders "
@I [SCHED-11] Starting scheduling ...
@I [SCHED-11] Finished scheduling.
@I [HLS-100] Command 'schedule' returned 0; elapsed 0.022Total elapsed time: 8.641 sec.
@I [HLS-111] Elapsed time: 0.115 seconds; current memory usage: 69 MB.
@I [HLS-100] Command "report -o D:/opt/source/Vivado/Vivado_HLS_Tutorial/Interface_Synthesis/lab1/adders_prj/solution1/.autopilot/db/adders.verbose.sched.rpt -verbose -f "
@I [HLS-100] Command 'report' returned 0; elapsed 0.007Total elapsed time: 8.760 sec.
@I [HLS-100] Command "db_write -o D:/opt/source/Vivado/Vivado_HLS_Tutorial/Interface_Synthesis/lab1/adders_prj/solution1/.autopilot/db/adders.sched.adb -f "
@I [HLS-100] Command 'db_write' returned 0; elapsed 0.007Total elapsed time: 8.767 sec.
@I [HLS-0] Finish scheduling adders.
@I [HLS-10] ----------------------------------------------------------------
@0 [HLS-0] ----------------------------------------------------------------
@I [HLS-10] -- Exploring micro-architecture for module 'adders' 
@0 [HLS-0] -- Exploring micro-architecture for module 'adders' 
@I [HLS-10] ----------------------------------------------------------------
@0 [HLS-0] ----------------------------------------------------------------
@I [HLS-100] Command "set_default_model adders "
@I [HLS-100] Command 'set_default_model' returned 0; elapsed 0Total elapsed time: 8.805 sec.
@I [HLS-100] Command "bind -model adders "
@I [BIND-110] clear=
@I [BIND-110] debug=
@I [BIND-110] drf=
@I [BIND-110] effort=
@I [BIND-110] fast_refine=
@I [BIND-110] fu_weight=[ 0.0 -- 1.0 ]
@I [BIND-110] global_opt=
@I [BIND-110] gsearch=
@I [BIND-110] help=
@I [BIND-110] help-hidden=
@I [BIND-110] min_mem_port=
@I [BIND-110] min_op=
@I [BIND-110] minreg=
@I [BIND-110] ml=
@I [BIND-110] model=adders
@I [BIND-110] no_false_path=
@I [BIND-110] no_min_op=
@I [BIND-110] normalize=
@I [BIND-110] quiet=
@I [BIND-110] refine=
@I [BIND-110] reg_weight=[ 0.0 -- 1.0 ]
@I [BIND-110] search=
@I [BIND-110] tight_delay=
@I [BIND-110] verbose=
@I [BIND-110] wFF=
@I [BIND-110] wFU=
@I [BIND-110] wMUX=
@I [BIND-110] wNET=
@I [BIND-100] Starting micro-architecture generation ...
@I [BIND-101] Performing variable lifetime analysis.
@I [BIND-101] Exploring resource sharing.
@I [BIND-101] Binding ...
@I [BIND-100] Finished micro-architecture generation.
@I [HLS-100] Command 'bind' returned 0; elapsed 0.005Total elapsed time: 8.810 sec.
@I [HLS-111] Elapsed time: 0.172 seconds; current memory usage: 69 MB.
@I [HLS-100] Command "report -o D:/opt/source/Vivado/Vivado_HLS_Tutorial/Interface_Synthesis/lab1/adders_prj/solution1/.autopilot/db/adders.verbose.bind.rpt -verbose -f "
@I [HLS-100] Command 'report' returned 0; elapsed 0.015Total elapsed time: 8.833 sec.
@I [HLS-100] Command "db_write -o D:/opt/source/Vivado/Vivado_HLS_Tutorial/Interface_Synthesis/lab1/adders_prj/solution1/.autopilot/db/adders.bind.adb -f "
@I [HLS-100] Command 'db_write' returned 0; elapsed 0.036Total elapsed time: 8.870 sec.
@I [HLS-0] Finish binding adders.
@I [HLS-100] Command "get_model_list adders -filter all-wo-channel "
@I [HLS-100] Command 'get_model_list' returned 0; elapsed 0Total elapsed time: 8.870 sec.
@I [HLS-0] Preprocessing for RTLGen ...
@I [HLS-100] Command "rtl_gen_preprocess adders "
@I [HLS-100] Command 'rtl_gen_preprocess' returned 0; elapsed 0.001Total elapsed time: 8.871 sec.
@I [HLS-0] Model list for RTL generation: adders
@I [HLS-10] ----------------------------------------------------------------
@0 [HLS-0] ----------------------------------------------------------------
@I [HLS-10] -- Generating RTL for module 'adders' 
@0 [HLS-0] -- Generating RTL for module 'adders' 
@I [HLS-10] ----------------------------------------------------------------
@0 [HLS-0] ----------------------------------------------------------------
@I [HLS-100] Command "create_rtl_model adders -vendor xilinx -mg_file D:/opt/source/Vivado/Vivado_HLS_Tutorial/Interface_Synthesis/lab1/adders_prj/solution1/.autopilot/db/adders.compgen.tcl "
@I [RTGEN-500] Setting interface mode on port 'adders/in1' to 'ap_none'.
@I [RTGEN-500] Setting interface mode on port 'adders/in2' to 'ap_none'.
@I [RTGEN-500] Setting interface mode on port 'adders/in3' to 'ap_none'.
@I [RTGEN-500] Setting interface mode on function 'adders' to 'ap_ctrl_hs'.
@I [RTGEN-100] Generating core module 'adders_add_32ns_32ns_32_8': 2 instance(s).
@I [RTGEN-100] Finished creating RTL model for 'adders'.
@I [HLS-100] Command 'create_rtl_model' returned 0; elapsed 0.009Total elapsed time: 8.992 sec.
@I [HLS-111] Elapsed time: 0.18 seconds; current memory usage: 69.3 MB.
@I [HLS-100] Command "source D:/opt/source/Vivado/Vivado_HLS_Tutorial/Interface_Synthesis/lab1/adders_prj/solution1/.autopilot/db/adders.rtl_wrap.cfg.tcl "
@I [HLS-100] Command 'ap_source' returned 0; elapsed 0.001Total elapsed time: 9.0 sec.
@I [HLS-100] Command "gen_rtl adders -istop -style xilinx -tracefl mytrace -tracefmt vcd -traceopt all -f -lang sc -o D:/opt/source/Vivado/Vivado_HLS_Tutorial/Interface_Synthesis/lab1/adders_prj/solution1/syn/systemc/adders -synmodules adders "
@I [HLS-100] Command 'gen_rtl' returned 0; elapsed 0.007Total elapsed time: 9.8 sec.
@I [HLS-100] Command "gen_rtl adders -istop -style xilinx -f -lang vhdl -o D:/opt/source/Vivado/Vivado_HLS_Tutorial/Interface_Synthesis/lab1/adders_prj/solution1/syn/vhdl/adders "
@I [HLS-100] Command 'gen_rtl' returned 0; elapsed 0.028Total elapsed time: 9.37 sec.
@I [HLS-100] Command "gen_rtl adders -istop -style xilinx -f -lang vlog -o D:/opt/source/Vivado/Vivado_HLS_Tutorial/Interface_Synthesis/lab1/adders_prj/solution1/syn/verilog/adders "
@I [HLS-100] Command 'gen_rtl' returned 0; elapsed 0.005Total elapsed time: 9.42 sec.
@I [HLS-100] Command "export_constraint_db -o D:/opt/source/Vivado/Vivado_HLS_Tutorial/Interface_Synthesis/lab1/adders_prj/solution1/.autopilot/db/adders.constraint.tcl -f -tool general "
@I [HLS-100] Command 'export_constraint_db' returned 0; elapsed 0.001Total elapsed time: 9.44 sec.
@I [HLS-100] Command "report -model adders -o D:/opt/source/Vivado/Vivado_HLS_Tutorial/Interface_Synthesis/lab1/adders_prj/solution1/.autopilot/db/adders.design.xml -verbose -f -dv "
@I [HLS-100] Command 'report' returned 0; elapsed 0.008Total elapsed time: 9.53 sec.
@I [HLS-100] Command "gen_tb_info adders -o D:/opt/source/Vivado/Vivado_HLS_Tutorial/Interface_Synthesis/lab1/adders_prj/solution1/.autopilot/db/adders -p D:/opt/source/Vivado/Vivado_HLS_Tutorial/Interface_Synthesis/lab1/adders_prj/solution1/.autopilot/db "
@I [HLS-100] Command 'gen_tb_info' returned 0; elapsed 0.032Total elapsed time: 9.86 sec.
@I [HLS-100] Command "report -model adders -o D:/opt/source/Vivado/Vivado_HLS_Tutorial/Interface_Synthesis/lab1/adders_prj/solution1/syn/report/adders_csynth.rpt -f "
@I [HLS-100] Command 'report' returned 0; elapsed 0.011Total elapsed time: 9.98 sec.
@I [HLS-100] Command "report -model adders -o D:/opt/source/Vivado/Vivado_HLS_Tutorial/Interface_Synthesis/lab1/adders_prj/solution1/syn/report/adders_csynth.xml -f -x "
@I [HLS-100] Command 'report' returned 0; elapsed 0.005Total elapsed time: 9.103 sec.
@I [HLS-100] Command "report -model adders -o D:/opt/source/Vivado/Vivado_HLS_Tutorial/Interface_Synthesis/lab1/adders_prj/solution1/.autopilot/db/adders.verbose.rpt -verbose -f "
@I [HLS-100] Command 'report' returned 0; elapsed 0.017Total elapsed time: 9.121 sec.
@I [HLS-100] Command "db_write -model adders -o D:/opt/source/Vivado/Vivado_HLS_Tutorial/Interface_Synthesis/lab1/adders_prj/solution1/.autopilot/db/adders.adb -f "
@I [HLS-100] Command 'db_write' returned 0; elapsed 0.011Total elapsed time: 9.131 sec.
@I [HLS-100] Command "sc_get_clocks adders "
@I [HLS-100] Command 'sc_get_clocks' returned 0; elapsed 0.001Total elapsed time: 9.150 sec.
@I [HLS-100] Command "sc_get_portdomain adders "
@I [HLS-100] Command 'sc_get_portdomain' returned 0; elapsed 0Total elapsed time: 9.150 sec.
@I [HLS-0] Model list for RTL component generation: adders
@I [HLS-0] Handling components in module [adders] ... 
@I [HLS-100] Command "source D:/opt/source/Vivado/Vivado_HLS_Tutorial/Interface_Synthesis/lab1/adders_prj/solution1/.autopilot/db/adders.compgen.tcl "
@I [HLS-0] Found component adders_add_32ns_32ns_32_8.
@I [HLS-0] Append model adders_add_32ns_32ns_32_8
@I [HLS-100] Command 'ap_source' returned 0; elapsed 0.026Total elapsed time: 9.247 sec.
@I [HLS-0] Append model adders
@I [HLS-0] Generating RTL model list ...
@I [HLS-0] All models in this session: adders_add_32ns_32ns_32_8 adders
@I [HLS-0] To file: write model adders_add_32ns_32ns_32_8
@I [HLS-0] To file: write model adders
@I [HLS-0] Finished generating RTL model list.


@I [HLS-0] RTL Generation done.
@I [HLS-0] CAS Generation done.
@I [HLS-0] CBC Generation done.
@I [HLS-100] Command "export_ssdm D:/opt/source/Vivado/Vivado_HLS_Tutorial/Interface_Synthesis/lab1/adders_prj/solution1/.autopilot/db/a.export.ll "
@I [HLS-100] Command 'export_ssdm' returned 0; elapsed 0.003Total elapsed time: 9.305 sec.
@I [HLS-100] Command "source D:/opt/source/Vivado/Vivado_HLS_Tutorial/Interface_Synthesis/lab1/adders_prj/solution1/.autopilot/db/global.setting.tcl "
@I [HLS-100] Command 'ap_source' returned 0; elapsed 0.001Total elapsed time: 9.310 sec.
@I [HLS-100] Command "source C:/opt/winprog/Xilinx/Vivado_HLS/2015.2/common/technology/generic/autopilot/common.gen "
@I [HLS-100] Command "source C:/opt/winprog/Xilinx/Vivado_HLS/2015.2/common/technology/generic/autopilot/APCoreGen.gen "
@I [HLS-100] Command 'ap_source' returned 0; elapsed 0.002Total elapsed time: 9.313 sec.
@I [HLS-100] Command 'ap_source' returned 0; elapsed 0.002Total elapsed time: 9.313 sec.
@I [HLS-100] Command "source C:/opt/winprog/Xilinx/Vivado_HLS/2015.2/common/technology/generic/autopilot/op.gen "
@I [HLS-100] Command 'ap_source' returned 0; elapsed 0.001Total elapsed time: 9.314 sec.
@I [HLS-100] Command "source C:/opt/winprog/Xilinx/Vivado_HLS/2015.2/common/technology/generic/autopilot/op_simcore.gen "
@I [HLS-100] Command 'ap_source' returned 0; elapsed 0.002Total elapsed time: 9.316 sec.
@I [HLS-100] Command "source C:/opt/winprog/Xilinx/Vivado_HLS/2015.2/common/technology/generic/autopilot/interface.gen "
@I [HLS-100] Command 'ap_source' returned 0; elapsed 0Total elapsed time: 9.316 sec.
@I [HLS-100] Command "source D:/opt/source/Vivado/Vivado_HLS_Tutorial/Interface_Synthesis/lab1/adders_prj/solution1/.autopilot/db/global.setting.tcl "
@I [HLS-100] Command 'ap_source' returned 0; elapsed 0.001Total elapsed time: 9.317 sec.
@I [HLS-100] Command "source C:/opt/winprog/Xilinx/Vivado_HLS/2015.2/common/technology/xilinx/kintex7/kintex7.gen "
@I [HLS-100] Command "source C:/opt/winprog/Xilinx/Vivado_HLS/2015.2/common/technology/xilinx/common/virtex.gen "
@I [HLS-100] Command "source C:/opt/winprog/Xilinx/Vivado_HLS/2015.2/common/technology/xilinx/common/xilinx.gen "
@I [HLS-100] Command "source C:/opt/winprog/Xilinx/Vivado_HLS/2015.2/common/technology/xilinx/interface/plb46.gen "
@I [HLS-100] Command 'ap_source' returned 0; elapsed 0.002Total elapsed time: 9.321 sec.
@I [HLS-100] Command "source C:/opt/winprog/Xilinx/Vivado_HLS/2015.2/common/technology/xilinx/interface/fsl.gen "
@I [HLS-100] Command 'ap_source' returned 0; elapsed 0.001Total elapsed time: 9.322 sec.
@I [HLS-100] Command "source C:/opt/winprog/Xilinx/Vivado_HLS/2015.2/common/technology/xilinx/interface/axi4.gen "
@I [HLS-100] Command 'ap_source' returned 0; elapsed 0.003Total elapsed time: 9.325 sec.
@I [HLS-100] Command "source C:/opt/winprog/Xilinx/Vivado_HLS/2015.2/common/technology/xilinx/interface/nativeAXI4.gen "
@I [HLS-100] Command "source C:/opt/winprog/Xilinx/Vivado_HLS/2015.2/common/technology/xilinx/interface/saxilite.gen "
@I [HLS-100] Command 'ap_source' returned 0; elapsed 0.005Total elapsed time: 9.330 sec.
@I [HLS-100] Command "source C:/opt/winprog/Xilinx/Vivado_HLS/2015.2/common/technology/xilinx/interface/maxi.gen "
@I [HLS-100] Command 'ap_source' returned 0; elapsed 0.009Total elapsed time: 9.339 sec.
@I [HLS-100] Command 'ap_source' returned 0; elapsed 0.014Total elapsed time: 9.339 sec.
@I [HLS-100] Command "source C:/opt/winprog/Xilinx/Vivado_HLS/2015.2/common/technology/xilinx/scripts/xilinxcoregen.gen "
@I [HLS-100] Command 'ap_source' returned 0; elapsed 0.011Total elapsed time: 9.351 sec.
@I [HLS-100] Command "source C:/opt/winprog/Xilinx/Vivado_HLS/2015.2/common/technology/xilinx/interface/XilEDKCoreGen.gen "
@I [HLS-100] Command 'ap_source' returned 0; elapsed 0.012Total elapsed time: 9.363 sec.
@I [HLS-100] Command "source C:/opt/winprog/Xilinx/Vivado_HLS/2015.2/common/technology/xilinx/ip/dds_compiler.gen "
@I [HLS-100] Command 'ap_source' returned 0; elapsed 0.005Total elapsed time: 9.368 sec.
@I [HLS-100] Command "source C:/opt/winprog/Xilinx/Vivado_HLS/2015.2/common/technology/xilinx/ip/util.gen "
@I [HLS-100] Command 'ap_source' returned 0; elapsed 0.001Total elapsed time: 9.369 sec.
@I [HLS-100] Command "source C:/opt/winprog/Xilinx/Vivado_HLS/2015.2/common/technology/xilinx/ip/xfft.gen "
@I [HLS-100] Command 'ap_source' returned 0; elapsed 0.126Total elapsed time: 9.495 sec.
@I [HLS-100] Command "source C:/opt/winprog/Xilinx/Vivado_HLS/2015.2/common/technology/xilinx/ip/xfir.gen "
@I [HLS-100] Command 'ap_source' returned 0; elapsed 0.039Total elapsed time: 9.534 sec.
@I [HLS-100] Command 'ap_source' returned 0; elapsed 0.215Total elapsed time: 9.534 sec.
@I [HLS-100] Command "source C:/opt/winprog/Xilinx/Vivado_HLS/2015.2/common/technology/xilinx/common/dsp48.gen "
@I [HLS-100] Command 'ap_source' returned 0; elapsed 0.001Total elapsed time: 9.536 sec.
@I [HLS-100] Command 'ap_source' returned 0; elapsed 0.218Total elapsed time: 9.536 sec.
@I [HLS-100] Command 'ap_source' returned 0; elapsed 0.218Total elapsed time: 9.536 sec.
@I [HLS-100] Command "source C:/opt/winprog/Xilinx/Vivado_HLS/2015.2/common/technology/xilinx/kintex7/kintex7_fpv6.gen "
@I [HLS-100] Command "source C:/opt/winprog/Xilinx/Vivado_HLS/2015.2/common/technology/xilinx/common/xilinx_fpv6.gen "
@I [HLS-100] Command 'ap_source' returned 0; elapsed 0.002Total elapsed time: 9.539 sec.
@I [HLS-100] Command 'ap_source' returned 0; elapsed 0.003Total elapsed time: 9.539 sec.
@I [HLS-100] Command "source D:/opt/source/Vivado/Vivado_HLS_Tutorial/Interface_Synthesis/lab1/adders_prj/solution1/.autopilot/db/global.setting.tcl "
@I [HLS-100] Command 'ap_source' returned 0; elapsed 0.001Total elapsed time: 9.606 sec.
@I [HLS-100] Command "source D:/opt/source/Vivado/Vivado_HLS_Tutorial/Interface_Synthesis/lab1/adders_prj/solution1/.autopilot/db/global.setting.tcl "
@I [HLS-100] Command 'ap_source' returned 0; elapsed 0.001Total elapsed time: 9.607 sec.
@I [HLS-100] Command "source D:/opt/source/Vivado/Vivado_HLS_Tutorial/Interface_Synthesis/lab1/adders_prj/solution1/.autopilot/db/global.setting.tcl "
@I [HLS-100] Command 'ap_source' returned 0; elapsed 0.001Total elapsed time: 9.609 sec.
@I [HLS-100] Command "source D:/opt/source/Vivado/Vivado_HLS_Tutorial/Interface_Synthesis/lab1/adders_prj/solution1/.autopilot/db/global.setting.tcl "
@I [HLS-100] Command 'ap_source' returned 0; elapsed 0.001Total elapsed time: 9.610 sec.
@I [HLS-100] Command "source D:/opt/source/Vivado/Vivado_HLS_Tutorial/Interface_Synthesis/lab1/adders_prj/solution1/.autopilot/db/adders.compgen.tcl "
@I [RTMG-283] Generating pipelined adder/subtractor : 'adders_add_32ns_32ns_32_8_AddSubnS_0'
@I [HLS-100] Command 'ap_source' returned 0; elapsed 0.085Total elapsed time: 9.697 sec.
@I [HLS-10] Finished generating all RTL models.
@0 [HLS-0] Finished generating all RTL models.
@I [WSYSC-301] Generating RTL SystemC for 'adders'.
@I [WVHDL-304] Generating RTL VHDL for 'adders'.
@I [WVLOG-307] Generating RTL Verilog for 'adders'.
@I [HLS-100] Command 'autosyn' returned 0; elapsed 1.228Total elapsed time: 9.759 sec.
@I [HLS-100] Command 'csynth_design' returned 0; elapsed 6.365Total elapsed time: 9.759 sec.
@I [HLS-100] Command 'ap_source' returned 0; elapsed 8.655Total elapsed time: 9.759 sec.
@I [HLS-100] Command "cleanup_all "
@I [HLS-100] Command 'cleanup_all' returned 0; elapsed 0.001Total elapsed time: 9.761 sec.
