

================================================================
== Vivado HLS Report for 'dct'
================================================================
* Date:           Sat Aug 08 23:01:38 2015

* Version:        2015.2 (Build 1266856 on Fri Jun 26 16:57:37 PM 2015)
* Project:        dct_prj
* Solution:       solution1
* Product family: kintex7
* Target device:  xc7k160tfbg484-1


================================================================
== Performance Estimates
================================================================
+ Timing (ns): 
    * Summary: 
    +--------+-------+----------+------------+
    |  Clock | Target| Estimated| Uncertainty|
    +--------+-------+----------+------------+
    |ap_clk  |   8.00|      5.79|        1.00|
    +--------+-------+----------+------------+

+ Latency (clock cycles): 
    * Summary: 
    +------+------+------+------+---------+
    |   Latency   |   Interval  | Pipeline|
    |  min |  max |  min |  max |   Type  |
    +------+------+------+------+---------+
    |  3959|  3959|  3960|  3960|   none  |
    +------+------+------+------+---------+

    + Detail: 
        * Instance: 
        +-----------------------+------------+------+------+------+------+---------+
        |                       |            |   Latency   |   Interval  | Pipeline|
        |        Instance       |   Module   |  min |  max |  min |  max |   Type  |
        +-----------------------+------------+------+------+------+------+---------+
        |grp_dct_dct_2d_fu_148  |dct_dct_2d  |  3668|  3668|  3668|  3668|   none  |
        +-----------------------+------------+------+------+------+------+---------+

        * Loop: 
        +----------------+-----+-----+----------+-----------+-----------+------+----------+
        |                |  Latency  | Iteration|  Initiation Interval  | Trip |          |
        |    Loop Name   | min | max |  Latency |  achieved |   target  | Count| Pipelined|
        +----------------+-----+-----+----------+-----------+-----------+------+----------+
        |- RD_Loop_Row   |  144|  144|        18|          -|          -|     8|    no    |
        | + RD_Loop_Col  |   16|   16|         2|          -|          -|     8|    no    |
        |- WR_Loop_Row   |  144|  144|        18|          -|          -|     8|    no    |
        | + WR_Loop_Col  |   16|   16|         2|          -|          -|     8|    no    |
        +----------------+-----+-----+----------+-----------+-----------+------+----------+



================================================================
== Utilization Estimates
================================================================
* Summary: 
+-----------------+---------+-------+--------+--------+
|       Name      | BRAM_18K| DSP48E|   FF   |   LUT  |
+-----------------+---------+-------+--------+--------+
|Expression       |        -|      -|       0|      52|
|FIFO             |        -|      -|       -|       -|
|Instance         |        3|      1|     203|     267|
|Memory           |        2|      -|       0|       0|
|Multiplexer      |        -|      -|       -|      35|
|Register         |        -|      -|      69|       -|
+-----------------+---------+-------+--------+--------+
|Total            |        5|      1|     272|     354|
+-----------------+---------+-------+--------+--------+
|Available        |      650|    600|  202800|  101400|
+-----------------+---------+-------+--------+--------+
|Utilization (%)  |    ~0   |   ~0  |   ~0   |   ~0   |
+-----------------+---------+-------+--------+--------+

+ Detail: 
    * Instance: 
    +-----------------------+------------+---------+-------+-----+-----+
    |        Instance       |   Module   | BRAM_18K| DSP48E|  FF | LUT |
    +-----------------------+------------+---------+-------+-----+-----+
    |grp_dct_dct_2d_fu_148  |dct_dct_2d  |        3|      1|  203|  267|
    +-----------------------+------------+---------+-------+-----+-----+
    |Total                  |            |        3|      1|  203|  267|
    +-----------------------+------------+---------+-------+-----+-----+

    * Memory: 
    +--------------+-----------------------+---------+---+----+------+-----+------+-------------+
    |    Memory    |         Module        | BRAM_18K| FF| LUT| Words| Bits| Banks| W*Bits*Banks|
    +--------------+-----------------------+---------+---+----+------+-----+------+-------------+
    |buf_2d_in_U   |dct_dct_2d_row_outbuf  |        1|  0|   0|    64|   16|     1|         1024|
    |buf_2d_out_U  |dct_dct_2d_row_outbuf  |        1|  0|   0|    64|   16|     1|         1024|
    +--------------+-----------------------+---------+---+----+------+-----+------+-------------+
    |Total         |                       |        2|  0|   0|   128|   32|     2|         2048|
    +--------------+-----------------------+---------+---+----+------+-----+------+-------------+

    * FIFO: 
    N/A

    * Expression: 
    +------------------------+----------+-------+---+----+------------+------------+
    |      Variable Name     | Operation| DSP48E| FF| LUT| Bitwidth P0| Bitwidth P1|
    +------------------------+----------+-------+---+----+------------+------------+
    |c_1_fu_277_p2           |     +    |      0|  0|   4|           4|           1|
    |c_fu_202_p2             |     +    |      0|  0|   4|           4|           1|
    |p_addr1_fu_222_p2       |     +    |      0|  0|   8|           8|           8|
    |p_addr3_fu_287_p2       |     +    |      0|  0|   8|           8|           8|
    |r_1_fu_237_p2           |     +    |      0|  0|   4|           4|           1|
    |r_fu_162_p2             |     +    |      0|  0|   4|           4|           1|
    |tmp_5_i_fu_208_p2       |     +    |      0|  0|   6|           6|           6|
    |tmp_9_i_fu_297_p2       |     +    |      0|  0|   6|           6|           6|
    |exitcond1_i3_fu_231_p2  |   icmp   |      0|  0|   2|           4|           5|
    |exitcond1_i_fu_156_p2   |   icmp   |      0|  0|   2|           4|           5|
    |exitcond_i7_fu_271_p2   |   icmp   |      0|  0|   2|           4|           5|
    |exitcond_i_fu_196_p2    |   icmp   |      0|  0|   2|           4|           5|
    +------------------------+----------+-------+---+----+------------+------------+
    |Total                   |          |      0|  0|  52|          60|          52|
    +------------------------+----------+-------+---+----+------------+------------+

    * Multiplexer: 
    +---------------------+----+-----------+-----+-----------+
    |         Name        | LUT| Input Size| Bits| Total Bits|
    +---------------------+----+-----------+-----+-----------+
    |ap_NS_fsm            |   4|          9|    1|          9|
    |buf_2d_in_address0   |   6|          3|    6|         18|
    |buf_2d_in_ce0        |   1|          3|    1|          3|
    |buf_2d_out_address0  |   6|          3|    6|         18|
    |buf_2d_out_ce0       |   1|          3|    1|          3|
    |buf_2d_out_we0       |   1|          2|    1|          2|
    |c_i6_reg_137         |   4|          2|    4|          8|
    |c_i_reg_115          |   4|          2|    4|          8|
    |r_i2_reg_126         |   4|          2|    4|          8|
    |r_i_reg_104          |   4|          2|    4|          8|
    +---------------------+----+-----------+-----+-----------+
    |Total                |  35|         31|   32|         85|
    +---------------------+----+-----------+-----+-----------+

    * Register: 
    +---------------------------------------------+---+----+-----+-----------+
    |                     Name                    | FF| LUT| Bits| Const Bits|
    +---------------------------------------------+---+----+-----+-----------+
    |ap_CS_fsm                                    |  8|   0|    8|          0|
    |c_1_reg_363                                  |  4|   0|    4|          0|
    |c_i6_reg_137                                 |  4|   0|    4|          0|
    |c_i_reg_115                                  |  4|   0|    4|          0|
    |c_reg_327                                    |  4|   0|    4|          0|
    |grp_dct_dct_2d_fu_148_ap_start_ap_start_reg  |  1|   0|    1|          0|
    |p_addr1_reg_337                              |  8|   0|    8|          0|
    |p_addr2_cast_reg_355                         |  4|   0|    8|          4|
    |p_addr_cast_reg_319                          |  4|   0|    8|          4|
    |r_1_reg_345                                  |  4|   0|    4|          0|
    |r_i2_reg_126                                 |  4|   0|    4|          0|
    |r_i_reg_104                                  |  4|   0|    4|          0|
    |r_reg_309                                    |  4|   0|    4|          0|
    |tmp_9_i_reg_373                              |  6|   0|    6|          0|
    |tmp_i5_reg_350                               |  3|   0|    6|          3|
    |tmp_i_reg_314                                |  3|   0|    6|          3|
    +---------------------------------------------+---+----+-----+-----------+
    |Total                                        | 69|   0|   83|         14|
    +---------------------------------------------+---+----+-----+-----------+



================================================================
== Interface
================================================================
* Summary: 
+-------------------+-----+-----+------------+--------------+--------------+
|     RTL Ports     | Dir | Bits|  Protocol  | Source Object|    C Type    |
+-------------------+-----+-----+------------+--------------+--------------+
|ap_clk             |  in |    1| ap_ctrl_hs |      dct     | return value |
|ap_rst             |  in |    1| ap_ctrl_hs |      dct     | return value |
|ap_start           |  in |    1| ap_ctrl_hs |      dct     | return value |
|ap_done            | out |    1| ap_ctrl_hs |      dct     | return value |
|ap_idle            | out |    1| ap_ctrl_hs |      dct     | return value |
|ap_ready           | out |    1| ap_ctrl_hs |      dct     | return value |
|input_r_address0   | out |    6|  ap_memory |    input_r   |     array    |
|input_r_ce0        | out |    1|  ap_memory |    input_r   |     array    |
|input_r_q0         |  in |   16|  ap_memory |    input_r   |     array    |
|output_r_address0  | out |    6|  ap_memory |   output_r   |     array    |
|output_r_ce0       | out |    1|  ap_memory |   output_r   |     array    |
|output_r_we0       | out |    1|  ap_memory |   output_r   |     array    |
|output_r_d0        | out |   16|  ap_memory |   output_r   |     array    |
+-------------------+-----+-----+------------+--------------+--------------+

