#-----------------------------------------------------------
# xsim v2015.2 (64-bit)
# SW Build 1266856 on Fri Jun 26 16:35:25 MDT 2015
# IP Build 1264090 on Wed Jun 24 14:22:01 MDT 2015
# Start of session at: Mon Aug 10 09:13:25 2015
# Process ID: 6472
# Log file: D:/opt/source/Vivado/Vivado_HLS_Tutorial/RTL_Verification/lab2/duc_prj/solution1/sim/verilog/xsim.log
# Journal file: D:/opt/source/Vivado/Vivado_HLS_Tutorial/RTL_Verification/lab2/duc_prj/solution1/sim/verilog\xsim.jou
#-----------------------------------------------------------
source xsim.dir/duc/xsim_script.tcl
# xsim {duc} -maxdeltaid 10000 -autoloadwcfg -tclbatch {duc.tcl}
Vivado Simulator 2015.2
WARNING: Your Simulation license expires in 29 day(s).
Time resolution is 1 ps
source duc.tcl
## add_wave -r /
WARNING: [Wavedata 42-489] Can't add object "/apatb_duc_top/AESL_mLatCnterIn" to the wave window because it has 107584 bits, which exceeds the display limit of 65536 bits.  To change the display limit, use the command "set_property display_limit <new limit> [current_wave_config]".
WARNING: [Wavedata 42-489] Can't add object "/apatb_duc_top/AESL_mLatCnterOut" to the wave window because it has 107584 bits, which exceeds the display limit of 65536 bits.  To change the display limit, use the command "set_property display_limit <new limit> [current_wave_config]".
WARNING: [Wavedata 42-489] Can't add object "/apatb_duc_top/performance_check/lat_array" to the wave window because it has 107552 bits, which exceeds the display limit of 65536 bits.  To change the display limit, use the command "set_property display_limit <new limit> [current_wave_config]".
WARNING: [Wavedata 42-489] Can't add object "/apatb_duc_top/performance_check/thr_array" to the wave window because it has 107552 bits, which exceeds the display limit of 65536 bits.  To change the display limit, use the command "set_property display_limit <new limit> [current_wave_config]".
WARNING: [Wavedata 42-489] Can't add object "/apatb_duc_top/performance_check/lat_array" to the wave window because it has 107552 bits, which exceeds the display limit of 65536 bits.  To change the display limit, use the command "set_property display_limit <new limit> [current_wave_config]".
WARNING: [Wavedata 42-489] Can't add object "/apatb_duc_top/performance_check/thr_array" to the wave window because it has 107552 bits, which exceeds the display limit of 65536 bits.  To change the display limit, use the command "set_property display_limit <new limit> [current_wave_config]".
## save_wave_config duc.wcfg
## run all
$finish called at time : 294527265 ps : File "D:/opt/source/Vivado/Vivado_HLS_Tutorial/RTL_Verification/lab2/duc_prj/solution1/sim/verilog/duc.autotb.v" Line 424
## quit
INFO: [Common 17-206] Exiting xsim at Mon Aug 10 09:13:31 2015...
