

================================================================
== Vivado HLS Report for 'dct_dct_1d'
================================================================
* Date:           Mon Aug 10 14:05:41 2015

* Version:        2015.2 (Build 1266856 on Fri Jun 26 16:57:37 PM 2015)
* Project:        dct_prj
* Solution:       solution5
* Product family: kintex7
* Target device:  xc7k160tfbg484-1


================================================================
== Performance Estimates
================================================================
+ Timing (ns): 
    * Summary: 
    +--------+-------+----------+------------+
    |  Clock | Target| Estimated| Uncertainty|
    +--------+-------+----------+------------+
    |ap_clk  |   8.00|      8.93|        1.00|
    +--------+-------+----------+------------+

+ Latency (clock cycles): 
    * Summary: 
    +-----+-----+-----+-----+---------+
    |  Latency  |  Interval | Pipeline|
    | min | max | min | max |   Type  |
    +-----+-----+-----+-----+---------+
    |   13|   13|   13|   13|   none  |
    +-----+-----+-----+-----+---------+

    + Detail: 
        * Instance: 
        N/A

        * Loop: 
        +------------------+-----+-----+----------+-----------+-----------+------+----------+
        |                  |  Latency  | Iteration|  Initiation Interval  | Trip |          |
        |     Loop Name    | min | max |  Latency |  achieved |   target  | Count| Pipelined|
        +------------------+-----+-----+----------+-----------+-----------+------+----------+
        |- DCT_Outer_Loop  |   11|   11|         5|          1|          1|     8|    yes   |
        +------------------+-----+-----+----------+-----------+-----------+------+----------+



================================================================
== Utilization Estimates
================================================================
* Summary: 
+-----------------+---------+-------+--------+--------+
|       Name      | BRAM_18K| DSP48E|   FF   |   LUT  |
+-----------------+---------+-------+--------+--------+
|Expression       |        -|      -|       -|       -|
|FIFO             |        -|      -|       -|       -|
|Instance         |        -|      -|       -|       -|
|Memory           |        -|      -|       -|       -|
|Multiplexer      |        -|      -|       -|       -|
|Register         |        -|      -|       -|       -|
+-----------------+---------+-------+--------+--------+
|Total            |        0|      0|       0|       0|
+-----------------+---------+-------+--------+--------+
|Available        |      650|    600|  202800|  101400|
+-----------------+---------+-------+--------+--------+
|Utilization (%)  |        0|      0|       0|       0|
+-----------------+---------+-------+--------+--------+

+ Detail: 
    * Instance: 
    N/A

    * Memory: 
    N/A

    * FIFO: 
    N/A

    * Expression: 
    N/A

    * Multiplexer: 
    N/A

    * Register: 
    N/A



================================================================
== Interface
================================================================
* Summary: 
N/A

============================================================
+ Verbose Summary: Synthesis Manager
============================================================
InlineROM: 1
ExposeGlobal: 0
============================================================
+ Verbose Summary: CDFG Model
============================================================
IsTopModel: 0
ResetActiveHigh: 1
IsCombinational: 0
IsDatapathOnly: 0
HasWiredReturn: 1
HasMFsm: 0
HasVarLatency: 1
IsPipeline: 0
IsRtlPipelined: 0
IsInstanceOverlapped: 0
IsDontTouch: 0
HasImplIP: 0
IsGatedGlobalClock: 0

+ Individual pipeline summary: 
  * Pipeline-0: initiation interval (II) = 1, depth = 5


============================================================
+ Verbose Summary: Schedule
============================================================
* Number of FSM states: 7
* Pipeline: 1
  Pipeline-0: II = 1, D = 5, States = { 2 3 4 5 6 }
* Dataflow Pipeline: 0

* FSM state transitions: 
1 --> 
	2  / true
2 --> 
	7  / (exitcond1)
	3  / (!exitcond1)
3 --> 
	4  / true
4 --> 
	5  / true
5 --> 
	6  / true
6 --> 
	2  / true
7 --> 
* FSM state operations: 

 <State 1>: 1.09ns
ST_1: tmp_11_read [1/1] 0.72ns
:0  %tmp_11_read = call i4 @_ssdm_op_Read.ap_auto.i4(i4 %tmp_11)

ST_1: tmp_1_read [1/1] 0.72ns
:1  %tmp_1_read = call i4 @_ssdm_op_Read.ap_auto.i4(i4 %tmp_1)

ST_1: tmp_1_cast [1/1] 0.00ns
:2  %tmp_1_cast = zext i4 %tmp_1_read to i64

ST_1: src_addr [1/1] 0.00ns
:3  %src_addr = getelementptr [8 x i16]* %src, i64 0, i64 %tmp_1_cast

ST_1: src1_addr [1/1] 0.00ns
:4  %src1_addr = getelementptr [8 x i16]* %src1, i64 0, i64 %tmp_1_cast

ST_1: src2_addr [1/1] 0.00ns
:5  %src2_addr = getelementptr [8 x i16]* %src2, i64 0, i64 %tmp_1_cast

ST_1: src3_addr [1/1] 0.00ns
:6  %src3_addr = getelementptr [8 x i16]* %src3, i64 0, i64 %tmp_1_cast

ST_1: src4_addr [1/1] 0.00ns
:7  %src4_addr = getelementptr [8 x i16]* %src4, i64 0, i64 %tmp_1_cast

ST_1: src5_addr [1/1] 0.00ns
:8  %src5_addr = getelementptr [8 x i16]* %src5, i64 0, i64 %tmp_1_cast

ST_1: src6_addr [1/1] 0.00ns
:9  %src6_addr = getelementptr [8 x i16]* %src6, i64 0, i64 %tmp_1_cast

ST_1: src7_addr [1/1] 0.00ns
:10  %src7_addr = getelementptr [8 x i16]* %src7, i64 0, i64 %tmp_1_cast

ST_1: tmp_5 [1/1] 0.00ns
:11  %tmp_5 = call i7 @_ssdm_op_BitConcatenate.i7.i4.i3(i4 %tmp_11_read, i3 0)

ST_1: p_addr_cast [1/1] 0.00ns
:12  %p_addr_cast = zext i7 %tmp_5 to i8

ST_1: stg_21 [1/1] 1.09ns
:13  br label %1


 <State 2>: 2.39ns
ST_2: k [1/1] 0.00ns
:0  %k = phi i4 [ 0, %0 ], [ %k_1, %2 ]

ST_2: exitcond1 [1/1] 1.24ns
:1  %exitcond1 = icmp eq i4 %k, -8

ST_2: k_1 [1/1] 0.48ns
:2  %k_1 = add i4 %k, 1

ST_2: stg_25 [1/1] 0.00ns
:3  br i1 %exitcond1, label %3, label %2

ST_2: tmp [1/1] 0.00ns
:4  %tmp = zext i4 %k to i64

ST_2: dct_coeff_table_0_addr [1/1] 0.00ns
:5  %dct_coeff_table_0_addr = getelementptr [8 x i14]* @dct_coeff_table_0, i64 0, i64 %tmp

ST_2: dct_coeff_table_0_load [2/2] 2.39ns
:6  %dct_coeff_table_0_load = load i14* %dct_coeff_table_0_addr, align 2

ST_2: dct_coeff_table_1_addr [1/1] 0.00ns
:11  %dct_coeff_table_1_addr = getelementptr [8 x i15]* @dct_coeff_table_1, i64 0, i64 %tmp

ST_2: dct_coeff_table_1_load [2/2] 2.39ns
:12  %dct_coeff_table_1_load = load i15* %dct_coeff_table_1_addr, align 2

ST_2: src1_load [2/2] 2.39ns
:14  %src1_load = load i16* %src1_addr, align 2

ST_2: dct_coeff_table_2_addr [1/1] 0.00ns
:17  %dct_coeff_table_2_addr = getelementptr [8 x i15]* @dct_coeff_table_2, i64 0, i64 %tmp

ST_2: dct_coeff_table_2_load [2/2] 2.39ns
:18  %dct_coeff_table_2_load = load i15* %dct_coeff_table_2_addr, align 2

ST_2: dct_coeff_table_3_addr [1/1] 0.00ns
:23  %dct_coeff_table_3_addr = getelementptr [8 x i15]* @dct_coeff_table_3, i64 0, i64 %tmp

ST_2: dct_coeff_table_3_load [2/2] 2.39ns
:24  %dct_coeff_table_3_load = load i15* %dct_coeff_table_3_addr, align 2

ST_2: src3_load [2/2] 2.39ns
:26  %src3_load = load i16* %src3_addr, align 2

ST_2: dct_coeff_table_4_addr [1/1] 0.00ns
:29  %dct_coeff_table_4_addr = getelementptr [8 x i15]* @dct_coeff_table_4, i64 0, i64 %tmp

ST_2: dct_coeff_table_4_load [2/2] 2.39ns
:30  %dct_coeff_table_4_load = load i15* %dct_coeff_table_4_addr, align 2

ST_2: dct_coeff_table_5_addr [1/1] 0.00ns
:35  %dct_coeff_table_5_addr = getelementptr [8 x i15]* @dct_coeff_table_5, i64 0, i64 %tmp

ST_2: dct_coeff_table_5_load [2/2] 2.39ns
:36  %dct_coeff_table_5_load = load i15* %dct_coeff_table_5_addr, align 2

ST_2: src5_load [2/2] 2.39ns
:38  %src5_load = load i16* %src5_addr, align 2

ST_2: dct_coeff_table_6_addr [1/1] 0.00ns
:41  %dct_coeff_table_6_addr = getelementptr [8 x i15]* @dct_coeff_table_6, i64 0, i64 %tmp

ST_2: dct_coeff_table_6_load [2/2] 2.39ns
:42  %dct_coeff_table_6_load = load i15* %dct_coeff_table_6_addr, align 2

ST_2: src6_load [2/2] 2.39ns
:44  %src6_load = load i16* %src6_addr, align 2

ST_2: dct_coeff_table_7_addr [1/1] 0.00ns
:47  %dct_coeff_table_7_addr = getelementptr [8 x i15]* @dct_coeff_table_7, i64 0, i64 %tmp

ST_2: dct_coeff_table_7_load [2/2] 2.39ns
:48  %dct_coeff_table_7_load = load i15* %dct_coeff_table_7_addr, align 2

ST_2: src7_load [2/2] 2.39ns
:50  %src7_load = load i16* %src7_addr, align 2

ST_2: tmp_trn_cast [1/1] 0.00ns
:62  %tmp_trn_cast = zext i4 %k to i8

ST_2: p_addr1 [1/1] 1.34ns
:63  %p_addr1 = add i8 %p_addr_cast, %tmp_trn_cast


 <State 3>: 2.39ns
ST_3: dct_coeff_table_0_load [1/2] 2.39ns
:6  %dct_coeff_table_0_load = load i14* %dct_coeff_table_0_addr, align 2

ST_3: src_load [2/2] 2.39ns
:8  %src_load = load i16* %src_addr, align 2

ST_3: dct_coeff_table_1_load [1/2] 2.39ns
:12  %dct_coeff_table_1_load = load i15* %dct_coeff_table_1_addr, align 2

ST_3: src1_load [1/2] 2.39ns
:14  %src1_load = load i16* %src1_addr, align 2

ST_3: dct_coeff_table_2_load [1/2] 2.39ns
:18  %dct_coeff_table_2_load = load i15* %dct_coeff_table_2_addr, align 2

ST_3: src2_load [2/2] 2.39ns
:20  %src2_load = load i16* %src2_addr, align 2

ST_3: dct_coeff_table_3_load [1/2] 2.39ns
:24  %dct_coeff_table_3_load = load i15* %dct_coeff_table_3_addr, align 2

ST_3: src3_load [1/2] 2.39ns
:26  %src3_load = load i16* %src3_addr, align 2

ST_3: dct_coeff_table_4_load [1/2] 2.39ns
:30  %dct_coeff_table_4_load = load i15* %dct_coeff_table_4_addr, align 2

ST_3: src4_load [2/2] 2.39ns
:32  %src4_load = load i16* %src4_addr, align 2

ST_3: dct_coeff_table_5_load [1/2] 2.39ns
:36  %dct_coeff_table_5_load = load i15* %dct_coeff_table_5_addr, align 2

ST_3: src5_load [1/2] 2.39ns
:38  %src5_load = load i16* %src5_addr, align 2

ST_3: dct_coeff_table_6_load [1/2] 2.39ns
:42  %dct_coeff_table_6_load = load i15* %dct_coeff_table_6_addr, align 2

ST_3: src6_load [1/2] 2.39ns
:44  %src6_load = load i16* %src6_addr, align 2

ST_3: dct_coeff_table_7_load [1/2] 2.39ns
:48  %dct_coeff_table_7_load = load i15* %dct_coeff_table_7_addr, align 2

ST_3: src7_load [1/2] 2.39ns
:50  %src7_load = load i16* %src7_addr, align 2


 <State 4>: 8.74ns
ST_4: src_load [1/2] 2.39ns
:8  %src_load = load i16* %src_addr, align 2

ST_4: coeff_1_cast [1/1] 0.00ns
:13  %coeff_1_cast = sext i15 %dct_coeff_table_1_load to i29

ST_4: tmp_7_1_cast [1/1] 0.00ns
:15  %tmp_7_1_cast = sext i16 %src1_load to i29

ST_4: tmp_8_1 [1/1] 5.79ns
:16  %tmp_8_1 = mul i29 %coeff_1_cast, %tmp_7_1_cast

ST_4: src2_load [1/2] 2.39ns
:20  %src2_load = load i16* %src2_addr, align 2

ST_4: coeff_3_cast [1/1] 0.00ns
:25  %coeff_3_cast = sext i15 %dct_coeff_table_3_load to i29

ST_4: tmp_7_3_cast [1/1] 0.00ns
:27  %tmp_7_3_cast = sext i16 %src3_load to i29

ST_4: tmp_8_3 [1/1] 5.79ns
:28  %tmp_8_3 = mul i29 %coeff_3_cast, %tmp_7_3_cast

ST_4: src4_load [1/2] 2.39ns
:32  %src4_load = load i16* %src4_addr, align 2

ST_4: coeff_5_cast [1/1] 0.00ns
:37  %coeff_5_cast = sext i15 %dct_coeff_table_5_load to i29

ST_4: tmp_7_5_cast [1/1] 0.00ns
:39  %tmp_7_5_cast = sext i16 %src5_load to i29

ST_4: tmp_8_5 [1/1] 5.79ns
:40  %tmp_8_5 = mul i29 %coeff_5_cast, %tmp_7_5_cast

ST_4: coeff_6_cast [1/1] 0.00ns
:43  %coeff_6_cast = sext i15 %dct_coeff_table_6_load to i29

ST_4: tmp_7_6_cast [1/1] 0.00ns
:45  %tmp_7_6_cast = sext i16 %src6_load to i29

ST_4: tmp_8_6 [1/1] 2.84ns
:46  %tmp_8_6 = mul i29 %coeff_6_cast, %tmp_7_6_cast

ST_4: coeff_7_cast [1/1] 0.00ns
:49  %coeff_7_cast = sext i15 %dct_coeff_table_7_load to i29

ST_4: tmp_7_7_cast [1/1] 0.00ns
:51  %tmp_7_7_cast = sext i16 %src7_load to i29

ST_4: tmp_8_7 [1/1] 2.84ns
:52  %tmp_8_7 = mul i29 %coeff_7_cast, %tmp_7_7_cast

ST_4: tmp7 [1/1] 2.95ns
:57  %tmp7 = add i29 %tmp_8_7, 4096

ST_4: tmp6 [1/1] 2.95ns
:58  %tmp6 = add i29 %tmp_8_6, %tmp7


 <State 5>: 8.93ns
ST_5: coeff_cast [1/1] 0.00ns
:7  %coeff_cast = zext i14 %dct_coeff_table_0_load to i29

ST_5: tmp_7_cast [1/1] 0.00ns
:9  %tmp_7_cast = sext i16 %src_load to i29

ST_5: tmp_8 [1/1] 2.84ns
:10  %tmp_8 = mul i29 %coeff_cast, %tmp_7_cast

ST_5: coeff_2_cast [1/1] 0.00ns
:19  %coeff_2_cast = sext i15 %dct_coeff_table_2_load to i29

ST_5: tmp_7_2_cast [1/1] 0.00ns
:21  %tmp_7_2_cast = sext i16 %src2_load to i29

ST_5: tmp_8_2 [1/1] 2.84ns
:22  %tmp_8_2 = mul i29 %coeff_2_cast, %tmp_7_2_cast

ST_5: coeff_4_cast [1/1] 0.00ns
:31  %coeff_4_cast = sext i15 %dct_coeff_table_4_load to i29

ST_5: tmp_7_4_cast [1/1] 0.00ns
:33  %tmp_7_4_cast = sext i16 %src4_load to i29

ST_5: tmp_8_4 [1/1] 2.84ns
:34  %tmp_8_4 = mul i29 %coeff_4_cast, %tmp_7_4_cast

ST_5: tmp2 [1/1] 2.95ns
:53  %tmp2 = add i29 %tmp_8_1, %tmp_8

ST_5: tmp3 [1/1] 2.95ns
:54  %tmp3 = add i29 %tmp_8_3, %tmp_8_2

ST_5: tmp1 [1/1] 1.70ns
:55  %tmp1 = add i29 %tmp2, %tmp3

ST_5: tmp5 [1/1] 2.95ns
:56  %tmp5 = add i29 %tmp_8_5, %tmp_8_4

ST_5: tmp4 [1/1] 1.44ns
:59  %tmp4 = add i29 %tmp5, %tmp6

ST_5: tmp_2 [1/1] 1.44ns
:60  %tmp_2 = add i29 %tmp1, %tmp4

ST_5: tmp_4 [1/1] 0.00ns
:61  %tmp_4 = call i16 @_ssdm_op_PartSelect.i16.i29.i32.i32(i29 %tmp_2, i32 13, i32 28)


 <State 6>: 2.33ns
ST_6: empty [1/1] 0.00ns
:0  %empty = call i32 (...)* @_ssdm_op_SpecLoopTripCount(i64 8, i64 8, i64 8)

ST_6: stg_103 [1/1] 0.00ns
:1  call void (...)* @_ssdm_op_SpecLoopName([15 x i8]* @p_str) nounwind

ST_6: tmp_s [1/1] 0.00ns
:2  %tmp_s = call i32 (...)* @_ssdm_op_SpecRegionBegin([15 x i8]* @p_str) nounwind

ST_6: stg_105 [1/1] 0.00ns
:3  call void (...)* @_ssdm_op_SpecPipeline(i32 1, i32 1, i32 1, i32 0, [1 x i8]* @p_str1) nounwind

ST_6: tmp_6 [1/1] 0.00ns
:64  %tmp_6 = zext i8 %p_addr1 to i64

ST_6: dst_addr [1/1] 0.00ns
:65  %dst_addr = getelementptr [64 x i16]* %dst, i64 0, i64 %tmp_6

ST_6: stg_108 [1/1] 2.33ns
:66  store i16 %tmp_4, i16* %dst_addr, align 2

ST_6: empty_12 [1/1] 0.00ns
:67  %empty_12 = call i32 (...)* @_ssdm_op_SpecRegionEnd([15 x i8]* @p_str, i32 %tmp_s) nounwind

ST_6: stg_110 [1/1] 0.00ns
:68  br label %1


 <State 7>: 0.00ns
ST_7: stg_111 [1/1] 0.00ns
:0  ret void



============================================================
+ Verbose Summary: Binding
============================================================
STG Binding: 
---------------- STG Properties BEGIN ----------------
- Is combinational: 0
- Is one-state seq: 0
- Is datapath-only: 0
- Is clock enabled: 0
- Is pipelined: 0
- Is top level: 0
Port [ Return ] is wired: 1; IO mode=ap_ctrl_hs:ce=0
Port [ src]:  wired=1; compound=1; hidden=0; nouse=0; global=0; static=0; extern=0; dir=0; type=1; mode=0xba47b05b80; pingpong=1; private_global=0; MemPort=[13]; IO mode=ap_memory:ce=0
Port [ src1]:  wired=1; compound=1; hidden=0; nouse=0; global=0; static=0; extern=0; dir=0; type=1; mode=0xba47b06fc0; pingpong=1; private_global=0; MemPort=[13]; IO mode=ap_memory:ce=0
Port [ src2]:  wired=1; compound=1; hidden=0; nouse=0; global=0; static=0; extern=0; dir=0; type=1; mode=0xba47b061b0; pingpong=1; private_global=0; MemPort=[13]; IO mode=ap_memory:ce=0
Port [ src3]:  wired=1; compound=1; hidden=0; nouse=0; global=0; static=0; extern=0; dir=0; type=1; mode=0xba47b058b0; pingpong=1; private_global=0; MemPort=[13]; IO mode=ap_memory:ce=0
Port [ src4]:  wired=1; compound=1; hidden=0; nouse=0; global=0; static=0; extern=0; dir=0; type=1; mode=0xba47b06480; pingpong=1; private_global=0; MemPort=[13]; IO mode=ap_memory:ce=0
Port [ src5]:  wired=1; compound=1; hidden=0; nouse=0; global=0; static=0; extern=0; dir=0; type=1; mode=0xba47b06f30; pingpong=1; private_global=0; MemPort=[13]; IO mode=ap_memory:ce=0
Port [ src6]:  wired=1; compound=1; hidden=0; nouse=0; global=0; static=0; extern=0; dir=0; type=1; mode=0xba47b05f70; pingpong=1; private_global=0; MemPort=[13]; IO mode=ap_memory:ce=0
Port [ src7]:  wired=1; compound=1; hidden=0; nouse=0; global=0; static=0; extern=0; dir=0; type=1; mode=0xba47b06e10; pingpong=1; private_global=0; MemPort=[13]; IO mode=ap_memory:ce=0
Port [ tmp_1]:  wired=1; compound=0; hidden=0; nouse=0; global=0; static=0; extern=0; dir=0; type=0; mode=0xba47b066c0; pingpong=0; private_global=0; IO mode=ap_none:ce=0
Port [ dst]:  wired=1; compound=1; hidden=0; nouse=0; global=0; static=0; extern=0; dir=1; type=1; mode=0xba47b06510; pingpong=0; private_global=0; MemPort=[03]; IO mode=ap_memory:ce=0
Port [ tmp_11]:  wired=1; compound=0; hidden=0; nouse=0; global=0; static=0; extern=0; dir=0; type=0; mode=0xba47b05940; pingpong=0; private_global=0; IO mode=ap_none:ce=0
Port [ dct_coeff_table_0]:  wired=0; compound=1; hidden=1; nouse=0; global=1; static=1; extern=0; dir=0; type=1; mode=0xba47b05dc0; pingpong=0; private_global=1; linkage=7; visibility=0; MemPort=[1]; IO mode=ap_memory:ce=0
Port [ dct_coeff_table_1]:  wired=0; compound=1; hidden=1; nouse=0; global=1; static=1; extern=0; dir=0; type=1; mode=0xba47b06ab0; pingpong=0; private_global=1; linkage=7; visibility=0; MemPort=[1]; IO mode=ap_memory:ce=0
Port [ dct_coeff_table_2]:  wired=0; compound=1; hidden=1; nouse=0; global=1; static=1; extern=0; dir=0; type=1; mode=0xba47b06b40; pingpong=0; private_global=1; linkage=7; visibility=0; MemPort=[1]; IO mode=ap_memory:ce=0
Port [ dct_coeff_table_3]:  wired=0; compound=1; hidden=1; nouse=0; global=1; static=1; extern=0; dir=0; type=1; mode=0xba47b059d0; pingpong=0; private_global=1; linkage=7; visibility=0; MemPort=[1]; IO mode=ap_memory:ce=0
Port [ dct_coeff_table_4]:  wired=0; compound=1; hidden=1; nouse=0; global=1; static=1; extern=0; dir=0; type=1; mode=0xba47b06000; pingpong=0; private_global=1; linkage=7; visibility=0; MemPort=[1]; IO mode=ap_memory:ce=0
Port [ dct_coeff_table_5]:  wired=0; compound=1; hidden=1; nouse=0; global=1; static=1; extern=0; dir=0; type=1; mode=0xba47b06cf0; pingpong=0; private_global=1; linkage=7; visibility=0; MemPort=[1]; IO mode=ap_memory:ce=0
Port [ dct_coeff_table_6]:  wired=0; compound=1; hidden=1; nouse=0; global=1; static=1; extern=0; dir=0; type=1; mode=0xba47b07050; pingpong=0; private_global=1; linkage=7; visibility=0; MemPort=[1]; IO mode=ap_memory:ce=0
Port [ dct_coeff_table_7]:  wired=0; compound=1; hidden=1; nouse=0; global=1; static=1; extern=0; dir=0; type=1; mode=0xba47f2fa00; pingpong=0; private_global=1; linkage=7; visibility=0; MemPort=[1]; IO mode=ap_memory:ce=0
---------------- STG Properties END ------------------

---------------- Datapath Model BEGIN ----------------

<LifeTime>
<method=bitvector/>
tmp_11_read            (read             ) [ 00000000]
tmp_1_read             (read             ) [ 00000000]
tmp_1_cast             (zext             ) [ 00000000]
src_addr               (getelementptr    ) [ 00111110]
src1_addr              (getelementptr    ) [ 00111110]
src2_addr              (getelementptr    ) [ 00111110]
src3_addr              (getelementptr    ) [ 00111110]
src4_addr              (getelementptr    ) [ 00111110]
src5_addr              (getelementptr    ) [ 00111110]
src6_addr              (getelementptr    ) [ 00111110]
src7_addr              (getelementptr    ) [ 00111110]
tmp_5                  (bitconcatenate   ) [ 00000000]
p_addr_cast            (zext             ) [ 00111110]
stg_21                 (br               ) [ 01111110]
k                      (phi              ) [ 00100000]
exitcond1              (icmp             ) [ 00111110]
k_1                    (add              ) [ 01111110]
stg_25                 (br               ) [ 00000000]
tmp                    (zext             ) [ 00000000]
dct_coeff_table_0_addr (getelementptr    ) [ 00110000]
dct_coeff_table_1_addr (getelementptr    ) [ 00110000]
dct_coeff_table_2_addr (getelementptr    ) [ 00110000]
dct_coeff_table_3_addr (getelementptr    ) [ 00110000]
dct_coeff_table_4_addr (getelementptr    ) [ 00110000]
dct_coeff_table_5_addr (getelementptr    ) [ 00110000]
dct_coeff_table_6_addr (getelementptr    ) [ 00110000]
dct_coeff_table_7_addr (getelementptr    ) [ 00110000]
tmp_trn_cast           (zext             ) [ 00000000]
p_addr1                (add              ) [ 00111110]
dct_coeff_table_0_load (load             ) [ 00101100]
dct_coeff_table_1_load (load             ) [ 00101000]
src1_load              (load             ) [ 00101000]
dct_coeff_table_2_load (load             ) [ 00101100]
dct_coeff_table_3_load (load             ) [ 00101000]
src3_load              (load             ) [ 00101000]
dct_coeff_table_4_load (load             ) [ 00101100]
dct_coeff_table_5_load (load             ) [ 00101000]
src5_load              (load             ) [ 00101000]
dct_coeff_table_6_load (load             ) [ 00101000]
src6_load              (load             ) [ 00101000]
dct_coeff_table_7_load (load             ) [ 00101000]
src7_load              (load             ) [ 00101000]
src_load               (load             ) [ 00100100]
coeff_1_cast           (sext             ) [ 00000000]
tmp_7_1_cast           (sext             ) [ 00000000]
tmp_8_1                (mul              ) [ 00100100]
src2_load              (load             ) [ 00100100]
coeff_3_cast           (sext             ) [ 00000000]
tmp_7_3_cast           (sext             ) [ 00000000]
tmp_8_3                (mul              ) [ 00100100]
src4_load              (load             ) [ 00100100]
coeff_5_cast           (sext             ) [ 00000000]
tmp_7_5_cast           (sext             ) [ 00000000]
tmp_8_5                (mul              ) [ 00100100]
coeff_6_cast           (sext             ) [ 00000000]
tmp_7_6_cast           (sext             ) [ 00000000]
tmp_8_6                (mul              ) [ 00000000]
coeff_7_cast           (sext             ) [ 00000000]
tmp_7_7_cast           (sext             ) [ 00000000]
tmp_8_7                (mul              ) [ 00000000]
tmp7                   (add              ) [ 00000000]
tmp6                   (add              ) [ 00100100]
coeff_cast             (zext             ) [ 00000000]
tmp_7_cast             (sext             ) [ 00000000]
tmp_8                  (mul              ) [ 00000000]
coeff_2_cast           (sext             ) [ 00000000]
tmp_7_2_cast           (sext             ) [ 00000000]
tmp_8_2                (mul              ) [ 00000000]
coeff_4_cast           (sext             ) [ 00000000]
tmp_7_4_cast           (sext             ) [ 00000000]
tmp_8_4                (mul              ) [ 00000000]
tmp2                   (add              ) [ 00000000]
tmp3                   (add              ) [ 00000000]
tmp1                   (add              ) [ 00000000]
tmp5                   (add              ) [ 00000000]
tmp4                   (add              ) [ 00000000]
tmp_2                  (add              ) [ 00000000]
tmp_4                  (partselect       ) [ 00100010]
empty                  (speclooptripcount) [ 00000000]
stg_103                (specloopname     ) [ 00000000]
tmp_s                  (specregionbegin  ) [ 00000000]
stg_105                (specpipeline     ) [ 00000000]
tmp_6                  (zext             ) [ 00000000]
dst_addr               (getelementptr    ) [ 00000000]
stg_108                (store            ) [ 00000000]
empty_12               (specregionend    ) [ 00000000]
stg_110                (br               ) [ 01111110]
stg_111                (ret              ) [ 00000000]
</LifeTime>

<model>

<comp_list>
<comp id="0" class="1000" name="src">
<pin_list>
<pin id="1" dir="1" index="0" bw="1" slack="0"/>
</pin_list>
<bind>
<StgValue><ssdm name="src"/><MemPortTyVec>1 3 </MemPortTyVec>
</StgValue>
</bind>
</comp>

<comp id="2" class="1000" name="src1">
<pin_list>
<pin id="3" dir="1" index="0" bw="1" slack="0"/>
</pin_list>
<bind>
<StgValue><ssdm name="src1"/><MemPortTyVec>1 3 </MemPortTyVec>
</StgValue>
</bind>
</comp>

<comp id="4" class="1000" name="src2">
<pin_list>
<pin id="5" dir="1" index="0" bw="1" slack="0"/>
</pin_list>
<bind>
<StgValue><ssdm name="src2"/><MemPortTyVec>1 3 </MemPortTyVec>
</StgValue>
</bind>
</comp>

<comp id="6" class="1000" name="src3">
<pin_list>
<pin id="7" dir="1" index="0" bw="1" slack="0"/>
</pin_list>
<bind>
<StgValue><ssdm name="src3"/><MemPortTyVec>1 3 </MemPortTyVec>
</StgValue>
</bind>
</comp>

<comp id="8" class="1000" name="src4">
<pin_list>
<pin id="9" dir="1" index="0" bw="1" slack="0"/>
</pin_list>
<bind>
<StgValue><ssdm name="src4"/><MemPortTyVec>1 3 </MemPortTyVec>
</StgValue>
</bind>
</comp>

<comp id="10" class="1000" name="src5">
<pin_list>
<pin id="11" dir="1" index="0" bw="1" slack="0"/>
</pin_list>
<bind>
<StgValue><ssdm name="src5"/><MemPortTyVec>1 3 </MemPortTyVec>
</StgValue>
</bind>
</comp>

<comp id="12" class="1000" name="src6">
<pin_list>
<pin id="13" dir="1" index="0" bw="1" slack="0"/>
</pin_list>
<bind>
<StgValue><ssdm name="src6"/><MemPortTyVec>1 3 </MemPortTyVec>
</StgValue>
</bind>
</comp>

<comp id="14" class="1000" name="src7">
<pin_list>
<pin id="15" dir="1" index="0" bw="1" slack="0"/>
</pin_list>
<bind>
<StgValue><ssdm name="src7"/><MemPortTyVec>1 3 </MemPortTyVec>
</StgValue>
</bind>
</comp>

<comp id="16" class="1000" name="tmp_1">
<pin_list>
<pin id="17" dir="1" index="0" bw="1" slack="0"/>
</pin_list>
<bind>
<StgValue><ssdm name="tmp_1"/></StgValue>
</bind>
</comp>

<comp id="18" class="1000" name="dst">
<pin_list>
<pin id="19" dir="1" index="0" bw="1" slack="0"/>
</pin_list>
<bind>
<StgValue><ssdm name="dst"/><MemPortTyVec>0 3 </MemPortTyVec>
</StgValue>
</bind>
</comp>

<comp id="20" class="1000" name="tmp_11">
<pin_list>
<pin id="21" dir="1" index="0" bw="1" slack="0"/>
</pin_list>
<bind>
<StgValue><ssdm name="tmp_11"/></StgValue>
</bind>
</comp>

<comp id="22" class="1000" name="dct_coeff_table_0">
<pin_list>
<pin id="23" dir="1" index="0" bw="1" slack="0"/>
</pin_list>
<bind>
<StgValue><ssdm name="dct_coeff_table_0"/><MemPortTyVec>1 </MemPortTyVec>
</StgValue>
</bind>
</comp>

<comp id="24" class="1000" name="dct_coeff_table_1">
<pin_list>
<pin id="25" dir="1" index="0" bw="1" slack="0"/>
</pin_list>
<bind>
<StgValue><ssdm name="dct_coeff_table_1"/><MemPortTyVec>1 </MemPortTyVec>
</StgValue>
</bind>
</comp>

<comp id="26" class="1000" name="dct_coeff_table_2">
<pin_list>
<pin id="27" dir="1" index="0" bw="1" slack="0"/>
</pin_list>
<bind>
<StgValue><ssdm name="dct_coeff_table_2"/><MemPortTyVec>1 </MemPortTyVec>
</StgValue>
</bind>
</comp>

<comp id="28" class="1000" name="dct_coeff_table_3">
<pin_list>
<pin id="29" dir="1" index="0" bw="1" slack="0"/>
</pin_list>
<bind>
<StgValue><ssdm name="dct_coeff_table_3"/><MemPortTyVec>1 </MemPortTyVec>
</StgValue>
</bind>
</comp>

<comp id="30" class="1000" name="dct_coeff_table_4">
<pin_list>
<pin id="31" dir="1" index="0" bw="1" slack="0"/>
</pin_list>
<bind>
<StgValue><ssdm name="dct_coeff_table_4"/><MemPortTyVec>1 </MemPortTyVec>
</StgValue>
</bind>
</comp>

<comp id="32" class="1000" name="dct_coeff_table_5">
<pin_list>
<pin id="33" dir="1" index="0" bw="1" slack="0"/>
</pin_list>
<bind>
<StgValue><ssdm name="dct_coeff_table_5"/><MemPortTyVec>1 </MemPortTyVec>
</StgValue>
</bind>
</comp>

<comp id="34" class="1000" name="dct_coeff_table_6">
<pin_list>
<pin id="35" dir="1" index="0" bw="1" slack="0"/>
</pin_list>
<bind>
<StgValue><ssdm name="dct_coeff_table_6"/><MemPortTyVec>1 </MemPortTyVec>
</StgValue>
</bind>
</comp>

<comp id="36" class="1000" name="dct_coeff_table_7">
<pin_list>
<pin id="37" dir="1" index="0" bw="1" slack="0"/>
</pin_list>
<bind>
<StgValue><ssdm name="dct_coeff_table_7"/><MemPortTyVec>1 </MemPortTyVec>
</StgValue>
</bind>
</comp>

<comp id="38" class="1001" name="const_38">
<pin_list>
<pin id="39" dir="1" index="0" bw="1" slack="0"/>
</pin_list>
<bind>
<StgValue><ssdm name="_ssdm_op_Read.ap_auto.i4"/></StgValue>
</bind>
</comp>

<comp id="40" class="1001" name="const_40">
<pin_list>
<pin id="41" dir="1" index="0" bw="1" slack="0"/>
</pin_list>
<bind>
<StgValue><ssdm name=""/></StgValue>
</bind>
</comp>

<comp id="42" class="1001" name="const_42">
<pin_list>
<pin id="43" dir="1" index="0" bw="1" slack="0"/>
</pin_list>
<bind>
<StgValue><ssdm name="_ssdm_op_BitConcatenate.i7.i4.i3"/></StgValue>
</bind>
</comp>

<comp id="44" class="1001" name="const_44">
<pin_list>
<pin id="45" dir="1" index="0" bw="1" slack="0"/>
</pin_list>
<bind>
<StgValue><ssdm name=""/></StgValue>
</bind>
</comp>

<comp id="46" class="1001" name="const_46">
<pin_list>
<pin id="47" dir="1" index="0" bw="1" slack="1"/>
</pin_list>
<bind>
<StgValue><ssdm name=""/></StgValue>
</bind>
</comp>

<comp id="48" class="1001" name="const_48">
<pin_list>
<pin id="49" dir="1" index="0" bw="1" slack="0"/>
</pin_list>
<bind>
<StgValue><ssdm name=""/></StgValue>
</bind>
</comp>

<comp id="50" class="1001" name="const_50">
<pin_list>
<pin id="51" dir="1" index="0" bw="1" slack="0"/>
</pin_list>
<bind>
<StgValue><ssdm name=""/></StgValue>
</bind>
</comp>

<comp id="52" class="1001" name="const_52">
<pin_list>
<pin id="53" dir="1" index="0" bw="1" slack="0"/>
</pin_list>
<bind>
<StgValue><ssdm name=""/></StgValue>
</bind>
</comp>

<comp id="54" class="1001" name="const_54">
<pin_list>
<pin id="55" dir="1" index="0" bw="1" slack="0"/>
</pin_list>
<bind>
<StgValue><ssdm name="_ssdm_op_PartSelect.i16.i29.i32.i32"/></StgValue>
</bind>
</comp>

<comp id="56" class="1001" name="const_56">
<pin_list>
<pin id="57" dir="1" index="0" bw="1" slack="0"/>
</pin_list>
<bind>
<StgValue><ssdm name=""/></StgValue>
</bind>
</comp>

<comp id="58" class="1001" name="const_58">
<pin_list>
<pin id="59" dir="1" index="0" bw="1" slack="0"/>
</pin_list>
<bind>
<StgValue><ssdm name=""/></StgValue>
</bind>
</comp>

<comp id="60" class="1001" name="const_60">
<pin_list>
<pin id="61" dir="1" index="0" bw="1" slack="2147483647"/>
</pin_list>
<bind>
<StgValue><ssdm name="_ssdm_op_SpecLoopTripCount"/></StgValue>
</bind>
</comp>

<comp id="62" class="1001" name="const_62">
<pin_list>
<pin id="63" dir="1" index="0" bw="1" slack="2147483647"/>
</pin_list>
<bind>
<StgValue><ssdm name=""/></StgValue>
</bind>
</comp>

<comp id="64" class="1001" name="const_64">
<pin_list>
<pin id="65" dir="1" index="0" bw="1" slack="2147483647"/>
</pin_list>
<bind>
<StgValue><ssdm name="_ssdm_op_SpecLoopName"/></StgValue>
</bind>
</comp>

<comp id="66" class="1001" name="const_66">
<pin_list>
<pin id="67" dir="1" index="0" bw="1" slack="2147483647"/>
</pin_list>
<bind>
<StgValue><ssdm name="p_str"/></StgValue>
</bind>
</comp>

<comp id="68" class="1001" name="const_68">
<pin_list>
<pin id="69" dir="1" index="0" bw="1" slack="2147483647"/>
</pin_list>
<bind>
<StgValue><ssdm name="_ssdm_op_SpecRegionBegin"/></StgValue>
</bind>
</comp>

<comp id="70" class="1001" name="const_70">
<pin_list>
<pin id="71" dir="1" index="0" bw="1" slack="2147483647"/>
</pin_list>
<bind>
<StgValue><ssdm name="_ssdm_op_SpecPipeline"/></StgValue>
</bind>
</comp>

<comp id="72" class="1001" name="const_72">
<pin_list>
<pin id="73" dir="1" index="0" bw="1" slack="2147483647"/>
</pin_list>
<bind>
<StgValue><ssdm name=""/></StgValue>
</bind>
</comp>

<comp id="74" class="1001" name="const_74">
<pin_list>
<pin id="75" dir="1" index="0" bw="1" slack="2147483647"/>
</pin_list>
<bind>
<StgValue><ssdm name=""/></StgValue>
</bind>
</comp>

<comp id="76" class="1001" name="const_76">
<pin_list>
<pin id="77" dir="1" index="0" bw="1" slack="2147483647"/>
</pin_list>
<bind>
<StgValue><ssdm name="p_str1"/></StgValue>
</bind>
</comp>

<comp id="78" class="1001" name="const_78">
<pin_list>
<pin id="79" dir="1" index="0" bw="1" slack="2147483647"/>
</pin_list>
<bind>
<StgValue><ssdm name="_ssdm_op_SpecRegionEnd"/></StgValue>
</bind>
</comp>

<comp id="80" class="1004" name="tmp_11_read_read_fu_80">
<pin_list>
<pin id="81" dir="0" index="0" bw="4" slack="0"/>
<pin id="82" dir="0" index="1" bw="4" slack="0"/>
<pin id="83" dir="1" index="2" bw="4" slack="0"/>
</pin_list>
<bind>
<opcode="read(1150) " fcode="read"/>
<opset="tmp_11_read/1 "/>
</bind>
</comp>

<comp id="86" class="1004" name="tmp_1_read_read_fu_86">
<pin_list>
<pin id="87" dir="0" index="0" bw="4" slack="0"/>
<pin id="88" dir="0" index="1" bw="4" slack="0"/>
<pin id="89" dir="1" index="2" bw="4" slack="0"/>
</pin_list>
<bind>
<opcode="read(1150) " fcode="read"/>
<opset="tmp_1_read/1 "/>
</bind>
</comp>

<comp id="92" class="1004" name="src_addr_gep_fu_92">
<pin_list>
<pin id="93" dir="0" index="0" bw="16" slack="0"/>
<pin id="94" dir="0" index="1" bw="1" slack="0"/>
<pin id="95" dir="0" index="2" bw="4" slack="0"/>
<pin id="96" dir="1" index="3" bw="3" slack="2"/>
</pin_list>
<bind>
<opcode="getelementptr(29) " fcode="getelementptr"/>
<opset="src_addr/1 "/>
</bind>
</comp>

<comp id="99" class="1004" name="src1_addr_gep_fu_99">
<pin_list>
<pin id="100" dir="0" index="0" bw="16" slack="0"/>
<pin id="101" dir="0" index="1" bw="1" slack="0"/>
<pin id="102" dir="0" index="2" bw="4" slack="0"/>
<pin id="103" dir="1" index="3" bw="3" slack="1"/>
</pin_list>
<bind>
<opcode="getelementptr(29) " fcode="getelementptr"/>
<opset="src1_addr/1 "/>
</bind>
</comp>

<comp id="106" class="1004" name="src2_addr_gep_fu_106">
<pin_list>
<pin id="107" dir="0" index="0" bw="16" slack="0"/>
<pin id="108" dir="0" index="1" bw="1" slack="0"/>
<pin id="109" dir="0" index="2" bw="4" slack="0"/>
<pin id="110" dir="1" index="3" bw="3" slack="2"/>
</pin_list>
<bind>
<opcode="getelementptr(29) " fcode="getelementptr"/>
<opset="src2_addr/1 "/>
</bind>
</comp>

<comp id="113" class="1004" name="src3_addr_gep_fu_113">
<pin_list>
<pin id="114" dir="0" index="0" bw="16" slack="0"/>
<pin id="115" dir="0" index="1" bw="1" slack="0"/>
<pin id="116" dir="0" index="2" bw="4" slack="0"/>
<pin id="117" dir="1" index="3" bw="3" slack="1"/>
</pin_list>
<bind>
<opcode="getelementptr(29) " fcode="getelementptr"/>
<opset="src3_addr/1 "/>
</bind>
</comp>

<comp id="120" class="1004" name="src4_addr_gep_fu_120">
<pin_list>
<pin id="121" dir="0" index="0" bw="16" slack="0"/>
<pin id="122" dir="0" index="1" bw="1" slack="0"/>
<pin id="123" dir="0" index="2" bw="4" slack="0"/>
<pin id="124" dir="1" index="3" bw="3" slack="2"/>
</pin_list>
<bind>
<opcode="getelementptr(29) " fcode="getelementptr"/>
<opset="src4_addr/1 "/>
</bind>
</comp>

<comp id="127" class="1004" name="src5_addr_gep_fu_127">
<pin_list>
<pin id="128" dir="0" index="0" bw="16" slack="0"/>
<pin id="129" dir="0" index="1" bw="1" slack="0"/>
<pin id="130" dir="0" index="2" bw="4" slack="0"/>
<pin id="131" dir="1" index="3" bw="3" slack="1"/>
</pin_list>
<bind>
<opcode="getelementptr(29) " fcode="getelementptr"/>
<opset="src5_addr/1 "/>
</bind>
</comp>

<comp id="134" class="1004" name="src6_addr_gep_fu_134">
<pin_list>
<pin id="135" dir="0" index="0" bw="16" slack="0"/>
<pin id="136" dir="0" index="1" bw="1" slack="0"/>
<pin id="137" dir="0" index="2" bw="4" slack="0"/>
<pin id="138" dir="1" index="3" bw="3" slack="1"/>
</pin_list>
<bind>
<opcode="getelementptr(29) " fcode="getelementptr"/>
<opset="src6_addr/1 "/>
</bind>
</comp>

<comp id="141" class="1004" name="src7_addr_gep_fu_141">
<pin_list>
<pin id="142" dir="0" index="0" bw="16" slack="0"/>
<pin id="143" dir="0" index="1" bw="1" slack="0"/>
<pin id="144" dir="0" index="2" bw="4" slack="0"/>
<pin id="145" dir="1" index="3" bw="3" slack="1"/>
</pin_list>
<bind>
<opcode="getelementptr(29) " fcode="getelementptr"/>
<opset="src7_addr/1 "/>
</bind>
</comp>

<comp id="148" class="1004" name="dct_coeff_table_0_addr_gep_fu_148">
<pin_list>
<pin id="149" dir="0" index="0" bw="14" slack="0"/>
<pin id="150" dir="0" index="1" bw="1" slack="0"/>
<pin id="151" dir="0" index="2" bw="4" slack="0"/>
<pin id="152" dir="1" index="3" bw="3" slack="0"/>
</pin_list>
<bind>
<opcode="getelementptr(29) " fcode="getelementptr"/>
<opset="dct_coeff_table_0_addr/2 "/>
</bind>
</comp>

<comp id="155" class="1004" name="grp_access_fu_155">
<pin_list>
<pin id="156" dir="0" index="0" bw="3" slack="0"/>
<pin id="157" dir="0" index="1" bw="14" slack="2147483647"/>
<pin id="158" dir="1" index="2" bw="14" slack="2"/>
</pin_list>
<bind>
<opcode="load(27) " fcode="load"/>
<opset="dct_coeff_table_0_load/2 "/>
</bind>
</comp>

<comp id="160" class="1004" name="dct_coeff_table_1_addr_gep_fu_160">
<pin_list>
<pin id="161" dir="0" index="0" bw="15" slack="0"/>
<pin id="162" dir="0" index="1" bw="1" slack="0"/>
<pin id="163" dir="0" index="2" bw="4" slack="0"/>
<pin id="164" dir="1" index="3" bw="3" slack="0"/>
</pin_list>
<bind>
<opcode="getelementptr(29) " fcode="getelementptr"/>
<opset="dct_coeff_table_1_addr/2 "/>
</bind>
</comp>

<comp id="167" class="1004" name="grp_access_fu_167">
<pin_list>
<pin id="168" dir="0" index="0" bw="3" slack="0"/>
<pin id="169" dir="0" index="1" bw="15" slack="2147483647"/>
<pin id="170" dir="1" index="2" bw="15" slack="1"/>
</pin_list>
<bind>
<opcode="load(27) " fcode="load"/>
<opset="dct_coeff_table_1_load/2 "/>
</bind>
</comp>

<comp id="172" class="1004" name="grp_access_fu_172">
<pin_list>
<pin id="173" dir="0" index="0" bw="3" slack="1"/>
<pin id="174" dir="0" index="1" bw="16" slack="2147483647"/>
<pin id="175" dir="1" index="2" bw="16" slack="1"/>
</pin_list>
<bind>
<opcode="load(27) " fcode="load"/>
<opset="src1_load/2 "/>
</bind>
</comp>

<comp id="176" class="1004" name="dct_coeff_table_2_addr_gep_fu_176">
<pin_list>
<pin id="177" dir="0" index="0" bw="15" slack="0"/>
<pin id="178" dir="0" index="1" bw="1" slack="0"/>
<pin id="179" dir="0" index="2" bw="4" slack="0"/>
<pin id="180" dir="1" index="3" bw="3" slack="0"/>
</pin_list>
<bind>
<opcode="getelementptr(29) " fcode="getelementptr"/>
<opset="dct_coeff_table_2_addr/2 "/>
</bind>
</comp>

<comp id="183" class="1004" name="grp_access_fu_183">
<pin_list>
<pin id="184" dir="0" index="0" bw="3" slack="0"/>
<pin id="185" dir="0" index="1" bw="15" slack="2147483647"/>
<pin id="186" dir="1" index="2" bw="15" slack="2"/>
</pin_list>
<bind>
<opcode="load(27) " fcode="load"/>
<opset="dct_coeff_table_2_load/2 "/>
</bind>
</comp>

<comp id="188" class="1004" name="dct_coeff_table_3_addr_gep_fu_188">
<pin_list>
<pin id="189" dir="0" index="0" bw="15" slack="0"/>
<pin id="190" dir="0" index="1" bw="1" slack="0"/>
<pin id="191" dir="0" index="2" bw="4" slack="0"/>
<pin id="192" dir="1" index="3" bw="3" slack="0"/>
</pin_list>
<bind>
<opcode="getelementptr(29) " fcode="getelementptr"/>
<opset="dct_coeff_table_3_addr/2 "/>
</bind>
</comp>

<comp id="195" class="1004" name="grp_access_fu_195">
<pin_list>
<pin id="196" dir="0" index="0" bw="3" slack="0"/>
<pin id="197" dir="0" index="1" bw="15" slack="2147483647"/>
<pin id="198" dir="1" index="2" bw="15" slack="1"/>
</pin_list>
<bind>
<opcode="load(27) " fcode="load"/>
<opset="dct_coeff_table_3_load/2 "/>
</bind>
</comp>

<comp id="200" class="1004" name="grp_access_fu_200">
<pin_list>
<pin id="201" dir="0" index="0" bw="3" slack="1"/>
<pin id="202" dir="0" index="1" bw="16" slack="2147483647"/>
<pin id="203" dir="1" index="2" bw="16" slack="1"/>
</pin_list>
<bind>
<opcode="load(27) " fcode="load"/>
<opset="src3_load/2 "/>
</bind>
</comp>

<comp id="204" class="1004" name="dct_coeff_table_4_addr_gep_fu_204">
<pin_list>
<pin id="205" dir="0" index="0" bw="15" slack="0"/>
<pin id="206" dir="0" index="1" bw="1" slack="0"/>
<pin id="207" dir="0" index="2" bw="4" slack="0"/>
<pin id="208" dir="1" index="3" bw="3" slack="0"/>
</pin_list>
<bind>
<opcode="getelementptr(29) " fcode="getelementptr"/>
<opset="dct_coeff_table_4_addr/2 "/>
</bind>
</comp>

<comp id="211" class="1004" name="grp_access_fu_211">
<pin_list>
<pin id="212" dir="0" index="0" bw="3" slack="0"/>
<pin id="213" dir="0" index="1" bw="15" slack="2147483647"/>
<pin id="214" dir="1" index="2" bw="15" slack="2"/>
</pin_list>
<bind>
<opcode="load(27) " fcode="load"/>
<opset="dct_coeff_table_4_load/2 "/>
</bind>
</comp>

<comp id="216" class="1004" name="dct_coeff_table_5_addr_gep_fu_216">
<pin_list>
<pin id="217" dir="0" index="0" bw="15" slack="0"/>
<pin id="218" dir="0" index="1" bw="1" slack="0"/>
<pin id="219" dir="0" index="2" bw="4" slack="0"/>
<pin id="220" dir="1" index="3" bw="3" slack="0"/>
</pin_list>
<bind>
<opcode="getelementptr(29) " fcode="getelementptr"/>
<opset="dct_coeff_table_5_addr/2 "/>
</bind>
</comp>

<comp id="223" class="1004" name="grp_access_fu_223">
<pin_list>
<pin id="224" dir="0" index="0" bw="3" slack="0"/>
<pin id="225" dir="0" index="1" bw="15" slack="2147483647"/>
<pin id="226" dir="1" index="2" bw="15" slack="1"/>
</pin_list>
<bind>
<opcode="load(27) " fcode="load"/>
<opset="dct_coeff_table_5_load/2 "/>
</bind>
</comp>

<comp id="228" class="1004" name="grp_access_fu_228">
<pin_list>
<pin id="229" dir="0" index="0" bw="3" slack="1"/>
<pin id="230" dir="0" index="1" bw="16" slack="2147483647"/>
<pin id="231" dir="1" index="2" bw="16" slack="1"/>
</pin_list>
<bind>
<opcode="load(27) " fcode="load"/>
<opset="src5_load/2 "/>
</bind>
</comp>

<comp id="232" class="1004" name="dct_coeff_table_6_addr_gep_fu_232">
<pin_list>
<pin id="233" dir="0" index="0" bw="15" slack="0"/>
<pin id="234" dir="0" index="1" bw="1" slack="0"/>
<pin id="235" dir="0" index="2" bw="4" slack="0"/>
<pin id="236" dir="1" index="3" bw="3" slack="0"/>
</pin_list>
<bind>
<opcode="getelementptr(29) " fcode="getelementptr"/>
<opset="dct_coeff_table_6_addr/2 "/>
</bind>
</comp>

<comp id="239" class="1004" name="grp_access_fu_239">
<pin_list>
<pin id="240" dir="0" index="0" bw="3" slack="0"/>
<pin id="241" dir="0" index="1" bw="15" slack="2147483647"/>
<pin id="242" dir="1" index="2" bw="15" slack="1"/>
</pin_list>
<bind>
<opcode="load(27) " fcode="load"/>
<opset="dct_coeff_table_6_load/2 "/>
</bind>
</comp>

<comp id="244" class="1004" name="grp_access_fu_244">
<pin_list>
<pin id="245" dir="0" index="0" bw="3" slack="1"/>
<pin id="246" dir="0" index="1" bw="16" slack="2147483647"/>
<pin id="247" dir="1" index="2" bw="16" slack="1"/>
</pin_list>
<bind>
<opcode="load(27) " fcode="load"/>
<opset="src6_load/2 "/>
</bind>
</comp>

<comp id="248" class="1004" name="dct_coeff_table_7_addr_gep_fu_248">
<pin_list>
<pin id="249" dir="0" index="0" bw="15" slack="0"/>
<pin id="250" dir="0" index="1" bw="1" slack="0"/>
<pin id="251" dir="0" index="2" bw="4" slack="0"/>
<pin id="252" dir="1" index="3" bw="3" slack="0"/>
</pin_list>
<bind>
<opcode="getelementptr(29) " fcode="getelementptr"/>
<opset="dct_coeff_table_7_addr/2 "/>
</bind>
</comp>

<comp id="255" class="1004" name="grp_access_fu_255">
<pin_list>
<pin id="256" dir="0" index="0" bw="3" slack="0"/>
<pin id="257" dir="0" index="1" bw="15" slack="2147483647"/>
<pin id="258" dir="1" index="2" bw="15" slack="1"/>
</pin_list>
<bind>
<opcode="load(27) " fcode="load"/>
<opset="dct_coeff_table_7_load/2 "/>
</bind>
</comp>

<comp id="260" class="1004" name="grp_access_fu_260">
<pin_list>
<pin id="261" dir="0" index="0" bw="3" slack="1"/>
<pin id="262" dir="0" index="1" bw="16" slack="2147483647"/>
<pin id="263" dir="1" index="2" bw="16" slack="1"/>
</pin_list>
<bind>
<opcode="load(27) " fcode="load"/>
<opset="src7_load/2 "/>
</bind>
</comp>

<comp id="264" class="1004" name="grp_access_fu_264">
<pin_list>
<pin id="265" dir="0" index="0" bw="3" slack="2"/>
<pin id="266" dir="0" index="1" bw="16" slack="2147483647"/>
<pin id="267" dir="1" index="2" bw="16" slack="1"/>
</pin_list>
<bind>
<opcode="load(27) " fcode="load"/>
<opset="src_load/3 "/>
</bind>
</comp>

<comp id="268" class="1004" name="grp_access_fu_268">
<pin_list>
<pin id="269" dir="0" index="0" bw="3" slack="2"/>
<pin id="270" dir="0" index="1" bw="16" slack="2147483647"/>
<pin id="271" dir="1" index="2" bw="16" slack="1"/>
</pin_list>
<bind>
<opcode="load(27) " fcode="load"/>
<opset="src2_load/3 "/>
</bind>
</comp>

<comp id="272" class="1004" name="grp_access_fu_272">
<pin_list>
<pin id="273" dir="0" index="0" bw="3" slack="2"/>
<pin id="274" dir="0" index="1" bw="16" slack="2147483647"/>
<pin id="275" dir="1" index="2" bw="16" slack="1"/>
</pin_list>
<bind>
<opcode="load(27) " fcode="load"/>
<opset="src4_load/3 "/>
</bind>
</comp>

<comp id="276" class="1004" name="dst_addr_gep_fu_276">
<pin_list>
<pin id="277" dir="0" index="0" bw="16" slack="0"/>
<pin id="278" dir="0" index="1" bw="1" slack="0"/>
<pin id="279" dir="0" index="2" bw="8" slack="0"/>
<pin id="280" dir="1" index="3" bw="6" slack="0"/>
</pin_list>
<bind>
<opcode="getelementptr(29) " fcode="getelementptr"/>
<opset="dst_addr/6 "/>
</bind>
</comp>

<comp id="283" class="1004" name="stg_108_access_fu_283">
<pin_list>
<pin id="284" dir="0" index="0" bw="6" slack="0"/>
<pin id="285" dir="0" index="1" bw="16" slack="1"/>
<pin id="286" dir="1" index="2" bw="16" slack="2147483647"/>
</pin_list>
<bind>
<opcode="store(28) " fcode="store"/>
<opset="stg_108/6 "/>
</bind>
</comp>

<comp id="288" class="1005" name="k_reg_288">
<pin_list>
<pin id="289" dir="0" index="0" bw="4" slack="1"/>
<pin id="290" dir="1" index="1" bw="4" slack="1"/>
</pin_list>
<bind>
<opset="k (phireg) "/>
</bind>
</comp>

<comp id="292" class="1004" name="k_phi_fu_292">
<pin_list>
<pin id="293" dir="0" index="0" bw="1" slack="1"/>
<pin id="294" dir="0" index="1" bw="0" slack="2147483647"/>
<pin id="295" dir="0" index="2" bw="4" slack="0"/>
<pin id="296" dir="0" index="3" bw="0" slack="2147483647"/>
<pin id="297" dir="1" index="4" bw="4" slack="0"/>
</pin_list>
<bind>
<opcode="phi(47) " fcode="phi"/>
<opset="k/2 "/>
</bind>
</comp>

<comp id="299" class="1004" name="tmp_1_cast_fu_299">
<pin_list>
<pin id="300" dir="0" index="0" bw="4" slack="0"/>
<pin id="301" dir="1" index="1" bw="64" slack="0"/>
</pin_list>
<bind>
<opcode="zext(34) " fcode="zext"/>
<opset="tmp_1_cast/1 "/>
</bind>
</comp>

<comp id="311" class="1004" name="tmp_5_fu_311">
<pin_list>
<pin id="312" dir="0" index="0" bw="7" slack="0"/>
<pin id="313" dir="0" index="1" bw="4" slack="0"/>
<pin id="314" dir="0" index="2" bw="1" slack="0"/>
<pin id="315" dir="1" index="3" bw="7" slack="0"/>
</pin_list>
<bind>
<opcode="bitconcatenate(1004) " fcode="bitconcatenate"/>
<opset="tmp_5/1 "/>
</bind>
</comp>

<comp id="319" class="1004" name="p_addr_cast_fu_319">
<pin_list>
<pin id="320" dir="0" index="0" bw="7" slack="0"/>
<pin id="321" dir="1" index="1" bw="8" slack="1"/>
</pin_list>
<bind>
<opcode="zext(34) " fcode="zext"/>
<opset="p_addr_cast/1 "/>
</bind>
</comp>

<comp id="323" class="1004" name="exitcond1_fu_323">
<pin_list>
<pin id="324" dir="0" index="0" bw="4" slack="0"/>
<pin id="325" dir="0" index="1" bw="4" slack="0"/>
<pin id="326" dir="1" index="2" bw="1" slack="1"/>
</pin_list>
<bind>
<opcode="icmp(45) " fcode="icmp"/>
<opset="exitcond1/2 "/>
</bind>
</comp>

<comp id="329" class="1004" name="k_1_fu_329">
<pin_list>
<pin id="330" dir="0" index="0" bw="4" slack="0"/>
<pin id="331" dir="0" index="1" bw="1" slack="0"/>
<pin id="332" dir="1" index="2" bw="4" slack="0"/>
</pin_list>
<bind>
<opcode="add(8) " fcode="add"/>
<opset="k_1/2 "/>
</bind>
</comp>

<comp id="335" class="1004" name="tmp_fu_335">
<pin_list>
<pin id="336" dir="0" index="0" bw="4" slack="0"/>
<pin id="337" dir="1" index="1" bw="64" slack="0"/>
</pin_list>
<bind>
<opcode="zext(34) " fcode="zext"/>
<opset="tmp/2 "/>
</bind>
</comp>

<comp id="347" class="1004" name="tmp_trn_cast_fu_347">
<pin_list>
<pin id="348" dir="0" index="0" bw="4" slack="0"/>
<pin id="349" dir="1" index="1" bw="8" slack="0"/>
</pin_list>
<bind>
<opcode="zext(34) " fcode="zext"/>
<opset="tmp_trn_cast/2 "/>
</bind>
</comp>

<comp id="351" class="1004" name="p_addr1_fu_351">
<pin_list>
<pin id="352" dir="0" index="0" bw="7" slack="1"/>
<pin id="353" dir="0" index="1" bw="4" slack="0"/>
<pin id="354" dir="1" index="2" bw="8" slack="4"/>
</pin_list>
<bind>
<opcode="add(8) " fcode="add"/>
<opset="p_addr1/2 "/>
</bind>
</comp>

<comp id="356" class="1004" name="coeff_1_cast_fu_356">
<pin_list>
<pin id="357" dir="0" index="0" bw="15" slack="1"/>
<pin id="358" dir="1" index="1" bw="29" slack="0"/>
</pin_list>
<bind>
<opcode="sext(35) " fcode="sext"/>
<opset="coeff_1_cast/4 "/>
</bind>
</comp>

<comp id="359" class="1004" name="tmp_7_1_cast_fu_359">
<pin_list>
<pin id="360" dir="0" index="0" bw="16" slack="1"/>
<pin id="361" dir="1" index="1" bw="29" slack="0"/>
</pin_list>
<bind>
<opcode="sext(35) " fcode="sext"/>
<opset="tmp_7_1_cast/4 "/>
</bind>
</comp>

<comp id="362" class="1004" name="tmp_8_1_fu_362">
<pin_list>
<pin id="363" dir="0" index="0" bw="15" slack="0"/>
<pin id="364" dir="0" index="1" bw="16" slack="0"/>
<pin id="365" dir="1" index="2" bw="29" slack="1"/>
</pin_list>
<bind>
<opcode="mul(12) " fcode="mul"/>
<opset="tmp_8_1/4 "/>
</bind>
</comp>

<comp id="368" class="1004" name="coeff_3_cast_fu_368">
<pin_list>
<pin id="369" dir="0" index="0" bw="15" slack="1"/>
<pin id="370" dir="1" index="1" bw="29" slack="0"/>
</pin_list>
<bind>
<opcode="sext(35) " fcode="sext"/>
<opset="coeff_3_cast/4 "/>
</bind>
</comp>

<comp id="371" class="1004" name="tmp_7_3_cast_fu_371">
<pin_list>
<pin id="372" dir="0" index="0" bw="16" slack="1"/>
<pin id="373" dir="1" index="1" bw="29" slack="0"/>
</pin_list>
<bind>
<opcode="sext(35) " fcode="sext"/>
<opset="tmp_7_3_cast/4 "/>
</bind>
</comp>

<comp id="374" class="1004" name="tmp_8_3_fu_374">
<pin_list>
<pin id="375" dir="0" index="0" bw="15" slack="0"/>
<pin id="376" dir="0" index="1" bw="16" slack="0"/>
<pin id="377" dir="1" index="2" bw="29" slack="1"/>
</pin_list>
<bind>
<opcode="mul(12) " fcode="mul"/>
<opset="tmp_8_3/4 "/>
</bind>
</comp>

<comp id="380" class="1004" name="coeff_5_cast_fu_380">
<pin_list>
<pin id="381" dir="0" index="0" bw="15" slack="1"/>
<pin id="382" dir="1" index="1" bw="29" slack="0"/>
</pin_list>
<bind>
<opcode="sext(35) " fcode="sext"/>
<opset="coeff_5_cast/4 "/>
</bind>
</comp>

<comp id="383" class="1004" name="tmp_7_5_cast_fu_383">
<pin_list>
<pin id="384" dir="0" index="0" bw="16" slack="1"/>
<pin id="385" dir="1" index="1" bw="29" slack="0"/>
</pin_list>
<bind>
<opcode="sext(35) " fcode="sext"/>
<opset="tmp_7_5_cast/4 "/>
</bind>
</comp>

<comp id="386" class="1004" name="tmp_8_5_fu_386">
<pin_list>
<pin id="387" dir="0" index="0" bw="15" slack="0"/>
<pin id="388" dir="0" index="1" bw="16" slack="0"/>
<pin id="389" dir="1" index="2" bw="29" slack="1"/>
</pin_list>
<bind>
<opcode="mul(12) " fcode="mul"/>
<opset="tmp_8_5/4 "/>
</bind>
</comp>

<comp id="392" class="1004" name="coeff_6_cast_fu_392">
<pin_list>
<pin id="393" dir="0" index="0" bw="15" slack="1"/>
<pin id="394" dir="1" index="1" bw="29" slack="0"/>
</pin_list>
<bind>
<opcode="sext(35) " fcode="sext"/>
<opset="coeff_6_cast/4 "/>
</bind>
</comp>

<comp id="395" class="1004" name="tmp_7_6_cast_fu_395">
<pin_list>
<pin id="396" dir="0" index="0" bw="16" slack="1"/>
<pin id="397" dir="1" index="1" bw="29" slack="0"/>
</pin_list>
<bind>
<opcode="sext(35) " fcode="sext"/>
<opset="tmp_7_6_cast/4 "/>
</bind>
</comp>

<comp id="398" class="1004" name="coeff_7_cast_fu_398">
<pin_list>
<pin id="399" dir="0" index="0" bw="15" slack="1"/>
<pin id="400" dir="1" index="1" bw="29" slack="0"/>
</pin_list>
<bind>
<opcode="sext(35) " fcode="sext"/>
<opset="coeff_7_cast/4 "/>
</bind>
</comp>

<comp id="401" class="1004" name="tmp_7_7_cast_fu_401">
<pin_list>
<pin id="402" dir="0" index="0" bw="16" slack="1"/>
<pin id="403" dir="1" index="1" bw="29" slack="0"/>
</pin_list>
<bind>
<opcode="sext(35) " fcode="sext"/>
<opset="tmp_7_7_cast/4 "/>
</bind>
</comp>

<comp id="404" class="1004" name="coeff_cast_fu_404">
<pin_list>
<pin id="405" dir="0" index="0" bw="14" slack="2"/>
<pin id="406" dir="1" index="1" bw="29" slack="0"/>
</pin_list>
<bind>
<opcode="zext(34) " fcode="zext"/>
<opset="coeff_cast/5 "/>
</bind>
</comp>

<comp id="407" class="1004" name="tmp_7_cast_fu_407">
<pin_list>
<pin id="408" dir="0" index="0" bw="16" slack="1"/>
<pin id="409" dir="1" index="1" bw="29" slack="0"/>
</pin_list>
<bind>
<opcode="sext(35) " fcode="sext"/>
<opset="tmp_7_cast/5 "/>
</bind>
</comp>

<comp id="410" class="1004" name="coeff_2_cast_fu_410">
<pin_list>
<pin id="411" dir="0" index="0" bw="15" slack="2"/>
<pin id="412" dir="1" index="1" bw="29" slack="0"/>
</pin_list>
<bind>
<opcode="sext(35) " fcode="sext"/>
<opset="coeff_2_cast/5 "/>
</bind>
</comp>

<comp id="413" class="1004" name="tmp_7_2_cast_fu_413">
<pin_list>
<pin id="414" dir="0" index="0" bw="16" slack="1"/>
<pin id="415" dir="1" index="1" bw="29" slack="0"/>
</pin_list>
<bind>
<opcode="sext(35) " fcode="sext"/>
<opset="tmp_7_2_cast/5 "/>
</bind>
</comp>

<comp id="416" class="1004" name="coeff_4_cast_fu_416">
<pin_list>
<pin id="417" dir="0" index="0" bw="15" slack="2"/>
<pin id="418" dir="1" index="1" bw="29" slack="0"/>
</pin_list>
<bind>
<opcode="sext(35) " fcode="sext"/>
<opset="coeff_4_cast/5 "/>
</bind>
</comp>

<comp id="419" class="1004" name="tmp_7_4_cast_fu_419">
<pin_list>
<pin id="420" dir="0" index="0" bw="16" slack="1"/>
<pin id="421" dir="1" index="1" bw="29" slack="0"/>
</pin_list>
<bind>
<opcode="sext(35) " fcode="sext"/>
<opset="tmp_7_4_cast/5 "/>
</bind>
</comp>

<comp id="422" class="1004" name="tmp1_fu_422">
<pin_list>
<pin id="423" dir="0" index="0" bw="29" slack="0"/>
<pin id="424" dir="0" index="1" bw="29" slack="0"/>
<pin id="425" dir="1" index="2" bw="29" slack="0"/>
</pin_list>
<bind>
<opcode="add(8) " fcode="add"/>
<opset="tmp1/5 "/>
</bind>
</comp>

<comp id="426" class="1004" name="tmp4_fu_426">
<pin_list>
<pin id="427" dir="0" index="0" bw="29" slack="0"/>
<pin id="428" dir="0" index="1" bw="29" slack="1"/>
<pin id="429" dir="1" index="2" bw="29" slack="0"/>
</pin_list>
<bind>
<opcode="add(8) " fcode="add"/>
<opset="tmp4/5 "/>
</bind>
</comp>

<comp id="430" class="1004" name="tmp_2_fu_430">
<pin_list>
<pin id="431" dir="0" index="0" bw="29" slack="0"/>
<pin id="432" dir="0" index="1" bw="29" slack="0"/>
<pin id="433" dir="1" index="2" bw="29" slack="0"/>
</pin_list>
<bind>
<opcode="add(8) " fcode="add"/>
<opset="tmp_2/5 "/>
</bind>
</comp>

<comp id="436" class="1004" name="tmp_4_fu_436">
<pin_list>
<pin id="437" dir="0" index="0" bw="16" slack="0"/>
<pin id="438" dir="0" index="1" bw="29" slack="0"/>
<pin id="439" dir="0" index="2" bw="5" slack="0"/>
<pin id="440" dir="0" index="3" bw="6" slack="0"/>
<pin id="441" dir="1" index="4" bw="16" slack="1"/>
</pin_list>
<bind>
<opcode="partselect(1002) " fcode="partselect"/>
<opset="tmp_4/5 "/>
</bind>
</comp>

<comp id="446" class="1004" name="tmp_6_fu_446">
<pin_list>
<pin id="447" dir="0" index="0" bw="8" slack="4"/>
<pin id="448" dir="1" index="1" bw="64" slack="0"/>
</pin_list>
<bind>
<opcode="zext(34) " fcode="zext"/>
<opset="tmp_6/6 "/>
</bind>
</comp>

<comp id="450" class="1007" name="grp_fu_450">
<pin_list>
<pin id="451" dir="0" index="0" bw="15" slack="0"/>
<pin id="452" dir="0" index="1" bw="16" slack="0"/>
<pin id="453" dir="0" index="2" bw="29" slack="2147483647"/>
<pin id="454" dir="1" index="3" bw="29" slack="1"/>
</pin_list>
<bind>
<opcode="muladd(1172) " fcode="muladd"/>
<opset="tmp_8_6/4 tmp6/4 "/>
</bind>
</comp>

<comp id="457" class="1007" name="grp_fu_457">
<pin_list>
<pin id="458" dir="0" index="0" bw="15" slack="0"/>
<pin id="459" dir="0" index="1" bw="16" slack="0"/>
<pin id="460" dir="0" index="2" bw="14" slack="0"/>
<pin id="461" dir="1" index="3" bw="29" slack="0"/>
</pin_list>
<bind>
<opcode="muladd(1172) " fcode="muladd"/>
<opset="tmp_8_7/4 tmp7/4 "/>
</bind>
</comp>

<comp id="466" class="1007" name="grp_fu_466">
<pin_list>
<pin id="467" dir="0" index="0" bw="15" slack="0"/>
<pin id="468" dir="0" index="1" bw="16" slack="0"/>
<pin id="469" dir="0" index="2" bw="29" slack="2147483647"/>
<pin id="470" dir="1" index="3" bw="29" slack="0"/>
</pin_list>
<bind>
<opcode="muladd(1172) " fcode="muladd"/>
<opset="tmp_8_4/5 tmp5/5 "/>
</bind>
</comp>

<comp id="474" class="1007" name="grp_fu_474">
<pin_list>
<pin id="475" dir="0" index="0" bw="15" slack="0"/>
<pin id="476" dir="0" index="1" bw="16" slack="0"/>
<pin id="477" dir="0" index="2" bw="29" slack="2147483647"/>
<pin id="478" dir="1" index="3" bw="29" slack="0"/>
</pin_list>
<bind>
<opcode="muladd(1172) " fcode="muladd"/>
<opset="tmp_8_2/5 tmp3/5 "/>
</bind>
</comp>

<comp id="482" class="1007" name="grp_fu_482">
<pin_list>
<pin id="483" dir="0" index="0" bw="14" slack="0"/>
<pin id="484" dir="0" index="1" bw="16" slack="0"/>
<pin id="485" dir="0" index="2" bw="29" slack="2147483647"/>
<pin id="486" dir="1" index="3" bw="29" slack="0"/>
</pin_list>
<bind>
<opcode="muladd(1172) " fcode="muladd"/>
<opset="tmp_8/5 tmp2/5 "/>
</bind>
</comp>

<comp id="490" class="1005" name="src_addr_reg_490">
<pin_list>
<pin id="491" dir="0" index="0" bw="3" slack="2"/>
<pin id="492" dir="1" index="1" bw="3" slack="2"/>
</pin_list>
<bind>
<opset="src_addr "/>
</bind>
</comp>

<comp id="495" class="1005" name="src1_addr_reg_495">
<pin_list>
<pin id="496" dir="0" index="0" bw="3" slack="1"/>
<pin id="497" dir="1" index="1" bw="3" slack="1"/>
</pin_list>
<bind>
<opset="src1_addr "/>
</bind>
</comp>

<comp id="500" class="1005" name="src2_addr_reg_500">
<pin_list>
<pin id="501" dir="0" index="0" bw="3" slack="2"/>
<pin id="502" dir="1" index="1" bw="3" slack="2"/>
</pin_list>
<bind>
<opset="src2_addr "/>
</bind>
</comp>

<comp id="505" class="1005" name="src3_addr_reg_505">
<pin_list>
<pin id="506" dir="0" index="0" bw="3" slack="1"/>
<pin id="507" dir="1" index="1" bw="3" slack="1"/>
</pin_list>
<bind>
<opset="src3_addr "/>
</bind>
</comp>

<comp id="510" class="1005" name="src4_addr_reg_510">
<pin_list>
<pin id="511" dir="0" index="0" bw="3" slack="2"/>
<pin id="512" dir="1" index="1" bw="3" slack="2"/>
</pin_list>
<bind>
<opset="src4_addr "/>
</bind>
</comp>

<comp id="515" class="1005" name="src5_addr_reg_515">
<pin_list>
<pin id="516" dir="0" index="0" bw="3" slack="1"/>
<pin id="517" dir="1" index="1" bw="3" slack="1"/>
</pin_list>
<bind>
<opset="src5_addr "/>
</bind>
</comp>

<comp id="520" class="1005" name="src6_addr_reg_520">
<pin_list>
<pin id="521" dir="0" index="0" bw="3" slack="1"/>
<pin id="522" dir="1" index="1" bw="3" slack="1"/>
</pin_list>
<bind>
<opset="src6_addr "/>
</bind>
</comp>

<comp id="525" class="1005" name="src7_addr_reg_525">
<pin_list>
<pin id="526" dir="0" index="0" bw="3" slack="1"/>
<pin id="527" dir="1" index="1" bw="3" slack="1"/>
</pin_list>
<bind>
<opset="src7_addr "/>
</bind>
</comp>

<comp id="530" class="1005" name="p_addr_cast_reg_530">
<pin_list>
<pin id="531" dir="0" index="0" bw="8" slack="1"/>
<pin id="532" dir="1" index="1" bw="8" slack="1"/>
</pin_list>
<bind>
<opset="p_addr_cast "/>
</bind>
</comp>

<comp id="535" class="1005" name="exitcond1_reg_535">
<pin_list>
<pin id="536" dir="0" index="0" bw="1" slack="1"/>
<pin id="537" dir="1" index="1" bw="1" slack="2147483647"/>
</pin_list>
<bind>
<opset="exitcond1 "/>
</bind>
</comp>

<comp id="539" class="1005" name="k_1_reg_539">
<pin_list>
<pin id="540" dir="0" index="0" bw="4" slack="0"/>
<pin id="541" dir="1" index="1" bw="4" slack="0"/>
</pin_list>
<bind>
<opset="k_1 "/>
</bind>
</comp>

<comp id="544" class="1005" name="dct_coeff_table_0_addr_reg_544">
<pin_list>
<pin id="545" dir="0" index="0" bw="3" slack="1"/>
<pin id="546" dir="1" index="1" bw="3" slack="1"/>
</pin_list>
<bind>
<opset="dct_coeff_table_0_addr "/>
</bind>
</comp>

<comp id="549" class="1005" name="dct_coeff_table_1_addr_reg_549">
<pin_list>
<pin id="550" dir="0" index="0" bw="3" slack="1"/>
<pin id="551" dir="1" index="1" bw="3" slack="1"/>
</pin_list>
<bind>
<opset="dct_coeff_table_1_addr "/>
</bind>
</comp>

<comp id="554" class="1005" name="dct_coeff_table_2_addr_reg_554">
<pin_list>
<pin id="555" dir="0" index="0" bw="3" slack="1"/>
<pin id="556" dir="1" index="1" bw="3" slack="1"/>
</pin_list>
<bind>
<opset="dct_coeff_table_2_addr "/>
</bind>
</comp>

<comp id="559" class="1005" name="dct_coeff_table_3_addr_reg_559">
<pin_list>
<pin id="560" dir="0" index="0" bw="3" slack="1"/>
<pin id="561" dir="1" index="1" bw="3" slack="1"/>
</pin_list>
<bind>
<opset="dct_coeff_table_3_addr "/>
</bind>
</comp>

<comp id="564" class="1005" name="dct_coeff_table_4_addr_reg_564">
<pin_list>
<pin id="565" dir="0" index="0" bw="3" slack="1"/>
<pin id="566" dir="1" index="1" bw="3" slack="1"/>
</pin_list>
<bind>
<opset="dct_coeff_table_4_addr "/>
</bind>
</comp>

<comp id="569" class="1005" name="dct_coeff_table_5_addr_reg_569">
<pin_list>
<pin id="570" dir="0" index="0" bw="3" slack="1"/>
<pin id="571" dir="1" index="1" bw="3" slack="1"/>
</pin_list>
<bind>
<opset="dct_coeff_table_5_addr "/>
</bind>
</comp>

<comp id="574" class="1005" name="dct_coeff_table_6_addr_reg_574">
<pin_list>
<pin id="575" dir="0" index="0" bw="3" slack="1"/>
<pin id="576" dir="1" index="1" bw="3" slack="1"/>
</pin_list>
<bind>
<opset="dct_coeff_table_6_addr "/>
</bind>
</comp>

<comp id="579" class="1005" name="dct_coeff_table_7_addr_reg_579">
<pin_list>
<pin id="580" dir="0" index="0" bw="3" slack="1"/>
<pin id="581" dir="1" index="1" bw="3" slack="1"/>
</pin_list>
<bind>
<opset="dct_coeff_table_7_addr "/>
</bind>
</comp>

<comp id="584" class="1005" name="p_addr1_reg_584">
<pin_list>
<pin id="585" dir="0" index="0" bw="8" slack="4"/>
<pin id="586" dir="1" index="1" bw="8" slack="4"/>
</pin_list>
<bind>
<opset="p_addr1 "/>
</bind>
</comp>

<comp id="589" class="1005" name="dct_coeff_table_0_load_reg_589">
<pin_list>
<pin id="590" dir="0" index="0" bw="14" slack="2"/>
<pin id="591" dir="1" index="1" bw="14" slack="2"/>
</pin_list>
<bind>
<opset="dct_coeff_table_0_load "/>
</bind>
</comp>

<comp id="594" class="1005" name="dct_coeff_table_1_load_reg_594">
<pin_list>
<pin id="595" dir="0" index="0" bw="15" slack="1"/>
<pin id="596" dir="1" index="1" bw="15" slack="1"/>
</pin_list>
<bind>
<opset="dct_coeff_table_1_load "/>
</bind>
</comp>

<comp id="599" class="1005" name="src1_load_reg_599">
<pin_list>
<pin id="600" dir="0" index="0" bw="16" slack="1"/>
<pin id="601" dir="1" index="1" bw="16" slack="1"/>
</pin_list>
<bind>
<opset="src1_load "/>
</bind>
</comp>

<comp id="604" class="1005" name="dct_coeff_table_2_load_reg_604">
<pin_list>
<pin id="605" dir="0" index="0" bw="15" slack="2"/>
<pin id="606" dir="1" index="1" bw="15" slack="2"/>
</pin_list>
<bind>
<opset="dct_coeff_table_2_load "/>
</bind>
</comp>

<comp id="609" class="1005" name="dct_coeff_table_3_load_reg_609">
<pin_list>
<pin id="610" dir="0" index="0" bw="15" slack="1"/>
<pin id="611" dir="1" index="1" bw="15" slack="1"/>
</pin_list>
<bind>
<opset="dct_coeff_table_3_load "/>
</bind>
</comp>

<comp id="614" class="1005" name="src3_load_reg_614">
<pin_list>
<pin id="615" dir="0" index="0" bw="16" slack="1"/>
<pin id="616" dir="1" index="1" bw="16" slack="1"/>
</pin_list>
<bind>
<opset="src3_load "/>
</bind>
</comp>

<comp id="619" class="1005" name="dct_coeff_table_4_load_reg_619">
<pin_list>
<pin id="620" dir="0" index="0" bw="15" slack="2"/>
<pin id="621" dir="1" index="1" bw="15" slack="2"/>
</pin_list>
<bind>
<opset="dct_coeff_table_4_load "/>
</bind>
</comp>

<comp id="624" class="1005" name="dct_coeff_table_5_load_reg_624">
<pin_list>
<pin id="625" dir="0" index="0" bw="15" slack="1"/>
<pin id="626" dir="1" index="1" bw="15" slack="1"/>
</pin_list>
<bind>
<opset="dct_coeff_table_5_load "/>
</bind>
</comp>

<comp id="629" class="1005" name="src5_load_reg_629">
<pin_list>
<pin id="630" dir="0" index="0" bw="16" slack="1"/>
<pin id="631" dir="1" index="1" bw="16" slack="1"/>
</pin_list>
<bind>
<opset="src5_load "/>
</bind>
</comp>

<comp id="634" class="1005" name="dct_coeff_table_6_load_reg_634">
<pin_list>
<pin id="635" dir="0" index="0" bw="15" slack="1"/>
<pin id="636" dir="1" index="1" bw="15" slack="1"/>
</pin_list>
<bind>
<opset="dct_coeff_table_6_load "/>
</bind>
</comp>

<comp id="639" class="1005" name="src6_load_reg_639">
<pin_list>
<pin id="640" dir="0" index="0" bw="16" slack="1"/>
<pin id="641" dir="1" index="1" bw="16" slack="1"/>
</pin_list>
<bind>
<opset="src6_load "/>
</bind>
</comp>

<comp id="644" class="1005" name="dct_coeff_table_7_load_reg_644">
<pin_list>
<pin id="645" dir="0" index="0" bw="15" slack="1"/>
<pin id="646" dir="1" index="1" bw="15" slack="1"/>
</pin_list>
<bind>
<opset="dct_coeff_table_7_load "/>
</bind>
</comp>

<comp id="649" class="1005" name="src7_load_reg_649">
<pin_list>
<pin id="650" dir="0" index="0" bw="16" slack="1"/>
<pin id="651" dir="1" index="1" bw="16" slack="1"/>
</pin_list>
<bind>
<opset="src7_load "/>
</bind>
</comp>

<comp id="654" class="1005" name="src_load_reg_654">
<pin_list>
<pin id="655" dir="0" index="0" bw="16" slack="1"/>
<pin id="656" dir="1" index="1" bw="16" slack="1"/>
</pin_list>
<bind>
<opset="src_load "/>
</bind>
</comp>

<comp id="659" class="1005" name="tmp_8_1_reg_659">
<pin_list>
<pin id="660" dir="0" index="0" bw="29" slack="1"/>
<pin id="661" dir="1" index="1" bw="29" slack="1"/>
</pin_list>
<bind>
<opset="tmp_8_1 "/>
</bind>
</comp>

<comp id="664" class="1005" name="src2_load_reg_664">
<pin_list>
<pin id="665" dir="0" index="0" bw="16" slack="1"/>
<pin id="666" dir="1" index="1" bw="16" slack="1"/>
</pin_list>
<bind>
<opset="src2_load "/>
</bind>
</comp>

<comp id="669" class="1005" name="tmp_8_3_reg_669">
<pin_list>
<pin id="670" dir="0" index="0" bw="29" slack="1"/>
<pin id="671" dir="1" index="1" bw="29" slack="1"/>
</pin_list>
<bind>
<opset="tmp_8_3 "/>
</bind>
</comp>

<comp id="674" class="1005" name="src4_load_reg_674">
<pin_list>
<pin id="675" dir="0" index="0" bw="16" slack="1"/>
<pin id="676" dir="1" index="1" bw="16" slack="1"/>
</pin_list>
<bind>
<opset="src4_load "/>
</bind>
</comp>

<comp id="679" class="1005" name="tmp_8_5_reg_679">
<pin_list>
<pin id="680" dir="0" index="0" bw="29" slack="1"/>
<pin id="681" dir="1" index="1" bw="29" slack="1"/>
</pin_list>
<bind>
<opset="tmp_8_5 "/>
</bind>
</comp>

<comp id="684" class="1005" name="tmp6_reg_684">
<pin_list>
<pin id="685" dir="0" index="0" bw="29" slack="1"/>
<pin id="686" dir="1" index="1" bw="29" slack="1"/>
</pin_list>
<bind>
<opset="tmp6 "/>
</bind>
</comp>

<comp id="689" class="1005" name="tmp_4_reg_689">
<pin_list>
<pin id="690" dir="0" index="0" bw="16" slack="1"/>
<pin id="691" dir="1" index="1" bw="16" slack="1"/>
</pin_list>
<bind>
<opset="tmp_4 "/>
</bind>
</comp>

</comp_list>

<net_list>
<net id="84"><net_src comp="38" pin="0"/><net_sink comp="80" pin=0"/></net>

<net id="85"><net_src comp="20" pin="0"/><net_sink comp="80" pin=1"/></net>

<net id="90"><net_src comp="38" pin="0"/><net_sink comp="86" pin=0"/></net>

<net id="91"><net_src comp="16" pin="0"/><net_sink comp="86" pin=1"/></net>

<net id="97"><net_src comp="0" pin="0"/><net_sink comp="92" pin=0"/></net>

<net id="98"><net_src comp="40" pin="0"/><net_sink comp="92" pin=1"/></net>

<net id="104"><net_src comp="2" pin="0"/><net_sink comp="99" pin=0"/></net>

<net id="105"><net_src comp="40" pin="0"/><net_sink comp="99" pin=1"/></net>

<net id="111"><net_src comp="4" pin="0"/><net_sink comp="106" pin=0"/></net>

<net id="112"><net_src comp="40" pin="0"/><net_sink comp="106" pin=1"/></net>

<net id="118"><net_src comp="6" pin="0"/><net_sink comp="113" pin=0"/></net>

<net id="119"><net_src comp="40" pin="0"/><net_sink comp="113" pin=1"/></net>

<net id="125"><net_src comp="8" pin="0"/><net_sink comp="120" pin=0"/></net>

<net id="126"><net_src comp="40" pin="0"/><net_sink comp="120" pin=1"/></net>

<net id="132"><net_src comp="10" pin="0"/><net_sink comp="127" pin=0"/></net>

<net id="133"><net_src comp="40" pin="0"/><net_sink comp="127" pin=1"/></net>

<net id="139"><net_src comp="12" pin="0"/><net_sink comp="134" pin=0"/></net>

<net id="140"><net_src comp="40" pin="0"/><net_sink comp="134" pin=1"/></net>

<net id="146"><net_src comp="14" pin="0"/><net_sink comp="141" pin=0"/></net>

<net id="147"><net_src comp="40" pin="0"/><net_sink comp="141" pin=1"/></net>

<net id="153"><net_src comp="22" pin="0"/><net_sink comp="148" pin=0"/></net>

<net id="154"><net_src comp="40" pin="0"/><net_sink comp="148" pin=1"/></net>

<net id="159"><net_src comp="148" pin="3"/><net_sink comp="155" pin=0"/></net>

<net id="165"><net_src comp="24" pin="0"/><net_sink comp="160" pin=0"/></net>

<net id="166"><net_src comp="40" pin="0"/><net_sink comp="160" pin=1"/></net>

<net id="171"><net_src comp="160" pin="3"/><net_sink comp="167" pin=0"/></net>

<net id="181"><net_src comp="26" pin="0"/><net_sink comp="176" pin=0"/></net>

<net id="182"><net_src comp="40" pin="0"/><net_sink comp="176" pin=1"/></net>

<net id="187"><net_src comp="176" pin="3"/><net_sink comp="183" pin=0"/></net>

<net id="193"><net_src comp="28" pin="0"/><net_sink comp="188" pin=0"/></net>

<net id="194"><net_src comp="40" pin="0"/><net_sink comp="188" pin=1"/></net>

<net id="199"><net_src comp="188" pin="3"/><net_sink comp="195" pin=0"/></net>

<net id="209"><net_src comp="30" pin="0"/><net_sink comp="204" pin=0"/></net>

<net id="210"><net_src comp="40" pin="0"/><net_sink comp="204" pin=1"/></net>

<net id="215"><net_src comp="204" pin="3"/><net_sink comp="211" pin=0"/></net>

<net id="221"><net_src comp="32" pin="0"/><net_sink comp="216" pin=0"/></net>

<net id="222"><net_src comp="40" pin="0"/><net_sink comp="216" pin=1"/></net>

<net id="227"><net_src comp="216" pin="3"/><net_sink comp="223" pin=0"/></net>

<net id="237"><net_src comp="34" pin="0"/><net_sink comp="232" pin=0"/></net>

<net id="238"><net_src comp="40" pin="0"/><net_sink comp="232" pin=1"/></net>

<net id="243"><net_src comp="232" pin="3"/><net_sink comp="239" pin=0"/></net>

<net id="253"><net_src comp="36" pin="0"/><net_sink comp="248" pin=0"/></net>

<net id="254"><net_src comp="40" pin="0"/><net_sink comp="248" pin=1"/></net>

<net id="259"><net_src comp="248" pin="3"/><net_sink comp="255" pin=0"/></net>

<net id="281"><net_src comp="18" pin="0"/><net_sink comp="276" pin=0"/></net>

<net id="282"><net_src comp="40" pin="0"/><net_sink comp="276" pin=1"/></net>

<net id="287"><net_src comp="276" pin="3"/><net_sink comp="283" pin=0"/></net>

<net id="291"><net_src comp="46" pin="0"/><net_sink comp="288" pin=0"/></net>

<net id="298"><net_src comp="288" pin="1"/><net_sink comp="292" pin=0"/></net>

<net id="302"><net_src comp="86" pin="2"/><net_sink comp="299" pin=0"/></net>

<net id="303"><net_src comp="299" pin="1"/><net_sink comp="92" pin=2"/></net>

<net id="304"><net_src comp="299" pin="1"/><net_sink comp="99" pin=2"/></net>

<net id="305"><net_src comp="299" pin="1"/><net_sink comp="106" pin=2"/></net>

<net id="306"><net_src comp="299" pin="1"/><net_sink comp="113" pin=2"/></net>

<net id="307"><net_src comp="299" pin="1"/><net_sink comp="120" pin=2"/></net>

<net id="308"><net_src comp="299" pin="1"/><net_sink comp="127" pin=2"/></net>

<net id="309"><net_src comp="299" pin="1"/><net_sink comp="134" pin=2"/></net>

<net id="310"><net_src comp="299" pin="1"/><net_sink comp="141" pin=2"/></net>

<net id="316"><net_src comp="42" pin="0"/><net_sink comp="311" pin=0"/></net>

<net id="317"><net_src comp="80" pin="2"/><net_sink comp="311" pin=1"/></net>

<net id="318"><net_src comp="44" pin="0"/><net_sink comp="311" pin=2"/></net>

<net id="322"><net_src comp="311" pin="3"/><net_sink comp="319" pin=0"/></net>

<net id="327"><net_src comp="292" pin="4"/><net_sink comp="323" pin=0"/></net>

<net id="328"><net_src comp="48" pin="0"/><net_sink comp="323" pin=1"/></net>

<net id="333"><net_src comp="292" pin="4"/><net_sink comp="329" pin=0"/></net>

<net id="334"><net_src comp="50" pin="0"/><net_sink comp="329" pin=1"/></net>

<net id="338"><net_src comp="292" pin="4"/><net_sink comp="335" pin=0"/></net>

<net id="339"><net_src comp="335" pin="1"/><net_sink comp="148" pin=2"/></net>

<net id="340"><net_src comp="335" pin="1"/><net_sink comp="160" pin=2"/></net>

<net id="341"><net_src comp="335" pin="1"/><net_sink comp="176" pin=2"/></net>

<net id="342"><net_src comp="335" pin="1"/><net_sink comp="188" pin=2"/></net>

<net id="343"><net_src comp="335" pin="1"/><net_sink comp="204" pin=2"/></net>

<net id="344"><net_src comp="335" pin="1"/><net_sink comp="216" pin=2"/></net>

<net id="345"><net_src comp="335" pin="1"/><net_sink comp="232" pin=2"/></net>

<net id="346"><net_src comp="335" pin="1"/><net_sink comp="248" pin=2"/></net>

<net id="350"><net_src comp="292" pin="4"/><net_sink comp="347" pin=0"/></net>

<net id="355"><net_src comp="347" pin="1"/><net_sink comp="351" pin=1"/></net>

<net id="366"><net_src comp="356" pin="1"/><net_sink comp="362" pin=0"/></net>

<net id="367"><net_src comp="359" pin="1"/><net_sink comp="362" pin=1"/></net>

<net id="378"><net_src comp="368" pin="1"/><net_sink comp="374" pin=0"/></net>

<net id="379"><net_src comp="371" pin="1"/><net_sink comp="374" pin=1"/></net>

<net id="390"><net_src comp="380" pin="1"/><net_sink comp="386" pin=0"/></net>

<net id="391"><net_src comp="383" pin="1"/><net_sink comp="386" pin=1"/></net>

<net id="434"><net_src comp="422" pin="2"/><net_sink comp="430" pin=0"/></net>

<net id="435"><net_src comp="426" pin="2"/><net_sink comp="430" pin=1"/></net>

<net id="442"><net_src comp="54" pin="0"/><net_sink comp="436" pin=0"/></net>

<net id="443"><net_src comp="430" pin="2"/><net_sink comp="436" pin=1"/></net>

<net id="444"><net_src comp="56" pin="0"/><net_sink comp="436" pin=2"/></net>

<net id="445"><net_src comp="58" pin="0"/><net_sink comp="436" pin=3"/></net>

<net id="449"><net_src comp="446" pin="1"/><net_sink comp="276" pin=2"/></net>

<net id="455"><net_src comp="392" pin="1"/><net_sink comp="450" pin=0"/></net>

<net id="456"><net_src comp="395" pin="1"/><net_sink comp="450" pin=1"/></net>

<net id="462"><net_src comp="398" pin="1"/><net_sink comp="457" pin=0"/></net>

<net id="463"><net_src comp="401" pin="1"/><net_sink comp="457" pin=1"/></net>

<net id="464"><net_src comp="52" pin="0"/><net_sink comp="457" pin=2"/></net>

<net id="465"><net_src comp="457" pin="3"/><net_sink comp="450" pin=1"/></net>

<net id="471"><net_src comp="416" pin="1"/><net_sink comp="466" pin=0"/></net>

<net id="472"><net_src comp="419" pin="1"/><net_sink comp="466" pin=1"/></net>

<net id="473"><net_src comp="466" pin="3"/><net_sink comp="426" pin=0"/></net>

<net id="479"><net_src comp="410" pin="1"/><net_sink comp="474" pin=0"/></net>

<net id="480"><net_src comp="413" pin="1"/><net_sink comp="474" pin=1"/></net>

<net id="481"><net_src comp="474" pin="3"/><net_sink comp="422" pin=1"/></net>

<net id="487"><net_src comp="404" pin="1"/><net_sink comp="482" pin=0"/></net>

<net id="488"><net_src comp="407" pin="1"/><net_sink comp="482" pin=1"/></net>

<net id="489"><net_src comp="482" pin="3"/><net_sink comp="422" pin=0"/></net>

<net id="493"><net_src comp="92" pin="3"/><net_sink comp="490" pin=0"/></net>

<net id="494"><net_src comp="490" pin="1"/><net_sink comp="264" pin=0"/></net>

<net id="498"><net_src comp="99" pin="3"/><net_sink comp="495" pin=0"/></net>

<net id="499"><net_src comp="495" pin="1"/><net_sink comp="172" pin=0"/></net>

<net id="503"><net_src comp="106" pin="3"/><net_sink comp="500" pin=0"/></net>

<net id="504"><net_src comp="500" pin="1"/><net_sink comp="268" pin=0"/></net>

<net id="508"><net_src comp="113" pin="3"/><net_sink comp="505" pin=0"/></net>

<net id="509"><net_src comp="505" pin="1"/><net_sink comp="200" pin=0"/></net>

<net id="513"><net_src comp="120" pin="3"/><net_sink comp="510" pin=0"/></net>

<net id="514"><net_src comp="510" pin="1"/><net_sink comp="272" pin=0"/></net>

<net id="518"><net_src comp="127" pin="3"/><net_sink comp="515" pin=0"/></net>

<net id="519"><net_src comp="515" pin="1"/><net_sink comp="228" pin=0"/></net>

<net id="523"><net_src comp="134" pin="3"/><net_sink comp="520" pin=0"/></net>

<net id="524"><net_src comp="520" pin="1"/><net_sink comp="244" pin=0"/></net>

<net id="528"><net_src comp="141" pin="3"/><net_sink comp="525" pin=0"/></net>

<net id="529"><net_src comp="525" pin="1"/><net_sink comp="260" pin=0"/></net>

<net id="533"><net_src comp="319" pin="1"/><net_sink comp="530" pin=0"/></net>

<net id="534"><net_src comp="530" pin="1"/><net_sink comp="351" pin=0"/></net>

<net id="538"><net_src comp="323" pin="2"/><net_sink comp="535" pin=0"/></net>

<net id="542"><net_src comp="329" pin="2"/><net_sink comp="539" pin=0"/></net>

<net id="543"><net_src comp="539" pin="1"/><net_sink comp="292" pin=2"/></net>

<net id="547"><net_src comp="148" pin="3"/><net_sink comp="544" pin=0"/></net>

<net id="548"><net_src comp="544" pin="1"/><net_sink comp="155" pin=0"/></net>

<net id="552"><net_src comp="160" pin="3"/><net_sink comp="549" pin=0"/></net>

<net id="553"><net_src comp="549" pin="1"/><net_sink comp="167" pin=0"/></net>

<net id="557"><net_src comp="176" pin="3"/><net_sink comp="554" pin=0"/></net>

<net id="558"><net_src comp="554" pin="1"/><net_sink comp="183" pin=0"/></net>

<net id="562"><net_src comp="188" pin="3"/><net_sink comp="559" pin=0"/></net>

<net id="563"><net_src comp="559" pin="1"/><net_sink comp="195" pin=0"/></net>

<net id="567"><net_src comp="204" pin="3"/><net_sink comp="564" pin=0"/></net>

<net id="568"><net_src comp="564" pin="1"/><net_sink comp="211" pin=0"/></net>

<net id="572"><net_src comp="216" pin="3"/><net_sink comp="569" pin=0"/></net>

<net id="573"><net_src comp="569" pin="1"/><net_sink comp="223" pin=0"/></net>

<net id="577"><net_src comp="232" pin="3"/><net_sink comp="574" pin=0"/></net>

<net id="578"><net_src comp="574" pin="1"/><net_sink comp="239" pin=0"/></net>

<net id="582"><net_src comp="248" pin="3"/><net_sink comp="579" pin=0"/></net>

<net id="583"><net_src comp="579" pin="1"/><net_sink comp="255" pin=0"/></net>

<net id="587"><net_src comp="351" pin="2"/><net_sink comp="584" pin=0"/></net>

<net id="588"><net_src comp="584" pin="1"/><net_sink comp="446" pin=0"/></net>

<net id="592"><net_src comp="155" pin="2"/><net_sink comp="589" pin=0"/></net>

<net id="593"><net_src comp="589" pin="1"/><net_sink comp="404" pin=0"/></net>

<net id="597"><net_src comp="167" pin="2"/><net_sink comp="594" pin=0"/></net>

<net id="598"><net_src comp="594" pin="1"/><net_sink comp="356" pin=0"/></net>

<net id="602"><net_src comp="172" pin="2"/><net_sink comp="599" pin=0"/></net>

<net id="603"><net_src comp="599" pin="1"/><net_sink comp="359" pin=0"/></net>

<net id="607"><net_src comp="183" pin="2"/><net_sink comp="604" pin=0"/></net>

<net id="608"><net_src comp="604" pin="1"/><net_sink comp="410" pin=0"/></net>

<net id="612"><net_src comp="195" pin="2"/><net_sink comp="609" pin=0"/></net>

<net id="613"><net_src comp="609" pin="1"/><net_sink comp="368" pin=0"/></net>

<net id="617"><net_src comp="200" pin="2"/><net_sink comp="614" pin=0"/></net>

<net id="618"><net_src comp="614" pin="1"/><net_sink comp="371" pin=0"/></net>

<net id="622"><net_src comp="211" pin="2"/><net_sink comp="619" pin=0"/></net>

<net id="623"><net_src comp="619" pin="1"/><net_sink comp="416" pin=0"/></net>

<net id="627"><net_src comp="223" pin="2"/><net_sink comp="624" pin=0"/></net>

<net id="628"><net_src comp="624" pin="1"/><net_sink comp="380" pin=0"/></net>

<net id="632"><net_src comp="228" pin="2"/><net_sink comp="629" pin=0"/></net>

<net id="633"><net_src comp="629" pin="1"/><net_sink comp="383" pin=0"/></net>

<net id="637"><net_src comp="239" pin="2"/><net_sink comp="634" pin=0"/></net>

<net id="638"><net_src comp="634" pin="1"/><net_sink comp="392" pin=0"/></net>

<net id="642"><net_src comp="244" pin="2"/><net_sink comp="639" pin=0"/></net>

<net id="643"><net_src comp="639" pin="1"/><net_sink comp="395" pin=0"/></net>

<net id="647"><net_src comp="255" pin="2"/><net_sink comp="644" pin=0"/></net>

<net id="648"><net_src comp="644" pin="1"/><net_sink comp="398" pin=0"/></net>

<net id="652"><net_src comp="260" pin="2"/><net_sink comp="649" pin=0"/></net>

<net id="653"><net_src comp="649" pin="1"/><net_sink comp="401" pin=0"/></net>

<net id="657"><net_src comp="264" pin="2"/><net_sink comp="654" pin=0"/></net>

<net id="658"><net_src comp="654" pin="1"/><net_sink comp="407" pin=0"/></net>

<net id="662"><net_src comp="362" pin="2"/><net_sink comp="659" pin=0"/></net>

<net id="663"><net_src comp="659" pin="1"/><net_sink comp="482" pin=0"/></net>

<net id="667"><net_src comp="268" pin="2"/><net_sink comp="664" pin=0"/></net>

<net id="668"><net_src comp="664" pin="1"/><net_sink comp="413" pin=0"/></net>

<net id="672"><net_src comp="374" pin="2"/><net_sink comp="669" pin=0"/></net>

<net id="673"><net_src comp="669" pin="1"/><net_sink comp="474" pin=0"/></net>

<net id="677"><net_src comp="272" pin="2"/><net_sink comp="674" pin=0"/></net>

<net id="678"><net_src comp="674" pin="1"/><net_sink comp="419" pin=0"/></net>

<net id="682"><net_src comp="386" pin="2"/><net_sink comp="679" pin=0"/></net>

<net id="683"><net_src comp="679" pin="1"/><net_sink comp="466" pin=0"/></net>

<net id="687"><net_src comp="450" pin="3"/><net_sink comp="684" pin=0"/></net>

<net id="688"><net_src comp="684" pin="1"/><net_sink comp="426" pin=1"/></net>

<net id="692"><net_src comp="436" pin="4"/><net_sink comp="689" pin=0"/></net>

<net id="693"><net_src comp="689" pin="1"/><net_sink comp="283" pin=1"/></net>

</net_list>

</model> 
---------------- Datapath Model END ------------------

* FSMD analyzer results:
  - Output states:
  - Chain level:
	State 1
		src_addr : 1
		src1_addr : 1
		src2_addr : 1
		src3_addr : 1
		src4_addr : 1
		src5_addr : 1
		src6_addr : 1
		src7_addr : 1
		p_addr_cast : 1
	State 2
		exitcond1 : 1
		k_1 : 1
		stg_25 : 2
		tmp : 1
		dct_coeff_table_0_addr : 2
		dct_coeff_table_0_load : 3
		dct_coeff_table_1_addr : 2
		dct_coeff_table_1_load : 3
		dct_coeff_table_2_addr : 2
		dct_coeff_table_2_load : 3
		dct_coeff_table_3_addr : 2
		dct_coeff_table_3_load : 3
		dct_coeff_table_4_addr : 2
		dct_coeff_table_4_load : 3
		dct_coeff_table_5_addr : 2
		dct_coeff_table_5_load : 3
		dct_coeff_table_6_addr : 2
		dct_coeff_table_6_load : 3
		dct_coeff_table_7_addr : 2
		dct_coeff_table_7_load : 3
		tmp_trn_cast : 1
		p_addr1 : 2
	State 3
	State 4
		tmp_8_1 : 1
		tmp_8_3 : 1
		tmp_8_5 : 1
		tmp_8_6 : 1
		tmp_8_7 : 1
		tmp7 : 2
		tmp6 : 3
	State 5
		tmp_8 : 1
		tmp_8_2 : 1
		tmp_8_4 : 1
		tmp2 : 2
		tmp3 : 2
		tmp1 : 3
		tmp5 : 2
		tmp4 : 3
		tmp_2 : 4
		tmp_4 : 5
	State 6
		dst_addr : 1
		stg_108 : 2
		empty_12 : 1
	State 7


============================================================
+ Verbose Summary: Datapath Resource usage 
============================================================

* Functional unit list:
|----------|------------------------|---------|---------|---------|
| Operation|     Functional Unit    |  DSP48E |    FF   |   LUT   |
|----------|------------------------|---------|---------|---------|
|          |       k_1_fu_329       |    0    |    0    |    4    |
|          |     p_addr1_fu_351     |    0    |    0    |    7    |
|    add   |       tmp1_fu_422      |    0    |    0    |    29   |
|          |       tmp4_fu_426      |    0    |    0    |   14.5  |
|          |      tmp_2_fu_430      |    0    |    0    |   14.5  |
|----------|------------------------|---------|---------|---------|
|          |       grp_fu_450       |    1    |    0    |    0    |
|          |       grp_fu_457       |    1    |    0    |    0    |
|  muladd  |       grp_fu_466       |    1    |    0    |    0    |
|          |       grp_fu_474       |    1    |    0    |    0    |
|          |       grp_fu_482       |    1    |    0    |    0    |
|----------|------------------------|---------|---------|---------|
|          |     tmp_8_1_fu_362     |    1    |    0    |    0    |
|    mul   |     tmp_8_3_fu_374     |    1    |    0    |    0    |
|          |     tmp_8_5_fu_386     |    1    |    0    |    0    |
|----------|------------------------|---------|---------|---------|
|   icmp   |    exitcond1_fu_323    |    0    |    0    |    2    |
|----------|------------------------|---------|---------|---------|
|   read   | tmp_11_read_read_fu_80 |    0    |    0    |    0    |
|          |  tmp_1_read_read_fu_86 |    0    |    0    |    0    |
|----------|------------------------|---------|---------|---------|
|          |    tmp_1_cast_fu_299   |    0    |    0    |    0    |
|          |   p_addr_cast_fu_319   |    0    |    0    |    0    |
|   zext   |       tmp_fu_335       |    0    |    0    |    0    |
|          |   tmp_trn_cast_fu_347  |    0    |    0    |    0    |
|          |    coeff_cast_fu_404   |    0    |    0    |    0    |
|          |      tmp_6_fu_446      |    0    |    0    |    0    |
|----------|------------------------|---------|---------|---------|
|bitconcatenate|      tmp_5_fu_311      |    0    |    0    |    0    |
|----------|------------------------|---------|---------|---------|
|          |   coeff_1_cast_fu_356  |    0    |    0    |    0    |
|          |   tmp_7_1_cast_fu_359  |    0    |    0    |    0    |
|          |   coeff_3_cast_fu_368  |    0    |    0    |    0    |
|          |   tmp_7_3_cast_fu_371  |    0    |    0    |    0    |
|          |   coeff_5_cast_fu_380  |    0    |    0    |    0    |
|          |   tmp_7_5_cast_fu_383  |    0    |    0    |    0    |
|          |   coeff_6_cast_fu_392  |    0    |    0    |    0    |
|   sext   |   tmp_7_6_cast_fu_395  |    0    |    0    |    0    |
|          |   coeff_7_cast_fu_398  |    0    |    0    |    0    |
|          |   tmp_7_7_cast_fu_401  |    0    |    0    |    0    |
|          |    tmp_7_cast_fu_407   |    0    |    0    |    0    |
|          |   coeff_2_cast_fu_410  |    0    |    0    |    0    |
|          |   tmp_7_2_cast_fu_413  |    0    |    0    |    0    |
|          |   coeff_4_cast_fu_416  |    0    |    0    |    0    |
|          |   tmp_7_4_cast_fu_419  |    0    |    0    |    0    |
|----------|------------------------|---------|---------|---------|
|partselect|      tmp_4_fu_436      |    0    |    0    |    0    |
|----------|------------------------|---------|---------|---------|
|   Total  |                        |    8    |    0    |    71   |
|----------|------------------------|---------|---------|---------|

Memories:
N/A

* Register list:
+------------------------------+--------+
|                              |   FF   |
+------------------------------+--------+
|dct_coeff_table_0_addr_reg_544|    3   |
|dct_coeff_table_0_load_reg_589|   14   |
|dct_coeff_table_1_addr_reg_549|    3   |
|dct_coeff_table_1_load_reg_594|   15   |
|dct_coeff_table_2_addr_reg_554|    3   |
|dct_coeff_table_2_load_reg_604|   15   |
|dct_coeff_table_3_addr_reg_559|    3   |
|dct_coeff_table_3_load_reg_609|   15   |
|dct_coeff_table_4_addr_reg_564|    3   |
|dct_coeff_table_4_load_reg_619|   15   |
|dct_coeff_table_5_addr_reg_569|    3   |
|dct_coeff_table_5_load_reg_624|   15   |
|dct_coeff_table_6_addr_reg_574|    3   |
|dct_coeff_table_6_load_reg_634|   15   |
|dct_coeff_table_7_addr_reg_579|    3   |
|dct_coeff_table_7_load_reg_644|   15   |
|       exitcond1_reg_535      |    1   |
|          k_1_reg_539         |    4   |
|           k_reg_288          |    4   |
|        p_addr1_reg_584       |    8   |
|      p_addr_cast_reg_530     |    8   |
|       src1_addr_reg_495      |    3   |
|       src1_load_reg_599      |   16   |
|       src2_addr_reg_500      |    3   |
|       src2_load_reg_664      |   16   |
|       src3_addr_reg_505      |    3   |
|       src3_load_reg_614      |   16   |
|       src4_addr_reg_510      |    3   |
|       src4_load_reg_674      |   16   |
|       src5_addr_reg_515      |    3   |
|       src5_load_reg_629      |   16   |
|       src6_addr_reg_520      |    3   |
|       src6_load_reg_639      |   16   |
|       src7_addr_reg_525      |    3   |
|       src7_load_reg_649      |   16   |
|       src_addr_reg_490       |    3   |
|       src_load_reg_654       |   16   |
|         tmp6_reg_684         |   29   |
|         tmp_4_reg_689        |   16   |
|        tmp_8_1_reg_659       |   29   |
|        tmp_8_3_reg_669       |   29   |
|        tmp_8_5_reg_679       |   29   |
+------------------------------+--------+
|             Total            |   452  |
+------------------------------+--------+

* Multiplexer (MUX) list: 
|-------------------|------|------|------|--------||---------||---------|
|        Comp       |  Pin | Size |  BW  | S x BW ||  Delay  ||   LUT   |
|-------------------|------|------|------|--------||---------||---------|
| grp_access_fu_155 |  p0  |   2  |   3  |    6   ||    3    |
| grp_access_fu_167 |  p0  |   2  |   3  |    6   ||    3    |
| grp_access_fu_183 |  p0  |   2  |   3  |    6   ||    3    |
| grp_access_fu_195 |  p0  |   2  |   3  |    6   ||    3    |
| grp_access_fu_211 |  p0  |   2  |   3  |    6   ||    3    |
| grp_access_fu_223 |  p0  |   2  |   3  |    6   ||    3    |
| grp_access_fu_239 |  p0  |   2  |   3  |    6   ||    3    |
| grp_access_fu_255 |  p0  |   2  |   3  |    6   ||    3    |
|     grp_fu_450    |  p1  |   2  |  16  |   32   ||    16   |
|     grp_fu_466    |  p0  |   2  |  15  |   30   ||    15   |
|     grp_fu_474    |  p0  |   2  |  15  |   30   ||    15   |
|     grp_fu_482    |  p0  |   2  |  14  |   28   ||    14   |
|-------------------|------|------|------|--------||---------||---------|
|       Total       |      |      |      |   168  ||  13.02  ||    84   |
|-------------------|------|------|------|--------||---------||---------|



* Summary:
+-----------+--------+--------+--------+--------+
|           | DSP48E |  Delay |   FF   |   LUT  |
+-----------+--------+--------+--------+--------+
|  Function |    8   |    -   |    0   |   71   |
|   Memory  |    -   |    -   |    -   |    -   |
|Multiplexer|    -   |   13   |    -   |   84   |
|  Register |    -   |    -   |   452  |    -   |
+-----------+--------+--------+--------+--------+
|   Total   |    8   |   13   |   452  |   155  |
+-----------+--------+--------+--------+--------+
