

================================================================
== Vivado HLS Report for 'matrixmul'
================================================================
* Date:           Mon Aug 10 14:40:48 2015

* Version:        2015.2 (Build 1266856 on Fri Jun 26 16:57:37 PM 2015)
* Project:        matrixmul_prj
* Solution:       solution1
* Product family: kintex7
* Target device:  xc7k160tfbg484-1


================================================================
== Performance Estimates
================================================================
+ Timing (ns): 
    * Summary: 
    +--------+-------+----------+------------+
    |  Clock | Target| Estimated| Uncertainty|
    +--------+-------+----------+------------+
    |ap_clk  |  13.33|      8.18|        1.67|
    +--------+-------+----------+------------+

+ Latency (clock cycles): 
    * Summary: 
    +-----+-----+-----+-----+---------+
    |  Latency  |  Interval | Pipeline|
    | min | max | min | max |   Type  |
    +-----+-----+-----+-----+---------+
    |   79|   79|   80|   80|   none  |
    +-----+-----+-----+-----+---------+

    + Detail: 
        * Instance: 
        N/A

        * Loop: 
        +--------------+-----+-----+----------+-----------+-----------+------+----------+
        |              |  Latency  | Iteration|  Initiation Interval  | Trip |          |
        |   Loop Name  | min | max |  Latency |  achieved |   target  | Count| Pipelined|
        +--------------+-----+-----+----------+-----------+-----------+------+----------+
        |- Row         |   78|   78|        26|          -|          -|     3|    no    |
        | + Col        |   24|   24|         8|          -|          -|     3|    no    |
        |  ++ Product  |    6|    6|         2|          -|          -|     3|    no    |
        +--------------+-----+-----+----------+-----------+-----------+------+----------+



================================================================
== Utilization Estimates
================================================================
* Summary: 
+-----------------+---------+-------+--------+--------+
|       Name      | BRAM_18K| DSP48E|   FF   |   LUT  |
+-----------------+---------+-------+--------+--------+
|Expression       |        -|      -|       0|      37|
|FIFO             |        -|      -|       -|       -|
|Instance         |        -|      1|       -|       -|
|Memory           |        -|      -|       -|       -|
|Multiplexer      |        -|      -|       -|      23|
|Register         |        -|      -|      45|       -|
+-----------------+---------+-------+--------+--------+
|Total            |        0|      1|      45|      60|
+-----------------+---------+-------+--------+--------+
|Available        |      650|    600|  202800|  101400|
+-----------------+---------+-------+--------+--------+
|Utilization (%)  |        0|   ~0  |   ~0   |   ~0   |
+-----------------+---------+-------+--------+--------+

+ Detail: 
    * Instance: 
    +-----------------------------------------+--------------------------------------+---------+-------+---+----+
    |                 Instance                |                Module                | BRAM_18K| DSP48E| FF| LUT|
    +-----------------------------------------+--------------------------------------+---------+-------+---+----+
    |matrixmul_mac_muladd_8s_8s_16ns_16_1_U0  |matrixmul_mac_muladd_8s_8s_16ns_16_1  |        0|      1|  0|   0|
    +-----------------------------------------+--------------------------------------+---------+-------+---+----+
    |Total                                    |                                      |        0|      1|  0|   0|
    +-----------------------------------------+--------------------------------------+---------+-------+---+----+

    * Memory: 
    N/A

    * FIFO: 
    N/A

    * Expression: 
    +---------------------+----------+-------+---+----+------------+------------+
    |    Variable Name    | Operation| DSP48E| FF| LUT| Bitwidth P0| Bitwidth P1|
    +---------------------+----------+-------+---+----+------------+------------+
    |i_1_fu_127_p2        |     +    |      0|  0|   2|           2|           1|
    |j_1_fu_165_p2        |     +    |      0|  0|   2|           2|           1|
    |k_1_fu_195_p2        |     +    |      0|  0|   2|           2|           1|
    |p_addr1_fu_209_p2    |     +    |      0|  0|   6|           6|           6|
    |p_addr4_fu_245_p2    |     +    |      0|  0|   6|           6|           6|
    |p_addr8_fu_175_p2    |     +    |      0|  0|   6|           6|           6|
    |p_addr3_fu_235_p2    |     -    |      0|  0|   5|           5|           5|
    |p_addr7_fu_149_p2    |     -    |      0|  0|   5|           5|           5|
    |exitcond1_fu_159_p2  |   icmp   |      0|  0|   1|           2|           2|
    |exitcond2_fu_121_p2  |   icmp   |      0|  0|   1|           2|           2|
    |exitcond_fu_189_p2   |   icmp   |      0|  0|   1|           2|           2|
    +---------------------+----------+-------+---+----+------------+------------+
    |Total                |          |      0|  0|  37|          40|          37|
    +---------------------+----------+-------+---+----+------------+------------+

    * Multiplexer: 
    +-----------------+----+-----------+-----+-----------+
    |       Name      | LUT| Input Size| Bits| Total Bits|
    +-----------------+----+-----------+-----+-----------+
    |ap_NS_fsm        |   1|          6|    1|          6|
    |i_reg_75         |   2|          2|    2|          4|
    |j_reg_86         |   2|          2|    2|          4|
    |k_reg_110        |   2|          2|    2|          4|
    |res_load_reg_97  |  16|          2|   16|         32|
    +-----------------+----+-----------+-----+-----------+
    |Total            |  23|         14|   23|         50|
    +-----------------+----+-----------+-----+-----------+

    * Register: 
    +-------------------------+----+----+-----+-----------+
    |           Name          | FF | LUT| Bits| Const Bits|
    +-------------------------+----+----+-----+-----------+
    |ap_CS_fsm                |   5|   0|    5|          0|
    |i_1_reg_278              |   2|   0|    2|          0|
    |i_reg_75                 |   2|   0|    2|          0|
    |j_1_reg_292              |   2|   0|    2|          0|
    |j_reg_86                 |   2|   0|    2|          0|
    |k_1_reg_310              |   2|   0|    2|          0|
    |k_reg_110                |   2|   0|    2|          0|
    |p_addr7_cast_reg_283     |   6|   0|    6|          0|
    |res_addr_reg_302         |   4|   0|    4|          0|
    |res_load_reg_97          |  16|   0|   16|          0|
    |tmp_2_trn6_cast_reg_297  |   2|   0|    6|          4|
    +-------------------------+----+----+-----+-----------+
    |Total                    |  45|   0|   49|          4|
    +-------------------------+----+----+-----+-----------+



================================================================
== Interface
================================================================
* Summary: 
+--------------+-----+-----+------------+--------------+--------------+
|   RTL Ports  | Dir | Bits|  Protocol  | Source Object|    C Type    |
+--------------+-----+-----+------------+--------------+--------------+
|ap_clk        |  in |    1| ap_ctrl_hs |   matrixmul  | return value |
|ap_rst        |  in |    1| ap_ctrl_hs |   matrixmul  | return value |
|ap_start      |  in |    1| ap_ctrl_hs |   matrixmul  | return value |
|ap_done       | out |    1| ap_ctrl_hs |   matrixmul  | return value |
|ap_idle       | out |    1| ap_ctrl_hs |   matrixmul  | return value |
|ap_ready      | out |    1| ap_ctrl_hs |   matrixmul  | return value |
|a_address0    | out |    4|  ap_memory |       a      |     array    |
|a_ce0         | out |    1|  ap_memory |       a      |     array    |
|a_q0          |  in |    8|  ap_memory |       a      |     array    |
|b_address0    | out |    4|  ap_memory |       b      |     array    |
|b_ce0         | out |    1|  ap_memory |       b      |     array    |
|b_q0          |  in |    8|  ap_memory |       b      |     array    |
|res_address0  | out |    4|  ap_memory |      res     |     array    |
|res_ce0       | out |    1|  ap_memory |      res     |     array    |
|res_we0       | out |    1|  ap_memory |      res     |     array    |
|res_d0        | out |   16|  ap_memory |      res     |     array    |
+--------------+-----+-----+------------+--------------+--------------+

