==============================================================
File generated by Vivado(TM) HLS - High-Level Synthesis from C, C++ and SystemC
Version: 2015.2
Copyright (C) 2015 Xilinx Inc. All rights reserved.

==============================================================

@I [LIC-101] Checked out feature [HLS]
@I [HLS-10] Setting target device to 'xc7k160tfbg484-1'
@I [SYN-201] Setting up clock 'default' with a period of 8ns.
@I [HLS-10] Analyzing design file 'dct.cpp' ... 
@I [HLS-10] Validating synthesis directives ...
@I [HLS-10] Starting code transformations ...
@I [XFORM-603] Inlining function 'dct_2d' into 'dct' (dct.cpp:130).
@I [HLS-10] Checking synthesizability ...
@I [XFORM-502] Unrolling all sub-loops inside loop 'DCT_Outer_Loop' (dct.cpp:57) in function 'dct_1d' for pipelining.
@I [XFORM-501] Unrolling loop 'DCT_Inner_Loop' (dct.cpp:59) in function 'dct_1d' completely.
@I [XFORM-102] Partitioning array 'dct_coeff_table' in dimension 2 automatically.
@I [XFORM-101] Partitioning array 'buf_2d_in' (dct.cpp:124) in dimension 2 completely.
@I [XFORM-101] Partitioning array 'col_inbuf' (dct.cpp:71) in dimension 2 completely.
@I [XFORM-721] Changing loop 'Loop_Row_DCT_Loop_proc' (dct.cpp:76) to a process function for dataflow in function 'dct'.
@I [XFORM-721] Changing loop 'Loop_Xpose_Row_Outer_Loop_proc' (dct.cpp:82) to a process function for dataflow in function 'dct'.
@I [XFORM-721] Changing loop 'Loop_Col_DCT_Loop_proc' (dct.cpp:87) to a process function for dataflow in function 'dct'.
@I [XFORM-721] Changing loop 'Loop_Xpose_Col_Outer_Loop_proc' (dct.cpp:93) to a process function for dataflow in function 'dct'.
@I [XFORM-712] Applying dataflow to function 'dct' (dct.cpp:122), detected/extracted 6 process function(s):
	 'read_data'
	 'Loop_Row_DCT_Loop_proc'
	 'Loop_Xpose_Row_Outer_Loop_proc'
	 'Loop_Col_DCT_Loop_proc'
	 'Loop_Xpose_Col_Outer_Loop_proc'
	 'write_data'.
@I [XFORM-602] Inlining function 'dct_1d' into 'Loop_Row_DCT_Loop_proc' (dct.cpp:77->dct.cpp:130) automatically.
@I [XFORM-602] Inlining function 'dct_1d' into 'Loop_Col_DCT_Loop_proc' (dct.cpp:88->dct.cpp:130) automatically.
@I [XFORM-11] Balancing expressions in function 'Loop_Row_DCT_Loop_proc' (dct.cpp:57:61)...8 expression(s) balanced.
@I [XFORM-11] Balancing expressions in function 'Loop_Col_DCT_Loop_proc' (dct.cpp:57:61)...8 expression(s) balanced.
@I [XFORM-541] Flattening a loop nest 'WR_Loop_Row' (dct.cpp:115:67) in function 'write_data'.
@I [XFORM-541] Flattening a loop nest 'RD_Loop_Row' (dct.cpp:103:67) in function 'read_data'.
@I [XFORM-541] Flattening a loop nest 'Row_DCT_Loop' (dct.cpp:76:66) in function 'Loop_Row_DCT_Loop_proc'.
@I [XFORM-541] Flattening a loop nest 'Xpose_Row_Outer_Loop' (dct.cpp:82:1) in function 'Loop_Xpose_Row_Outer_Loop_proc'.
@I [XFORM-541] Flattening a loop nest 'Col_DCT_Loop' (dct.cpp:87:67) in function 'Loop_Col_DCT_Loop_proc'.
@I [XFORM-541] Flattening a loop nest 'Xpose_Col_Outer_Loop' (dct.cpp:93:1) in function 'Loop_Xpose_Col_Outer_Loop_proc'.
@I [HLS-111] Elapsed time: 14.354 seconds; current memory usage: 140 MB.
@I [HLS-10] Starting hardware synthesis ...
@I [HLS-10] Synthesizing 'dct' ...
@W [SYN-107] Renaming port name 'dct/input' to 'dct/input_r' to avoid the conflict with HDL keywords or other object names.
@W [SYN-107] Renaming port name 'dct/output' to 'dct/output_r' to avoid the conflict with HDL keywords or other object names.
@I [HLS-10] ----------------------------------------------------------------
@I [HLS-10] -- Scheduling module 'dct_read_data' 
@I [HLS-10] ----------------------------------------------------------------
@I [SCHED-11] Starting scheduling ...
@I [SCHED-61] Pipelining loop 'RD_Loop_Row_RD_Loop_Col'.
@I [SCHED-61] Pipelining result: Target II: 1, Final II: 1, Depth: 2.
@I [SCHED-11] Finished scheduling.
@I [HLS-111] Elapsed time: 0.1 seconds; current memory usage: 141 MB.
@I [HLS-10] ----------------------------------------------------------------
@I [HLS-10] -- Exploring micro-architecture for module 'dct_read_data' 
@I [HLS-10] ----------------------------------------------------------------
@I [BIND-100] Starting micro-architecture generation ...
@I [BIND-101] Performing variable lifetime analysis.
@I [BIND-101] Exploring resource sharing.
@I [BIND-101] Binding ...
@I [BIND-100] Finished micro-architecture generation.
@I [HLS-111] Elapsed time: 0.211 seconds; current memory usage: 141 MB.
@I [HLS-10] ----------------------------------------------------------------
@I [HLS-10] -- Scheduling module 'dct_Loop_Row_DCT_Loop_proc' 
@I [HLS-10] ----------------------------------------------------------------
@I [SCHED-11] Starting scheduling ...
@I [SCHED-61] Pipelining loop 'Row_DCT_Loop_DCT_Outer_Loop'.
@I [SCHED-61] Pipelining result: Target II: 1, Final II: 1, Depth: 5.
@W [SCHED-21] Estimated clock period (8.93ns) exceeds the target (target clock period: 8ns, clock uncertainty: 1ns, effective delay budget: 7ns).
@W [SCHED-21] The critical path consists of the following:
	'mul' operation ('tmp_8_5_i', dct.cpp:61->dct.cpp:77->dct.cpp:130) (2.84 ns)
	'add' operation ('tmp4', dct.cpp:63->dct.cpp:77->dct.cpp:130) (2.95 ns)
	'add' operation ('tmp3', dct.cpp:63->dct.cpp:77->dct.cpp:130) (1.7 ns)
	'add' operation ('tmp_2_i', dct.cpp:63->dct.cpp:77->dct.cpp:130) (1.44 ns)
@I [SCHED-11] Finished scheduling.
@I [HLS-111] Elapsed time: 0.141 seconds; current memory usage: 142 MB.
@I [HLS-10] ----------------------------------------------------------------
@I [HLS-10] -- Exploring micro-architecture for module 'dct_Loop_Row_DCT_Loop_proc' 
@I [HLS-10] ----------------------------------------------------------------
@I [BIND-100] Starting micro-architecture generation ...
@I [BIND-101] Performing variable lifetime analysis.
@I [BIND-101] Exploring resource sharing.
@I [BIND-101] Binding ...
@I [BIND-100] Finished micro-architecture generation.
@I [HLS-111] Elapsed time: 0.164 seconds; current memory usage: 142 MB.
@I [HLS-10] ----------------------------------------------------------------
@I [HLS-10] -- Scheduling module 'dct_Loop_Xpose_Row_Outer_Loop_proc' 
@I [HLS-10] ----------------------------------------------------------------
@I [SCHED-11] Starting scheduling ...
@I [SCHED-61] Pipelining loop 'Xpose_Row_Outer_Loop_Xpose_Row_Inner_Loop'.
@I [SCHED-61] Pipelining result: Target II: 1, Final II: 1, Depth: 2.
@I [SCHED-11] Finished scheduling.
@I [HLS-111] Elapsed time: 0.108 seconds; current memory usage: 142 MB.
@I [HLS-10] ----------------------------------------------------------------
@I [HLS-10] -- Exploring micro-architecture for module 'dct_Loop_Xpose_Row_Outer_Loop_proc' 
@I [HLS-10] ----------------------------------------------------------------
@I [BIND-100] Starting micro-architecture generation ...
@I [BIND-101] Performing variable lifetime analysis.
@I [BIND-101] Exploring resource sharing.
@I [BIND-101] Binding ...
@I [BIND-100] Finished micro-architecture generation.
@I [HLS-111] Elapsed time: 0.179 seconds; current memory usage: 142 MB.
@I [HLS-10] ----------------------------------------------------------------
@I [HLS-10] -- Scheduling module 'dct_Loop_Col_DCT_Loop_proc' 
@I [HLS-10] ----------------------------------------------------------------
@I [SCHED-11] Starting scheduling ...
@I [SCHED-61] Pipelining loop 'Col_DCT_Loop_DCT_Outer_Loop'.
@I [SCHED-61] Pipelining result: Target II: 1, Final II: 1, Depth: 5.
@W [SCHED-21] Estimated clock period (8.93ns) exceeds the target (target clock period: 8ns, clock uncertainty: 1ns, effective delay budget: 7ns).
@W [SCHED-21] The critical path consists of the following:
	'mul' operation ('tmp_8_5_i', dct.cpp:61->dct.cpp:88->dct.cpp:130) (2.84 ns)
	'add' operation ('tmp4', dct.cpp:63->dct.cpp:88->dct.cpp:130) (2.95 ns)
	'add' operation ('tmp3', dct.cpp:63->dct.cpp:88->dct.cpp:130) (1.7 ns)
	'add' operation ('tmp_2_i', dct.cpp:63->dct.cpp:88->dct.cpp:130) (1.44 ns)
@I [SCHED-11] Finished scheduling.
@I [HLS-111] Elapsed time: 0.138 seconds; current memory usage: 143 MB.
@I [HLS-10] ----------------------------------------------------------------
@I [HLS-10] -- Exploring micro-architecture for module 'dct_Loop_Col_DCT_Loop_proc' 
@I [HLS-10] ----------------------------------------------------------------
@I [BIND-100] Starting micro-architecture generation ...
@I [BIND-101] Performing variable lifetime analysis.
@I [BIND-101] Exploring resource sharing.
@I [BIND-101] Binding ...
@I [BIND-100] Finished micro-architecture generation.
@I [HLS-111] Elapsed time: 0.276 seconds; current memory usage: 143 MB.
@I [HLS-10] ----------------------------------------------------------------
@I [HLS-10] -- Scheduling module 'dct_Loop_Xpose_Col_Outer_Loop_proc' 
@I [HLS-10] ----------------------------------------------------------------
@I [SCHED-11] Starting scheduling ...
@I [SCHED-61] Pipelining loop 'Xpose_Col_Outer_Loop_Xpose_Col_Inner_Loop'.
@I [SCHED-61] Pipelining result: Target II: 1, Final II: 1, Depth: 2.
@I [SCHED-11] Finished scheduling.
@I [HLS-111] Elapsed time: 0.113 seconds; current memory usage: 143 MB.
@I [HLS-10] ----------------------------------------------------------------
@I [HLS-10] -- Exploring micro-architecture for module 'dct_Loop_Xpose_Col_Outer_Loop_proc' 
@I [HLS-10] ----------------------------------------------------------------
@I [BIND-100] Starting micro-architecture generation ...
@I [BIND-101] Performing variable lifetime analysis.
@I [BIND-101] Exploring resource sharing.
@I [BIND-101] Binding ...
@I [BIND-100] Finished micro-architecture generation.
@I [HLS-111] Elapsed time: 0.236 seconds; current memory usage: 143 MB.
@I [HLS-10] ----------------------------------------------------------------
@I [HLS-10] -- Scheduling module 'dct_write_data' 
@I [HLS-10] ----------------------------------------------------------------
@I [SCHED-11] Starting scheduling ...
@I [SCHED-61] Pipelining loop 'WR_Loop_Row_WR_Loop_Col'.
@I [SCHED-61] Pipelining result: Target II: 1, Final II: 1, Depth: 2.
@I [SCHED-11] Finished scheduling.
@I [HLS-111] Elapsed time: 0.071 seconds; current memory usage: 143 MB.
@I [HLS-10] ----------------------------------------------------------------
@I [HLS-10] -- Exploring micro-architecture for module 'dct_write_data' 
@I [HLS-10] ----------------------------------------------------------------
@I [BIND-100] Starting micro-architecture generation ...
@I [BIND-101] Performing variable lifetime analysis.
@I [BIND-101] Exploring resource sharing.
@I [BIND-101] Binding ...
@I [BIND-100] Finished micro-architecture generation.
@I [HLS-111] Elapsed time: 0.113 seconds; current memory usage: 143 MB.
@I [HLS-10] ----------------------------------------------------------------
@I [HLS-10] -- Scheduling module 'dct' 
@I [HLS-10] ----------------------------------------------------------------
@I [SCHED-11] Starting scheduling ...
@I [SCHED-11] Finished scheduling.
@I [HLS-111] Elapsed time: 0.059 seconds; current memory usage: 143 MB.
@I [HLS-10] ----------------------------------------------------------------
@I [HLS-10] -- Exploring micro-architecture for module 'dct' 
@I [HLS-10] ----------------------------------------------------------------
@I [BIND-100] Starting micro-architecture generation ...
@I [BIND-101] Performing variable lifetime analysis.
@I [BIND-101] Exploring resource sharing.
@I [BIND-101] Binding ...
@I [BIND-100] Finished micro-architecture generation.
@I [HLS-111] Elapsed time: 0.259 seconds; current memory usage: 143 MB.
@I [HLS-10] ----------------------------------------------------------------
@I [HLS-10] -- Generating RTL for module 'dct_read_data' 
@I [HLS-10] ----------------------------------------------------------------
@I [RTGEN-100] Finished creating RTL model for 'dct_read_data'.
@I [HLS-111] Elapsed time: 0.171 seconds; current memory usage: 143 MB.
@I [HLS-10] ----------------------------------------------------------------
@I [HLS-10] -- Generating RTL for module 'dct_Loop_Row_DCT_Loop_proc' 
@I [HLS-10] ----------------------------------------------------------------
@I [RTGEN-100] Generating core module 'dct_mac_muladd_16s_15s_14ns_29_1': 1 instance(s).
@I [RTGEN-100] Generating core module 'dct_mac_muladd_16s_15s_29s_29_1': 4 instance(s).
@I [RTGEN-100] Finished creating RTL model for 'dct_Loop_Row_DCT_Loop_proc'.
@I [HLS-111] Elapsed time: 0.282 seconds; current memory usage: 144 MB.
@I [HLS-10] ----------------------------------------------------------------
@I [HLS-10] -- Generating RTL for module 'dct_Loop_Xpose_Row_Outer_Loop_proc' 
@I [HLS-10] ----------------------------------------------------------------
@I [RTGEN-100] Finished creating RTL model for 'dct_Loop_Xpose_Row_Outer_Loop_proc'.
@I [HLS-111] Elapsed time: 0.404 seconds; current memory usage: 145 MB.
@I [HLS-10] ----------------------------------------------------------------
@I [HLS-10] -- Generating RTL for module 'dct_Loop_Col_DCT_Loop_proc' 
@I [HLS-10] ----------------------------------------------------------------
@I [RTGEN-100] Generating core module 'dct_mac_muladd_16s_15s_14ns_29_1': 1 instance(s).
@I [RTGEN-100] Generating core module 'dct_mac_muladd_16s_15s_29s_29_1': 4 instance(s).
@I [RTGEN-100] Finished creating RTL model for 'dct_Loop_Col_DCT_Loop_proc'.
@I [HLS-111] Elapsed time: 0.277 seconds; current memory usage: 145 MB.
@I [HLS-10] ----------------------------------------------------------------
@I [HLS-10] -- Generating RTL for module 'dct_Loop_Xpose_Col_Outer_Loop_proc' 
@I [HLS-10] ----------------------------------------------------------------
@I [RTGEN-100] Finished creating RTL model for 'dct_Loop_Xpose_Col_Outer_Loop_proc'.
@I [HLS-111] Elapsed time: 0.483 seconds; current memory usage: 146 MB.
@I [HLS-10] ----------------------------------------------------------------
@I [HLS-10] -- Generating RTL for module 'dct_write_data' 
@I [HLS-10] ----------------------------------------------------------------
@I [RTGEN-100] Finished creating RTL model for 'dct_write_data'.
@I [HLS-111] Elapsed time: 0.242 seconds; current memory usage: 146 MB.
@I [HLS-10] ----------------------------------------------------------------
@I [HLS-10] -- Generating RTL for module 'dct' 
@I [HLS-10] ----------------------------------------------------------------
@I [RTGEN-500] Setting interface mode on port 'dct/input_r' to 'ap_memory'.
@I [RTGEN-500] Setting interface mode on port 'dct/output_r' to 'ap_memory'.
@I [RTGEN-500] Setting interface mode on function 'dct' to 'ap_ctrl_hs'.
@I [RTGEN-100] Finished creating RTL model for 'dct'.
@I [HLS-111] Elapsed time: 0.32 seconds; current memory usage: 148 MB.
@I [RTMG-279] Implementing memory 'dct_Loop_Row_DCT_Loop_proc_dct_coeff_table_0_rom' using distributed ROMs.
@I [RTMG-279] Implementing memory 'dct_Loop_Row_DCT_Loop_proc_dct_coeff_table_1_rom' using distributed ROMs.
@I [RTMG-279] Implementing memory 'dct_Loop_Row_DCT_Loop_proc_dct_coeff_table_2_rom' using distributed ROMs.
@I [RTMG-279] Implementing memory 'dct_Loop_Row_DCT_Loop_proc_dct_coeff_table_3_rom' using distributed ROMs.
@I [RTMG-279] Implementing memory 'dct_Loop_Row_DCT_Loop_proc_dct_coeff_table_4_rom' using distributed ROMs.
@I [RTMG-279] Implementing memory 'dct_Loop_Row_DCT_Loop_proc_dct_coeff_table_5_rom' using distributed ROMs.
@I [RTMG-279] Implementing memory 'dct_Loop_Row_DCT_Loop_proc_dct_coeff_table_6_rom' using distributed ROMs.
@I [RTMG-279] Implementing memory 'dct_Loop_Row_DCT_Loop_proc_dct_coeff_table_7_rom' using distributed ROMs.
@I [RTMG-278] Implementing memory 'dct_row_outbuf_i_memcore_ram' using block RAMs.
@I [RTMG-278] Implementing memory 'dct_col_inbuf_0_memcore_ram' using distributed RAMs.
@I [HLS-10] Finished generating all RTL models.
@I [WSYSC-301] Generating RTL SystemC for 'dct'.
@I [WVHDL-304] Generating RTL VHDL for 'dct'.
@I [WVLOG-307] Generating RTL Verilog for 'dct'.
@I [HLS-112] Total elapsed time: 20.765 seconds; peak memory usage: 148 MB.
@I [LIC-101] Checked in feature [HLS]
