

================================================================
== Vivado HLS Report for 'matrixmul'
================================================================
* Date:           Mon Aug 10 14:40:49 2015

* Version:        2015.2 (Build 1266856 on Fri Jun 26 16:57:37 PM 2015)
* Project:        matrixmul_prj
* Solution:       solution1
* Product family: kintex7
* Target device:  xc7k160tfbg484-1


================================================================
== Performance Estimates
================================================================
+ Timing (ns): 
    * Summary: 
    +--------+-------+----------+------------+
    |  Clock | Target| Estimated| Uncertainty|
    +--------+-------+----------+------------+
    |ap_clk  |  13.33|      8.18|        1.67|
    +--------+-------+----------+------------+

+ Latency (clock cycles): 
    * Summary: 
    +-----+-----+-----+-----+---------+
    |  Latency  |  Interval | Pipeline|
    | min | max | min | max |   Type  |
    +-----+-----+-----+-----+---------+
    |   79|   79|   80|   80|   none  |
    +-----+-----+-----+-----+---------+

    + Detail: 
        * Instance: 
        N/A

        * Loop: 
        +--------------+-----+-----+----------+-----------+-----------+------+----------+
        |              |  Latency  | Iteration|  Initiation Interval  | Trip |          |
        |   Loop Name  | min | max |  Latency |  achieved |   target  | Count| Pipelined|
        +--------------+-----+-----+----------+-----------+-----------+------+----------+
        |- Row         |   78|   78|        26|          -|          -|     3|    no    |
        | + Col        |   24|   24|         8|          -|          -|     3|    no    |
        |  ++ Product  |    6|    6|         2|          -|          -|     3|    no    |
        +--------------+-----+-----+----------+-----------+-----------+------+----------+



================================================================
== Utilization Estimates
================================================================
* Summary: 
+-----------------+---------+-------+--------+--------+
|       Name      | BRAM_18K| DSP48E|   FF   |   LUT  |
+-----------------+---------+-------+--------+--------+
|Expression       |        -|      -|       0|      37|
|FIFO             |        -|      -|       -|       -|
|Instance         |        -|      1|       -|       -|
|Memory           |        -|      -|       -|       -|
|Multiplexer      |        -|      -|       -|      23|
|Register         |        -|      -|      45|       -|
+-----------------+---------+-------+--------+--------+
|Total            |        0|      1|      45|      60|
+-----------------+---------+-------+--------+--------+
|Available        |      650|    600|  202800|  101400|
+-----------------+---------+-------+--------+--------+
|Utilization (%)  |        0|   ~0  |   ~0   |   ~0   |
+-----------------+---------+-------+--------+--------+

+ Detail: 
    * Instance: 
    +-----------------------------------------+--------------------------------------+---------+-------+---+----+
    |                 Instance                |                Module                | BRAM_18K| DSP48E| FF| LUT|
    +-----------------------------------------+--------------------------------------+---------+-------+---+----+
    |matrixmul_mac_muladd_8s_8s_16ns_16_1_U0  |matrixmul_mac_muladd_8s_8s_16ns_16_1  |        0|      1|  0|   0|
    +-----------------------------------------+--------------------------------------+---------+-------+---+----+
    |Total                                    |                                      |        0|      1|  0|   0|
    +-----------------------------------------+--------------------------------------+---------+-------+---+----+

    * Memory: 
    N/A

    * FIFO: 
    N/A

    * Expression: 
    +---------------------+----------+-------+---+----+------------+------------+
    |    Variable Name    | Operation| DSP48E| FF| LUT| Bitwidth P0| Bitwidth P1|
    +---------------------+----------+-------+---+----+------------+------------+
    |i_1_fu_127_p2        |     +    |      0|  0|   2|           2|           1|
    |j_1_fu_165_p2        |     +    |      0|  0|   2|           2|           1|
    |k_1_fu_195_p2        |     +    |      0|  0|   2|           2|           1|
    |p_addr1_fu_209_p2    |     +    |      0|  0|   6|           6|           6|
    |p_addr4_fu_245_p2    |     +    |      0|  0|   6|           6|           6|
    |p_addr8_fu_175_p2    |     +    |      0|  0|   6|           6|           6|
    |p_addr3_fu_235_p2    |     -    |      0|  0|   5|           5|           5|
    |p_addr7_fu_149_p2    |     -    |      0|  0|   5|           5|           5|
    |exitcond1_fu_159_p2  |   icmp   |      0|  0|   1|           2|           2|
    |exitcond2_fu_121_p2  |   icmp   |      0|  0|   1|           2|           2|
    |exitcond_fu_189_p2   |   icmp   |      0|  0|   1|           2|           2|
    +---------------------+----------+-------+---+----+------------+------------+
    |Total                |          |      0|  0|  37|          40|          37|
    +---------------------+----------+-------+---+----+------------+------------+

    * Multiplexer: 
    +-----------------+----+-----------+-----+-----------+
    |       Name      | LUT| Input Size| Bits| Total Bits|
    +-----------------+----+-----------+-----+-----------+
    |ap_NS_fsm        |   1|          6|    1|          6|
    |i_reg_75         |   2|          2|    2|          4|
    |j_reg_86         |   2|          2|    2|          4|
    |k_reg_110        |   2|          2|    2|          4|
    |res_load_reg_97  |  16|          2|   16|         32|
    +-----------------+----+-----------+-----+-----------+
    |Total            |  23|         14|   23|         50|
    +-----------------+----+-----------+-----+-----------+

    * Register: 
    +-------------------------+----+----+-----+-----------+
    |           Name          | FF | LUT| Bits| Const Bits|
    +-------------------------+----+----+-----+-----------+
    |ap_CS_fsm                |   5|   0|    5|          0|
    |i_1_reg_278              |   2|   0|    2|          0|
    |i_reg_75                 |   2|   0|    2|          0|
    |j_1_reg_292              |   2|   0|    2|          0|
    |j_reg_86                 |   2|   0|    2|          0|
    |k_1_reg_310              |   2|   0|    2|          0|
    |k_reg_110                |   2|   0|    2|          0|
    |p_addr7_cast_reg_283     |   6|   0|    6|          0|
    |res_addr_reg_302         |   4|   0|    4|          0|
    |res_load_reg_97          |  16|   0|   16|          0|
    |tmp_2_trn6_cast_reg_297  |   2|   0|    6|          4|
    +-------------------------+----+----+-----+-----------+
    |Total                    |  45|   0|   49|          4|
    +-------------------------+----+----+-----+-----------+



================================================================
== Interface
================================================================
* Summary: 
+--------------+-----+-----+------------+--------------+--------------+
|   RTL Ports  | Dir | Bits|  Protocol  | Source Object|    C Type    |
+--------------+-----+-----+------------+--------------+--------------+
|ap_clk        |  in |    1| ap_ctrl_hs |   matrixmul  | return value |
|ap_rst        |  in |    1| ap_ctrl_hs |   matrixmul  | return value |
|ap_start      |  in |    1| ap_ctrl_hs |   matrixmul  | return value |
|ap_done       | out |    1| ap_ctrl_hs |   matrixmul  | return value |
|ap_idle       | out |    1| ap_ctrl_hs |   matrixmul  | return value |
|ap_ready      | out |    1| ap_ctrl_hs |   matrixmul  | return value |
|a_address0    | out |    4|  ap_memory |       a      |     array    |
|a_ce0         | out |    1|  ap_memory |       a      |     array    |
|a_q0          |  in |    8|  ap_memory |       a      |     array    |
|b_address0    | out |    4|  ap_memory |       b      |     array    |
|b_ce0         | out |    1|  ap_memory |       b      |     array    |
|b_q0          |  in |    8|  ap_memory |       b      |     array    |
|res_address0  | out |    4|  ap_memory |      res     |     array    |
|res_ce0       | out |    1|  ap_memory |      res     |     array    |
|res_we0       | out |    1|  ap_memory |      res     |     array    |
|res_d0        | out |   16|  ap_memory |      res     |     array    |
+--------------+-----+-----+------------+--------------+--------------+

============================================================
+ Verbose Summary: Synthesis Manager
============================================================
InlineROM: 1
ExposeGlobal: 0
============================================================
+ Verbose Summary: CDFG Model
============================================================
IsTopModel: 1
ResetActiveHigh: 1
IsCombinational: 2
IsDatapathOnly: 2
HasWiredReturn: 1
HasMFsm: 0
HasVarLatency: 1
IsPipeline: 0
IsRtlPipelined: 0
IsInstanceOverlapped: 0
IsDontTouch: 0
HasImplIP: 0
IsGatedGlobalClock: 0


============================================================
+ Verbose Summary: Schedule
============================================================
* Number of FSM states: 5
* Pipeline: 0
* Dataflow Pipeline: 0

* FSM state transitions: 
1 --> 
	2  / true
2 --> 
	3  / (!exitcond2)
3 --> 
	4  / (!exitcond1)
	2  / (exitcond1)
4 --> 
	5  / (!exitcond)
	3  / (exitcond)
5 --> 
	4  / true
* FSM state operations: 

 <State 1>: 1.09ns
ST_1: stg_6 [1/1] 0.00ns
:0  call void (...)* @_ssdm_op_SpecBitsMap([9 x i8]* %a) nounwind, !map !0

ST_1: stg_7 [1/1] 0.00ns
:1  call void (...)* @_ssdm_op_SpecBitsMap([9 x i8]* %b) nounwind, !map !6

ST_1: stg_8 [1/1] 0.00ns
:2  call void (...)* @_ssdm_op_SpecBitsMap([9 x i16]* %res) nounwind, !map !10

ST_1: stg_9 [1/1] 0.00ns
:3  call void (...)* @_ssdm_op_SpecTopModule([10 x i8]* @matrixmul_str) nounwind

ST_1: stg_10 [1/1] 1.09ns
:4  br label %1


 <State 2>: 1.09ns
ST_2: i [1/1] 0.00ns
:0  %i = phi i2 [ 0, %0 ], [ %i_1, %8 ]

ST_2: exitcond2 [1/1] 0.85ns
:1  %exitcond2 = icmp eq i2 %i, -1

ST_2: empty [1/1] 0.00ns
:2  %empty = call i32 (...)* @_ssdm_op_SpecLoopTripCount(i64 3, i64 3, i64 3) nounwind

ST_2: i_1 [1/1] 0.48ns
:3  %i_1 = add i2 %i, 1

ST_2: stg_15 [1/1] 0.00ns
:4  br i1 %exitcond2, label %9, label %2

ST_2: stg_16 [1/1] 0.00ns
:0  call void (...)* @_ssdm_op_SpecLoopName([4 x i8]* @p_str) nounwind

ST_2: tmp_1 [1/1] 0.00ns
:1  %tmp_1 = call i32 (...)* @_ssdm_op_SpecRegionBegin([4 x i8]* @p_str) nounwind

ST_2: tmp_trn5_cast [1/1] 0.00ns
:2  %tmp_trn5_cast = zext i2 %i to i5

ST_2: tmp [1/1] 0.00ns
:3  %tmp = call i4 @_ssdm_op_BitConcatenate.i4.i2.i2(i2 %i, i2 0)

ST_2: p_shl_cast [1/1] 0.00ns
:4  %p_shl_cast = zext i4 %tmp to i5

ST_2: p_addr7 [1/1] 0.48ns
:5  %p_addr7 = sub i5 %p_shl_cast, %tmp_trn5_cast

ST_2: p_addr7_cast [1/1] 0.00ns
:6  %p_addr7_cast = sext i5 %p_addr7 to i6

ST_2: stg_23 [1/1] 1.09ns
:7  br label %3

ST_2: stg_24 [1/1] 0.00ns
:0  ret void


 <State 3>: 1.34ns
ST_3: j [1/1] 0.00ns
:0  %j = phi i2 [ 0, %2 ], [ %j_1, %7 ]

ST_3: exitcond1 [1/1] 0.85ns
:1  %exitcond1 = icmp eq i2 %j, -1

ST_3: empty_2 [1/1] 0.00ns
:2  %empty_2 = call i32 (...)* @_ssdm_op_SpecLoopTripCount(i64 3, i64 3, i64 3) nounwind

ST_3: j_1 [1/1] 0.48ns
:3  %j_1 = add i2 %j, 1

ST_3: stg_29 [1/1] 0.00ns
:4  br i1 %exitcond1, label %8, label %4

ST_3: stg_30 [1/1] 0.00ns
:0  call void (...)* @_ssdm_op_SpecLoopName([4 x i8]* @p_str1) nounwind

ST_3: tmp_3 [1/1] 0.00ns
:1  %tmp_3 = call i32 (...)* @_ssdm_op_SpecRegionBegin([4 x i8]* @p_str1) nounwind

ST_3: tmp_2_trn6_cast [1/1] 0.00ns
:2  %tmp_2_trn6_cast = zext i2 %j to i6

ST_3: p_addr8 [1/1] 1.34ns
:3  %p_addr8 = add i6 %tmp_2_trn6_cast, %p_addr7_cast

ST_3: p_addr8_cast [1/1] 0.00ns
:4  %p_addr8_cast = sext i6 %p_addr8 to i32

ST_3: tmp_2 [1/1] 0.00ns
:5  %tmp_2 = zext i32 %p_addr8_cast to i64

ST_3: res_addr [1/1] 0.00ns
:6  %res_addr = getelementptr [9 x i16]* %res, i64 0, i64 %tmp_2

ST_3: stg_37 [1/1] 1.09ns
:7  br label %5

ST_3: empty_5 [1/1] 0.00ns
:0  %empty_5 = call i32 (...)* @_ssdm_op_SpecRegionEnd([4 x i8]* @p_str, i32 %tmp_1) nounwind

ST_3: stg_39 [1/1] 0.00ns
:1  br label %1


 <State 4>: 4.21ns
ST_4: res_load [1/1] 0.00ns
:0  %res_load = phi i16 [ 0, %4 ], [ %tmp_8, %6 ]

ST_4: k [1/1] 0.00ns
:1  %k = phi i2 [ 0, %4 ], [ %k_1, %6 ]

ST_4: stg_42 [1/1] 2.39ns
:2  store i16 %res_load, i16* %res_addr, align 2

ST_4: exitcond [1/1] 0.85ns
:3  %exitcond = icmp eq i2 %k, -1

ST_4: empty_3 [1/1] 0.00ns
:4  %empty_3 = call i32 (...)* @_ssdm_op_SpecLoopTripCount(i64 3, i64 3, i64 3) nounwind

ST_4: k_1 [1/1] 0.48ns
:5  %k_1 = add i2 %k, 1

ST_4: stg_46 [1/1] 0.00ns
:6  br i1 %exitcond, label %7, label %6

ST_4: tmp_4_trn_cast1 [1/1] 0.00ns
:1  %tmp_4_trn_cast1 = zext i2 %k to i6

ST_4: tmp_4_trn_cast [1/1] 0.00ns
:2  %tmp_4_trn_cast = zext i2 %k to i5

ST_4: p_addr1 [1/1] 1.34ns
:3  %p_addr1 = add i6 %p_addr7_cast, %tmp_4_trn_cast1

ST_4: p_addr1_cast [1/1] 0.00ns
:4  %p_addr1_cast = sext i6 %p_addr1 to i32

ST_4: tmp_4 [1/1] 0.00ns
:5  %tmp_4 = zext i32 %p_addr1_cast to i64

ST_4: a_addr [1/1] 0.00ns
:6  %a_addr = getelementptr [9 x i8]* %a, i64 0, i64 %tmp_4

ST_4: a_load [2/2] 2.39ns
:7  %a_load = load i8* %a_addr, align 1

ST_4: tmp_9 [1/1] 0.00ns
:9  %tmp_9 = call i4 @_ssdm_op_BitConcatenate.i4.i2.i2(i2 %k, i2 0)

ST_4: p_shl9_cast [1/1] 0.00ns
:10  %p_shl9_cast = zext i4 %tmp_9 to i5

ST_4: p_addr3 [1/1] 0.48ns
:11  %p_addr3 = sub i5 %p_shl9_cast, %tmp_4_trn_cast

ST_4: p_addr3_cast [1/1] 0.00ns
:12  %p_addr3_cast = sext i5 %p_addr3 to i6

ST_4: p_addr4 [1/1] 1.34ns
:13  %p_addr4 = add i6 %p_addr3_cast, %tmp_2_trn6_cast

ST_4: p_addr4_cast [1/1] 0.00ns
:14  %p_addr4_cast = sext i6 %p_addr4 to i32

ST_4: tmp_s [1/1] 0.00ns
:15  %tmp_s = zext i32 %p_addr4_cast to i64

ST_4: b_addr [1/1] 0.00ns
:16  %b_addr = getelementptr [9 x i8]* %b, i64 0, i64 %tmp_s

ST_4: b_load [2/2] 2.39ns
:17  %b_load = load i8* %b_addr, align 1

ST_4: empty_4 [1/1] 0.00ns
:0  %empty_4 = call i32 (...)* @_ssdm_op_SpecRegionEnd([4 x i8]* @p_str1, i32 %tmp_3) nounwind

ST_4: stg_64 [1/1] 0.00ns
:1  br label %3


 <State 5>: 8.18ns
ST_5: stg_65 [1/1] 0.00ns
:0  call void (...)* @_ssdm_op_SpecLoopName([8 x i8]* @p_str2) nounwind

ST_5: a_load [1/2] 2.39ns
:7  %a_load = load i8* %a_addr, align 1

ST_5: tmp_5 [1/1] 0.00ns
:8  %tmp_5 = sext i8 %a_load to i16

ST_5: b_load [1/2] 2.39ns
:17  %b_load = load i8* %b_addr, align 1

ST_5: tmp_6 [1/1] 0.00ns
:18  %tmp_6 = sext i8 %b_load to i16

ST_5: tmp_7 [1/1] 2.84ns
:19  %tmp_7 = mul i16 %tmp_6, %tmp_5

ST_5: tmp_8 [1/1] 2.95ns
:20  %tmp_8 = add i16 %tmp_7, %res_load

ST_5: stg_72 [1/1] 0.00ns
:21  br label %5



============================================================
+ Verbose Summary: Binding
============================================================
STG Binding: 
---------------- STG Properties BEGIN ----------------
- Is combinational: 0
- Is one-state seq: 0
- Is datapath-only: 0
- Is clock enabled: 0
- Is pipelined: 0
- Is top level: 1
Port [ Return ] is wired: 1; IO mode=ap_ctrl_hs:ce=0
Port [ a]:  wired=1; compound=1; hidden=0; nouse=0; global=0; static=0; extern=0; dir=0; type=1; mode=0x4a35a1cde0; pingpong=0; private_global=0; MemPort=[13]; IO mode=ap_memory:ce=0
Port [ b]:  wired=1; compound=1; hidden=0; nouse=0; global=0; static=0; extern=0; dir=0; type=1; mode=0x4a35a1cd50; pingpong=0; private_global=0; MemPort=[13]; IO mode=ap_memory:ce=0
Port [ res]:  wired=1; compound=1; hidden=0; nouse=0; global=0; static=0; extern=0; dir=1; type=1; mode=0x4a35a1df50; pingpong=0; private_global=0; MemPort=[03]; IO mode=ap_memory:ce=0
---------------- STG Properties END ------------------

---------------- Datapath Model BEGIN ----------------

<LifeTime>
<method=bitvector/>
stg_6           (specbitsmap      ) [ 000000]
stg_7           (specbitsmap      ) [ 000000]
stg_8           (specbitsmap      ) [ 000000]
stg_9           (spectopmodule    ) [ 000000]
stg_10          (br               ) [ 011111]
i               (phi              ) [ 001000]
exitcond2       (icmp             ) [ 001111]
empty           (speclooptripcount) [ 000000]
i_1             (add              ) [ 011111]
stg_15          (br               ) [ 000000]
stg_16          (specloopname     ) [ 000000]
tmp_1           (specregionbegin  ) [ 000111]
tmp_trn5_cast   (zext             ) [ 000000]
tmp             (bitconcatenate   ) [ 000000]
p_shl_cast      (zext             ) [ 000000]
p_addr7         (sub              ) [ 000000]
p_addr7_cast    (sext             ) [ 000111]
stg_23          (br               ) [ 001111]
stg_24          (ret              ) [ 000000]
j               (phi              ) [ 000100]
exitcond1       (icmp             ) [ 001111]
empty_2         (speclooptripcount) [ 000000]
j_1             (add              ) [ 001111]
stg_29          (br               ) [ 000000]
stg_30          (specloopname     ) [ 000000]
tmp_3           (specregionbegin  ) [ 000011]
tmp_2_trn6_cast (zext             ) [ 000011]
p_addr8         (add              ) [ 000000]
p_addr8_cast    (sext             ) [ 000000]
tmp_2           (zext             ) [ 000000]
res_addr        (getelementptr    ) [ 000011]
stg_37          (br               ) [ 001111]
empty_5         (specregionend    ) [ 000000]
stg_39          (br               ) [ 011111]
res_load        (phi              ) [ 000011]
k               (phi              ) [ 000010]
stg_42          (store            ) [ 000000]
exitcond        (icmp             ) [ 001111]
empty_3         (speclooptripcount) [ 000000]
k_1             (add              ) [ 001111]
stg_46          (br               ) [ 000000]
tmp_4_trn_cast1 (zext             ) [ 000000]
tmp_4_trn_cast  (zext             ) [ 000000]
p_addr1         (add              ) [ 000000]
p_addr1_cast    (sext             ) [ 000000]
tmp_4           (zext             ) [ 000000]
a_addr          (getelementptr    ) [ 000001]
tmp_9           (bitconcatenate   ) [ 000000]
p_shl9_cast     (zext             ) [ 000000]
p_addr3         (sub              ) [ 000000]
p_addr3_cast    (sext             ) [ 000000]
p_addr4         (add              ) [ 000000]
p_addr4_cast    (sext             ) [ 000000]
tmp_s           (zext             ) [ 000000]
b_addr          (getelementptr    ) [ 000001]
empty_4         (specregionend    ) [ 000000]
stg_64          (br               ) [ 001111]
stg_65          (specloopname     ) [ 000000]
a_load          (load             ) [ 000000]
tmp_5           (sext             ) [ 000000]
b_load          (load             ) [ 000000]
tmp_6           (sext             ) [ 000000]
tmp_7           (mul              ) [ 000000]
tmp_8           (add              ) [ 001111]
stg_72          (br               ) [ 001111]
</LifeTime>

<model>

<comp_list>
<comp id="0" class="1000" name="a">
<pin_list>
<pin id="1" dir="1" index="0" bw="1" slack="0"/>
</pin_list>
<bind>
<StgValue><ssdm name="a"/><MemPortTyVec>1 3 </MemPortTyVec>
</StgValue>
</bind>
</comp>

<comp id="2" class="1000" name="b">
<pin_list>
<pin id="3" dir="1" index="0" bw="1" slack="0"/>
</pin_list>
<bind>
<StgValue><ssdm name="b"/><MemPortTyVec>1 3 </MemPortTyVec>
</StgValue>
</bind>
</comp>

<comp id="4" class="1000" name="res">
<pin_list>
<pin id="5" dir="1" index="0" bw="1" slack="0"/>
</pin_list>
<bind>
<StgValue><ssdm name="res"/><MemPortTyVec>0 3 </MemPortTyVec>
</StgValue>
</bind>
</comp>

<comp id="6" class="1001" name="const_6">
<pin_list>
<pin id="7" dir="1" index="0" bw="1" slack="2147483647"/>
</pin_list>
<bind>
<StgValue><ssdm name="_ssdm_op_SpecBitsMap"/></StgValue>
</bind>
</comp>

<comp id="8" class="1001" name="const_8">
<pin_list>
<pin id="9" dir="1" index="0" bw="1" slack="2147483647"/>
</pin_list>
<bind>
<StgValue><ssdm name="_ssdm_op_SpecTopModule"/></StgValue>
</bind>
</comp>

<comp id="10" class="1001" name="const_10">
<pin_list>
<pin id="11" dir="1" index="0" bw="1" slack="2147483647"/>
</pin_list>
<bind>
<StgValue><ssdm name="matrixmul_str"/></StgValue>
</bind>
</comp>

<comp id="12" class="1001" name="const_12">
<pin_list>
<pin id="13" dir="1" index="0" bw="1" slack="0"/>
</pin_list>
<bind>
<StgValue><ssdm name=""/></StgValue>
</bind>
</comp>

<comp id="14" class="1001" name="const_14">
<pin_list>
<pin id="15" dir="1" index="0" bw="1" slack="0"/>
</pin_list>
<bind>
<StgValue><ssdm name=""/></StgValue>
</bind>
</comp>

<comp id="16" class="1001" name="const_16">
<pin_list>
<pin id="17" dir="1" index="0" bw="1" slack="2147483647"/>
</pin_list>
<bind>
<StgValue><ssdm name="_ssdm_op_SpecLoopTripCount"/></StgValue>
</bind>
</comp>

<comp id="18" class="1001" name="const_18">
<pin_list>
<pin id="19" dir="1" index="0" bw="1" slack="2147483647"/>
</pin_list>
<bind>
<StgValue><ssdm name=""/></StgValue>
</bind>
</comp>

<comp id="20" class="1001" name="const_20">
<pin_list>
<pin id="21" dir="1" index="0" bw="1" slack="0"/>
</pin_list>
<bind>
<StgValue><ssdm name=""/></StgValue>
</bind>
</comp>

<comp id="22" class="1001" name="const_22">
<pin_list>
<pin id="23" dir="1" index="0" bw="1" slack="2147483647"/>
</pin_list>
<bind>
<StgValue><ssdm name="_ssdm_op_SpecLoopName"/></StgValue>
</bind>
</comp>

<comp id="24" class="1001" name="const_24">
<pin_list>
<pin id="25" dir="1" index="0" bw="1" slack="2147483647"/>
</pin_list>
<bind>
<StgValue><ssdm name="p_str"/></StgValue>
</bind>
</comp>

<comp id="26" class="1001" name="const_26">
<pin_list>
<pin id="27" dir="1" index="0" bw="1" slack="2147483647"/>
</pin_list>
<bind>
<StgValue><ssdm name="_ssdm_op_SpecRegionBegin"/></StgValue>
</bind>
</comp>

<comp id="28" class="1001" name="const_28">
<pin_list>
<pin id="29" dir="1" index="0" bw="1" slack="0"/>
</pin_list>
<bind>
<StgValue><ssdm name="_ssdm_op_BitConcatenate.i4.i2.i2"/></StgValue>
</bind>
</comp>

<comp id="30" class="1001" name="const_30">
<pin_list>
<pin id="31" dir="1" index="0" bw="1" slack="2147483647"/>
</pin_list>
<bind>
<StgValue><ssdm name="p_str1"/></StgValue>
</bind>
</comp>

<comp id="32" class="1001" name="const_32">
<pin_list>
<pin id="33" dir="1" index="0" bw="1" slack="0"/>
</pin_list>
<bind>
<StgValue><ssdm name=""/></StgValue>
</bind>
</comp>

<comp id="34" class="1001" name="const_34">
<pin_list>
<pin id="35" dir="1" index="0" bw="1" slack="2147483647"/>
</pin_list>
<bind>
<StgValue><ssdm name="_ssdm_op_SpecRegionEnd"/></StgValue>
</bind>
</comp>

<comp id="36" class="1001" name="const_36">
<pin_list>
<pin id="37" dir="1" index="0" bw="1" slack="1"/>
</pin_list>
<bind>
<StgValue><ssdm name=""/></StgValue>
</bind>
</comp>

<comp id="38" class="1001" name="const_38">
<pin_list>
<pin id="39" dir="1" index="0" bw="1" slack="2147483647"/>
</pin_list>
<bind>
<StgValue><ssdm name="p_str2"/></StgValue>
</bind>
</comp>

<comp id="40" class="1004" name="res_addr_gep_fu_40">
<pin_list>
<pin id="41" dir="0" index="0" bw="16" slack="0"/>
<pin id="42" dir="0" index="1" bw="1" slack="0"/>
<pin id="43" dir="0" index="2" bw="32" slack="0"/>
<pin id="44" dir="1" index="3" bw="4" slack="1"/>
</pin_list>
<bind>
<opcode="getelementptr(29) " fcode="getelementptr"/>
<opset="res_addr/3 "/>
</bind>
</comp>

<comp id="47" class="1004" name="stg_42_access_fu_47">
<pin_list>
<pin id="48" dir="0" index="0" bw="4" slack="1"/>
<pin id="49" dir="0" index="1" bw="16" slack="0"/>
<pin id="50" dir="1" index="2" bw="16" slack="2147483647"/>
</pin_list>
<bind>
<opcode="store(28) " fcode="store"/>
<opset="stg_42/4 "/>
</bind>
</comp>

<comp id="51" class="1004" name="a_addr_gep_fu_51">
<pin_list>
<pin id="52" dir="0" index="0" bw="8" slack="0"/>
<pin id="53" dir="0" index="1" bw="1" slack="0"/>
<pin id="54" dir="0" index="2" bw="32" slack="0"/>
<pin id="55" dir="1" index="3" bw="4" slack="0"/>
</pin_list>
<bind>
<opcode="getelementptr(29) " fcode="getelementptr"/>
<opset="a_addr/4 "/>
</bind>
</comp>

<comp id="58" class="1004" name="grp_access_fu_58">
<pin_list>
<pin id="59" dir="0" index="0" bw="4" slack="0"/>
<pin id="60" dir="0" index="1" bw="8" slack="2147483647"/>
<pin id="61" dir="1" index="2" bw="8" slack="0"/>
</pin_list>
<bind>
<opcode="load(27) " fcode="load"/>
<opset="a_load/4 "/>
</bind>
</comp>

<comp id="63" class="1004" name="b_addr_gep_fu_63">
<pin_list>
<pin id="64" dir="0" index="0" bw="8" slack="0"/>
<pin id="65" dir="0" index="1" bw="1" slack="0"/>
<pin id="66" dir="0" index="2" bw="32" slack="0"/>
<pin id="67" dir="1" index="3" bw="4" slack="0"/>
</pin_list>
<bind>
<opcode="getelementptr(29) " fcode="getelementptr"/>
<opset="b_addr/4 "/>
</bind>
</comp>

<comp id="70" class="1004" name="grp_access_fu_70">
<pin_list>
<pin id="71" dir="0" index="0" bw="4" slack="0"/>
<pin id="72" dir="0" index="1" bw="8" slack="2147483647"/>
<pin id="73" dir="1" index="2" bw="8" slack="0"/>
</pin_list>
<bind>
<opcode="load(27) " fcode="load"/>
<opset="b_load/4 "/>
</bind>
</comp>

<comp id="75" class="1005" name="i_reg_75">
<pin_list>
<pin id="76" dir="0" index="0" bw="2" slack="1"/>
<pin id="77" dir="1" index="1" bw="2" slack="1"/>
</pin_list>
<bind>
<opset="i (phireg) "/>
</bind>
</comp>

<comp id="79" class="1004" name="i_phi_fu_79">
<pin_list>
<pin id="80" dir="0" index="0" bw="1" slack="1"/>
<pin id="81" dir="0" index="1" bw="0" slack="2147483647"/>
<pin id="82" dir="0" index="2" bw="2" slack="0"/>
<pin id="83" dir="0" index="3" bw="0" slack="2147483647"/>
<pin id="84" dir="1" index="4" bw="2" slack="0"/>
</pin_list>
<bind>
<opcode="phi(47) " fcode="phi"/>
<opset="i/2 "/>
</bind>
</comp>

<comp id="86" class="1005" name="j_reg_86">
<pin_list>
<pin id="87" dir="0" index="0" bw="2" slack="1"/>
<pin id="88" dir="1" index="1" bw="2" slack="1"/>
</pin_list>
<bind>
<opset="j (phireg) "/>
</bind>
</comp>

<comp id="90" class="1004" name="j_phi_fu_90">
<pin_list>
<pin id="91" dir="0" index="0" bw="1" slack="1"/>
<pin id="92" dir="0" index="1" bw="0" slack="2147483647"/>
<pin id="93" dir="0" index="2" bw="2" slack="0"/>
<pin id="94" dir="0" index="3" bw="0" slack="2147483647"/>
<pin id="95" dir="1" index="4" bw="2" slack="0"/>
</pin_list>
<bind>
<opcode="phi(47) " fcode="phi"/>
<opset="j/3 "/>
</bind>
</comp>

<comp id="97" class="1005" name="res_load_reg_97">
<pin_list>
<pin id="98" dir="0" index="0" bw="16" slack="1"/>
<pin id="99" dir="1" index="1" bw="16" slack="1"/>
</pin_list>
<bind>
<opset="res_load (phireg) "/>
</bind>
</comp>

<comp id="101" class="1004" name="res_load_phi_fu_101">
<pin_list>
<pin id="102" dir="0" index="0" bw="1" slack="1"/>
<pin id="103" dir="0" index="1" bw="0" slack="2147483647"/>
<pin id="104" dir="0" index="2" bw="16" slack="1"/>
<pin id="105" dir="0" index="3" bw="0" slack="2147483647"/>
<pin id="106" dir="1" index="4" bw="16" slack="0"/>
</pin_list>
<bind>
<opcode="phi(47) " fcode="phi"/>
<opset="res_load/4 "/>
</bind>
</comp>

<comp id="110" class="1005" name="k_reg_110">
<pin_list>
<pin id="111" dir="0" index="0" bw="2" slack="1"/>
<pin id="112" dir="1" index="1" bw="2" slack="1"/>
</pin_list>
<bind>
<opset="k (phireg) "/>
</bind>
</comp>

<comp id="114" class="1004" name="k_phi_fu_114">
<pin_list>
<pin id="115" dir="0" index="0" bw="1" slack="1"/>
<pin id="116" dir="0" index="1" bw="0" slack="2147483647"/>
<pin id="117" dir="0" index="2" bw="2" slack="0"/>
<pin id="118" dir="0" index="3" bw="0" slack="2147483647"/>
<pin id="119" dir="1" index="4" bw="2" slack="0"/>
</pin_list>
<bind>
<opcode="phi(47) " fcode="phi"/>
<opset="k/4 "/>
</bind>
</comp>

<comp id="121" class="1004" name="exitcond2_fu_121">
<pin_list>
<pin id="122" dir="0" index="0" bw="2" slack="0"/>
<pin id="123" dir="0" index="1" bw="2" slack="0"/>
<pin id="124" dir="1" index="2" bw="1" slack="2147483647"/>
</pin_list>
<bind>
<opcode="icmp(45) " fcode="icmp"/>
<opset="exitcond2/2 "/>
</bind>
</comp>

<comp id="127" class="1004" name="i_1_fu_127">
<pin_list>
<pin id="128" dir="0" index="0" bw="2" slack="0"/>
<pin id="129" dir="0" index="1" bw="1" slack="0"/>
<pin id="130" dir="1" index="2" bw="2" slack="0"/>
</pin_list>
<bind>
<opcode="add(8) " fcode="add"/>
<opset="i_1/2 "/>
</bind>
</comp>

<comp id="133" class="1004" name="tmp_trn5_cast_fu_133">
<pin_list>
<pin id="134" dir="0" index="0" bw="2" slack="0"/>
<pin id="135" dir="1" index="1" bw="5" slack="0"/>
</pin_list>
<bind>
<opcode="zext(34) " fcode="zext"/>
<opset="tmp_trn5_cast/2 "/>
</bind>
</comp>

<comp id="137" class="1004" name="tmp_fu_137">
<pin_list>
<pin id="138" dir="0" index="0" bw="4" slack="0"/>
<pin id="139" dir="0" index="1" bw="2" slack="0"/>
<pin id="140" dir="0" index="2" bw="1" slack="0"/>
<pin id="141" dir="1" index="3" bw="4" slack="0"/>
</pin_list>
<bind>
<opcode="bitconcatenate(1004) " fcode="bitconcatenate"/>
<opset="tmp/2 "/>
</bind>
</comp>

<comp id="145" class="1004" name="p_shl_cast_fu_145">
<pin_list>
<pin id="146" dir="0" index="0" bw="4" slack="0"/>
<pin id="147" dir="1" index="1" bw="5" slack="0"/>
</pin_list>
<bind>
<opcode="zext(34) " fcode="zext"/>
<opset="p_shl_cast/2 "/>
</bind>
</comp>

<comp id="149" class="1004" name="p_addr7_fu_149">
<pin_list>
<pin id="150" dir="0" index="0" bw="4" slack="0"/>
<pin id="151" dir="0" index="1" bw="2" slack="0"/>
<pin id="152" dir="1" index="2" bw="5" slack="0"/>
</pin_list>
<bind>
<opcode="sub(10) " fcode="sub"/>
<opset="p_addr7/2 "/>
</bind>
</comp>

<comp id="155" class="1004" name="p_addr7_cast_fu_155">
<pin_list>
<pin id="156" dir="0" index="0" bw="5" slack="0"/>
<pin id="157" dir="1" index="1" bw="6" slack="1"/>
</pin_list>
<bind>
<opcode="sext(35) " fcode="sext"/>
<opset="p_addr7_cast/2 "/>
</bind>
</comp>

<comp id="159" class="1004" name="exitcond1_fu_159">
<pin_list>
<pin id="160" dir="0" index="0" bw="2" slack="0"/>
<pin id="161" dir="0" index="1" bw="2" slack="0"/>
<pin id="162" dir="1" index="2" bw="1" slack="2147483647"/>
</pin_list>
<bind>
<opcode="icmp(45) " fcode="icmp"/>
<opset="exitcond1/3 "/>
</bind>
</comp>

<comp id="165" class="1004" name="j_1_fu_165">
<pin_list>
<pin id="166" dir="0" index="0" bw="2" slack="0"/>
<pin id="167" dir="0" index="1" bw="1" slack="0"/>
<pin id="168" dir="1" index="2" bw="2" slack="0"/>
</pin_list>
<bind>
<opcode="add(8) " fcode="add"/>
<opset="j_1/3 "/>
</bind>
</comp>

<comp id="171" class="1004" name="tmp_2_trn6_cast_fu_171">
<pin_list>
<pin id="172" dir="0" index="0" bw="2" slack="0"/>
<pin id="173" dir="1" index="1" bw="6" slack="0"/>
</pin_list>
<bind>
<opcode="zext(34) " fcode="zext"/>
<opset="tmp_2_trn6_cast/3 "/>
</bind>
</comp>

<comp id="175" class="1004" name="p_addr8_fu_175">
<pin_list>
<pin id="176" dir="0" index="0" bw="2" slack="0"/>
<pin id="177" dir="0" index="1" bw="5" slack="1"/>
<pin id="178" dir="1" index="2" bw="6" slack="0"/>
</pin_list>
<bind>
<opcode="add(8) " fcode="add"/>
<opset="p_addr8/3 "/>
</bind>
</comp>

<comp id="180" class="1004" name="p_addr8_cast_fu_180">
<pin_list>
<pin id="181" dir="0" index="0" bw="6" slack="0"/>
<pin id="182" dir="1" index="1" bw="32" slack="0"/>
</pin_list>
<bind>
<opcode="sext(35) " fcode="sext"/>
<opset="p_addr8_cast/3 "/>
</bind>
</comp>

<comp id="184" class="1004" name="tmp_2_fu_184">
<pin_list>
<pin id="185" dir="0" index="0" bw="6" slack="0"/>
<pin id="186" dir="1" index="1" bw="64" slack="0"/>
</pin_list>
<bind>
<opcode="zext(34) " fcode="zext"/>
<opset="tmp_2/3 "/>
</bind>
</comp>

<comp id="189" class="1004" name="exitcond_fu_189">
<pin_list>
<pin id="190" dir="0" index="0" bw="2" slack="0"/>
<pin id="191" dir="0" index="1" bw="2" slack="0"/>
<pin id="192" dir="1" index="2" bw="1" slack="2147483647"/>
</pin_list>
<bind>
<opcode="icmp(45) " fcode="icmp"/>
<opset="exitcond/4 "/>
</bind>
</comp>

<comp id="195" class="1004" name="k_1_fu_195">
<pin_list>
<pin id="196" dir="0" index="0" bw="2" slack="0"/>
<pin id="197" dir="0" index="1" bw="1" slack="0"/>
<pin id="198" dir="1" index="2" bw="2" slack="0"/>
</pin_list>
<bind>
<opcode="add(8) " fcode="add"/>
<opset="k_1/4 "/>
</bind>
</comp>

<comp id="201" class="1004" name="tmp_4_trn_cast1_fu_201">
<pin_list>
<pin id="202" dir="0" index="0" bw="2" slack="0"/>
<pin id="203" dir="1" index="1" bw="6" slack="0"/>
</pin_list>
<bind>
<opcode="zext(34) " fcode="zext"/>
<opset="tmp_4_trn_cast1/4 "/>
</bind>
</comp>

<comp id="205" class="1004" name="tmp_4_trn_cast_fu_205">
<pin_list>
<pin id="206" dir="0" index="0" bw="2" slack="0"/>
<pin id="207" dir="1" index="1" bw="5" slack="0"/>
</pin_list>
<bind>
<opcode="zext(34) " fcode="zext"/>
<opset="tmp_4_trn_cast/4 "/>
</bind>
</comp>

<comp id="209" class="1004" name="p_addr1_fu_209">
<pin_list>
<pin id="210" dir="0" index="0" bw="5" slack="2"/>
<pin id="211" dir="0" index="1" bw="2" slack="0"/>
<pin id="212" dir="1" index="2" bw="6" slack="0"/>
</pin_list>
<bind>
<opcode="add(8) " fcode="add"/>
<opset="p_addr1/4 "/>
</bind>
</comp>

<comp id="214" class="1004" name="p_addr1_cast_fu_214">
<pin_list>
<pin id="215" dir="0" index="0" bw="6" slack="0"/>
<pin id="216" dir="1" index="1" bw="32" slack="0"/>
</pin_list>
<bind>
<opcode="sext(35) " fcode="sext"/>
<opset="p_addr1_cast/4 "/>
</bind>
</comp>

<comp id="218" class="1004" name="tmp_4_fu_218">
<pin_list>
<pin id="219" dir="0" index="0" bw="6" slack="0"/>
<pin id="220" dir="1" index="1" bw="64" slack="0"/>
</pin_list>
<bind>
<opcode="zext(34) " fcode="zext"/>
<opset="tmp_4/4 "/>
</bind>
</comp>

<comp id="223" class="1004" name="tmp_9_fu_223">
<pin_list>
<pin id="224" dir="0" index="0" bw="4" slack="0"/>
<pin id="225" dir="0" index="1" bw="2" slack="0"/>
<pin id="226" dir="0" index="2" bw="1" slack="0"/>
<pin id="227" dir="1" index="3" bw="4" slack="0"/>
</pin_list>
<bind>
<opcode="bitconcatenate(1004) " fcode="bitconcatenate"/>
<opset="tmp_9/4 "/>
</bind>
</comp>

<comp id="231" class="1004" name="p_shl9_cast_fu_231">
<pin_list>
<pin id="232" dir="0" index="0" bw="4" slack="0"/>
<pin id="233" dir="1" index="1" bw="5" slack="0"/>
</pin_list>
<bind>
<opcode="zext(34) " fcode="zext"/>
<opset="p_shl9_cast/4 "/>
</bind>
</comp>

<comp id="235" class="1004" name="p_addr3_fu_235">
<pin_list>
<pin id="236" dir="0" index="0" bw="4" slack="0"/>
<pin id="237" dir="0" index="1" bw="2" slack="0"/>
<pin id="238" dir="1" index="2" bw="5" slack="0"/>
</pin_list>
<bind>
<opcode="sub(10) " fcode="sub"/>
<opset="p_addr3/4 "/>
</bind>
</comp>

<comp id="241" class="1004" name="p_addr3_cast_fu_241">
<pin_list>
<pin id="242" dir="0" index="0" bw="5" slack="0"/>
<pin id="243" dir="1" index="1" bw="6" slack="0"/>
</pin_list>
<bind>
<opcode="sext(35) " fcode="sext"/>
<opset="p_addr3_cast/4 "/>
</bind>
</comp>

<comp id="245" class="1004" name="p_addr4_fu_245">
<pin_list>
<pin id="246" dir="0" index="0" bw="5" slack="0"/>
<pin id="247" dir="0" index="1" bw="2" slack="1"/>
<pin id="248" dir="1" index="2" bw="6" slack="0"/>
</pin_list>
<bind>
<opcode="add(8) " fcode="add"/>
<opset="p_addr4/4 "/>
</bind>
</comp>

<comp id="250" class="1004" name="p_addr4_cast_fu_250">
<pin_list>
<pin id="251" dir="0" index="0" bw="6" slack="0"/>
<pin id="252" dir="1" index="1" bw="32" slack="0"/>
</pin_list>
<bind>
<opcode="sext(35) " fcode="sext"/>
<opset="p_addr4_cast/4 "/>
</bind>
</comp>

<comp id="254" class="1004" name="tmp_s_fu_254">
<pin_list>
<pin id="255" dir="0" index="0" bw="6" slack="0"/>
<pin id="256" dir="1" index="1" bw="64" slack="0"/>
</pin_list>
<bind>
<opcode="zext(34) " fcode="zext"/>
<opset="tmp_s/4 "/>
</bind>
</comp>

<comp id="259" class="1004" name="tmp_5_fu_259">
<pin_list>
<pin id="260" dir="0" index="0" bw="8" slack="0"/>
<pin id="261" dir="1" index="1" bw="16" slack="0"/>
</pin_list>
<bind>
<opcode="sext(35) " fcode="sext"/>
<opset="tmp_5/5 "/>
</bind>
</comp>

<comp id="263" class="1004" name="tmp_6_fu_263">
<pin_list>
<pin id="264" dir="0" index="0" bw="8" slack="0"/>
<pin id="265" dir="1" index="1" bw="16" slack="0"/>
</pin_list>
<bind>
<opcode="sext(35) " fcode="sext"/>
<opset="tmp_6/5 "/>
</bind>
</comp>

<comp id="267" class="1007" name="grp_fu_267">
<pin_list>
<pin id="268" dir="0" index="0" bw="8" slack="0"/>
<pin id="269" dir="0" index="1" bw="8" slack="0"/>
<pin id="270" dir="0" index="2" bw="16" slack="1"/>
<pin id="271" dir="1" index="3" bw="16" slack="1"/>
</pin_list>
<bind>
<opcode="muladd(1172) " fcode="muladd"/>
<opset="tmp_7/5 tmp_8/5 "/>
</bind>
</comp>

<comp id="278" class="1005" name="i_1_reg_278">
<pin_list>
<pin id="279" dir="0" index="0" bw="2" slack="0"/>
<pin id="280" dir="1" index="1" bw="2" slack="0"/>
</pin_list>
<bind>
<opset="i_1 "/>
</bind>
</comp>

<comp id="283" class="1005" name="p_addr7_cast_reg_283">
<pin_list>
<pin id="284" dir="0" index="0" bw="6" slack="1"/>
<pin id="285" dir="1" index="1" bw="6" slack="1"/>
</pin_list>
<bind>
<opset="p_addr7_cast "/>
</bind>
</comp>

<comp id="292" class="1005" name="j_1_reg_292">
<pin_list>
<pin id="293" dir="0" index="0" bw="2" slack="0"/>
<pin id="294" dir="1" index="1" bw="2" slack="0"/>
</pin_list>
<bind>
<opset="j_1 "/>
</bind>
</comp>

<comp id="297" class="1005" name="tmp_2_trn6_cast_reg_297">
<pin_list>
<pin id="298" dir="0" index="0" bw="6" slack="1"/>
<pin id="299" dir="1" index="1" bw="6" slack="1"/>
</pin_list>
<bind>
<opset="tmp_2_trn6_cast "/>
</bind>
</comp>

<comp id="302" class="1005" name="res_addr_reg_302">
<pin_list>
<pin id="303" dir="0" index="0" bw="4" slack="1"/>
<pin id="304" dir="1" index="1" bw="4" slack="1"/>
</pin_list>
<bind>
<opset="res_addr "/>
</bind>
</comp>

<comp id="310" class="1005" name="k_1_reg_310">
<pin_list>
<pin id="311" dir="0" index="0" bw="2" slack="0"/>
<pin id="312" dir="1" index="1" bw="2" slack="0"/>
</pin_list>
<bind>
<opset="k_1 "/>
</bind>
</comp>

<comp id="315" class="1005" name="a_addr_reg_315">
<pin_list>
<pin id="316" dir="0" index="0" bw="4" slack="1"/>
<pin id="317" dir="1" index="1" bw="4" slack="1"/>
</pin_list>
<bind>
<opset="a_addr "/>
</bind>
</comp>

<comp id="320" class="1005" name="b_addr_reg_320">
<pin_list>
<pin id="321" dir="0" index="0" bw="4" slack="1"/>
<pin id="322" dir="1" index="1" bw="4" slack="1"/>
</pin_list>
<bind>
<opset="b_addr "/>
</bind>
</comp>

<comp id="325" class="1005" name="tmp_8_reg_325">
<pin_list>
<pin id="326" dir="0" index="0" bw="16" slack="1"/>
<pin id="327" dir="1" index="1" bw="16" slack="1"/>
</pin_list>
<bind>
<opset="tmp_8 "/>
</bind>
</comp>

</comp_list>

<net_list>
<net id="45"><net_src comp="4" pin="0"/><net_sink comp="40" pin=0"/></net>

<net id="46"><net_src comp="32" pin="0"/><net_sink comp="40" pin=1"/></net>

<net id="56"><net_src comp="0" pin="0"/><net_sink comp="51" pin=0"/></net>

<net id="57"><net_src comp="32" pin="0"/><net_sink comp="51" pin=1"/></net>

<net id="62"><net_src comp="51" pin="3"/><net_sink comp="58" pin=0"/></net>

<net id="68"><net_src comp="2" pin="0"/><net_sink comp="63" pin=0"/></net>

<net id="69"><net_src comp="32" pin="0"/><net_sink comp="63" pin=1"/></net>

<net id="74"><net_src comp="63" pin="3"/><net_sink comp="70" pin=0"/></net>

<net id="78"><net_src comp="12" pin="0"/><net_sink comp="75" pin=0"/></net>

<net id="85"><net_src comp="75" pin="1"/><net_sink comp="79" pin=0"/></net>

<net id="89"><net_src comp="12" pin="0"/><net_sink comp="86" pin=0"/></net>

<net id="96"><net_src comp="86" pin="1"/><net_sink comp="90" pin=0"/></net>

<net id="100"><net_src comp="36" pin="0"/><net_sink comp="97" pin=0"/></net>

<net id="107"><net_src comp="97" pin="1"/><net_sink comp="101" pin=0"/></net>

<net id="108"><net_src comp="101" pin="4"/><net_sink comp="47" pin=1"/></net>

<net id="109"><net_src comp="101" pin="4"/><net_sink comp="97" pin=0"/></net>

<net id="113"><net_src comp="12" pin="0"/><net_sink comp="110" pin=0"/></net>

<net id="120"><net_src comp="110" pin="1"/><net_sink comp="114" pin=0"/></net>

<net id="125"><net_src comp="79" pin="4"/><net_sink comp="121" pin=0"/></net>

<net id="126"><net_src comp="14" pin="0"/><net_sink comp="121" pin=1"/></net>

<net id="131"><net_src comp="79" pin="4"/><net_sink comp="127" pin=0"/></net>

<net id="132"><net_src comp="20" pin="0"/><net_sink comp="127" pin=1"/></net>

<net id="136"><net_src comp="79" pin="4"/><net_sink comp="133" pin=0"/></net>

<net id="142"><net_src comp="28" pin="0"/><net_sink comp="137" pin=0"/></net>

<net id="143"><net_src comp="79" pin="4"/><net_sink comp="137" pin=1"/></net>

<net id="144"><net_src comp="12" pin="0"/><net_sink comp="137" pin=2"/></net>

<net id="148"><net_src comp="137" pin="3"/><net_sink comp="145" pin=0"/></net>

<net id="153"><net_src comp="145" pin="1"/><net_sink comp="149" pin=0"/></net>

<net id="154"><net_src comp="133" pin="1"/><net_sink comp="149" pin=1"/></net>

<net id="158"><net_src comp="149" pin="2"/><net_sink comp="155" pin=0"/></net>

<net id="163"><net_src comp="90" pin="4"/><net_sink comp="159" pin=0"/></net>

<net id="164"><net_src comp="14" pin="0"/><net_sink comp="159" pin=1"/></net>

<net id="169"><net_src comp="90" pin="4"/><net_sink comp="165" pin=0"/></net>

<net id="170"><net_src comp="20" pin="0"/><net_sink comp="165" pin=1"/></net>

<net id="174"><net_src comp="90" pin="4"/><net_sink comp="171" pin=0"/></net>

<net id="179"><net_src comp="171" pin="1"/><net_sink comp="175" pin=0"/></net>

<net id="183"><net_src comp="175" pin="2"/><net_sink comp="180" pin=0"/></net>

<net id="187"><net_src comp="180" pin="1"/><net_sink comp="184" pin=0"/></net>

<net id="188"><net_src comp="184" pin="1"/><net_sink comp="40" pin=2"/></net>

<net id="193"><net_src comp="114" pin="4"/><net_sink comp="189" pin=0"/></net>

<net id="194"><net_src comp="14" pin="0"/><net_sink comp="189" pin=1"/></net>

<net id="199"><net_src comp="114" pin="4"/><net_sink comp="195" pin=0"/></net>

<net id="200"><net_src comp="20" pin="0"/><net_sink comp="195" pin=1"/></net>

<net id="204"><net_src comp="114" pin="4"/><net_sink comp="201" pin=0"/></net>

<net id="208"><net_src comp="114" pin="4"/><net_sink comp="205" pin=0"/></net>

<net id="213"><net_src comp="201" pin="1"/><net_sink comp="209" pin=1"/></net>

<net id="217"><net_src comp="209" pin="2"/><net_sink comp="214" pin=0"/></net>

<net id="221"><net_src comp="214" pin="1"/><net_sink comp="218" pin=0"/></net>

<net id="222"><net_src comp="218" pin="1"/><net_sink comp="51" pin=2"/></net>

<net id="228"><net_src comp="28" pin="0"/><net_sink comp="223" pin=0"/></net>

<net id="229"><net_src comp="114" pin="4"/><net_sink comp="223" pin=1"/></net>

<net id="230"><net_src comp="12" pin="0"/><net_sink comp="223" pin=2"/></net>

<net id="234"><net_src comp="223" pin="3"/><net_sink comp="231" pin=0"/></net>

<net id="239"><net_src comp="231" pin="1"/><net_sink comp="235" pin=0"/></net>

<net id="240"><net_src comp="205" pin="1"/><net_sink comp="235" pin=1"/></net>

<net id="244"><net_src comp="235" pin="2"/><net_sink comp="241" pin=0"/></net>

<net id="249"><net_src comp="241" pin="1"/><net_sink comp="245" pin=0"/></net>

<net id="253"><net_src comp="245" pin="2"/><net_sink comp="250" pin=0"/></net>

<net id="257"><net_src comp="250" pin="1"/><net_sink comp="254" pin=0"/></net>

<net id="258"><net_src comp="254" pin="1"/><net_sink comp="63" pin=2"/></net>

<net id="262"><net_src comp="58" pin="2"/><net_sink comp="259" pin=0"/></net>

<net id="266"><net_src comp="70" pin="2"/><net_sink comp="263" pin=0"/></net>

<net id="272"><net_src comp="263" pin="1"/><net_sink comp="267" pin=0"/></net>

<net id="273"><net_src comp="259" pin="1"/><net_sink comp="267" pin=1"/></net>

<net id="274"><net_src comp="97" pin="1"/><net_sink comp="267" pin=2"/></net>

<net id="281"><net_src comp="127" pin="2"/><net_sink comp="278" pin=0"/></net>

<net id="282"><net_src comp="278" pin="1"/><net_sink comp="79" pin=2"/></net>

<net id="286"><net_src comp="155" pin="1"/><net_sink comp="283" pin=0"/></net>

<net id="287"><net_src comp="283" pin="1"/><net_sink comp="175" pin=1"/></net>

<net id="288"><net_src comp="283" pin="1"/><net_sink comp="209" pin=0"/></net>

<net id="295"><net_src comp="165" pin="2"/><net_sink comp="292" pin=0"/></net>

<net id="296"><net_src comp="292" pin="1"/><net_sink comp="90" pin=2"/></net>

<net id="300"><net_src comp="171" pin="1"/><net_sink comp="297" pin=0"/></net>

<net id="301"><net_src comp="297" pin="1"/><net_sink comp="245" pin=1"/></net>

<net id="305"><net_src comp="40" pin="3"/><net_sink comp="302" pin=0"/></net>

<net id="306"><net_src comp="302" pin="1"/><net_sink comp="47" pin=0"/></net>

<net id="313"><net_src comp="195" pin="2"/><net_sink comp="310" pin=0"/></net>

<net id="314"><net_src comp="310" pin="1"/><net_sink comp="114" pin=2"/></net>

<net id="318"><net_src comp="51" pin="3"/><net_sink comp="315" pin=0"/></net>

<net id="319"><net_src comp="315" pin="1"/><net_sink comp="58" pin=0"/></net>

<net id="323"><net_src comp="63" pin="3"/><net_sink comp="320" pin=0"/></net>

<net id="324"><net_src comp="320" pin="1"/><net_sink comp="70" pin=0"/></net>

<net id="328"><net_src comp="267" pin="3"/><net_sink comp="325" pin=0"/></net>

<net id="329"><net_src comp="325" pin="1"/><net_sink comp="101" pin=2"/></net>

</net_list>

</model> 
---------------- Datapath Model END ------------------

* FSMD analyzer results:
  - Output states:
  - Chain level:
	State 1
	State 2
		exitcond2 : 1
		i_1 : 1
		stg_15 : 2
		tmp_trn5_cast : 1
		tmp : 1
		p_shl_cast : 2
		p_addr7 : 3
		p_addr7_cast : 4
	State 3
		exitcond1 : 1
		j_1 : 1
		stg_29 : 2
		tmp_2_trn6_cast : 1
		p_addr8 : 2
		p_addr8_cast : 3
		tmp_2 : 4
		res_addr : 5
	State 4
		stg_42 : 1
		exitcond : 1
		k_1 : 1
		stg_46 : 2
		tmp_4_trn_cast1 : 1
		tmp_4_trn_cast : 1
		p_addr1 : 2
		p_addr1_cast : 3
		tmp_4 : 4
		a_addr : 5
		a_load : 6
		tmp_9 : 1
		p_shl9_cast : 2
		p_addr3 : 3
		p_addr3_cast : 4
		p_addr4 : 5
		p_addr4_cast : 6
		tmp_s : 7
		b_addr : 8
		b_load : 9
	State 5
		tmp_5 : 1
		tmp_6 : 1
		tmp_7 : 2
		tmp_8 : 3


============================================================
+ Verbose Summary: Datapath Resource usage 
============================================================

* Functional unit list:
|----------|------------------------|---------|---------|---------|
| Operation|     Functional Unit    |  DSP48E |    FF   |   LUT   |
|----------|------------------------|---------|---------|---------|
|          |       i_1_fu_127       |    0    |    0    |    2    |
|          |       j_1_fu_165       |    0    |    0    |    2    |
|    add   |     p_addr8_fu_175     |    0    |    0    |    5    |
|          |       k_1_fu_195       |    0    |    0    |    2    |
|          |     p_addr1_fu_209     |    0    |    0    |    5    |
|          |     p_addr4_fu_245     |    0    |    0    |    5    |
|----------|------------------------|---------|---------|---------|
|    sub   |     p_addr7_fu_149     |    0    |    0    |    4    |
|          |     p_addr3_fu_235     |    0    |    0    |    4    |
|----------|------------------------|---------|---------|---------|
|          |    exitcond2_fu_121    |    0    |    0    |    1    |
|   icmp   |    exitcond1_fu_159    |    0    |    0    |    1    |
|          |     exitcond_fu_189    |    0    |    0    |    1    |
|----------|------------------------|---------|---------|---------|
|  muladd  |       grp_fu_267       |    1    |    0    |    0    |
|----------|------------------------|---------|---------|---------|
|          |  tmp_trn5_cast_fu_133  |    0    |    0    |    0    |
|          |    p_shl_cast_fu_145   |    0    |    0    |    0    |
|          | tmp_2_trn6_cast_fu_171 |    0    |    0    |    0    |
|          |      tmp_2_fu_184      |    0    |    0    |    0    |
|   zext   | tmp_4_trn_cast1_fu_201 |    0    |    0    |    0    |
|          |  tmp_4_trn_cast_fu_205 |    0    |    0    |    0    |
|          |      tmp_4_fu_218      |    0    |    0    |    0    |
|          |   p_shl9_cast_fu_231   |    0    |    0    |    0    |
|          |      tmp_s_fu_254      |    0    |    0    |    0    |
|----------|------------------------|---------|---------|---------|
|bitconcatenate|       tmp_fu_137       |    0    |    0    |    0    |
|          |      tmp_9_fu_223      |    0    |    0    |    0    |
|----------|------------------------|---------|---------|---------|
|          |   p_addr7_cast_fu_155  |    0    |    0    |    0    |
|          |   p_addr8_cast_fu_180  |    0    |    0    |    0    |
|          |   p_addr1_cast_fu_214  |    0    |    0    |    0    |
|   sext   |   p_addr3_cast_fu_241  |    0    |    0    |    0    |
|          |   p_addr4_cast_fu_250  |    0    |    0    |    0    |
|          |      tmp_5_fu_259      |    0    |    0    |    0    |
|          |      tmp_6_fu_263      |    0    |    0    |    0    |
|----------|------------------------|---------|---------|---------|
|   Total  |                        |    1    |    0    |    32   |
|----------|------------------------|---------|---------|---------|

Memories:
N/A

* Register list:
+-----------------------+--------+
|                       |   FF   |
+-----------------------+--------+
|     a_addr_reg_315    |    4   |
|     b_addr_reg_320    |    4   |
|      i_1_reg_278      |    2   |
|        i_reg_75       |    2   |
|      j_1_reg_292      |    2   |
|        j_reg_86       |    2   |
|      k_1_reg_310      |    2   |
|       k_reg_110       |    2   |
|  p_addr7_cast_reg_283 |    6   |
|    res_addr_reg_302   |    4   |
|    res_load_reg_97    |   16   |
|tmp_2_trn6_cast_reg_297|    6   |
|     tmp_8_reg_325     |   16   |
+-----------------------+--------+
|         Total         |   68   |
+-----------------------+--------+

* Multiplexer (MUX) list: 
|------------------|------|------|------|--------||---------||---------|
|       Comp       |  Pin | Size |  BW  | S x BW ||  Delay  ||   LUT   |
|------------------|------|------|------|--------||---------||---------|
| grp_access_fu_58 |  p0  |   2  |   4  |    8   ||    4    |
| grp_access_fu_70 |  p0  |   2  |   4  |    8   ||    4    |
|  res_load_reg_97 |  p0  |   2  |  16  |   32   ||    16   |
|------------------|------|------|------|--------||---------||---------|
|       Total      |      |      |      |   48   ||  3.255  ||    24   |
|------------------|------|------|------|--------||---------||---------|



* Summary:
+-----------+--------+--------+--------+--------+
|           | DSP48E |  Delay |   FF   |   LUT  |
+-----------+--------+--------+--------+--------+
|  Function |    1   |    -   |    0   |   32   |
|   Memory  |    -   |    -   |    -   |    -   |
|Multiplexer|    -   |    3   |    -   |   24   |
|  Register |    -   |    -   |   68   |    -   |
+-----------+--------+--------+--------+--------+
|   Total   |    1   |    3   |   68   |   56   |
+-----------+--------+--------+--------+--------+
