

================================================================
== Vivado HLS Report for 'array_io'
================================================================
* Date:           Sat Aug 08 16:05:09 2015

* Version:        2015.2 (Build 1266856 on Fri Jun 26 16:57:37 PM 2015)
* Project:        array_io_prj
* Solution:       solution3
* Product family: kintex7
* Target device:  xc7k160tfbg484-1


================================================================
== Performance Estimates
================================================================
+ Timing (ns): 
    * Summary: 
    +--------+-------+----------+------------+
    |  Clock | Target| Estimated| Uncertainty|
    +--------+-------+----------+------------+
    |ap_clk  |   4.00|      3.40|        0.50|
    +--------+-------+----------+------------+

+ Latency (clock cycles): 
    * Summary: 
    +-----+-----+-----+-----+---------+
    |  Latency  |  Interval | Pipeline|
    | min | max | min | max |   Type  |
    +-----+-----+-----+-----+---------+
    |   11|   11|   12|   12|   none  |
    +-----+-----+-----+-----+---------+

    + Detail: 
        * Instance: 
        N/A

        * Loop: 
        N/A



================================================================
== Utilization Estimates
================================================================
* Summary: 
+-----------------+---------+-------+--------+--------+
|       Name      | BRAM_18K| DSP48E|   FF   |   LUT  |
+-----------------+---------+-------+--------+--------+
|Expression       |        -|      -|       0|    1025|
|FIFO             |        -|      -|       -|       -|
|Instance         |        -|      -|       -|       -|
|Memory           |        -|      -|       -|       -|
|Multiplexer      |        -|      -|       -|     166|
|Register         |        -|      -|    1228|       -|
+-----------------+---------+-------+--------+--------+
|Total            |        0|      0|    1228|    1191|
+-----------------+---------+-------+--------+--------+
|Available        |      650|    600|  202800|  101400|
+-----------------+---------+-------+--------+--------+
|Utilization (%)  |        0|      0|   ~0   |       1|
+-----------------+---------+-------+--------+--------+

+ Detail: 
    * Instance: 
    N/A

    * Memory: 
    N/A

    * FIFO: 
    N/A

    * Expression: 
    +------------------------------+----------+-------+---+----+------------+------------+
    |         Variable Name        | Operation| DSP48E| FF| LUT| Bitwidth P0| Bitwidth P1|
    +------------------------------+----------+-------+---+----+------------+------------+
    |acc_0_loc_assign_1_fu_468_p2  |     +    |      0|  0|  32|          32|          32|
    |acc_0_loc_assign_2_fu_436_p2  |     +    |      0|  0|  32|          32|          32|
    |acc_0_loc_fu_481_p2           |     +    |      0|  0|  32|          32|          32|
    |acc_1_loc_assign_1_fu_513_p2  |     +    |      0|  0|  32|          32|          32|
    |acc_1_loc_assign_2_fu_454_p2  |     +    |      0|  0|  32|          32|          32|
    |acc_1_loc_fu_526_p2           |     +    |      0|  0|  32|          32|          32|
    |acc_2_loc_assign_1_fu_578_p2  |     +    |      0|  0|  32|          32|          32|
    |acc_2_loc_assign_2_fu_499_p2  |     +    |      0|  0|  32|          32|          32|
    |acc_2_loc_fu_591_p2           |     +    |      0|  0|  32|          32|          32|
    |acc_3_loc_assign_1_fu_643_p2  |     +    |      0|  0|  32|          32|          32|
    |acc_3_loc_assign_2_fu_564_p2  |     +    |      0|  0|  32|          32|          32|
    |acc_3_loc_fu_656_p2           |     +    |      0|  0|  32|          32|          32|
    |acc_4_loc_assign_1_fu_708_p2  |     +    |      0|  0|  32|          32|          32|
    |acc_4_loc_assign_2_fu_629_p2  |     +    |      0|  0|  32|          32|          32|
    |acc_4_loc_fu_721_p2           |     +    |      0|  0|  32|          32|          32|
    |acc_5_loc_assign_1_fu_773_p2  |     +    |      0|  0|  32|          32|          32|
    |acc_5_loc_assign_2_fu_694_p2  |     +    |      0|  0|  32|          32|          32|
    |acc_5_loc_fu_786_p2           |     +    |      0|  0|  32|          32|          32|
    |acc_6_loc_assign_1_fu_838_p2  |     +    |      0|  0|  32|          32|          32|
    |acc_6_loc_assign_2_fu_759_p2  |     +    |      0|  0|  32|          32|          32|
    |acc_6_loc_fu_851_p2           |     +    |      0|  0|  32|          32|          32|
    |acc_7_loc_assign_1_fu_885_p2  |     +    |      0|  0|  32|          32|          32|
    |acc_7_loc_assign_2_fu_824_p2  |     +    |      0|  0|  32|          32|          32|
    |acc_7_loc_fu_898_p2           |     +    |      0|  0|  32|          32|          32|
    |temp_1_fu_605_p2              |     +    |      0|  0|  32|          32|          32|
    |temp_2_fu_670_p2              |     +    |      0|  0|  32|          32|          32|
    |temp_3_fu_735_p2              |     +    |      0|  0|  32|          32|          32|
    |temp_4_fu_800_p2              |     +    |      0|  0|  32|          32|          32|
    |temp_5_fu_865_p2              |     +    |      0|  0|  32|          32|          32|
    |temp_6_fu_912_p2              |     +    |      0|  0|  32|          32|          32|
    |temp_7_fu_932_p2              |     +    |      0|  0|  32|          32|          32|
    |temp_s_fu_540_p2              |     +    |      0|  0|  32|          32|          32|
    |ap_sig_bdd_115                |    or    |      0|  0|   1|           1|           1|
    +------------------------------+----------+-------+---+----+------------+------------+
    |Total                         |          |      0|  0|1025|        1025|        1025|
    +------------------------------+----------+-------+---+----+------------+------------+

    * Multiplexer: 
    +----------------+----+-----------+-----+-----------+
    |      Name      | LUT| Input Size| Bits| Total Bits|
    +----------------+----+-----------+-----+-----------+
    |ap_NS_fsm       |   6|         13|    1|         13|
    |d_i_0_address0  |   8|         10|    4|         40|
    |d_i_0_address1  |   8|          8|    4|         32|
    |d_i_1_address0  |   8|         10|    4|         40|
    |d_i_1_address1  |   8|          8|    4|         32|
    |d_o_0_din       |  32|          9|   16|        144|
    |d_o_1_din       |  32|          9|   16|        144|
    |d_o_2_din       |  32|          9|   16|        144|
    |d_o_3_din       |  32|          9|   16|        144|
    +----------------+----+-----------+-----+-----------+
    |Total           | 166|         85|   81|        733|
    +----------------+----+-----------+-----+-----------+

    * Register: 
    +-----------------------------+----+----+-----+-----------+
    |             Name            | FF | LUT| Bits| Const Bits|
    +-----------------------------+----+----+-----+-----------+
    |acc_0                        |  32|   0|   32|          0|
    |acc_0_loc_assign_2_reg_968   |  32|   0|   32|          0|
    |acc_0_loc_reg_1023           |  32|   0|   32|          0|
    |acc_1                        |  32|   0|   32|          0|
    |acc_1_loc_assign_2_reg_998   |  32|   0|   32|          0|
    |acc_1_loc_reg_1068           |  32|   0|   32|          0|
    |acc_2                        |  32|   0|   32|          0|
    |acc_2_loc_assign_2_reg_1043  |  32|   0|   32|          0|
    |acc_2_loc_reg_1113           |  32|   0|   32|          0|
    |acc_3                        |  32|   0|   32|          0|
    |acc_3_loc_assign_2_reg_1088  |  32|   0|   32|          0|
    |acc_3_loc_reg_1158           |  32|   0|   32|          0|
    |acc_4                        |  32|   0|   32|          0|
    |acc_4_loc_assign_2_reg_1133  |  32|   0|   32|          0|
    |acc_4_loc_reg_1203           |  32|   0|   32|          0|
    |acc_5                        |  32|   0|   32|          0|
    |acc_5_loc_assign_2_reg_1178  |  32|   0|   32|          0|
    |acc_5_loc_reg_1243           |  32|   0|   32|          0|
    |acc_6                        |  32|   0|   32|          0|
    |acc_6_loc_assign_2_reg_1223  |  32|   0|   32|          0|
    |acc_6_loc_reg_1278           |  32|   0|   32|          0|
    |acc_7                        |  32|   0|   32|          0|
    |acc_7_loc_assign_2_reg_1263  |  32|   0|   32|          0|
    |acc_7_loc_reg_1298           |  32|   0|   32|          0|
    |ap_CS_fsm                    |  12|   0|   12|          0|
    |reg_412                      |  16|   0|   16|          0|
    |reg_416                      |  16|   0|   16|          0|
    |reg_420                      |  16|   0|   16|          0|
    |reg_424                      |  16|   0|   16|          0|
    |tmp_10_reg_1058              |  16|   0|   16|          0|
    |tmp_11_reg_1103              |  16|   0|   16|          0|
    |tmp_12_reg_1148              |  16|   0|   16|          0|
    |tmp_13_reg_1193              |  16|   0|   16|          0|
    |tmp_14_reg_1233              |  16|   0|   16|          0|
    |tmp_15_reg_1273              |  16|   0|   16|          0|
    |tmp_16_reg_1293              |  16|   0|   16|          0|
    |tmp_17_reg_1028              |  16|   0|   16|          0|
    |tmp_18_reg_1073              |  16|   0|   16|          0|
    |tmp_19_reg_1118              |  16|   0|   16|          0|
    |tmp_1_reg_1003               |  16|   0|   16|          0|
    |tmp_20_reg_1163              |  16|   0|   16|          0|
    |tmp_21_reg_1208              |  16|   0|   16|          0|
    |tmp_22_reg_1248              |  16|   0|   16|          0|
    |tmp_23_reg_1283              |  16|   0|   16|          0|
    |tmp_24_reg_1303              |  16|   0|   16|          0|
    |tmp_3_reg_1048               |  16|   0|   16|          0|
    |tmp_4_reg_1093               |  16|   0|   16|          0|
    |tmp_5_reg_1138               |  16|   0|   16|          0|
    |tmp_6_reg_1183               |  16|   0|   16|          0|
    |tmp_7_reg_1228               |  16|   0|   16|          0|
    |tmp_8_reg_1268               |  16|   0|   16|          0|
    |tmp_9_reg_1013               |  16|   0|   16|          0|
    |tmp_reg_973                  |  16|   0|   16|          0|
    +-----------------------------+----+----+-----+-----------+
    |Total                        |1228|   0| 1228|          0|
    +-----------------------------+----+----+-----+-----------+



================================================================
== Interface
================================================================
* Summary: 
+----------------+-----+-----+------------+--------------+--------------+
|    RTL Ports   | Dir | Bits|  Protocol  | Source Object|    C Type    |
+----------------+-----+-----+------------+--------------+--------------+
|ap_clk          |  in |    1| ap_ctrl_hs |   array_io   | return value |
|ap_rst          |  in |    1| ap_ctrl_hs |   array_io   | return value |
|ap_start        |  in |    1| ap_ctrl_hs |   array_io   | return value |
|ap_done         | out |    1| ap_ctrl_hs |   array_io   | return value |
|ap_idle         | out |    1| ap_ctrl_hs |   array_io   | return value |
|ap_ready        | out |    1| ap_ctrl_hs |   array_io   | return value |
|d_o_0_din       | out |   16|   ap_fifo  |     d_o_0    |    pointer   |
|d_o_0_full_n    |  in |    1|   ap_fifo  |     d_o_0    |    pointer   |
|d_o_0_write     | out |    1|   ap_fifo  |     d_o_0    |    pointer   |
|d_o_1_din       | out |   16|   ap_fifo  |     d_o_1    |    pointer   |
|d_o_1_full_n    |  in |    1|   ap_fifo  |     d_o_1    |    pointer   |
|d_o_1_write     | out |    1|   ap_fifo  |     d_o_1    |    pointer   |
|d_o_2_din       | out |   16|   ap_fifo  |     d_o_2    |    pointer   |
|d_o_2_full_n    |  in |    1|   ap_fifo  |     d_o_2    |    pointer   |
|d_o_2_write     | out |    1|   ap_fifo  |     d_o_2    |    pointer   |
|d_o_3_din       | out |   16|   ap_fifo  |     d_o_3    |    pointer   |
|d_o_3_full_n    |  in |    1|   ap_fifo  |     d_o_3    |    pointer   |
|d_o_3_write     | out |    1|   ap_fifo  |     d_o_3    |    pointer   |
|d_i_0_address0  | out |    4|  ap_memory |     d_i_0    |     array    |
|d_i_0_ce0       | out |    1|  ap_memory |     d_i_0    |     array    |
|d_i_0_q0        |  in |   16|  ap_memory |     d_i_0    |     array    |
|d_i_0_address1  | out |    4|  ap_memory |     d_i_0    |     array    |
|d_i_0_ce1       | out |    1|  ap_memory |     d_i_0    |     array    |
|d_i_0_q1        |  in |   16|  ap_memory |     d_i_0    |     array    |
|d_i_1_address0  | out |    4|  ap_memory |     d_i_1    |     array    |
|d_i_1_ce0       | out |    1|  ap_memory |     d_i_1    |     array    |
|d_i_1_q0        |  in |   16|  ap_memory |     d_i_1    |     array    |
|d_i_1_address1  | out |    4|  ap_memory |     d_i_1    |     array    |
|d_i_1_ce1       | out |    1|  ap_memory |     d_i_1    |     array    |
|d_i_1_q1        |  in |   16|  ap_memory |     d_i_1    |     array    |
+----------------+-----+-----+------------+--------------+--------------+

