

================================================================
== Vivado HLS Report for 'window_fn_top'
================================================================
* Date:           Sat Aug 08 22:34:26 2015

* Version:        2015.2 (Build 1266856 on Fri Jun 26 16:57:37 PM 2015)
* Project:        window_fn_prj
* Solution:       solution1
* Product family: kintex7
* Target device:  xc7k160tfbg484-1


================================================================
== Performance Estimates
================================================================
+ Timing (ns): 
    * Summary: 
    +--------+-------+----------+------------+
    |  Clock | Target| Estimated| Uncertainty|
    +--------+-------+----------+------------+
    |ap_clk  |   5.00|      3.75|        0.63|
    +--------+-------+----------+------------+

+ Latency (clock cycles): 
    * Summary: 
    +-----+-----+-----+-----+---------+
    |  Latency  |  Interval | Pipeline|
    | min | max | min | max |   Type  |
    +-----+-----+-----+-----+---------+
    |  257|  257|  258|  258|   none  |
    +-----+-----+-----+-----+---------+

    + Detail: 
        * Instance: 
        N/A

        * Loop: 
        +--------------+-----+-----+----------+-----------+-----------+------+----------+
        |              |  Latency  | Iteration|  Initiation Interval  | Trip |          |
        |   Loop Name  | min | max |  Latency |  achieved |   target  | Count| Pipelined|
        +--------------+-----+-----+----------+-----------+-----------+------+----------+
        |- winfn_loop  |  256|  256|         8|          -|          -|    32|    no    |
        +--------------+-----+-----+----------+-----------+-----------+------+----------+



================================================================
== Utilization Estimates
================================================================
* Summary: 
+-----------------+---------+-------+--------+--------+
|       Name      | BRAM_18K| DSP48E|   FF   |   LUT  |
+-----------------+---------+-------+--------+--------+
|Expression       |        -|      -|       -|       -|
|FIFO             |        -|      -|       -|       -|
|Instance         |        -|      -|       -|       -|
|Memory           |        -|      -|       -|       -|
|Multiplexer      |        -|      -|       -|       -|
|Register         |        -|      -|       -|       -|
+-----------------+---------+-------+--------+--------+
|Total            |        0|      0|       0|       0|
+-----------------+---------+-------+--------+--------+
|Available        |      650|    600|  202800|  101400|
+-----------------+---------+-------+--------+--------+
|Utilization (%)  |        0|      0|       0|       0|
+-----------------+---------+-------+--------+--------+

+ Detail: 
    * Instance: 
    N/A

    * Memory: 
    N/A

    * FIFO: 
    N/A

    * Expression: 
    N/A

    * Multiplexer: 
    N/A

    * Register: 
    N/A



================================================================
== Interface
================================================================
* Summary: 
N/A

============================================================
+ Verbose Summary: Synthesis Manager
============================================================
InlineROM: 1
ExposeGlobal: 0
============================================================
+ Verbose Summary: CDFG Model
============================================================
IsTopModel: 1
ResetActiveHigh: 1
IsCombinational: 0
IsDatapathOnly: 0
HasWiredReturn: 1
HasMFsm: 0
HasVarLatency: 1
IsPipeline: 0
IsRtlPipelined: 0
IsInstanceOverlapped: 0
IsDontTouch: 0
HasImplIP: 0
IsGatedGlobalClock: 0


============================================================
+ Verbose Summary: Schedule
============================================================
* Number of FSM states: 9
* Pipeline: 0
* Dataflow Pipeline: 0

* FSM state transitions: 
1 --> 
	2  / true
2 --> 
	3  / (!exitcond_i)
3 --> 
	4  / true
4 --> 
	5  / true
5 --> 
	6  / true
6 --> 
	7  / true
7 --> 
	8  / true
8 --> 
	9  / true
9 --> 
	2  / true
* FSM state operations: 

 <State 1>: 1.09ns
ST_1: stg_10 [1/1] 0.00ns
:0  call void (...)* @_ssdm_op_SpecBitsMap([32 x float]* %outdata) nounwind, !map !7

ST_1: stg_11 [1/1] 0.00ns
:1  call void (...)* @_ssdm_op_SpecBitsMap([32 x float]* %indata) nounwind, !map !13

ST_1: stg_12 [1/1] 0.00ns
:2  call void (...)* @_ssdm_op_SpecTopModule([14 x i8]* @window_fn_top_str) nounwind

ST_1: stg_13 [1/1] 1.09ns
:3  br label %1


 <State 2>: 2.39ns
ST_2: i_i [1/1] 0.00ns
:0  %i_i = phi i6 [ 0, %0 ], [ %i, %2 ]

ST_2: exitcond_i [1/1] 1.31ns
:1  %exitcond_i = icmp eq i6 %i_i, -32

ST_2: empty [1/1] 0.00ns
:2  %empty = call i32 (...)* @_ssdm_op_SpecLoopTripCount(i64 32, i64 32, i64 32) nounwind

ST_2: i [1/1] 1.34ns
:3  %i = add i6 %i_i, 1

ST_2: stg_18 [1/1] 0.00ns
:4  br i1 %exitcond_i, label %apply.exit, label %2

ST_2: tmp_i [1/1] 0.00ns
:1  %tmp_i = zext i6 %i_i to i64

ST_2: coeff_tab1_addr [1/1] 0.00ns
:2  %coeff_tab1_addr = getelementptr inbounds [32 x float]* @coeff_tab1, i64 0, i64 %tmp_i

ST_2: coeff_tab1_load [2/2] 2.39ns
:3  %coeff_tab1_load = load float* %coeff_tab1_addr, align 4

ST_2: indata_addr [1/1] 0.00ns
:4  %indata_addr = getelementptr [32 x float]* %indata, i64 0, i64 %tmp_i

ST_2: indata_load [2/2] 2.33ns
:5  %indata_load = load float* %indata_addr, align 4

ST_2: stg_24 [1/1] 0.00ns
apply.exit:0  ret void


 <State 3>: 2.39ns
ST_3: coeff_tab1_load [1/2] 2.39ns
:3  %coeff_tab1_load = load float* %coeff_tab1_addr, align 4

ST_3: indata_load [1/2] 2.33ns
:5  %indata_load = load float* %indata_addr, align 4


 <State 4>: 3.75ns
ST_4: tmp_1_i [5/5] 3.75ns
:6  %tmp_1_i = fmul float %coeff_tab1_load, %indata_load


 <State 5>: 3.75ns
ST_5: tmp_1_i [4/5] 3.75ns
:6  %tmp_1_i = fmul float %coeff_tab1_load, %indata_load


 <State 6>: 3.75ns
ST_6: tmp_1_i [3/5] 3.75ns
:6  %tmp_1_i = fmul float %coeff_tab1_load, %indata_load


 <State 7>: 3.75ns
ST_7: tmp_1_i [2/5] 3.75ns
:6  %tmp_1_i = fmul float %coeff_tab1_load, %indata_load


 <State 8>: 3.75ns
ST_8: tmp_1_i [1/5] 3.75ns
:6  %tmp_1_i = fmul float %coeff_tab1_load, %indata_load


 <State 9>: 2.33ns
ST_9: stg_32 [1/1] 0.00ns
:0  call void (...)* @_ssdm_op_SpecLoopName([11 x i8]* @p_str) nounwind

ST_9: outdata_addr [1/1] 0.00ns
:7  %outdata_addr = getelementptr [32 x float]* %outdata, i64 0, i64 %tmp_i

ST_9: stg_34 [1/1] 2.33ns
:8  store float %tmp_1_i, float* %outdata_addr, align 4

ST_9: stg_35 [1/1] 0.00ns
:9  br label %1



============================================================
+ Verbose Summary: Binding
============================================================
N/A
* FSMD analyzer results:
  - Output states:
  - Chain level:
	State 1
	State 2
	State 3
	State 4
	State 5
	State 6
	State 7
	State 8
	State 9


============================================================
+ Verbose Summary: Datapath Resource usage 
============================================================
N/A
