

================================================================
== Vivado HLS Report for 'array_io'
================================================================
* Date:           Sat Aug 08 16:12:23 2015

* Version:        2015.2 (Build 1266856 on Fri Jun 26 16:57:37 PM 2015)
* Project:        array_io_prj
* Solution:       solution4
* Product family: kintex7
* Target device:  xc7k160tfbg484-1


================================================================
== Performance Estimates
================================================================
+ Timing (ns): 
    * Summary: 
    +--------+-------+----------+------------+
    |  Clock | Target| Estimated| Uncertainty|
    +--------+-------+----------+------------+
    |ap_clk  |   4.00|      3.40|        0.50|
    +--------+-------+----------+------------+

+ Latency (clock cycles): 
    * Summary: 
    +-----+-----+-----+-----+---------+
    |  Latency  |  Interval | Pipeline|
    | min | max | min | max |   Type  |
    +-----+-----+-----+-----+---------+
    |    2|    2|    3|    3|   none  |
    +-----+-----+-----+-----+---------+

    + Detail: 
        * Instance: 
        N/A

        * Loop: 
        N/A



================================================================
== Utilization Estimates
================================================================
* Summary: 
+-----------------+---------+-------+--------+--------+
|       Name      | BRAM_18K| DSP48E|   FF   |   LUT  |
+-----------------+---------+-------+--------+--------+
|Expression       |        -|      -|       -|       -|
|FIFO             |        -|      -|       -|       -|
|Instance         |        -|      -|       -|       -|
|Memory           |        -|      -|       -|       -|
|Multiplexer      |        -|      -|       -|       -|
|Register         |        -|      -|       -|       -|
+-----------------+---------+-------+--------+--------+
|Total            |        0|      0|       0|       0|
+-----------------+---------+-------+--------+--------+
|Available        |      650|    600|  202800|  101400|
+-----------------+---------+-------+--------+--------+
|Utilization (%)  |        0|      0|       0|       0|
+-----------------+---------+-------+--------+--------+

+ Detail: 
    * Instance: 
    N/A

    * Memory: 
    N/A

    * FIFO: 
    N/A

    * Expression: 
    N/A

    * Multiplexer: 
    N/A

    * Register: 
    N/A



================================================================
== Interface
================================================================
* Summary: 
N/A

============================================================
+ Verbose Summary: Synthesis Manager
============================================================
InlineROM: 1
ExposeGlobal: 0
============================================================
+ Verbose Summary: CDFG Model
============================================================
IsTopModel: 1
ResetActiveHigh: 1
IsCombinational: 0
IsDatapathOnly: 0
HasWiredReturn: 1
HasMFsm: 0
HasVarLatency: 1
IsPipeline: 0
IsRtlPipelined: 0
IsInstanceOverlapped: 0
IsDontTouch: 0
HasImplIP: 0
IsGatedGlobalClock: 0


============================================================
+ Verbose Summary: Schedule
============================================================
* Number of FSM states: 3
* Pipeline: 0
* Dataflow Pipeline: 0

* FSM state transitions: 
1 --> 
	2  / true
2 --> 
	3  / true
3 --> 
* FSM state operations: 

 <State 1>: 1.70ns
ST_1: acc_0_load [1/1] 0.00ns
:66  %acc_0_load = load i32* @acc_0, align 4

ST_1: d_i_0_read [1/1] 0.00ns
:67  %d_i_0_read = call i16 @_ssdm_op_Read.ap_auto.i16P(i16* %d_i_0)

ST_1: tmp_2 [1/1] 0.00ns
:68  %tmp_2 = sext i16 %d_i_0_read to i32

ST_1: acc_0_loc_assign_2 [1/1] 1.70ns
:69  %acc_0_loc_assign_2 = add nsw i32 %acc_0_load, %tmp_2

ST_1: tmp [1/1] 0.00ns
:70  %tmp = trunc i32 %acc_0_loc_assign_2 to i16

ST_1: acc_1_load [1/1] 0.00ns
:72  %acc_1_load = load i32* @acc_1, align 4

ST_1: d_i_1_read [1/1] 0.00ns
:73  %d_i_1_read = call i16 @_ssdm_op_Read.ap_auto.i16P(i16* %d_i_1)

ST_1: tmp_2_1 [1/1] 0.00ns
:74  %tmp_2_1 = sext i16 %d_i_1_read to i32

ST_1: acc_1_loc_assign_2 [1/1] 1.70ns
:75  %acc_1_loc_assign_2 = add nsw i32 %acc_1_load, %tmp_2_1

ST_1: tmp_1 [1/1] 0.00ns
:76  %tmp_1 = trunc i32 %acc_1_loc_assign_2 to i16

ST_1: acc_2_load [1/1] 0.00ns
:78  %acc_2_load = load i32* @acc_2, align 4

ST_1: d_i_2_read [1/1] 0.00ns
:79  %d_i_2_read = call i16 @_ssdm_op_Read.ap_auto.i16P(i16* %d_i_2)

ST_1: tmp_2_2 [1/1] 0.00ns
:80  %tmp_2_2 = sext i16 %d_i_2_read to i32

ST_1: acc_2_loc_assign_2 [1/1] 1.70ns
:81  %acc_2_loc_assign_2 = add nsw i32 %acc_2_load, %tmp_2_2

ST_1: tmp_3 [1/1] 0.00ns
:82  %tmp_3 = trunc i32 %acc_2_loc_assign_2 to i16

ST_1: acc_3_load [1/1] 0.00ns
:84  %acc_3_load = load i32* @acc_3, align 4

ST_1: d_i_3_read [1/1] 0.00ns
:85  %d_i_3_read = call i16 @_ssdm_op_Read.ap_auto.i16P(i16* %d_i_3)

ST_1: tmp_2_3 [1/1] 0.00ns
:86  %tmp_2_3 = sext i16 %d_i_3_read to i32

ST_1: acc_3_loc_assign_2 [1/1] 1.70ns
:87  %acc_3_loc_assign_2 = add nsw i32 %acc_3_load, %tmp_2_3

ST_1: tmp_4 [1/1] 0.00ns
:88  %tmp_4 = trunc i32 %acc_3_loc_assign_2 to i16

ST_1: acc_4_load [1/1] 0.00ns
:90  %acc_4_load = load i32* @acc_4, align 4

ST_1: d_i_4_read [1/1] 0.00ns
:91  %d_i_4_read = call i16 @_ssdm_op_Read.ap_auto.i16P(i16* %d_i_4)

ST_1: tmp_2_4 [1/1] 0.00ns
:92  %tmp_2_4 = sext i16 %d_i_4_read to i32

ST_1: acc_4_loc_assign_2 [1/1] 1.70ns
:93  %acc_4_loc_assign_2 = add nsw i32 %acc_4_load, %tmp_2_4

ST_1: tmp_5 [1/1] 0.00ns
:94  %tmp_5 = trunc i32 %acc_4_loc_assign_2 to i16

ST_1: acc_5_load [1/1] 0.00ns
:96  %acc_5_load = load i32* @acc_5, align 4

ST_1: d_i_5_read [1/1] 0.00ns
:97  %d_i_5_read = call i16 @_ssdm_op_Read.ap_auto.i16P(i16* %d_i_5)

ST_1: tmp_2_5 [1/1] 0.00ns
:98  %tmp_2_5 = sext i16 %d_i_5_read to i32

ST_1: acc_5_loc_assign_2 [1/1] 1.70ns
:99  %acc_5_loc_assign_2 = add nsw i32 %acc_5_load, %tmp_2_5

ST_1: tmp_6 [1/1] 0.00ns
:100  %tmp_6 = trunc i32 %acc_5_loc_assign_2 to i16

ST_1: acc_6_load [1/1] 0.00ns
:102  %acc_6_load = load i32* @acc_6, align 4

ST_1: d_i_6_read [1/1] 0.00ns
:103  %d_i_6_read = call i16 @_ssdm_op_Read.ap_auto.i16P(i16* %d_i_6)

ST_1: tmp_2_6 [1/1] 0.00ns
:104  %tmp_2_6 = sext i16 %d_i_6_read to i32

ST_1: acc_6_loc_assign_2 [1/1] 1.70ns
:105  %acc_6_loc_assign_2 = add nsw i32 %acc_6_load, %tmp_2_6

ST_1: tmp_7 [1/1] 0.00ns
:106  %tmp_7 = trunc i32 %acc_6_loc_assign_2 to i16

ST_1: acc_7_load [1/1] 0.00ns
:108  %acc_7_load = load i32* @acc_7, align 4

ST_1: d_i_7_read [1/1] 0.00ns
:109  %d_i_7_read = call i16 @_ssdm_op_Read.ap_auto.i16P(i16* %d_i_7)

ST_1: tmp_2_7 [1/1] 0.00ns
:110  %tmp_2_7 = sext i16 %d_i_7_read to i32

ST_1: acc_7_loc_assign_2 [1/1] 1.70ns
:111  %acc_7_loc_assign_2 = add nsw i32 %acc_7_load, %tmp_2_7

ST_1: tmp_8 [1/1] 0.00ns
:112  %tmp_8 = trunc i32 %acc_7_loc_assign_2 to i16


 <State 2>: 3.40ns
ST_2: d_i_8_read [1/1] 0.00ns
:114  %d_i_8_read = call i16 @_ssdm_op_Read.ap_auto.i16P(i16* %d_i_8)

ST_2: tmp_2_8 [1/1] 0.00ns
:115  %tmp_2_8 = sext i16 %d_i_8_read to i32

ST_2: acc_0_loc_assign_1 [1/1] 1.70ns
:116  %acc_0_loc_assign_1 = add nsw i32 %acc_0_loc_assign_2, %tmp_2_8

ST_2: tmp_9 [1/1] 0.00ns
:117  %tmp_9 = trunc i32 %acc_0_loc_assign_1 to i16

ST_2: d_i_9_read [1/1] 0.00ns
:119  %d_i_9_read = call i16 @_ssdm_op_Read.ap_auto.i16P(i16* %d_i_9)

ST_2: tmp_2_9 [1/1] 0.00ns
:120  %tmp_2_9 = sext i16 %d_i_9_read to i32

ST_2: acc_1_loc_assign_1 [1/1] 1.70ns
:121  %acc_1_loc_assign_1 = add nsw i32 %acc_1_loc_assign_2, %tmp_2_9

ST_2: tmp_10 [1/1] 0.00ns
:122  %tmp_10 = trunc i32 %acc_1_loc_assign_1 to i16

ST_2: d_i_10_read [1/1] 0.00ns
:124  %d_i_10_read = call i16 @_ssdm_op_Read.ap_auto.i16P(i16* %d_i_10)

ST_2: tmp_2_s [1/1] 0.00ns
:125  %tmp_2_s = sext i16 %d_i_10_read to i32

ST_2: acc_2_loc_assign_1 [1/1] 1.70ns
:126  %acc_2_loc_assign_1 = add nsw i32 %acc_2_loc_assign_2, %tmp_2_s

ST_2: tmp_11 [1/1] 0.00ns
:127  %tmp_11 = trunc i32 %acc_2_loc_assign_1 to i16

ST_2: d_i_11_read [1/1] 0.00ns
:129  %d_i_11_read = call i16 @_ssdm_op_Read.ap_auto.i16P(i16* %d_i_11)

ST_2: tmp_2_10 [1/1] 0.00ns
:130  %tmp_2_10 = sext i16 %d_i_11_read to i32

ST_2: acc_3_loc_assign_1 [1/1] 1.70ns
:131  %acc_3_loc_assign_1 = add nsw i32 %acc_3_loc_assign_2, %tmp_2_10

ST_2: tmp_12 [1/1] 0.00ns
:132  %tmp_12 = trunc i32 %acc_3_loc_assign_1 to i16

ST_2: d_i_12_read [1/1] 0.00ns
:134  %d_i_12_read = call i16 @_ssdm_op_Read.ap_auto.i16P(i16* %d_i_12)

ST_2: tmp_2_11 [1/1] 0.00ns
:135  %tmp_2_11 = sext i16 %d_i_12_read to i32

ST_2: acc_4_loc_assign_1 [1/1] 1.70ns
:136  %acc_4_loc_assign_1 = add nsw i32 %acc_4_loc_assign_2, %tmp_2_11

ST_2: tmp_13 [1/1] 0.00ns
:137  %tmp_13 = trunc i32 %acc_4_loc_assign_1 to i16

ST_2: d_i_13_read [1/1] 0.00ns
:139  %d_i_13_read = call i16 @_ssdm_op_Read.ap_auto.i16P(i16* %d_i_13)

ST_2: tmp_2_12 [1/1] 0.00ns
:140  %tmp_2_12 = sext i16 %d_i_13_read to i32

ST_2: acc_5_loc_assign_1 [1/1] 1.70ns
:141  %acc_5_loc_assign_1 = add nsw i32 %acc_5_loc_assign_2, %tmp_2_12

ST_2: tmp_14 [1/1] 0.00ns
:142  %tmp_14 = trunc i32 %acc_5_loc_assign_1 to i16

ST_2: d_i_14_read [1/1] 0.00ns
:144  %d_i_14_read = call i16 @_ssdm_op_Read.ap_auto.i16P(i16* %d_i_14)

ST_2: tmp_2_13 [1/1] 0.00ns
:145  %tmp_2_13 = sext i16 %d_i_14_read to i32

ST_2: acc_6_loc_assign_1 [1/1] 1.70ns
:146  %acc_6_loc_assign_1 = add nsw i32 %acc_6_loc_assign_2, %tmp_2_13

ST_2: tmp_15 [1/1] 0.00ns
:147  %tmp_15 = trunc i32 %acc_6_loc_assign_1 to i16

ST_2: d_i_15_read [1/1] 0.00ns
:149  %d_i_15_read = call i16 @_ssdm_op_Read.ap_auto.i16P(i16* %d_i_15)

ST_2: tmp_2_14 [1/1] 0.00ns
:150  %tmp_2_14 = sext i16 %d_i_15_read to i32

ST_2: acc_7_loc_assign_1 [1/1] 1.70ns
:151  %acc_7_loc_assign_1 = add nsw i32 %acc_7_loc_assign_2, %tmp_2_14

ST_2: tmp_16 [1/1] 0.00ns
:152  %tmp_16 = trunc i32 %acc_7_loc_assign_1 to i16

ST_2: d_i_16_read [1/1] 0.00ns
:154  %d_i_16_read = call i16 @_ssdm_op_Read.ap_auto.i16P(i16* %d_i_16)

ST_2: tmp_2_15 [1/1] 0.00ns
:155  %tmp_2_15 = sext i16 %d_i_16_read to i32

ST_2: acc_0_loc [1/1] 1.70ns
:156  %acc_0_loc = add nsw i32 %acc_0_loc_assign_1, %tmp_2_15

ST_2: tmp_17 [1/1] 0.00ns
:157  %tmp_17 = trunc i32 %acc_0_loc to i16

ST_2: d_i_17_read [1/1] 0.00ns
:159  %d_i_17_read = call i16 @_ssdm_op_Read.ap_auto.i16P(i16* %d_i_17)

ST_2: tmp_2_16 [1/1] 0.00ns
:160  %tmp_2_16 = sext i16 %d_i_17_read to i32

ST_2: acc_1_loc [1/1] 1.70ns
:161  %acc_1_loc = add nsw i32 %acc_1_loc_assign_1, %tmp_2_16

ST_2: tmp_18 [1/1] 0.00ns
:162  %tmp_18 = trunc i32 %acc_1_loc to i16

ST_2: d_i_18_read [1/1] 0.00ns
:164  %d_i_18_read = call i16 @_ssdm_op_Read.ap_auto.i16P(i16* %d_i_18)

ST_2: tmp_2_17 [1/1] 0.00ns
:165  %tmp_2_17 = sext i16 %d_i_18_read to i32

ST_2: acc_2_loc [1/1] 1.70ns
:166  %acc_2_loc = add nsw i32 %acc_2_loc_assign_1, %tmp_2_17

ST_2: tmp_19 [1/1] 0.00ns
:167  %tmp_19 = trunc i32 %acc_2_loc to i16

ST_2: d_i_19_read [1/1] 0.00ns
:169  %d_i_19_read = call i16 @_ssdm_op_Read.ap_auto.i16P(i16* %d_i_19)

ST_2: tmp_2_18 [1/1] 0.00ns
:170  %tmp_2_18 = sext i16 %d_i_19_read to i32

ST_2: acc_3_loc [1/1] 1.70ns
:171  %acc_3_loc = add nsw i32 %acc_3_loc_assign_1, %tmp_2_18

ST_2: tmp_20 [1/1] 0.00ns
:172  %tmp_20 = trunc i32 %acc_3_loc to i16

ST_2: d_i_20_read [1/1] 0.00ns
:174  %d_i_20_read = call i16 @_ssdm_op_Read.ap_auto.i16P(i16* %d_i_20)

ST_2: tmp_2_19 [1/1] 0.00ns
:175  %tmp_2_19 = sext i16 %d_i_20_read to i32

ST_2: acc_4_loc [1/1] 1.70ns
:176  %acc_4_loc = add nsw i32 %acc_4_loc_assign_1, %tmp_2_19

ST_2: tmp_21 [1/1] 0.00ns
:177  %tmp_21 = trunc i32 %acc_4_loc to i16

ST_2: d_i_21_read [1/1] 0.00ns
:179  %d_i_21_read = call i16 @_ssdm_op_Read.ap_auto.i16P(i16* %d_i_21)

ST_2: tmp_2_20 [1/1] 0.00ns
:180  %tmp_2_20 = sext i16 %d_i_21_read to i32

ST_2: acc_5_loc [1/1] 1.70ns
:181  %acc_5_loc = add nsw i32 %acc_5_loc_assign_1, %tmp_2_20

ST_2: tmp_22 [1/1] 0.00ns
:182  %tmp_22 = trunc i32 %acc_5_loc to i16

ST_2: d_i_22_read [1/1] 0.00ns
:184  %d_i_22_read = call i16 @_ssdm_op_Read.ap_auto.i16P(i16* %d_i_22)

ST_2: tmp_2_21 [1/1] 0.00ns
:185  %tmp_2_21 = sext i16 %d_i_22_read to i32

ST_2: acc_6_loc [1/1] 1.70ns
:186  %acc_6_loc = add nsw i32 %acc_6_loc_assign_1, %tmp_2_21

ST_2: tmp_23 [1/1] 0.00ns
:187  %tmp_23 = trunc i32 %acc_6_loc to i16

ST_2: d_i_23_read [1/1] 0.00ns
:189  %d_i_23_read = call i16 @_ssdm_op_Read.ap_auto.i16P(i16* %d_i_23)

ST_2: tmp_2_22 [1/1] 0.00ns
:190  %tmp_2_22 = sext i16 %d_i_23_read to i32

ST_2: acc_7_loc [1/1] 1.70ns
:191  %acc_7_loc = add nsw i32 %acc_7_loc_assign_1, %tmp_2_22

ST_2: tmp_24 [1/1] 0.00ns
:192  %tmp_24 = trunc i32 %acc_7_loc to i16


 <State 3>: 2.70ns
ST_3: stg_108 [1/1] 0.00ns
:0  call void (...)* @_ssdm_op_SpecBitsMap(i16* %d_o_31), !map !0

ST_3: stg_109 [1/1] 0.00ns
:1  call void (...)* @_ssdm_op_SpecBitsMap(i16* %d_o_30), !map !6

ST_3: stg_110 [1/1] 0.00ns
:2  call void (...)* @_ssdm_op_SpecBitsMap(i16* %d_o_29), !map !12

ST_3: stg_111 [1/1] 0.00ns
:3  call void (...)* @_ssdm_op_SpecBitsMap(i16* %d_o_28), !map !18

ST_3: stg_112 [1/1] 0.00ns
:4  call void (...)* @_ssdm_op_SpecBitsMap(i16* %d_o_27), !map !24

ST_3: stg_113 [1/1] 0.00ns
:5  call void (...)* @_ssdm_op_SpecBitsMap(i16* %d_o_26), !map !30

ST_3: stg_114 [1/1] 0.00ns
:6  call void (...)* @_ssdm_op_SpecBitsMap(i16* %d_o_25), !map !36

ST_3: stg_115 [1/1] 0.00ns
:7  call void (...)* @_ssdm_op_SpecBitsMap(i16* %d_o_24), !map !42

ST_3: stg_116 [1/1] 0.00ns
:8  call void (...)* @_ssdm_op_SpecBitsMap(i16* %d_o_23), !map !48

ST_3: stg_117 [1/1] 0.00ns
:9  call void (...)* @_ssdm_op_SpecBitsMap(i16* %d_o_22), !map !54

ST_3: stg_118 [1/1] 0.00ns
:10  call void (...)* @_ssdm_op_SpecBitsMap(i16* %d_o_21), !map !60

ST_3: stg_119 [1/1] 0.00ns
:11  call void (...)* @_ssdm_op_SpecBitsMap(i16* %d_o_20), !map !66

ST_3: stg_120 [1/1] 0.00ns
:12  call void (...)* @_ssdm_op_SpecBitsMap(i16* %d_o_19), !map !72

ST_3: stg_121 [1/1] 0.00ns
:13  call void (...)* @_ssdm_op_SpecBitsMap(i16* %d_o_18), !map !78

ST_3: stg_122 [1/1] 0.00ns
:14  call void (...)* @_ssdm_op_SpecBitsMap(i16* %d_o_17), !map !84

ST_3: stg_123 [1/1] 0.00ns
:15  call void (...)* @_ssdm_op_SpecBitsMap(i16* %d_o_16), !map !90

ST_3: stg_124 [1/1] 0.00ns
:16  call void (...)* @_ssdm_op_SpecBitsMap(i16* %d_o_15), !map !96

ST_3: stg_125 [1/1] 0.00ns
:17  call void (...)* @_ssdm_op_SpecBitsMap(i16* %d_o_14), !map !102

ST_3: stg_126 [1/1] 0.00ns
:18  call void (...)* @_ssdm_op_SpecBitsMap(i16* %d_o_13), !map !108

ST_3: stg_127 [1/1] 0.00ns
:19  call void (...)* @_ssdm_op_SpecBitsMap(i16* %d_o_12), !map !114

ST_3: stg_128 [1/1] 0.00ns
:20  call void (...)* @_ssdm_op_SpecBitsMap(i16* %d_o_11), !map !120

ST_3: stg_129 [1/1] 0.00ns
:21  call void (...)* @_ssdm_op_SpecBitsMap(i16* %d_o_10), !map !126

ST_3: stg_130 [1/1] 0.00ns
:22  call void (...)* @_ssdm_op_SpecBitsMap(i16* %d_o_9), !map !132

ST_3: stg_131 [1/1] 0.00ns
:23  call void (...)* @_ssdm_op_SpecBitsMap(i16* %d_o_8), !map !138

ST_3: stg_132 [1/1] 0.00ns
:24  call void (...)* @_ssdm_op_SpecBitsMap(i16* %d_o_7), !map !144

ST_3: stg_133 [1/1] 0.00ns
:25  call void (...)* @_ssdm_op_SpecBitsMap(i16* %d_o_6), !map !150

ST_3: stg_134 [1/1] 0.00ns
:26  call void (...)* @_ssdm_op_SpecBitsMap(i16* %d_o_5), !map !156

ST_3: stg_135 [1/1] 0.00ns
:27  call void (...)* @_ssdm_op_SpecBitsMap(i16* %d_o_4), !map !162

ST_3: stg_136 [1/1] 0.00ns
:28  call void (...)* @_ssdm_op_SpecBitsMap(i16* %d_o_3), !map !168

ST_3: stg_137 [1/1] 0.00ns
:29  call void (...)* @_ssdm_op_SpecBitsMap(i16* %d_o_2), !map !174

ST_3: stg_138 [1/1] 0.00ns
:30  call void (...)* @_ssdm_op_SpecBitsMap(i16* %d_o_1), !map !180

ST_3: stg_139 [1/1] 0.00ns
:31  call void (...)* @_ssdm_op_SpecBitsMap(i16* %d_o_0), !map !186

ST_3: stg_140 [1/1] 0.00ns
:32  call void (...)* @_ssdm_op_SpecBitsMap(i16* %d_i_31), !map !192

ST_3: stg_141 [1/1] 0.00ns
:33  call void (...)* @_ssdm_op_SpecBitsMap(i16* %d_i_30), !map !196

ST_3: stg_142 [1/1] 0.00ns
:34  call void (...)* @_ssdm_op_SpecBitsMap(i16* %d_i_29), !map !200

ST_3: stg_143 [1/1] 0.00ns
:35  call void (...)* @_ssdm_op_SpecBitsMap(i16* %d_i_28), !map !204

ST_3: stg_144 [1/1] 0.00ns
:36  call void (...)* @_ssdm_op_SpecBitsMap(i16* %d_i_27), !map !208

ST_3: stg_145 [1/1] 0.00ns
:37  call void (...)* @_ssdm_op_SpecBitsMap(i16* %d_i_26), !map !212

ST_3: stg_146 [1/1] 0.00ns
:38  call void (...)* @_ssdm_op_SpecBitsMap(i16* %d_i_25), !map !216

ST_3: stg_147 [1/1] 0.00ns
:39  call void (...)* @_ssdm_op_SpecBitsMap(i16* %d_i_24), !map !220

ST_3: stg_148 [1/1] 0.00ns
:40  call void (...)* @_ssdm_op_SpecBitsMap(i16* %d_i_23), !map !224

ST_3: stg_149 [1/1] 0.00ns
:41  call void (...)* @_ssdm_op_SpecBitsMap(i16* %d_i_22), !map !228

ST_3: stg_150 [1/1] 0.00ns
:42  call void (...)* @_ssdm_op_SpecBitsMap(i16* %d_i_21), !map !232

ST_3: stg_151 [1/1] 0.00ns
:43  call void (...)* @_ssdm_op_SpecBitsMap(i16* %d_i_20), !map !236

ST_3: stg_152 [1/1] 0.00ns
:44  call void (...)* @_ssdm_op_SpecBitsMap(i16* %d_i_19), !map !240

ST_3: stg_153 [1/1] 0.00ns
:45  call void (...)* @_ssdm_op_SpecBitsMap(i16* %d_i_18), !map !244

ST_3: stg_154 [1/1] 0.00ns
:46  call void (...)* @_ssdm_op_SpecBitsMap(i16* %d_i_17), !map !248

ST_3: stg_155 [1/1] 0.00ns
:47  call void (...)* @_ssdm_op_SpecBitsMap(i16* %d_i_16), !map !252

ST_3: stg_156 [1/1] 0.00ns
:48  call void (...)* @_ssdm_op_SpecBitsMap(i16* %d_i_15), !map !256

ST_3: stg_157 [1/1] 0.00ns
:49  call void (...)* @_ssdm_op_SpecBitsMap(i16* %d_i_14), !map !260

ST_3: stg_158 [1/1] 0.00ns
:50  call void (...)* @_ssdm_op_SpecBitsMap(i16* %d_i_13), !map !264

ST_3: stg_159 [1/1] 0.00ns
:51  call void (...)* @_ssdm_op_SpecBitsMap(i16* %d_i_12), !map !268

ST_3: stg_160 [1/1] 0.00ns
:52  call void (...)* @_ssdm_op_SpecBitsMap(i16* %d_i_11), !map !272

ST_3: stg_161 [1/1] 0.00ns
:53  call void (...)* @_ssdm_op_SpecBitsMap(i16* %d_i_10), !map !276

ST_3: stg_162 [1/1] 0.00ns
:54  call void (...)* @_ssdm_op_SpecBitsMap(i16* %d_i_9), !map !280

ST_3: stg_163 [1/1] 0.00ns
:55  call void (...)* @_ssdm_op_SpecBitsMap(i16* %d_i_8), !map !284

ST_3: stg_164 [1/1] 0.00ns
:56  call void (...)* @_ssdm_op_SpecBitsMap(i16* %d_i_7), !map !288

ST_3: stg_165 [1/1] 0.00ns
:57  call void (...)* @_ssdm_op_SpecBitsMap(i16* %d_i_6), !map !292

ST_3: stg_166 [1/1] 0.00ns
:58  call void (...)* @_ssdm_op_SpecBitsMap(i16* %d_i_5), !map !296

ST_3: stg_167 [1/1] 0.00ns
:59  call void (...)* @_ssdm_op_SpecBitsMap(i16* %d_i_4), !map !300

ST_3: stg_168 [1/1] 0.00ns
:60  call void (...)* @_ssdm_op_SpecBitsMap(i16* %d_i_3), !map !304

ST_3: stg_169 [1/1] 0.00ns
:61  call void (...)* @_ssdm_op_SpecBitsMap(i16* %d_i_2), !map !308

ST_3: stg_170 [1/1] 0.00ns
:62  call void (...)* @_ssdm_op_SpecBitsMap(i16* %d_i_1), !map !312

ST_3: stg_171 [1/1] 0.00ns
:63  call void (...)* @_ssdm_op_SpecBitsMap(i16* %d_i_0), !map !316

ST_3: stg_172 [1/1] 0.00ns
:64  call void (...)* @_ssdm_op_SpecTopModule([9 x i8]* @array_io_str) nounwind

ST_3: stg_173 [1/1] 0.00ns
:65  call void (...)* @_ssdm_op_SpecInterface(i16* %d_o_0, i16* %d_o_1, i16* %d_o_2, i16* %d_o_3, i16* %d_o_4, i16* %d_o_5, i16* %d_o_6, i16* %d_o_7, i16* %d_o_8, i16* %d_o_9, i16* %d_o_10, i16* %d_o_11, i16* %d_o_12, i16* %d_o_13, i16* %d_o_14, i16* %d_o_15, i16* %d_o_16, i16* %d_o_17, i16* %d_o_18, i16* %d_o_19, i16* %d_o_20, i16* %d_o_21, i16* %d_o_22, i16* %d_o_23, i16* %d_o_24, i16* %d_o_25, i16* %d_o_26, i16* %d_o_27, i16* %d_o_28, i16* %d_o_29, i16* %d_o_30, i16* %d_o_31, [8 x i8]* @p_str2, i32 0, i32 0, i32 0, i32 0, [1 x i8]* @p_str1, [1 x i8]* @p_str1, [1 x i8]* @p_str1) nounwind

ST_3: stg_174 [1/1] 1.00ns
:71  call void @_ssdm_op_Write.ap_fifo.i16P(i16* %d_o_0, i16 %tmp)

ST_3: stg_175 [1/1] 1.00ns
:77  call void @_ssdm_op_Write.ap_fifo.i16P(i16* %d_o_1, i16 %tmp_1)

ST_3: stg_176 [1/1] 1.00ns
:83  call void @_ssdm_op_Write.ap_fifo.i16P(i16* %d_o_2, i16 %tmp_3)

ST_3: stg_177 [1/1] 1.00ns
:89  call void @_ssdm_op_Write.ap_fifo.i16P(i16* %d_o_3, i16 %tmp_4)

ST_3: stg_178 [1/1] 1.00ns
:95  call void @_ssdm_op_Write.ap_fifo.i16P(i16* %d_o_4, i16 %tmp_5)

ST_3: stg_179 [1/1] 1.00ns
:101  call void @_ssdm_op_Write.ap_fifo.i16P(i16* %d_o_5, i16 %tmp_6)

ST_3: stg_180 [1/1] 1.00ns
:107  call void @_ssdm_op_Write.ap_fifo.i16P(i16* %d_o_6, i16 %tmp_7)

ST_3: stg_181 [1/1] 1.00ns
:113  call void @_ssdm_op_Write.ap_fifo.i16P(i16* %d_o_7, i16 %tmp_8)

ST_3: stg_182 [1/1] 1.00ns
:118  call void @_ssdm_op_Write.ap_fifo.i16P(i16* %d_o_8, i16 %tmp_9)

ST_3: stg_183 [1/1] 1.00ns
:123  call void @_ssdm_op_Write.ap_fifo.i16P(i16* %d_o_9, i16 %tmp_10)

ST_3: stg_184 [1/1] 1.00ns
:128  call void @_ssdm_op_Write.ap_fifo.i16P(i16* %d_o_10, i16 %tmp_11)

ST_3: stg_185 [1/1] 1.00ns
:133  call void @_ssdm_op_Write.ap_fifo.i16P(i16* %d_o_11, i16 %tmp_12)

ST_3: stg_186 [1/1] 1.00ns
:138  call void @_ssdm_op_Write.ap_fifo.i16P(i16* %d_o_12, i16 %tmp_13)

ST_3: stg_187 [1/1] 1.00ns
:143  call void @_ssdm_op_Write.ap_fifo.i16P(i16* %d_o_13, i16 %tmp_14)

ST_3: stg_188 [1/1] 1.00ns
:148  call void @_ssdm_op_Write.ap_fifo.i16P(i16* %d_o_14, i16 %tmp_15)

ST_3: stg_189 [1/1] 1.00ns
:153  call void @_ssdm_op_Write.ap_fifo.i16P(i16* %d_o_15, i16 %tmp_16)

ST_3: stg_190 [1/1] 1.00ns
:158  call void @_ssdm_op_Write.ap_fifo.i16P(i16* %d_o_16, i16 %tmp_17)

ST_3: stg_191 [1/1] 1.00ns
:163  call void @_ssdm_op_Write.ap_fifo.i16P(i16* %d_o_17, i16 %tmp_18)

ST_3: stg_192 [1/1] 1.00ns
:168  call void @_ssdm_op_Write.ap_fifo.i16P(i16* %d_o_18, i16 %tmp_19)

ST_3: stg_193 [1/1] 1.00ns
:173  call void @_ssdm_op_Write.ap_fifo.i16P(i16* %d_o_19, i16 %tmp_20)

ST_3: stg_194 [1/1] 1.00ns
:178  call void @_ssdm_op_Write.ap_fifo.i16P(i16* %d_o_20, i16 %tmp_21)

ST_3: stg_195 [1/1] 1.00ns
:183  call void @_ssdm_op_Write.ap_fifo.i16P(i16* %d_o_21, i16 %tmp_22)

ST_3: stg_196 [1/1] 1.00ns
:188  call void @_ssdm_op_Write.ap_fifo.i16P(i16* %d_o_22, i16 %tmp_23)

ST_3: stg_197 [1/1] 1.00ns
:193  call void @_ssdm_op_Write.ap_fifo.i16P(i16* %d_o_23, i16 %tmp_24)

ST_3: d_i_24_read [1/1] 0.00ns
:194  %d_i_24_read = call i16 @_ssdm_op_Read.ap_auto.i16P(i16* %d_i_24)

ST_3: tmp_2_23 [1/1] 0.00ns
:195  %tmp_2_23 = sext i16 %d_i_24_read to i32

ST_3: temp_s [1/1] 1.70ns
:196  %temp_s = add nsw i32 %acc_0_loc, %tmp_2_23

ST_3: stg_201 [1/1] 0.00ns
:197  store i32 %temp_s, i32* @acc_0, align 16

ST_3: tmp_25 [1/1] 0.00ns
:198  %tmp_25 = trunc i32 %temp_s to i16

ST_3: stg_203 [1/1] 1.00ns
:199  call void @_ssdm_op_Write.ap_fifo.i16P(i16* %d_o_24, i16 %tmp_25)

ST_3: d_i_25_read [1/1] 0.00ns
:200  %d_i_25_read = call i16 @_ssdm_op_Read.ap_auto.i16P(i16* %d_i_25)

ST_3: tmp_2_24 [1/1] 0.00ns
:201  %tmp_2_24 = sext i16 %d_i_25_read to i32

ST_3: temp_1 [1/1] 1.70ns
:202  %temp_1 = add nsw i32 %acc_1_loc, %tmp_2_24

ST_3: stg_207 [1/1] 0.00ns
:203  store i32 %temp_1, i32* @acc_1, align 4

ST_3: tmp_26 [1/1] 0.00ns
:204  %tmp_26 = trunc i32 %temp_1 to i16

ST_3: stg_209 [1/1] 1.00ns
:205  call void @_ssdm_op_Write.ap_fifo.i16P(i16* %d_o_25, i16 %tmp_26)

ST_3: d_i_26_read [1/1] 0.00ns
:206  %d_i_26_read = call i16 @_ssdm_op_Read.ap_auto.i16P(i16* %d_i_26)

ST_3: tmp_2_25 [1/1] 0.00ns
:207  %tmp_2_25 = sext i16 %d_i_26_read to i32

ST_3: temp_2 [1/1] 1.70ns
:208  %temp_2 = add nsw i32 %acc_2_loc, %tmp_2_25

ST_3: stg_213 [1/1] 0.00ns
:209  store i32 %temp_2, i32* @acc_2, align 8

ST_3: tmp_27 [1/1] 0.00ns
:210  %tmp_27 = trunc i32 %temp_2 to i16

ST_3: stg_215 [1/1] 1.00ns
:211  call void @_ssdm_op_Write.ap_fifo.i16P(i16* %d_o_26, i16 %tmp_27)

ST_3: d_i_27_read [1/1] 0.00ns
:212  %d_i_27_read = call i16 @_ssdm_op_Read.ap_auto.i16P(i16* %d_i_27)

ST_3: tmp_2_26 [1/1] 0.00ns
:213  %tmp_2_26 = sext i16 %d_i_27_read to i32

ST_3: temp_3 [1/1] 1.70ns
:214  %temp_3 = add nsw i32 %acc_3_loc, %tmp_2_26

ST_3: stg_219 [1/1] 0.00ns
:215  store i32 %temp_3, i32* @acc_3, align 4

ST_3: tmp_28 [1/1] 0.00ns
:216  %tmp_28 = trunc i32 %temp_3 to i16

ST_3: stg_221 [1/1] 1.00ns
:217  call void @_ssdm_op_Write.ap_fifo.i16P(i16* %d_o_27, i16 %tmp_28)

ST_3: d_i_28_read [1/1] 0.00ns
:218  %d_i_28_read = call i16 @_ssdm_op_Read.ap_auto.i16P(i16* %d_i_28)

ST_3: tmp_2_27 [1/1] 0.00ns
:219  %tmp_2_27 = sext i16 %d_i_28_read to i32

ST_3: temp_4 [1/1] 1.70ns
:220  %temp_4 = add nsw i32 %acc_4_loc, %tmp_2_27

ST_3: stg_225 [1/1] 0.00ns
:221  store i32 %temp_4, i32* @acc_4, align 16

ST_3: tmp_29 [1/1] 0.00ns
:222  %tmp_29 = trunc i32 %temp_4 to i16

ST_3: stg_227 [1/1] 1.00ns
:223  call void @_ssdm_op_Write.ap_fifo.i16P(i16* %d_o_28, i16 %tmp_29)

ST_3: d_i_29_read [1/1] 0.00ns
:224  %d_i_29_read = call i16 @_ssdm_op_Read.ap_auto.i16P(i16* %d_i_29)

ST_3: tmp_2_28 [1/1] 0.00ns
:225  %tmp_2_28 = sext i16 %d_i_29_read to i32

ST_3: temp_5 [1/1] 1.70ns
:226  %temp_5 = add nsw i32 %acc_5_loc, %tmp_2_28

ST_3: stg_231 [1/1] 0.00ns
:227  store i32 %temp_5, i32* @acc_5, align 4

ST_3: tmp_30 [1/1] 0.00ns
:228  %tmp_30 = trunc i32 %temp_5 to i16

ST_3: stg_233 [1/1] 1.00ns
:229  call void @_ssdm_op_Write.ap_fifo.i16P(i16* %d_o_29, i16 %tmp_30)

ST_3: d_i_30_read [1/1] 0.00ns
:230  %d_i_30_read = call i16 @_ssdm_op_Read.ap_auto.i16P(i16* %d_i_30)

ST_3: tmp_2_29 [1/1] 0.00ns
:231  %tmp_2_29 = sext i16 %d_i_30_read to i32

ST_3: temp_6 [1/1] 1.70ns
:232  %temp_6 = add nsw i32 %acc_6_loc, %tmp_2_29

ST_3: stg_237 [1/1] 0.00ns
:233  store i32 %temp_6, i32* @acc_6, align 8

ST_3: tmp_31 [1/1] 0.00ns
:234  %tmp_31 = trunc i32 %temp_6 to i16

ST_3: stg_239 [1/1] 1.00ns
:235  call void @_ssdm_op_Write.ap_fifo.i16P(i16* %d_o_30, i16 %tmp_31)

ST_3: d_i_31_read [1/1] 0.00ns
:236  %d_i_31_read = call i16 @_ssdm_op_Read.ap_auto.i16P(i16* %d_i_31)

ST_3: tmp_2_30 [1/1] 0.00ns
:237  %tmp_2_30 = sext i16 %d_i_31_read to i32

ST_3: temp_7 [1/1] 1.70ns
:238  %temp_7 = add nsw i32 %acc_7_loc, %tmp_2_30

ST_3: stg_243 [1/1] 0.00ns
:239  store i32 %temp_7, i32* @acc_7, align 4

ST_3: tmp_32 [1/1] 0.00ns
:240  %tmp_32 = trunc i32 %temp_7 to i16

ST_3: stg_245 [1/1] 1.00ns
:241  call void @_ssdm_op_Write.ap_fifo.i16P(i16* %d_o_31, i16 %tmp_32)

ST_3: stg_246 [1/1] 0.00ns
:242  ret void



============================================================
+ Verbose Summary: Binding
============================================================
N/A
* FSMD analyzer results:
  - Output states:
  - Chain level:
	State 1
	State 2
	State 3


============================================================
+ Verbose Summary: Datapath Resource usage 
============================================================
N/A
