

================================================================
== Vivado HLS Report for 'duc'
================================================================
* Date:           Mon Aug 10 08:45:19 2015

* Version:        2015.2 (Build 1266856 on Fri Jun 26 16:57:37 PM 2015)
* Project:        duc_prj
* Solution:       solution1
* Product family: kintex7
* Target device:  xc7k160tfbg484-1


================================================================
== Performance Estimates
================================================================
+ Timing (ns): 
    * Summary: 
    +--------+-------+----------+------------+
    |  Clock | Target| Estimated| Uncertainty|
    +--------+-------+----------+------------+
    |ap_clk  |   2.71|      2.71|        0.34|
    +--------+-------+----------+------------+

+ Latency (clock cycles): 
    * Summary: 
    +-----+-----+-----+-----+---------+
    |  Latency  |  Interval | Pipeline|
    | min | max | min | max |   Type  |
    +-----+-----+-----+-----+---------+
    |   30|   38|   31|   39|   none  |
    +-----+-----+-----+-----+---------+

    + Detail: 
        * Instance: 
        +----------------------+-----------+-----+-----+-----+-----+---------+
        |                      |           |  Latency  |  Interval | Pipeline|
        |       Instance       |   Module  | min | max | min | max |   Type  |
        +----------------------+-----------+-----+-----+-----+-----+---------+
        |grp_duc_imf3_fu_204   |duc_imf3   |    7|    7|    7|    7|   none  |
        |grp_duc_mixer_fu_225  |duc_mixer  |    1|    9|    1|    9|   none  |
        |grp_duc_imf2_fu_249   |duc_imf2   |    6|    6|    6|    6|   none  |
        +----------------------+-----------+-----+-----+-----+-----+---------+

        * Loop: 
        N/A



================================================================
== Utilization Estimates
================================================================
* Summary: 
+-----------------+---------+-------+--------+--------+
|       Name      | BRAM_18K| DSP48E|   FF   |   LUT  |
+-----------------+---------+-------+--------+--------+
|Expression       |        -|      -|       0|     128|
|FIFO             |        -|      -|       -|       -|
|Instance         |        0|      7|    1145|     453|
|Memory           |        4|      -|      36|      21|
|Multiplexer      |        -|      -|       -|      28|
|Register         |        -|      -|     420|       -|
+-----------------+---------+-------+--------+--------+
|Total            |        4|      7|    1601|     630|
+-----------------+---------+-------+--------+--------+
|Available        |      650|    600|  202800|  101400|
+-----------------+---------+-------+--------+--------+
|Utilization (%)  |    ~0   |      1|   ~0   |   ~0   |
+-----------------+---------+-------+--------+--------+

+ Detail: 
    * Instance: 
    +--------------------------------------+----------------------------------+---------+-------+-----+-----+
    |               Instance               |              Module              | BRAM_18K| DSP48E|  FF | LUT |
    +--------------------------------------+----------------------------------+---------+-------+-----+-----+
    |grp_duc_imf2_fu_249                   |duc_imf2                          |        0|      1|  271|   89|
    |grp_duc_imf3_fu_204                   |duc_imf3                          |        0|      1|  602|  286|
    |duc_mac_muladd_18s_18s_38ns_38_4_U18  |duc_mac_muladd_18s_18s_38ns_38_4  |        0|      1|    0|    0|
    |duc_mac_muladd_18s_18s_38ns_38_4_U19  |duc_mac_muladd_18s_18s_38ns_38_4  |        0|      1|    0|    0|
    |grp_duc_mixer_fu_225                  |duc_mixer                         |        0|      3|  272|   78|
    +--------------------------------------+----------------------------------+---------+-------+-----+-----+
    |Total                                 |                                  |        0|      7| 1145|  453|
    +--------------------------------------+----------------------------------+---------+-------+-----+-----+

    * Memory: 
    +-----------------+-------------------+---------+----+----+------+-----+------+-------------+
    |      Memory     |       Module      | BRAM_18K| FF | LUT| Words| Bits| Banks| W*Bits*Banks|
    +-----------------+-------------------+---------+----+----+------+-----+------+-------------+
    |c_U              |duc_c              |        0|  18|  14|    48|   18|     1|          864|
    |c_1_U            |duc_c_1            |        0|  18|   7|    24|   18|     1|          432|
    |shift_reg_p_U    |duc_shift_reg_p    |        2|   0|   0|    96|   38|     1|         3648|
    |shift_reg_p_1_U  |duc_shift_reg_p_1  |        2|   0|   0|    50|   38|     1|         1900|
    +-----------------+-------------------+---------+----+----+------+-----+------+-------------+
    |Total            |                   |        4|  36|  21|   218|  112|     4|         6844|
    +-----------------+-------------------+---------+----+----+------+-----+------+-------------+

    * FIFO: 
    N/A

    * Expression: 
    +-----------------------+----------+-------+---+----+------------+------------+
    |     Variable Name     | Operation| DSP48E| FF| LUT| Bitwidth P0| Bitwidth P1|
    +-----------------------+----------+-------+---+----+------------+------------+
    |inc_2_fu_429_p2        |     +    |      0|  0|   5|           5|           1|
    |inc_fu_285_p2          |     +    |      0|  0|   6|           6|           1|
    |inc_1_fu_401_p3        |  Select  |      0|  0|   6|           1|           1|
    |inc_3_fu_562_p3        |  Select  |      0|  0|   5|           1|           1|
    |s_assign_fu_501_p3     |  Select  |      0|  0|  38|           1|           1|
    |tmp_5_i_fu_357_p3      |  Select  |      0|  0|  38|           1|           1|
    |sel_tmp5_i1_fu_484_p2  |    and   |      0|  0|   1|           1|           1|
    |sel_tmp5_i_fu_340_p2   |    and   |      0|  0|   1|           1|           1|
    |sel_tmp1_i9_fu_456_p2  |   icmp   |      0|  0|   2|           5|           5|
    |sel_tmp1_i_fu_312_p2   |   icmp   |      0|  0|   3|           6|           6|
    |sel_tmp2_i1_fu_461_p2  |   icmp   |      0|  0|   2|           5|           4|
    |sel_tmp2_i_fu_317_p2   |   icmp   |      0|  0|   3|           6|           5|
    |tmp_i1_fu_417_p2       |   icmp   |      0|  0|   2|           5|           1|
    |tmp_i_fu_273_p2        |   icmp   |      0|  0|   3|           6|           1|
    |sel_tmp4_i1_fu_480_p2  |    or    |      0|  0|   1|           1|           1|
    |sel_tmp4_i_fu_336_p2   |    or    |      0|  0|   1|           1|           1|
    |tmp_1_fu_497_p2        |    or    |      0|  0|   1|           1|           1|
    |tmp_fu_353_p2          |    or    |      0|  0|   1|           1|           1|
    |sel_tmp3_i1_fu_474_p2  |    xor   |      0|  0|   2|           1|           2|
    |sel_tmp3_i_fu_330_p2   |    xor   |      0|  0|   2|           1|           2|
    |tmp_6_i_fu_529_p2      |    xor   |      0|  0|   1|           1|           1|
    |tmp_7_i_fu_540_p2      |    xor   |      0|  0|   2|           1|           2|
    |tmp_i_11_fu_381_p2     |    xor   |      0|  0|   2|           1|           2|
    +-----------------------+----------+-------+---+----+------------+------------+
    |Total                  |          |      0|  0| 128|          59|          43|
    +-----------------------+----------+-------+---+----+------------+------------+

    * Multiplexer: 
    +------------------------+----+-----------+-----+-----------+
    |          Name          | LUT| Input Size| Bits| Total Bits|
    +------------------------+----+-----------+-----+-----------+
    |ap_NS_fsm               |  15|         18|    1|         18|
    |shift_reg_p_1_address0  |   6|          3|    6|         18|
    |shift_reg_p_address0    |   7|          3|    7|         21|
    +------------------------+----+-----------+-----+-----------+
    |Total                   |  28|         24|   14|         57|
    +------------------------+----+-----------+-----+-----------+

    * Register: 
    +--------------------------------------------+----+----+-----+-----------+
    |                    Name                    | FF | LUT| Bits| Const Bits|
    +--------------------------------------------+----+----+-----+-----------+
    |acc_1_reg_671                               |  38|   0|   38|          0|
    |ap_CS_fsm                                   |  17|   0|   17|          0|
    |c_1_load_reg_698                            |  18|   0|   18|          0|
    |c_load_reg_614                              |  18|   0|   18|          0|
    |ch                                          |   1|   0|    1|          0|
    |ch_1                                        |   1|   0|    1|          0|
    |ch_1_load_reg_703                           |   1|   0|    1|          0|
    |ch_load_reg_619                             |   1|   0|    1|          0|
    |cnt                                         |   1|   0|    1|          0|
    |grp_duc_imf2_fu_249_ap_start_ap_start_reg   |   1|   0|    1|          0|
    |grp_duc_imf3_fu_204_ap_start_ap_start_reg   |   1|   0|    1|          0|
    |grp_duc_mixer_fu_225_ap_start_ap_start_reg  |   1|   0|    1|          0|
    |i                                           |   6|   0|    6|          0|
    |i_1                                         |   5|   0|    5|          0|
    |i_1_load_reg_677                            |   5|   0|    5|          0|
    |i_load_reg_593                              |   6|   0|    6|          0|
    |imf1_o_reg_761                              |  18|   0|   18|          0|
    |imf2_o_reg_766                              |  18|   0|   18|          0|
    |imf3_o_reg_771                              |  18|   0|   18|          0|
    |in_1                                        |  18|   0|   18|          0|
    |in_r                                        |  18|   0|   18|          0|
    |inc_2_reg_687                               |   5|   0|    5|          0|
    |inc_reg_603                                 |   6|   0|    6|          0|
    |init                                        |   1|   0|    1|          0|
    |init_1                                      |   1|   0|    1|          0|
    |s_assign_reg_750                            |  38|   0|   38|          0|
    |sel_tmp1_i9_reg_714                         |   1|   0|    1|          0|
    |sel_tmp1_i_reg_630                          |   1|   0|    1|          0|
    |sel_tmp2_i1_reg_720                         |   1|   0|    1|          0|
    |sel_tmp2_i_reg_636                          |   1|   0|    1|          0|
    |sel_tmp5_i1_reg_735                         |   1|   0|    1|          0|
    |sel_tmp5_i_reg_651                          |   1|   0|    1|          0|
    |shift_reg_p_1_load_reg_730                  |  38|   0|   38|          0|
    |shift_reg_p_load_reg_646                    |  38|   0|   38|          0|
    |sum_reg_755                                 |  38|   0|   38|          0|
    |tmp_5_i_reg_666                             |  38|   0|   38|          0|
    +--------------------------------------------+----+----+-----+-----------+
    |Total                                       | 420|   0|  420|          0|
    +--------------------------------------------+----+----+-----+-----------+



================================================================
== Interface
================================================================
* Summary: 
+---------------+-----+-----+------------+--------------+--------------+
|   RTL Ports   | Dir | Bits|  Protocol  | Source Object|    C Type    |
+---------------+-----+-----+------------+--------------+--------------+
|ap_clk         |  in |    1| ap_ctrl_hs |      duc     | return value |
|ap_rst         |  in |    1| ap_ctrl_hs |      duc     | return value |
|ap_start       |  in |    1| ap_ctrl_hs |      duc     | return value |
|ap_done        | out |    1| ap_ctrl_hs |      duc     | return value |
|ap_idle        | out |    1| ap_ctrl_hs |      duc     | return value |
|ap_ready       | out |    1| ap_ctrl_hs |      duc     | return value |
|din_i          |  in |   18|   ap_none  |     din_i    |    scalar    |
|freq           |  in |   16|   ap_none  |     freq     |    scalar    |
|dout_i         | out |   18|   ap_vld   |    dout_i    |    pointer   |
|dout_i_ap_vld  | out |    1|   ap_vld   |    dout_i    |    pointer   |
|dout_q         | out |   18|   ap_vld   |    dout_q    |    pointer   |
|dout_q_ap_vld  | out |    1|   ap_vld   |    dout_q    |    pointer   |
+---------------+-----+-----+------------+--------------+--------------+

