

================================================================
== Vivado HLS Report for 'duc_mixer'
================================================================
* Date:           Mon Aug 10 08:45:18 2015

* Version:        2015.2 (Build 1266856 on Fri Jun 26 16:57:37 PM 2015)
* Project:        duc_prj
* Solution:       solution1
* Product family: kintex7
* Target device:  xc7k160tfbg484-1


================================================================
== Performance Estimates
================================================================
+ Timing (ns): 
    * Summary: 
    +--------+-------+----------+------------+
    |  Clock | Target| Estimated| Uncertainty|
    +--------+-------+----------+------------+
    |ap_clk  |   2.71|      2.71|        0.34|
    +--------+-------+----------+------------+

+ Latency (clock cycles): 
    * Summary: 
    +-----+-----+-----+-----+---------+
    |  Latency  |  Interval | Pipeline|
    | min | max | min | max |   Type  |
    +-----+-----+-----+-----+---------+
    |    1|    9|    1|    9|   none  |
    +-----+-----+-----+-----+---------+

    + Detail: 
        * Instance: 
        N/A

        * Loop: 
        N/A



================================================================
== Utilization Estimates
================================================================
* Summary: 
+-----------------+---------+-------+--------+--------+
|       Name      | BRAM_18K| DSP48E|   FF   |   LUT  |
+-----------------+---------+-------+--------+--------+
|Expression       |        -|      -|       0|      57|
|FIFO             |        -|      -|       -|       -|
|Instance         |        -|      3|       -|       -|
|Memory           |        0|      -|      68|      13|
|Multiplexer      |        -|      -|       -|       8|
|Register         |        -|      -|     204|       -|
+-----------------+---------+-------+--------+--------+
|Total            |        0|      3|     272|      78|
+-----------------+---------+-------+--------+--------+
|Available        |      650|    600|  202800|  101400|
+-----------------+---------+-------+--------+--------+
|Utilization (%)  |        0|   ~0  |   ~0   |   ~0   |
+-----------------+---------+-------+--------+--------+

+ Detail: 
    * Instance: 
    +--------------------------------------------+----------------------------------------+---------+-------+---+----+
    |                  Instance                  |                 Module                 | BRAM_18K| DSP48E| FF| LUT|
    +--------------------------------------------+----------------------------------------+---------+-------+---+----+
    |duc_am_submul_16s_16s_18s_32_4_U11          |duc_am_submul_16s_16s_18s_32_4          |        0|      1|  0|   0|
    |duc_ama_addmuladd_18s_18s_16s_32s_32_3_U9   |duc_ama_addmuladd_18s_18s_16s_32s_32_3  |        0|      1|  0|   0|
    |duc_ama_submuladd_18s_18s_16s_32s_32_3_U10  |duc_ama_submuladd_18s_18s_16s_32s_32_3  |        0|      1|  0|   0|
    +--------------------------------------------+----------------------------------------+---------+-------+---+----+
    |Total                                       |                                        |        0|      3|  0|   0|
    +--------------------------------------------+----------------------------------------+---------+-------+---+----+

    * Memory: 
    +-------------+---------------------+---------+----+----+------+-----+------+-------------+
    |    Memory   |        Module       | BRAM_18K| FF | LUT| Words| Bits| Banks| W*Bits*Banks|
    +-------------+---------------------+---------+----+----+------+-----+------+-------------+
    |DI_cache_U   |duc_mixer_DI_cache   |        0|  36|   5|    16|   18|     1|          288|
    |dds_table_U  |duc_mixer_dds_table  |        0|  32|   8|    32|   16|     1|          512|
    +-------------+---------------------+---------+----+----+------+-----+------+-------------+
    |Total        |                     |        0|  68|  13|    48|   34|     2|          800|
    +-------------+---------------------+---------+----+----+------+-----+------+-------------+

    * FIFO: 
    N/A

    * Expression: 
    +----------------------------+----------+-------+---+----+------------+------------+
    |        Variable Name       | Operation| DSP48E| FF| LUT| Bitwidth P0| Bitwidth P1|
    +----------------------------+----------+-------+---+----+------------+------------+
    |acc_assign_i_fu_194_p2      |     +    |      0|  0|  16|          16|          16|
    |inc_fu_142_p2               |     +    |      0|  0|   3|           3|           1|
    |tmp_13_fu_306_p2            |     +    |      0|  0|   4|           4|           1|
    |phase2_fu_221_p2            |     -    |      0|  0|   5|           4|           5|
    |freq_dds_fu_168_p3          |  Select  |      0|  0|  16|           1|           1|
    |inc_5_fu_322_p3             |  Select  |      0|  0|   3|           1|           1|
    |brmerge_demorgan_fu_180_p2  |    and   |      0|  0|   1|           1|           1|
    |tmp_10_fu_279_p2            |   icmp   |      0|  0|   2|           4|           2|
    |tmp_11_fu_290_p2            |   icmp   |      0|  0|   2|           4|           2|
    |tmp_14_fu_317_p2            |   icmp   |      0|  0|   2|           3|           3|
    |valid_in_fu_158_p2          |   icmp   |      0|  0|   1|           2|           1|
    |tmp_12_fu_295_p2            |    xor   |      0|  0|   2|           1|           2|
    +----------------------------+----------+-------+---+----+------------+------------+
    |Total                       |          |      0|  0|  57|          44|          36|
    +----------------------------+----------+-------+---+----+------------+------------+

    * Multiplexer: 
    +-------------------+----+-----------+-----+-----------+
    |        Name       | LUT| Input Size| Bits| Total Bits|
    +-------------------+----+-----------+-----+-----------+
    |DI_cache_address0  |   4|          3|    4|         12|
    |ap_NS_fsm          |   4|         11|    1|         11|
    +-------------------+----+-----------+-----+-----------+
    |Total              |   8|         14|    5|         23|
    +-------------------+----+-----------+-----+-----------+

    * Register: 
    +--------------------------+----+----+-----+-----------+
    |           Name           | FF | LUT| Bits| Const Bits|
    +--------------------------+----+----+-----+-----------+
    |Din_re_reg_441            |  18|   0|   18|          0|
    |acc                       |  16|   0|   16|          0|
    |ap_CS_fsm                 |  10|   0|   10|          0|
    |brmerge_demorgan_reg_386  |   1|   0|    1|          0|
    |ch_3                      |   1|   0|    1|          0|
    |ch_3_load_reg_381         |   1|   0|    1|          0|
    |cosine_reg_425            |  16|   0|   16|          0|
    |i_4                       |   3|   0|    3|          0|
    |i_4_load_reg_367          |   3|   0|    3|          0|
    |inc_reg_372               |   3|   0|    3|          0|
    |index                     |   4|   0|    4|          0|
    |index_load_reg_390        |   4|   0|    4|          0|
    |init_4                    |   1|   0|    1|          0|
    |phase1_reg_398            |   5|   0|    5|          0|
    |phase2_reg_404            |   5|   0|    5|          0|
    |sine_reg_419              |  16|   0|   16|          0|
    |tmp_2_reg_456             |  32|   0|   32|          0|
    |tmp_3_reg_462             |  32|   0|   32|          0|
    |tmp_6_reg_467             |  32|   0|   32|          0|
    |valid_in_reg_377          |   1|   0|    1|          0|
    +--------------------------+----+----+-----+-----------+
    |Total                     | 204|   0|  204|          0|
    +--------------------------+----+----+-----+-----------+



================================================================
== Interface
================================================================
* Summary: 
+---------------+-----+-----+------------+--------------+--------------+
|   RTL Ports   | Dir | Bits|  Protocol  | Source Object|    C Type    |
+---------------+-----+-----+------------+--------------+--------------+
|ap_clk         |  in |    1| ap_ctrl_hs |   duc_mixer  | return value |
|ap_rst         |  in |    1| ap_ctrl_hs |   duc_mixer  | return value |
|ap_start       |  in |    1| ap_ctrl_hs |   duc_mixer  | return value |
|ap_done        | out |    1| ap_ctrl_hs |   duc_mixer  | return value |
|ap_idle        | out |    1| ap_ctrl_hs |   duc_mixer  | return value |
|ap_ready       | out |    1| ap_ctrl_hs |   duc_mixer  | return value |
|freq           |  in |   16|   ap_none  |     freq     |    scalar    |
|Din            |  in |   18|   ap_none  |      Din     |    scalar    |
|Dout_I         | out |   18|   ap_vld   |    Dout_I    |    pointer   |
|Dout_I_ap_vld  | out |    1|   ap_vld   |    Dout_I    |    pointer   |
|Dout_Q         | out |   18|   ap_vld   |    Dout_Q    |    pointer   |
|Dout_Q_ap_vld  | out |    1|   ap_vld   |    Dout_Q    |    pointer   |
+---------------+-----+-----+------------+--------------+--------------+

