

================================================================
== Vivado HLS Report for 'duc_imf3'
================================================================
* Date:           Mon Aug 10 08:45:17 2015

* Version:        2015.2 (Build 1266856 on Fri Jun 26 16:57:37 PM 2015)
* Project:        duc_prj
* Solution:       solution1
* Product family: kintex7
* Target device:  xc7k160tfbg484-1


================================================================
== Performance Estimates
================================================================
+ Timing (ns): 
    * Summary: 
    +--------+-------+----------+------------+
    |  Clock | Target| Estimated| Uncertainty|
    +--------+-------+----------+------------+
    |ap_clk  |   2.71|      2.39|        0.34|
    +--------+-------+----------+------------+

+ Latency (clock cycles): 
    * Summary: 
    +-----+-----+-----+-----+---------+
    |  Latency  |  Interval | Pipeline|
    | min | max | min | max |   Type  |
    +-----+-----+-----+-----+---------+
    |    7|    7|    7|    7|   none  |
    +-----+-----+-----+-----+---------+

    + Detail: 
        * Instance: 
        N/A

        * Loop: 
        N/A



================================================================
== Utilization Estimates
================================================================
* Summary: 
+-----------------+---------+-------+--------+--------+
|       Name      | BRAM_18K| DSP48E|   FF   |   LUT  |
+-----------------+---------+-------+--------+--------+
|Expression       |        -|      -|       0|     237|
|FIFO             |        -|      -|       -|       -|
|Instance         |        -|      1|       -|       -|
|Memory           |        0|      -|     171|      19|
|Multiplexer      |        -|      -|       -|      30|
|Register         |        -|      -|     431|       -|
+-----------------+---------+-------+--------+--------+
|Total            |        0|      1|     602|     286|
+-----------------+---------+-------+--------+--------+
|Available        |      650|    600|  202800|  101400|
+-----------------+---------+-------+--------+--------+
|Utilization (%)  |        0|   ~0  |   ~0   |   ~0   |
+-----------------+---------+-------+--------+--------+

+ Detail: 
    * Instance: 
    +-------------------------------------+----------------------------------+---------+-------+---+----+
    |               Instance              |              Module              | BRAM_18K| DSP48E| FF| LUT|
    +-------------------------------------+----------------------------------+---------+-------+---+----+
    |duc_mac_muladd_18s_18s_38ns_38_4_U4  |duc_mac_muladd_18s_18s_38ns_38_4  |        0|      1|  0|   0|
    +-------------------------------------+----------------------------------+---------+-------+---+----+
    |Total                                |                                  |        0|      1|  0|   0|
    +-------------------------------------+----------------------------------+---------+-------+---+----+

    * Memory: 
    +----------------+-----------------------+---------+----+----+------+-----+------+-------------+
    |     Memory     |         Module        | BRAM_18K| FF | LUT| Words| Bits| Banks| W*Bits*Banks|
    +----------------+-----------------------+---------+----+----+------+-----+------+-------------+
    |c_3_0_U         |duc_imf3_c_3_0         |        0|  18|   2|     6|   18|     1|          108|
    |c_3_1_U         |duc_imf3_c_3_1         |        0|   1|   1|     6|    1|     1|            6|
    |shift_reg_p0_U  |duc_imf3_shift_reg_p0  |        0|  76|   8|    12|   38|     1|          456|
    |shift_reg_p1_U  |duc_imf3_shift_reg_p0  |        0|  76|   8|    12|   38|     1|          456|
    +----------------+-----------------------+---------+----+----+------+-----+------+-------------+
    |Total           |                       |        0| 171|  19|    36|   95|     4|         1026|
    +----------------+-----------------------+---------+----+----+------+-----+------+-------------+

    * FIFO: 
    N/A

    * Expression: 
    +--------------------+----------+-------+---+----+------------+------------+
    |    Variable Name   | Operation| DSP48E| FF| LUT| Bitwidth P0| Bitwidth P1|
    +--------------------+----------+-------+---+----+------------+------------+
    |acc1_fu_249_p2      |     +    |      0|  0|  38|          38|          38|
    |inc_fu_152_p2       |     +    |      0|  0|   6|           6|           1|
    |tmp_8_fu_306_p2     |     +    |      0|  0|   6|           6|           1|
    |mt_fu_211_p2        |     -    |      0|  0|  35|          35|          35|
    |ap_return           |  Select  |      0|  0|  18|           1|          18|
    |inc_4_fu_325_p3     |  Select  |      0|  0|   6|           1|           1|
    |m_1_fu_240_p3       |  Select  |      0|  0|  35|           1|          35|
    |tmp_1_fu_311_p3     |  Select  |      0|  0|   6|           1|           1|
    |tmp_3_fu_226_p3     |  Select  |      0|  0|  38|           1|           1|
    |tmp_4_fu_233_p3     |  Select  |      0|  0|  38|           1|           1|
    |or_cond5_fu_295_p2  |    and   |      0|  0|   1|           1|           1|
    |tmp_7_fu_290_p2     |   icmp   |      0|  0|   3|           6|           4|
    |tmp_9_fu_187_p2     |   icmp   |      0|  0|   3|           6|           3|
    |tmp_fu_136_p2       |   icmp   |      0|  0|   3|           6|           1|
    |or_cond_fu_221_p2   |    or    |      0|  0|   1|           1|           1|
    +--------------------+----------+-------+---+----+------------+------------+
    |Total               |          |      0|  0| 237|         111|         142|
    +--------------------+----------+-------+---+----+------------+------------+

    * Multiplexer: 
    +-----------------------+----+-----------+-----+-----------+
    |          Name         | LUT| Input Size| Bits| Total Bits|
    +-----------------------+----+-----------+-----+-----------+
    |ap_NS_fsm              |   4|          9|    1|          9|
    |d_assign_reg_122       |  18|          2|   18|         36|
    |shift_reg_p0_address0  |   4|          3|    4|         12|
    |shift_reg_p1_address0  |   4|          3|    4|         12|
    +-----------------------+----+-----------+-----+-----------+
    |Total                  |  30|         17|   27|         69|
    +-----------------------+----+-----------+-----+-----------+

    * Register: 
    +---------------------------+----+----+-----+-----------+
    |            Name           | FF | LUT| Bits| Const Bits|
    +---------------------------+----+----+-----+-----------+
    |acc0_reg_472               |  38|   0|   38|          0|
    |acc1_reg_462               |  38|   0|   38|          0|
    |ap_CS_fsm                  |   8|   0|    8|          0|
    |c_3_0_load_reg_395         |  18|   0|   18|          0|
    |c_3_1_load_reg_405         |   1|   0|    1|          0|
    |ch_4_reg_390               |   1|   0|    1|          0|
    |d_assign_reg_122           |  18|   0|   18|          0|
    |i_3                        |   6|   0|    6|          0|
    |i_3_load_reg_345           |   6|   0|    6|          0|
    |in_3                       |  18|   0|   18|          0|
    |inc_reg_368                |   6|   0|    6|          0|
    |init_3                     |   1|   0|    1|          0|
    |j                          |   6|   0|    6|          0|
    |m_1_reg_457                |  35|   0|   35|          0|
    |mt_reg_442                 |  35|   0|   35|          0|
    |p_Val2_s_reg_384           |   6|   0|    6|          0|
    |shift_reg_p0_load_reg_422  |  38|   0|   38|          0|
    |shift_reg_p1_load_reg_437  |  38|   0|   38|          0|
    |tmp_14_reg_477             |  18|   0|   18|          0|
    |tmp_15_reg_467             |  18|   0|   18|          0|
    |tmp_3_reg_447              |  38|   0|   38|          0|
    |tmp_4_reg_452              |  38|   0|   38|          0|
    |tmp_9_reg_415              |   1|   0|    1|          0|
    |tmp_reg_353                |   1|   0|    1|          0|
    +---------------------------+----+----+-----+-----------+
    |Total                      | 431|   0|  431|          0|
    +---------------------------+----+----+-----+-----------+



================================================================
== Interface
================================================================
* Summary: 
+-----------+-----+-----+------------+--------------+--------------+
| RTL Ports | Dir | Bits|  Protocol  | Source Object|    C Type    |
+-----------+-----+-----+------------+--------------+--------------+
|ap_clk     |  in |    1| ap_ctrl_hs |   duc_imf3   | return value |
|ap_rst     |  in |    1| ap_ctrl_hs |   duc_imf3   | return value |
|ap_start   |  in |    1| ap_ctrl_hs |   duc_imf3   | return value |
|ap_done    | out |    1| ap_ctrl_hs |   duc_imf3   | return value |
|ap_idle    | out |    1| ap_ctrl_hs |   duc_imf3   | return value |
|ap_ready   | out |    1| ap_ctrl_hs |   duc_imf3   | return value |
|ap_return  | out |   18| ap_ctrl_hs |   duc_imf3   | return value |
|x          |  in |   18|   ap_none  |       x      |    scalar    |
+-----------+-----+-----+------------+--------------+--------------+

