@I [SIM-47] Using XSIM for RTL simulation.
@I [SIM-14] Instrumenting C test bench ...
   Build using "C:/opt/winprog/Xilinx/Vivado_HLS/2015.2/msys/bin/g++.exe"
   Compiling apatb_duc.cpp
   Compiling (apcc) dds.c_pre.c.tb.c
@I [LIC-101] Checked out feature [HLS]
@I [HLS-10] Running 'c:/opt/winprog/Xilinx/Vivado_HLS/2015.2/bin/unwrapped/win64.o/apcc.exe'
            for user 'William' on host 'nalu' (Windows NT_amd64 version 6.2) on Mon Aug 10 08:46:43 +0800 2015
            in directory 'D:/opt/source/Vivado/Vivado_HLS_Tutorial/RTL_Verification/lab1/duc_prj/solution1/sim/wrapc'
clang: warning: argument unused during compilation: '-fno-builtin-isinf'
clang: warning: argument unused during compilation: '-fno-builtin-isnan'
@I [APCC-3] Tmp directory is apcc_db
@I [APCC-1] APCC is done.
@I [LIC-101] Checked in feature [HLS]
   Compiling (apcc) duc.c_pre.c.tb.c
@I [LIC-101] Checked out feature [HLS]
@I [HLS-10] Running 'c:/opt/winprog/Xilinx/Vivado_HLS/2015.2/bin/unwrapped/win64.o/apcc.exe'
            for user 'William' on host 'nalu' (Windows NT_amd64 version 6.2) on Mon Aug 10 08:46:48 +0800 2015
            in directory 'D:/opt/source/Vivado/Vivado_HLS_Tutorial/RTL_Verification/lab1/duc_prj/solution1/sim/wrapc'
clang: warning: argument unused during compilation: '-fno-builtin-isinf'
clang: warning: argument unused during compilation: '-fno-builtin-isnan'
@I [APCC-3] Tmp directory is apcc_db
@I [APCC-1] APCC is done.
@I [LIC-101] Checked in feature [HLS]
   Compiling (apcc) duc_test.c_pre.c.tb.c
@I [LIC-101] Checked out feature [HLS]
@I [HLS-10] Running 'c:/opt/winprog/Xilinx/Vivado_HLS/2015.2/bin/unwrapped/win64.o/apcc.exe'
            for user 'William' on host 'nalu' (Windows NT_amd64 version 6.2) on Mon Aug 10 08:46:52 +0800 2015
            in directory 'D:/opt/source/Vivado/Vivado_HLS_Tutorial/RTL_Verification/lab1/duc_prj/solution1/sim/wrapc'
clang: warning: argument unused during compilation: '-fno-builtin-isinf'
clang: warning: argument unused during compilation: '-fno-builtin-isnan'
@I [APCC-3] Tmp directory is apcc_db
@I [APCC-1] APCC is done.
@I [LIC-101] Checked in feature [HLS]
   Compiling (apcc) imf1.c_pre.c.tb.c
@I [LIC-101] Checked out feature [HLS]
@I [HLS-10] Running 'c:/opt/winprog/Xilinx/Vivado_HLS/2015.2/bin/unwrapped/win64.o/apcc.exe'
            for user 'William' on host 'nalu' (Windows NT_amd64 version 6.2) on Mon Aug 10 08:46:57 +0800 2015
            in directory 'D:/opt/source/Vivado/Vivado_HLS_Tutorial/RTL_Verification/lab1/duc_prj/solution1/sim/wrapc'
clang: warning: argument unused during compilation: '-fno-builtin-isinf'
clang: warning: argument unused during compilation: '-fno-builtin-isnan'
@I [APCC-3] Tmp directory is apcc_db
@I [APCC-1] APCC is done.
@I [LIC-101] Checked in feature [HLS]
   Compiling (apcc) imf2.c_pre.c.tb.c
@I [LIC-101] Checked out feature [HLS]
@I [HLS-10] Running 'c:/opt/winprog/Xilinx/Vivado_HLS/2015.2/bin/unwrapped/win64.o/apcc.exe'
            for user 'William' on host 'nalu' (Windows NT_amd64 version 6.2) on Mon Aug 10 08:47:02 +0800 2015
            in directory 'D:/opt/source/Vivado/Vivado_HLS_Tutorial/RTL_Verification/lab1/duc_prj/solution1/sim/wrapc'
clang: warning: argument unused during compilation: '-fno-builtin-isinf'
clang: warning: argument unused during compilation: '-fno-builtin-isnan'
@I [APCC-3] Tmp directory is apcc_db
@I [APCC-1] APCC is done.
@I [LIC-101] Checked in feature [HLS]
   Compiling (apcc) imf3.c_pre.c.tb.c
@I [LIC-101] Checked out feature [HLS]
@I [HLS-10] Running 'c:/opt/winprog/Xilinx/Vivado_HLS/2015.2/bin/unwrapped/win64.o/apcc.exe'
            for user 'William' on host 'nalu' (Windows NT_amd64 version 6.2) on Mon Aug 10 08:47:07 +0800 2015
            in directory 'D:/opt/source/Vivado/Vivado_HLS_Tutorial/RTL_Verification/lab1/duc_prj/solution1/sim/wrapc'
clang: warning: argument unused during compilation: '-fno-builtin-isinf'
clang: warning: argument unused during compilation: '-fno-builtin-isnan'
@I [APCC-3] Tmp directory is apcc_db
@I [APCC-1] APCC is done.
@I [LIC-101] Checked in feature [HLS]
   Compiling (apcc) mac.c_pre.c.tb.c
@I [LIC-101] Checked out feature [HLS]
@I [HLS-10] Running 'c:/opt/winprog/Xilinx/Vivado_HLS/2015.2/bin/unwrapped/win64.o/apcc.exe'
            for user 'William' on host 'nalu' (Windows NT_amd64 version 6.2) on Mon Aug 10 08:47:12 +0800 2015
            in directory 'D:/opt/source/Vivado/Vivado_HLS_Tutorial/RTL_Verification/lab1/duc_prj/solution1/sim/wrapc'
clang: warning: argument unused during compilation: '-fno-builtin-isinf'
clang: warning: argument unused during compilation: '-fno-builtin-isnan'
@I [APCC-3] Tmp directory is apcc_db
@I [APCC-1] APCC is done.
@I [LIC-101] Checked in feature [HLS]
   Compiling (apcc) mixer.c_pre.c.tb.c
@I [LIC-101] Checked out feature [HLS]
@I [HLS-10] Running 'c:/opt/winprog/Xilinx/Vivado_HLS/2015.2/bin/unwrapped/win64.o/apcc.exe'
            for user 'William' on host 'nalu' (Windows NT_amd64 version 6.2) on Mon Aug 10 08:47:17 +0800 2015
            in directory 'D:/opt/source/Vivado/Vivado_HLS_Tutorial/RTL_Verification/lab1/duc_prj/solution1/sim/wrapc'
clang: warning: argument unused during compilation: '-fno-builtin-isinf'
clang: warning: argument unused during compilation: '-fno-builtin-isnan'
@I [APCC-3] Tmp directory is apcc_db
@I [APCC-1] APCC is done.
@I [LIC-101] Checked in feature [HLS]
   Compiling (apcc) srrc.c_pre.c.tb.c
@I [LIC-101] Checked out feature [HLS]
@I [HLS-10] Running 'c:/opt/winprog/Xilinx/Vivado_HLS/2015.2/bin/unwrapped/win64.o/apcc.exe'
            for user 'William' on host 'nalu' (Windows NT_amd64 version 6.2) on Mon Aug 10 08:47:22 +0800 2015
            in directory 'D:/opt/source/Vivado/Vivado_HLS_Tutorial/RTL_Verification/lab1/duc_prj/solution1/sim/wrapc'
clang: warning: argument unused during compilation: '-fno-builtin-isinf'
clang: warning: argument unused during compilation: '-fno-builtin-isnan'
@I [APCC-3] Tmp directory is apcc_db
@I [APCC-1] APCC is done.
@I [LIC-101] Checked in feature [HLS]
   Generating cosim.tv.exe
@I [SIM-302] Starting C TB testing ... 
@E [SIM-359] Aborting co-simulation: C TB simulation failed, nonzero return value '1'.
@E [SIM-320] C TB testing failed, stop generating test vectors. Please check C TB or re-run cosim.
@E [SIM-4] *** C/RTL co-simulation finished: FAIL ***
