@I [HLS-0] Workspace D:/opt/source/Vivado/Vivado_HLS_Tutorial/Design_Analysis/lab1/dct_prj/solution4 opened at Mon Aug 10 13:48:41 +0800 2015
@I [HLS-100] Command 'open_solution' returned 0; elapsed 0.082Total elapsed time: 1.793 sec.
@I [HLS-100] Command "set_part xc7k160tfbg484-1 "
@I [HLS-100] Command "add_library xilinx/kintex7/kintex7:xc7k160t:fbg484:-1 "
@I [HLS-100] Command "get_default_platform "
@I [HLS-100] Command 'get_default_platform' returned 0; elapsed 0Total elapsed time: 1.825 sec.
@I [HLS-100] Command "license_exists VIVADO_HLS "
@I [HLS-100] Command 'license_exists' returned 1; elapsed 0.062Total elapsed time: 1.887 sec.
@I [HLS-100] Command "license_exists ap_opencl "
@I [HLS-100] Command 'license_exists' returned 1; elapsed 0.226Total elapsed time: 2.113 sec.
@I [HLS-100] Command "license_exists ap_sdsoc "
@I [HLS-100] Command 'license_exists' returned 1; elapsed 0.114Total elapsed time: 2.227 sec.
@I [HLS-100] Command "license_exists AUTOESL_NI "
@I [HLS-100] Command 'license_exists' returned 1; elapsed 0.043Total elapsed time: 2.270 sec.
@I [HLS-100] Command "license_exists HLS "
@I [LICQ-103] Checked out feature [HLS]
@I [LIC-101] Checked out feature [HLS]
@I [HLS-100] Command 'license_exists' returned 0; elapsed 0Total elapsed time: 2.270 sec.
@I [HLS-100] Command "open_platform DefaultPlatform "
@I [HLS-100] Command 'open_platform' returned 0; elapsed 0Total elapsed time: 2.270 sec.
@I [HLS-100] Command "import_lib C:/opt/winprog/Xilinx/Vivado_HLS/2015.2/common/technology/xilinx/kintex7/kintex7 "
@I [HLS-100] Command "source C:/opt/winprog/Xilinx/Vivado_HLS/2015.2/common/technology/xilinx/common/xilinx.lib "
@I [HLS-100] Command "source C:/opt/winprog/Xilinx/Vivado_HLS/2015.2/common/technology/xilinx/interface/xilinx_interface.lib "
@I [HLS-100] Command "source C:/opt/winprog/Xilinx/Vivado_HLS/2015.2/common/technology/xilinx/interface/plb46.lib "
@I [HLS-100] Command 'ap_source' returned 0; elapsed 0.001Total elapsed time: 2.311 sec.
@I [HLS-100] Command "source C:/opt/winprog/Xilinx/Vivado_HLS/2015.2/common/technology/xilinx/interface/fsl.lib "
@I [HLS-100] Command 'ap_source' returned 0; elapsed 0Total elapsed time: 2.311 sec.
@I [HLS-100] Command "source C:/opt/winprog/Xilinx/Vivado_HLS/2015.2/common/technology/xilinx/interface/axi4.lib "
@I [HLS-100] Command 'ap_source' returned 0; elapsed 0.001Total elapsed time: 2.312 sec.
@I [HLS-100] Command "source C:/opt/winprog/Xilinx/Vivado_HLS/2015.2/common/technology/xilinx/interface/maxi.lib "
@I [HLS-100] Command 'ap_source' returned 0; elapsed 0Total elapsed time: 2.312 sec.
@I [HLS-100] Command "source C:/opt/winprog/Xilinx/Vivado_HLS/2015.2/common/technology/xilinx/interface/saxilite.lib "
@I [HLS-100] Command 'ap_source' returned 0; elapsed 0.001Total elapsed time: 2.313 sec.
@I [HLS-100] Command 'ap_source' returned 0; elapsed 0.041Total elapsed time: 2.313 sec.
@I [HLS-100] Command "source C:/opt/winprog/Xilinx/Vivado_HLS/2015.2/common/technology/xilinx/common/dsp48.lib "
@I [HLS-100] Command 'ap_source' returned 0; elapsed 0Total elapsed time: 2.313 sec.
@I [HLS-100] Command "source C:/opt/winprog/Xilinx/Vivado_HLS/2015.2/common/technology/xilinx/ip/dds_compiler.lib "
@I [HLS-100] Command 'ap_source' returned 0; elapsed 0Total elapsed time: 2.314 sec.
@I [HLS-100] Command "source C:/opt/winprog/Xilinx/Vivado_HLS/2015.2/common/technology/xilinx/ip/xfft.lib "
@I [HLS-100] Command 'ap_source' returned 0; elapsed 0Total elapsed time: 2.314 sec.
@I [HLS-100] Command "source C:/opt/winprog/Xilinx/Vivado_HLS/2015.2/common/technology/xilinx/ip/xfir.lib "
@I [HLS-100] Command 'ap_source' returned 0; elapsed 0.001Total elapsed time: 2.315 sec.
@I [HLS-100] Command 'ap_source' returned 0; elapsed 0.045Total elapsed time: 2.316 sec.
@I [HLS-100] Command "source C:/opt/winprog/Xilinx/Vivado_HLS/2015.2/common/technology/xilinx/common/xilinx_old.lib "
@I [HLS-100] Command 'ap_source' returned 0; elapsed 0.001Total elapsed time: 2.318 sec.
@I [HLS-100] Command "source C:/opt/winprog/Xilinx/Vivado_HLS/2015.2/common/technology/xilinx/common/xilinx_vivado.lib "
@I [HLS-100] Command 'ap_source' returned 0; elapsed 0Total elapsed time: 2.318 sec.
@I [HLS-100] Command "source C:/opt/winprog/Xilinx/Vivado_HLS/2015.2/common/technology/xilinx/common/xilinx.hlp "
@I [HLS-100] Command "source C:/opt/winprog/Xilinx/Vivado_HLS/2015.2/common/technology/xilinx/common/target_info.tcl "
@I [HLS-100] Command 'ap_source' returned 0; elapsed 0.096Total elapsed time: 2.419 sec.
@I [HLS-100] Command "source C:/opt/winprog/Xilinx/Vivado_HLS/2015.2/common/technology/xilinx/interface/xilinx_interface.hlp "
@I [HLS-100] Command "source C:/opt/winprog/Xilinx/Vivado_HLS/2015.2/common/technology/xilinx/interface/maxi.hlp "
@I [HLS-100] Command 'ap_source' returned 0; elapsed 0Total elapsed time: 2.419 sec.
@I [HLS-100] Command "source C:/opt/winprog/Xilinx/Vivado_HLS/2015.2/common/technology/xilinx/interface/saxilite.hlp "
@I [HLS-100] Command 'ap_source' returned 0; elapsed 0Total elapsed time: 2.420 sec.
@I [HLS-100] Command 'ap_source' returned 0; elapsed 0.001Total elapsed time: 2.420 sec.
@I [HLS-100] Command "source C:/opt/winprog/Xilinx/Vivado_HLS/2015.2/common/technology/xilinx/common/dsp48.hlp "
@I [HLS-100] Command 'ap_source' returned 0; elapsed 0.001Total elapsed time: 2.421 sec.
@I [HLS-100] Command 'ap_source' returned 0; elapsed 0.1Total elapsed time: 2.422 sec.
@I [HLS-100] Command "source C:/opt/winprog/Xilinx/Vivado_HLS/2015.2/common/technology/xilinx/kintex7/dsp48e1.hlp "
@I [HLS-100] Command 'ap_source' returned 0; elapsed 0.021Total elapsed time: 2.443 sec.
@I [HLS-100] Command "get_default_platform "
@I [HLS-100] Command 'get_default_platform' returned 0; elapsed 0Total elapsed time: 2.444 sec.
@I [HLS-100] Command "config_chip_info -quiet -resource  {SLICE 50950} {LUT 203800}    {FF 407600} {DSP48E 840}    {BRAM 890}  "
@I [HLS-100] Command 'config_chip_info' returned 0; elapsed 0Total elapsed time: 2.444 sec.
@I [HLS-100] Command "config_chip_info -quiet -speed medium "
@I [HLS-100] Command 'config_chip_info' returned 0; elapsed 0Total elapsed time: 2.444 sec.
@I [HLS-100] Command 'import_lib' returned 0; elapsed 0.175Total elapsed time: 2.445 sec.
@I [HLS-100] Command "source C:/opt/winprog/Xilinx/Vivado_HLS/2015.2/common/technology/xilinx/kintex7/kintex7.gen "
@I [HLS-100] Command "source C:/opt/winprog/Xilinx/Vivado_HLS/2015.2/common/technology/xilinx/common/virtex.gen "
@I [HLS-100] Command "source C:/opt/winprog/Xilinx/Vivado_HLS/2015.2/common/technology/xilinx/common/xilinx.gen "
@I [HLS-100] Command "source C:/opt/winprog/Xilinx/Vivado_HLS/2015.2/common/technology/xilinx/interface/plb46.gen "
@I [HLS-100] Command 'ap_source' returned 0; elapsed 0.002Total elapsed time: 2.449 sec.
@I [HLS-100] Command "source C:/opt/winprog/Xilinx/Vivado_HLS/2015.2/common/technology/xilinx/interface/fsl.gen "
@I [HLS-100] Command 'ap_source' returned 0; elapsed 0Total elapsed time: 2.449 sec.
@I [HLS-100] Command "source C:/opt/winprog/Xilinx/Vivado_HLS/2015.2/common/technology/xilinx/interface/axi4.gen "
@I [HLS-100] Command 'ap_source' returned 0; elapsed 0.003Total elapsed time: 2.452 sec.
@I [HLS-100] Command "source C:/opt/winprog/Xilinx/Vivado_HLS/2015.2/common/technology/xilinx/interface/nativeAXI4.gen "
@I [HLS-100] Command "source C:/opt/winprog/Xilinx/Vivado_HLS/2015.2/common/technology/xilinx/interface/saxilite.gen "
@I [HLS-100] Command 'ap_source' returned 0; elapsed 0.063Total elapsed time: 2.516 sec.
@I [HLS-100] Command "source C:/opt/winprog/Xilinx/Vivado_HLS/2015.2/common/technology/xilinx/interface/maxi.gen "
@I [HLS-100] Command 'ap_source' returned 0; elapsed 0.009Total elapsed time: 2.525 sec.
@I [HLS-100] Command 'ap_source' returned 0; elapsed 0.073Total elapsed time: 2.525 sec.
@I [HLS-100] Command "source C:/opt/winprog/Xilinx/Vivado_HLS/2015.2/common/technology/xilinx/scripts/xilinxcoregen.gen "
@I [HLS-100] Command 'ap_source' returned 0; elapsed 0.013Total elapsed time: 2.538 sec.
@I [HLS-100] Command "source C:/opt/winprog/Xilinx/Vivado_HLS/2015.2/common/technology/xilinx/interface/XilEDKCoreGen.gen "
@I [HLS-100] Command 'ap_source' returned 0; elapsed 0.011Total elapsed time: 2.549 sec.
@I [HLS-100] Command "source C:/opt/winprog/Xilinx/Vivado_HLS/2015.2/common/technology/xilinx/ip/dds_compiler.gen "
@I [HLS-100] Command 'ap_source' returned 0; elapsed 0.004Total elapsed time: 2.553 sec.
@I [HLS-100] Command "source C:/opt/winprog/Xilinx/Vivado_HLS/2015.2/common/technology/xilinx/ip/util.gen "
@I [HLS-100] Command 'ap_source' returned 0; elapsed 0Total elapsed time: 2.554 sec.
@I [HLS-100] Command "source C:/opt/winprog/Xilinx/Vivado_HLS/2015.2/common/technology/xilinx/ip/xfft.gen "
@I [HLS-100] Command 'ap_source' returned 0; elapsed 0.135Total elapsed time: 2.689 sec.
@I [HLS-100] Command "source C:/opt/winprog/Xilinx/Vivado_HLS/2015.2/common/technology/xilinx/ip/xfir.gen "
@I [HLS-100] Command "source C:/opt/winprog/Xilinx/Vivado_HLS/2015.2/tps/tcl/tcllib1.11.1/struct/list.tcl "
@I [HLS-100] Command "source C:/opt/winprog/Xilinx/Vivado_HLS/2015.2/tps/tcl/tcllib1.11.1/cmdline/cmdline.tcl "
@I [HLS-100] Command 'ap_source' returned 0; elapsed 0.002Total elapsed time: 2.752 sec.
@I [HLS-100] Command 'ap_source' returned 0; elapsed 0.046Total elapsed time: 2.753 sec.
@I [HLS-100] Command "source C:/opt/winprog/Xilinx/Vivado_HLS/2015.2/tps/tcl/tcllib1.11.1/math/bignum.tcl "
@I [HLS-100] Command 'ap_source' returned 0; elapsed 0.002Total elapsed time: 2.764 sec.
@I [HLS-100] Command 'ap_source' returned 0; elapsed 0.082Total elapsed time: 2.771 sec.
@I [HLS-100] Command 'ap_source' returned 0; elapsed 0.324Total elapsed time: 2.771 sec.
@I [HLS-100] Command "source C:/opt/winprog/Xilinx/Vivado_HLS/2015.2/common/technology/xilinx/common/dsp48.gen "
@I [HLS-100] Command 'ap_source' returned 0; elapsed 0.001Total elapsed time: 2.773 sec.
@I [HLS-100] Command 'ap_source' returned 0; elapsed 0.327Total elapsed time: 2.773 sec.
@I [HLS-100] Command 'ap_source' returned 0; elapsed 0.327Total elapsed time: 2.773 sec.
@I [HLS-100] Command "get_default_platform "
@I [HLS-100] Command 'get_default_platform' returned 0; elapsed 0Total elapsed time: 2.774 sec.
@I [HLS-100] Command "config_chip_info -quiet -resource  {SLICE 25350} {LUT 101400}    {FF 202800} {DSP48E 600}    {BRAM 650}  "
@I [HLS-100] Command 'config_chip_info' returned 0; elapsed 0Total elapsed time: 2.774 sec.
@I [HLS-100] Command "config_chip_info -quiet -speed slow "
@I [HLS-100] Command 'config_chip_info' returned 0; elapsed 0Total elapsed time: 2.774 sec.
@I [HLS-100] Command 'add_library' returned 0; elapsed 0.977Total elapsed time: 2.775 sec.
@I [HLS-100] Command "add_library xilinx/kintex7/kintex7_fpv6 "
@I [HLS-100] Command "get_default_platform "
@I [HLS-100] Command 'get_default_platform' returned 0; elapsed 0Total elapsed time: 2.775 sec.
@I [HLS-100] Command "license_exists VIVADO_HLS "
@I [HLS-100] Command 'license_exists' returned 1; elapsed 0.075Total elapsed time: 2.850 sec.
@I [HLS-100] Command "license_exists ap_opencl "
@I [HLS-100] Command 'license_exists' returned 1; elapsed 0.094Total elapsed time: 2.944 sec.
@I [HLS-100] Command "license_exists ap_sdsoc "
@I [HLS-100] Command 'license_exists' returned 1; elapsed 0.139Total elapsed time: 3.83 sec.
@I [HLS-100] Command "license_exists AUTOESL_NI "
@I [HLS-100] Command 'license_exists' returned 1; elapsed 0.103Total elapsed time: 3.186 sec.
@I [HLS-100] Command "license_exists HLS "
@I [HLS-100] Command 'license_exists' returned 0; elapsed 0Total elapsed time: 3.187 sec.
@I [HLS-100] Command "open_platform DefaultPlatform "
@I [HLS-100] Command 'open_platform' returned 0; elapsed 0Total elapsed time: 3.187 sec.
@I [HLS-100] Command "import_lib C:/opt/winprog/Xilinx/Vivado_HLS/2015.2/common/technology/xilinx/kintex7/kintex7_fpv6 "
@I [HLS-100] Command "source C:/opt/winprog/Xilinx/Vivado_HLS/2015.2/common/technology/xilinx/common/xilinx_fpv7.lib "
@I [HLS-100] Command 'ap_source' returned 0; elapsed 0.002Total elapsed time: 3.189 sec.
@I [HLS-100] Command "source C:/opt/winprog/Xilinx/Vivado_HLS/2015.2/common/technology/xilinx/common/xilinx_fpv.hlp "
@I [HLS-100] Command "source C:/opt/winprog/Xilinx/Vivado_HLS/2015.2/common/technology/xilinx/common/xilinx.hlp "
@I [HLS-100] Command "source C:/opt/winprog/Xilinx/Vivado_HLS/2015.2/common/technology/xilinx/common/target_info.tcl "
@I [HLS-100] Command 'ap_source' returned 0; elapsed 0.05Total elapsed time: 3.247 sec.
@I [HLS-100] Command "source C:/opt/winprog/Xilinx/Vivado_HLS/2015.2/common/technology/xilinx/interface/xilinx_interface.hlp "
@I [HLS-100] Command "source C:/opt/winprog/Xilinx/Vivado_HLS/2015.2/common/technology/xilinx/interface/maxi.hlp "
@I [HLS-100] Command 'ap_source' returned 0; elapsed 0.001Total elapsed time: 3.248 sec.
@I [HLS-100] Command "source C:/opt/winprog/Xilinx/Vivado_HLS/2015.2/common/technology/xilinx/interface/saxilite.hlp "
@I [HLS-100] Command 'ap_source' returned 0; elapsed 0Total elapsed time: 3.248 sec.
@I [HLS-100] Command 'ap_source' returned 0; elapsed 0.001Total elapsed time: 3.248 sec.
@I [HLS-100] Command "source C:/opt/winprog/Xilinx/Vivado_HLS/2015.2/common/technology/xilinx/common/dsp48.hlp "
@I [HLS-100] Command 'ap_source' returned 0; elapsed 0.001Total elapsed time: 3.249 sec.
@I [HLS-100] Command 'ap_source' returned 0; elapsed 0.053Total elapsed time: 3.250 sec.
@I [HLS-100] Command 'ap_source' returned 0; elapsed 0.054Total elapsed time: 3.250 sec.
@I [HLS-100] Command "source C:/opt/winprog/Xilinx/Vivado_HLS/2015.2/common/technology/xilinx/kintex7/kintex7_hp.hlp "
@I [HLS-100] Command 'ap_source' returned 0; elapsed 0.001Total elapsed time: 3.251 sec.
@I [HLS-100] Command 'import_lib' returned 0; elapsed 0.068Total elapsed time: 3.255 sec.
@I [HLS-100] Command "source C:/opt/winprog/Xilinx/Vivado_HLS/2015.2/common/technology/xilinx/kintex7/kintex7_fpv6.gen "
@I [HLS-100] Command "source C:/opt/winprog/Xilinx/Vivado_HLS/2015.2/common/technology/xilinx/common/xilinx_fpv6.gen "
@I [HLS-100] Command 'ap_source' returned 0; elapsed 0.002Total elapsed time: 3.258 sec.
@I [HLS-100] Command 'ap_source' returned 0; elapsed 0.002Total elapsed time: 3.258 sec.
@I [HLS-100] Command 'add_library' returned 0; elapsed 0.484Total elapsed time: 3.259 sec.
@I [HLS-10] Setting target device to 'xc7k160tfbg484-1'
@I [HLS-100] Command 'set_part' returned 0; elapsed 1.466Total elapsed time: 3.259 sec.
@I [HLS-100] Command "create_clock -period 8 -name default "
@I [HLS-100] Command "config_clock -quiet -name default -period 8 -default=false "
@I [SYN-201] Setting up clock 'default' with a period of 8ns.
@I [HLS-100] Command 'config_clock' returned 0; elapsed 0Total elapsed time: 3.261 sec.
@I [HLS-100] Command 'create_clock' returned 0; elapsed 0.002Total elapsed time: 3.261 sec.
@I [HLS-100] Command "source ./dct_prj/solution4/directives.tcl "
@I [HLS-100] Command "set_directive_pipeline dct_2d/Xpose_Row_Inner_Loop "
@I [HLS-100] Command 'set_directive_pipeline' returned 0; elapsed 0Total elapsed time: 3.263 sec.
@I [HLS-100] Command "set_directive_pipeline dct_2d/Xpose_Col_Inner_Loop "
@I [HLS-100] Command 'set_directive_pipeline' returned 0; elapsed 0Total elapsed time: 3.263 sec.
@I [HLS-100] Command "set_directive_pipeline read_data/RD_Loop_Col "
@I [HLS-100] Command 'set_directive_pipeline' returned 0; elapsed 0Total elapsed time: 3.263 sec.
@I [HLS-100] Command "set_directive_pipeline write_data/WR_Loop_Col "
@I [HLS-100] Command 'set_directive_pipeline' returned 0; elapsed 0Total elapsed time: 3.263 sec.
@I [HLS-100] Command "set_directive_pipeline dct_1d/DCT_Outer_Loop "
@I [HLS-100] Command 'set_directive_pipeline' returned 0; elapsed 0.001Total elapsed time: 3.264 sec.
@I [HLS-100] Command "set_directive_array_partition -type complete -dim 2 dct buf_2d_in "
@I [HLS-100] Command 'set_directive_array_partition' returned 0; elapsed 0Total elapsed time: 3.264 sec.
@I [HLS-100] Command "set_directive_array_partition -type complete -dim 2 dct_2d col_inbuf "
@I [HLS-100] Command 'set_directive_array_partition' returned 0; elapsed 0Total elapsed time: 3.264 sec.
@I [HLS-100] Command 'ap_source' returned 0; elapsed 0.003Total elapsed time: 3.264 sec.
@I [HLS-100] Command "csynth_design "
@I [HLS-100] Command "elaborate -effort=medium -skip_syncheck=0 -lm=0 -skip_cdt=0 -skip_transform=0 -ng=0 -g=0 -opt_fp=0 "
@I [HLS-10] Analyzing design file 'dct.cpp' ... 
@0 [HLS-0] Analyzing design file 'dct.cpp' ... 
@I [HLS-0] Compiling one TU...
@I [HLS-0] 
Checking before pre-process: exec clang -fno-limit-debug-info -gcc-toolchain "C:/opt/winprog/Xilinx/Vivado_HLS/2015.2/msys" -hls    -fno-math-errno -c -emit-llvm -O0  -mllvm -disable-llvm-optzns -fno-threadsafe-statics  -fno-use-cxa-atexit  -fno-threadsafe-statics -fno-use-cxa-atexit -D__cdecl=   -I "C:/opt/winprog/Xilinx/Vivado_HLS/2015.2/win64/tools/systemc/include" -I "C:/opt/winprog/Xilinx/Vivado_HLS/2015.2/include" -I "C:/opt/winprog/Xilinx/Vivado_HLS/2015.2/include/ap_sysc" -fexceptions -I "C:/opt/winprog/Xilinx/Vivado_HLS/2015.2/common/technology/autopilot" -include etc/autopilot_ssdm_op.h "dct.cpp"  -o "D:/opt/source/Vivado/Vivado_HLS_Tutorial/Design_Analysis/lab1/dct_prj/solution4/.autopilot/db/dct.pp.00.o"

@I [HLS-100] Command "is_encrypted D:/opt/source/Vivado/Vivado_HLS_Tutorial/Design_Analysis/lab1/dct_prj/solution4/.autopilot/db/dct.pp.00.o "
@I [HLS-100] Command 'is_encrypted' returned 0; elapsed 0Total elapsed time: 4.242 sec.
@I [HLS-0] Syntax Checker time: 0 seconds per iteration
@I [HLS-0] 
Source preprocessing: exec clang -fno-limit-debug-info -gcc-toolchain "C:/opt/winprog/Xilinx/Vivado_HLS/2015.2/msys" -hls -fno-exceptions  -D__llvm__  -CC -E "dct.cpp"     -fno-math-errno -c -emit-llvm -O0  -mllvm -disable-llvm-optzns -fno-threadsafe-statics  -fno-use-cxa-atexit  -fno-threadsafe-statics -fno-use-cxa-atexit -D__cdecl= -DAESL_SYN -D__SYNTHESIS__ -D__HLS_SYN__ -I "C:/opt/winprog/Xilinx/Vivado_HLS/2015.2/common/technology/autopilot" -I "C:/opt/winprog/Xilinx/Vivado_HLS/2015.2/common/technology/autopilot/ap_sysc" -include etc/autopilot_ssdm_op.h  -o "D:/opt/source/Vivado/Vivado_HLS_Tutorial/Design_Analysis/lab1/dct_prj/solution4/.autopilot/db/dct.pp.0.cpp"

@I [HLS-0] GCC PP time: 0 seconds per iteration
@I [HLS-0] Setting directive 'PIPELINE' 
@I [HLS-0] Setting directive 'PIPELINE' 
@I [HLS-0] Setting directive 'PIPELINE' 
@I [HLS-0] Setting directive 'PIPELINE' 
@I [HLS-0] Setting directive 'PIPELINE' 
@I [HLS-0] Setting directive 'ARRAY_PARTITION' partition=positionBooleanCmd variable=positionBooleanTextRequiredbuf_2d_in complete=positionBoolean0type dim=2 
@I [HLS-0] Setting directive 'ARRAY_PARTITION' partition=positionBooleanCmd variable=positionBooleanTextRequiredcol_inbuf complete=positionBoolean0type dim=2 
@I [HLS-100] Command "list_core -type functional_unit "
@I [HLS-100] Command 'list_core' returned 0; elapsed 0Total elapsed time: 4.818 sec.
@I [HLS-0] Marker-Pragma convertor: D:/opt/source/Vivado/Vivado_HLS_Tutorial/Design_Analysis/lab1/dct_prj/solution4/.autopilot/db/dct.pp.0.cpp D:/opt/source/Vivado/Vivado_HLS_Tutorial/Design_Analysis/lab1/dct_prj/solution4/.autopilot/db/dct.pp.0.cpp.ap-line.cpp D:/opt/source/Vivado/Vivado_HLS_Tutorial/Design_Analysis/lab1/dct_prj/solution4/.autopilot/db/dct.pp.0.cpp.ap-line.cpp.CXX 1
@I [HLS-0] 
Source processor: exec C:/opt/winprog/Xilinx/Vivado_HLS/2015.2/tps/win64/jre/bin/java -Xmx512m -classpath   "C:/opt/winprog/Xilinx/Vivado_HLS/2015.2/lib/classes/autopilot.sourceprocessor.jar;C:/opt/winprog/Xilinx/Vivado_HLS/2015.2/lib/classes/org.eclipse.cdt.core_5.3.0.xilinx_patch.jar;C:/opt/winprog/Xilinx/Vivado_HLS/2015.2/lib/classes/org.eclipse.core.runtime_3.7.0.v20110110.jar;C:/opt/winprog/Xilinx/Vivado_HLS/2015.2/lib/classes/org.eclipse.equinox.common_3.6.0.v20110523.jar;C:/opt/winprog/Xilinx/Vivado_HLS/2015.2/lib/classes/com.ibm.icu_4.4.2.v20110208.jar;C:/opt/winprog/Xilinx/Vivado_HLS/2015.2/lib/classes/jargs.jar;C:/opt/winprog/Xilinx/Vivado_HLS/2015.2/win64/tools/eclipse/plugins/org.eclipse.emf.common_2.10.0.v20140514-1158.jar;C:/opt/winprog/Xilinx/Vivado_HLS/2015.2/win64/tools/eclipse/plugins/org.eclipse.emf.ecore_2.10.0.v20140514-1158.jar;C:/opt/winprog/Xilinx/Vivado_HLS/2015.2/win64/tools/eclipse/plugins/org.eclipse.emf.ecore.xmi_2.10.0.v20140514-1158.jar;C:/opt/winprog/Xilinx/Vivado_HLS/2015.2/win64/tools/eclipse/plugins/com.autoesl.autopilot.ui.directiveFileModel_1.0.0.jar;C:/opt/winprog/Xilinx/Vivado_HLS/2015.2/win64/tools/eclipse/plugins/com.autoesl.autopilot.ui.common_1.0.0.jar"  autopilot.sourceprocessor.CParser  "D:/opt/source/Vivado/Vivado_HLS_Tutorial/Design_Analysis/lab1/dct_prj/solution4/.autopilot/db/dct.pp.0.cpp.ap-line.cpp"  -m "dct" -o "D:/opt/source/Vivado/Vivado_HLS_Tutorial/Design_Analysis/lab1/dct_prj/solution4/.autopilot/db/dct.pp.0.cpp.ap-cdt.cpp" --pp --directive D:/opt/source/Vivado/Vivado_HLS_Tutorial/Design_Analysis/lab1/dct_prj/solution4/solution4.directive --source D:/opt/source/Vivado/Vivado_HLS_Tutorial/Design_Analysis/lab1/dct.cpp --error D:/opt/source/Vivado/Vivado_HLS_Tutorial/Design_Analysis/lab1/dct_prj/solution4/.autopilot/db --funcunit "AddSub AddSub_DSP AddSubnS DAddSub_fulldsp DAddSub_nodsp DDiv DExp_fulldsp DExp_meddsp DExp_nodsp DLog_fulldsp DLog_meddsp DLog_nodsp DMul_fulldsp DMul_maxdsp DMul_meddsp DMul_nodsp DRSqrt DRecip DSqrt DivnS FAddSub_fulldsp FAddSub_nodsp FDiv FExp_fulldsp FExp_meddsp FExp_nodsp FLog_fulldsp FLog_meddsp FLog_nodsp FMul_fulldsp FMul_maxdsp FMul_meddsp FMul_nodsp FRSqrt_fulldsp FRSqrt_nodsp FRecip_fulldsp FRecip_nodsp FSqrt Mul Mul2S Mul3S Mul4S Mul5S Mul6S MulnS MuxnS" --ve --vetcl D:/opt/source/Vivado/Vivado_HLS_Tutorial/Design_Analysis/lab1/dct_prj/solution4/.autopilot/db --ca --es --gf --df --pd --p2d D:/opt/source/Vivado/Vivado_HLS_Tutorial/Design_Analysis/lab1/dct_prj/solution4/.autopilot/db --sd --scff D:/opt/source/Vivado/Vivado_HLS_Tutorial/Design_Analysis/lab1/dct_prj/solution4/.autopilot/db/.systemc_flag --ad

@I [HLS-0] Marker-Pragma convertor: D:/opt/source/Vivado/Vivado_HLS_Tutorial/Design_Analysis/lab1/dct_prj/solution4/.autopilot/db/dct.pp.0.cpp.ap-cdt.cpp D:/opt/source/Vivado/Vivado_HLS_Tutorial/Design_Analysis/lab1/dct_prj/solution4/.autopilot/db/dct.pragma.0.cpp D:/opt/source/Vivado/Vivado_HLS_Tutorial/Design_Analysis/lab1/dct_prj/solution4/.autopilot/db/dct.pragma.0.cpp.ap-line.CXX 0
@I [HLS-100] Command "source D:/opt/source/Vivado/Vivado_HLS_Tutorial/Design_Analysis/lab1/dct_prj/solution4/.autopilot/db/pragma.status.tcl "
@I [HLS-100] Command 'ap_source' returned 0; elapsed 0.001Total elapsed time: 8.874 sec.
@I [HLS-0] CDT processor time: 4 seconds per iteration
@I [HLS-0] Pragma handling time: 0 seconds per iteration
@I [HLS-0] 
Source preprocessing: exec clang -fno-limit-debug-info -gcc-toolchain "C:/opt/winprog/Xilinx/Vivado_HLS/2015.2/msys" -hls -fno-exceptions  -D__llvm__  -CC -E "D:/opt/source/Vivado/Vivado_HLS_Tutorial/Design_Analysis/lab1/dct_prj/solution4/.autopilot/db/dct.pragma.1.cpp"     -fno-math-errno -c -emit-llvm -O0  -mllvm -disable-llvm-optzns -fno-threadsafe-statics  -fno-use-cxa-atexit  -fno-threadsafe-statics -fno-use-cxa-atexit -D__cdecl= -DAESL_SYN -D__SYNTHESIS__ -D__HLS_SYN__ -I "C:/opt/winprog/Xilinx/Vivado_HLS/2015.2/common/technology/autopilot" -I "C:/opt/winprog/Xilinx/Vivado_HLS/2015.2/common/technology/autopilot/ap_sysc" -include etc/autopilot_ssdm_op.h  -o "D:/opt/source/Vivado/Vivado_HLS_Tutorial/Design_Analysis/lab1/dct_prj/solution4/.autopilot/db/dct.pragma.2.cpp"

@I [HLS-0] exec clang -fno-limit-debug-info -gcc-toolchain C:/opt/winprog/Xilinx/Vivado_HLS/2015.2/msys -hls -hls-analyze-label -hls-analyze-pragma -fno-exceptions  -D__llvm__  -w  "D:/opt/source/Vivado/Vivado_HLS_Tutorial/Design_Analysis/lab1/dct_prj/solution4/.autopilot/db/dct.pragma.2.cpp"    -fno-math-errno -c -emit-llvm -O0  -mllvm -disable-llvm-optzns -fno-threadsafe-statics  -fno-use-cxa-atexit -DAESL_SYN -D__SYNTHESIS__ -D__HLS_SYN__ -I "C:/opt/winprog/Xilinx/Vivado_HLS/2015.2/common/technology/autopilot" -I "C:/opt/winprog/Xilinx/Vivado_HLS/2015.2/common/technology/autopilot/ap_sysc" -include etc/autopilot_ssdm_op.h -g -o "D:/opt/source/Vivado/Vivado_HLS_Tutorial/Design_Analysis/lab1/dct_prj/solution4/.autopilot/db/dct.g.bc"
@I [HLS-100] Command "source D:/opt/source/Vivado/Vivado_HLS_Tutorial/Design_Analysis/lab1/dct_prj/solution4/.autopilot/db/ve_warning.tcl "
@I [HLS-100] Command 'ap_source' returned 0; elapsed 0.005Total elapsed time: 10.673 sec.
@I [HLS-10] Validating synthesis directives ...
@0 [HLS-0] Validating synthesis directives ...
@I [HLS-100] Command "source D:/opt/source/Vivado/Vivado_HLS_Tutorial/Design_Analysis/lab1/dct_prj/solution4/.autopilot/db/pragma.status.tcl "
@I [HLS-100] Command 'ap_source' returned 0; elapsed 0.053Total elapsed time: 10.726 sec.
@I [HLS-0] Linking all ...
@I [HLS-0] exec llvm-ld  "D:/opt/source/Vivado/Vivado_HLS_Tutorial/Design_Analysis/lab1/dct_prj/solution4/.autopilot/db/dct.bc"  -disable-opt  -LC:/opt/winprog/Xilinx/Vivado_HLS/2015.2/win64/lib -lm_basic -o "D:/opt/source/Vivado/Vivado_HLS_Tutorial/Design_Analysis/lab1/dct_prj/solution4/.autopilot/db/a.o.pre"
@I [HLS-0] Link time: 1 seconds per iteration
@I [HLS-0] Linking all ...
@I [HLS-0] exec llvm-ld  "D:/opt/source/Vivado/Vivado_HLS_Tutorial/Design_Analysis/lab1/dct_prj/solution4/.autopilot/db/dct.g.bc"  -disable-opt  -LC:/opt/winprog/Xilinx/Vivado_HLS/2015.2/win64/lib -lm_basic -o "D:/opt/source/Vivado/Vivado_HLS_Tutorial/Design_Analysis/lab1/dct_prj/solution4/.autopilot/db/a.g.pre"
@I [HLS-0] Link time: 1 seconds per iteration
@I [HLS-100] Command "opt_and_import_c a -opt_level=2 -skip_syncheck=0 -ng=0 "
@I [HLS-100] Command "cleanup_all_models "
@I [HLS-100] Command 'cleanup_all_models' returned 0; elapsed 0Total elapsed time: 13.366 sec.
@I [HLS-10] Starting code transformations ...
@0 [HLS-0] Starting code transformations ...
@I [HLS-0] std xform: transform -hls -share-std-xform -always-inline -promote-dbg-pointer  -interface-preproc  -scalarrepl -mem2reg -keep-read-access -instcombine -dce  -promote-dbg-pointer  -bitop-raise  -indvars -loop-simplify -xunroll  -constprop -instcombine -simplifycfg -indvars  -simplifycfg -dce -globaldce  -basicaa  -simplifycfg -mem2reg -globalopt  -global-constprop -deadargelim -instcombine -simplifycfg  -prune-eh -simplifycfg  -scalarrepl -instcombine -reassociate -licm  -simplifycfg -loop-simplify -indvars -instcombine  -simplifycfg -mem2reg -loop-simplify -indvars -instcombine  -gvn -gvn -instcombine -adce  -break-crit-edges  -simplifycfg -loop-delete  -global-array-opt -dce -dse -adce  -find-syn-modules -top dct  -deadargelim  -mem2reg -instcombine -dce  -presyn-prepare -auto-rom-infer  -interface-preproc  -syn-check -check-rec-only  -find-region -simplifycfg -func-extr -function-inline  -globaldce -mem2reg -instcombine -dce   -gvn -globaldce -adce -adse  -constprop -instcombine -bit-constprop  -instcombine -dce -simplifycfg -bitop-raise  -simplifycfg -dce -loop-delete -reassociate  -globalopt -global-privatize -mem2reg -dce  -global-constprop -pointer-simplify -constprop -dce  -func-inst -deadargelim  -promote-dbg-pointer  -norm-name   D:/opt/source/Vivado/Vivado_HLS_Tutorial/Design_Analysis/lab1/dct_prj/solution4/.autopilot/db/a.g.0.bc -o D:/opt/source/Vivado/Vivado_HLS_Tutorial/Design_Analysis/lab1/dct_prj/solution4/.autopilot/db/a.g.1.bc -f  -phase std-opt
@I [HLS-0] Std xform time: 0 seconds per iteration
@I [HLS-100] Command "is_encrypted D:/opt/source/Vivado/Vivado_HLS_Tutorial/Design_Analysis/lab1/dct_prj/solution4/.autopilot/db/a.g.1.bc "
@I [HLS-100] Command 'is_encrypted' returned 0; elapsed 0.017Total elapsed time: 14.212 sec.
@I [HLS-10] Checking synthesizability ...
@0 [HLS-0] Checking synthesizability ...
@I [HLS-0] syn check 1/2: transform -hls -syn-check -check-rec-only -disaggr -scalarrepl -norm-name -dce  -mem2reg -instcombine  -function-uniquify -directive-preproc -mem2reg -dse -dce -auto-rom-infer -dce  -array-normalize -instcombine -dce  -array-seg-normalize -instcombine -dce  -array-flatten -instcombine -dce  -array-burst -dce  -deadargelim -promote-global-argument  -function-inline -globaldce -dce  -doublePtrSimplify -doublePtrElim -dce  -doublePtrSimplify -promote-dbg-pointer  -dce -scalarrepl -dse -adse -instcombine  -ptrLegalization  -simplifycfg -dce -instcombine  -pointer-simplify -ptrArgReplace -dce -instcombine   -disaggr -scalarrepl -norm-name -dce  -mem2reg -instcombine -ptrLegalization   -simplifycfg -deadargelim  -instcombine -dce -inst-simplify  -function-uniquify -directive-preproc -mem2reg -dse -dce  -globaldce    D:/opt/source/Vivado/Vivado_HLS_Tutorial/Design_Analysis/lab1/dct_prj/solution4/.autopilot/db/a.g.1.bc -o D:/opt/source/Vivado/Vivado_HLS_Tutorial/Design_Analysis/lab1/dct_prj/solution4/.autopilot/db/a.g.2.prechk.bc -f
@I [XFORM-602] Inlining function 'read_data' into 'dct' (dct.cpp:128) automatically.
@I [XFORM-602] Inlining function 'write_data' into 'dct' (dct.cpp:133) automatically.
@I [HLS-0] Syn check 1/2 time: 0 seconds per iteration
@I [HLS-0] syn check 2/2: transform -syn-check   D:/opt/source/Vivado/Vivado_HLS_Tutorial/Design_Analysis/lab1/dct_prj/solution4/.autopilot/db/a.g.2.prechk.bc -o D:/opt/source/Vivado/Vivado_HLS_Tutorial/Design_Analysis/lab1/dct_prj/solution4/.autopilot/db/a.g.2.bc -f  -phase syn-check
@I [HLS-0] Syn check 2/2 time: 0 seconds per iteration
@I [HLS-0] Compiler optimizing ...
@I [HLS-0] Share syncheck's 1.bc for syn flow: copy D:/opt/source/Vivado/Vivado_HLS_Tutorial/Design_Analysis/lab1/dct_prj/solution4/.autopilot/db/a.g.1.bc to D:/opt/source/Vivado/Vivado_HLS_Tutorial/Design_Analysis/lab1/dct_prj/solution4/.autopilot/db/a.o.1.bc
@I [HLS-0] presyn 1: transform -hls -tmp D:/opt/source/Vivado/Vivado_HLS_Tutorial/Design_Analysis/lab1/dct_prj/solution4/.autopilot/db -type-info  -function-uniquify -directive-preproc -mem2reg -dse -dce  -disaggr -scalarrepl -norm-name -deadargelim  -mem2reg -instcombine -dce -auto-rom-infer -dce -function-uniquify  -clib-intrinsic-prepare -dce  -func-buffer -dce -array-normalize  -func-legal -instcombine -gvn -constprop -dce   -ptrArgReplace -mem2reg -instcombine -dce  -array-seg-normalize -deadargelim  -instcombine -dce  -pointer-simplify -dce  -port-alignment -dce  -interface-preproc  -data-pack -instcombine -dce   -basicaa -aggr-aa -aggrmodref-aa -aggr-aa -gvn -gvn  -basicaa -aggr-aa -aggrmodref-aa -aggr-aa -dse -adse -adce  -loop-simplify -indvars -instcombine  -gvn -loop-simplify -mem2reg -dce -simplifycfg  -find-region -instcombine  -auto-loop-pipeline  -inst-simplify  -interface-preproc  -indvars -auto-loop-unroll -loop-simplify -loop-bound -xunroll  -constprop -instcombine -simplifycfg -indvars  -simplifycfg -dce -globaldce  -attach-range  -gvn -disable-agg-range -inst-simplify  -constprop -simplifycfg -dce  -pointer-simplify -dce  -globalopt -constprop -dce  -array-promote -constprop -instcombine -dce  -ptrArgReplace -mem2reg  -instcombine -simplifycfg -dce  -auto-par -instcombine -dce  -array-transform-check  -array-reshape -instcombine -simplifycfg -dce  -ptrArgReplace -deadargelim -mem2reg  -instcombine -simplifycfg -dce   -array-partition -instcombine -simplifycfg -dce  -ptrArgReplace -global-constprop -deadargelim -mem2reg  -func-legal -instcombine -dce -global-constprop -deadargelim -mem2reg  -instcombine -simplifycfg -dce   -globalopt -constprop -dce  -array-promote -constprop -instcombine -dce  -ptrArgReplace -mem2reg  -instcombine -simplifycfg -dce   -mem-intrinsic-preproc -dce  -global-privatize  -mem2reg -globaldce  -promote-global-argument  -ptrArgReplace -mem2reg -instcombine -dce  -globalopt -mergereturn -simplify-global-access -mem2reg -dce  -pointer-simplify -dce  -functionattrs  -basicaa -aggr-aa -aggrmodref-aa -aggr-aa -gvn -gvn  -basicaa -aggr-aa -aggrmodref-aa -aggr-aa -dse -adse -adce  -inst-simplify -dce -norm-name  -function-inline -globaldce  -func-inst -constprop -instcombine -simplifycfg -dce  -func-legal -dce   -loop-bound  -arraycheck -bitwidthmin -on-by-dataflow  -loop-delete -instcombine -simplifycfg -dce -loop-simplify -clean-region -simplifycfg -loop-stream -instcombine -simplifycfg -dce -globaldce  -stream-intrinsic-preproc -dce  -check-ap-stream -check-dataflow-syntax  -legalize-stream-variable -legalize-global -legalize-global-1  -extract-subproc -scalar-propagation -globaldce -mem2reg  -check-dataflow-channels -function-stream -dce -globaldce  -prop-fifo-spec -internal-stream-gen  -array-streaming -instcombine -simplifycfg -dce    -function-uniquify -directive-preproc -mem2reg -dse -dce  -group-axi-access    -simplifycfg -dce -loop-delete  -norm-name  D:/opt/source/Vivado/Vivado_HLS_Tutorial/Design_Analysis/lab1/dct_prj/solution4/.autopilot/db/a.o.1.bc -o D:/opt/source/Vivado/Vivado_HLS_Tutorial/Design_Analysis/lab1/dct_prj/solution4/.autopilot/db/a.o.1.tmp.bc -f
@I [XFORM-502] Unrolling all sub-loops inside loop 'DCT_Outer_Loop' (dct.cpp:57) in function 'dct_1d' for pipelining.
@I [XFORM-501] Unrolling loop 'DCT_Inner_Loop' (dct.cpp:59) in function 'dct_1d' completely.
@I [XFORM-102] Partitioning array 'dct_coeff_table' in dimension 2 automatically.
@I [XFORM-101] Partitioning array 'buf_2d_in' (dct.cpp:124) in dimension 2 completely.
@I [XFORM-101] Partitioning array 'col_inbuf' (dct.cpp:71) in dimension 2 completely.
@I [XFORM-602] Inlining function 'write_data' into 'dct' (dct.cpp:133) automatically.
@I [HLS-0] Presyn 1 time: 0 seconds per iteration
@I [HLS-0] presyn 2: transform -hls -keep-callgraph -scalarrepl -mem2reg  -port-alignment -attach-range -dce  -pipe-mux-gen  -indvars -loop-bound  -inst-simplify -instcombine -dce  -merge-array-access -mem2reg -dce  -clean-region -mergereturn -if-conv  -instcombine -dce -constprop  -basicaa -aggr-aa -aggrmodref-aa -aggr-aa -gvn -gvn  -basicaa -aggr-aa -aggrmodref-aa -aggr-aa -dse -adse -adce  -scalarrepl -mem2reg  -global-constprop -deadargelim -deadargelim  -instcombine -dce -simplifycfg    -ptrArgReplace -mem2reg -function-inline  -globaldce -mem2reg -instcombine -dce -expr-balance  -instcombine -dce  -bitwidthmin  -directive-preproc  -inst-rectify -instcombine -dce  -functionattrs  -constprop -instcombine -bit-constprop  -simplify-global-access  -globalopt -globaldce  -inst-simplify -instcombine -elimdeaddata -dce  -loop-delete -simplifycfg   -norm-name D:/opt/source/Vivado/Vivado_HLS_Tutorial/Design_Analysis/lab1/dct_prj/solution4/.autopilot/db/a.o.1.tmp.bc -o D:/opt/source/Vivado/Vivado_HLS_Tutorial/Design_Analysis/lab1/dct_prj/solution4/.autopilot/db/a.o.2.bc -f  -phase presyn
@I [XFORM-11] Balancing expressions in function 'dct_1d' (dct.cpp:48)...8 expression(s) balanced.
@I [HLS-0] Presyn 2 time: 0 seconds per iteration
@I [HLS-100] Command "is_encrypted D:/opt/source/Vivado/Vivado_HLS_Tutorial/Design_Analysis/lab1/dct_prj/solution4/.autopilot/db/a.o.2.bc "
@I [HLS-100] Command 'is_encrypted' returned 0; elapsed 0.054Total elapsed time: 15.320 sec.
@I [HLS-0] build ssdm: transform -hls -function-uniquify -auto-function-inline -globaldce  -ptrArgReplace -mem2reg -instcombine -dce  -loop-simplify -indvars -licm -loop-dep  -loop-bound -licm -loop-simplify -flattenloopnest  -array-flatten -gvn -instcombine -dce  -array-map -dce -func-legal  -gvn -adce -instcombine -cfgopt -simplifycfg -loop-simplify   -array-burst -promote-global-argument -dce  -axi4-lower -array-seg-normalize  -basicaa -aggrmodref-aa -globalsmodref-aa -aggr-aa -gvn -gvn  -basicaa -aggrmodref-aa -globalsmodref-aa -aggr-aa -dse -adse -adce -licm  -inst-simplify -dce  -globaldce -array-streaming -instcombine  -dce   -deadargelim -doublePtrSimplify  -doublePtrElim -dce -doublePtrSimplify -promote-dbg-pointer  -dce -scalarrepl -mem2reg -disaggr -norm-name -mem2reg  -instcombine  -dse -adse -adce -ptrLegalization -dce -auto-rom-infer -array-flatten -dce -instcombine  -loop-rot -constprop -cfgopt -simplifycfg -loop-simplify -indvars -pointer-simplify -dce -loop-bound  -loop-simplify -loop-preproc  -constprop -global-constprop -gvn -mem2reg -instcombine -dce  -loop-merge -dce  -bitwidthmin  -scalar-propagation -globaldce -mem2reg  -interface-preproc -interface-gen  -deadargelim -directive-preproc -inst-simplify -dce  -gvn -mem2reg -instcombine -dce -adse  -loop-bound  -instcombine -cfgopt -simplifycfg -loop-simplify  -clean-region -io-protocol  -find-region -mem2reg  -bitop-raise  -inst-simplify -inst-rectify -instcombine -adce -deadargelim  -loop-simplify -phi-opt -bitop-raise  -cfgopt -simplifycfg -strip-dead-prototypes  -interface-lower -bitop-lower -intrinsic-lower -auto-function-inline  -basicaa -aggrmodref-aa -globalsmodref-aa -aggr-aa  -inst-simplify -simplifycfg   -mergereturn -inst-simplify -inst-rectify  -dce -bitop-lower  -loop-rewind -pointer-simplify -dce -cfgopt  -norm-name -legalize -read-loop-dep -dce -bitwidth   -cdfg-build  D:/opt/source/Vivado/Vivado_HLS_Tutorial/Design_Analysis/lab1/dct_prj/solution4/.autopilot/db/a.o.2.bc -o D:/opt/source/Vivado/Vivado_HLS_Tutorial/Design_Analysis/lab1/dct_prj/solution4/.autopilot/db/a.o.3.bc -f  -phase build-ssdm
@I [XFORM-541] Flattening a loop nest 'WR_Loop_Row' (dct.cpp:115:67) in function 'dct'.
@I [XFORM-541] Flattening a loop nest 'Xpose_Row_Outer_Loop' (dct.cpp:82:1) in function 'dct_2d'.
@I [XFORM-541] Flattening a loop nest 'Xpose_Col_Outer_Loop' (dct.cpp:93:1) in function 'dct_2d'.
@I [XFORM-541] Flattening a loop nest 'RD_Loop_Row' (dct.cpp:103:67) in function 'read_data'.
@I [HLS-0] Build ssdm time: 0 seconds per iteration
@I [HLS-100] Command "is_encrypted D:/opt/source/Vivado/Vivado_HLS_Tutorial/Design_Analysis/lab1/dct_prj/solution4/.autopilot/db/a.o.3.bc "
@I [HLS-100] Command 'is_encrypted' returned 0; elapsed 0.019Total elapsed time: 15.726 sec.
@I [HLS-0] Finish building internal data model.
@I [HLS-100] Command 'opt_and_import_c' returned 0; elapsed 2.385Total elapsed time: 15.751 sec.
@I [HLS-111] Elapsed time: 15.767 seconds; current memory usage: 111 MB.
@I [HLS-100] Command 'elaborate' returned 0; elapsed 12.498Total elapsed time: 15.762 sec.
@I [HLS-100] Command "autosyn "
@I [HLS-10] Starting hardware synthesis ...
@0 [HLS-0] Starting hardware synthesis ...
@I [HLS-0] Synthesizing C/C++ design ...
@I [HLS-10] Synthesizing 'dct' ...
@0 [HLS-0] Synthesizing 'dct' ...
@I [HLS-100] Command "ap_set_top_model dct "
@I [HLS-100] Command 'ap_set_top_model' returned 0; elapsed 0Total elapsed time: 15.823 sec.
@I [HLS-100] Command "get_model_list dct -filter all-wo-channel -topdown "
@I [HLS-100] Command 'get_model_list' returned 0; elapsed 0Total elapsed time: 15.823 sec.
@I [HLS-100] Command "preproc_iomode -model dct "
@I [HLS-100] Command 'preproc_iomode' returned 0; elapsed 0Total elapsed time: 15.823 sec.
@I [HLS-100] Command "preproc_iomode -model dct_dct_2d "
@I [HLS-100] Command 'preproc_iomode' returned 0; elapsed 0Total elapsed time: 15.823 sec.
@I [HLS-100] Command "preproc_iomode -model dct_dct_1d "
@I [HLS-100] Command 'preproc_iomode' returned 0; elapsed 0.001Total elapsed time: 15.824 sec.
@I [HLS-100] Command "preproc_iomode -model dct_read_data "
@I [HLS-100] Command 'preproc_iomode' returned 0; elapsed 0Total elapsed time: 15.824 sec.
@I [HLS-100] Command "get_model_list dct -filter all-wo-channel "
@I [HLS-100] Command 'get_model_list' returned 0; elapsed 0Total elapsed time: 15.824 sec.
@I [HLS-0] Model list for configure: dct_read_data dct_dct_1d dct_dct_2d dct
@I [HLS-0] Configuring Module : dct_read_data ...
@I [HLS-100] Command "set_default_model dct_read_data "
@I [HLS-100] Command 'set_default_model' returned 0; elapsed 0Total elapsed time: 15.824 sec.
@I [HLS-100] Command "apply_spec_resource_limit dct_read_data "
@I [HLS-100] Command 'apply_spec_resource_limit' returned 0; elapsed 0Total elapsed time: 15.824 sec.
@I [HLS-0] Configuring Module : dct_dct_1d ...
@I [HLS-100] Command "set_default_model dct_dct_1d "
@I [HLS-100] Command 'set_default_model' returned 0; elapsed 0Total elapsed time: 15.824 sec.
@I [HLS-100] Command "apply_spec_resource_limit dct_dct_1d "
@I [HLS-100] Command 'apply_spec_resource_limit' returned 0; elapsed 0Total elapsed time: 15.825 sec.
@I [HLS-0] Configuring Module : dct_dct_2d ...
@I [HLS-100] Command "set_default_model dct_dct_2d "
@I [HLS-100] Command 'set_default_model' returned 0; elapsed 0Total elapsed time: 15.825 sec.
@I [HLS-100] Command "apply_spec_resource_limit dct_dct_2d "
@I [HLS-100] Command 'apply_spec_resource_limit' returned 0; elapsed 0Total elapsed time: 15.825 sec.
@I [HLS-0] Configuring Module : dct ...
@I [HLS-100] Command "set_default_model dct "
@I [HLS-100] Command 'set_default_model' returned 0; elapsed 0Total elapsed time: 15.825 sec.
@I [HLS-100] Command "apply_spec_resource_limit dct "
@I [HLS-100] Command 'apply_spec_resource_limit' returned 0; elapsed 0Total elapsed time: 15.825 sec.
@I [HLS-0] Model list for preprocess: dct_read_data dct_dct_1d dct_dct_2d dct
@I [HLS-0] Preprocessing Module: dct_read_data ...
@I [HLS-100] Command "set_default_model dct_read_data "
@I [HLS-100] Command 'set_default_model' returned 0; elapsed 0Total elapsed time: 15.825 sec.
@I [HLS-100] Command "cdfg_preprocess -model dct_read_data "
@I [HLS-100] Command 'cdfg_preprocess' returned 0; elapsed 0Total elapsed time: 15.825 sec.
@I [HLS-100] Command "rtl_gen_preprocess dct_read_data "
@I [HLS-100] Command 'rtl_gen_preprocess' returned 0; elapsed 0Total elapsed time: 15.826 sec.
@I [HLS-0] Preprocessing Module: dct_dct_1d ...
@I [HLS-100] Command "set_default_model dct_dct_1d "
@I [HLS-100] Command 'set_default_model' returned 0; elapsed 0Total elapsed time: 15.826 sec.
@I [HLS-100] Command "cdfg_preprocess -model dct_dct_1d "
@I [HLS-100] Command 'cdfg_preprocess' returned 0; elapsed 0.001Total elapsed time: 15.827 sec.
@I [HLS-100] Command "rtl_gen_preprocess dct_dct_1d "
@I [HLS-100] Command 'rtl_gen_preprocess' returned 0; elapsed 0.001Total elapsed time: 15.828 sec.
@I [HLS-0] Preprocessing Module: dct_dct_2d ...
@I [HLS-100] Command "set_default_model dct_dct_2d "
@I [HLS-100] Command 'set_default_model' returned 0; elapsed 0Total elapsed time: 15.828 sec.
@I [HLS-100] Command "cdfg_preprocess -model dct_dct_2d "
@I [HLS-100] Command 'cdfg_preprocess' returned 0; elapsed 0Total elapsed time: 15.828 sec.
@I [HLS-100] Command "rtl_gen_preprocess dct_dct_2d "
@I [HLS-100] Command 'rtl_gen_preprocess' returned 0; elapsed 0.001Total elapsed time: 15.829 sec.
@I [HLS-0] Preprocessing Module: dct ...
@I [HLS-100] Command "set_default_model dct "
@I [HLS-100] Command 'set_default_model' returned 0; elapsed 0Total elapsed time: 15.829 sec.
@I [HLS-100] Command "cdfg_preprocess -model dct "
@I [HLS-100] Command 'cdfg_preprocess' returned 0; elapsed 0.001Total elapsed time: 15.830 sec.
@I [HLS-100] Command "rtl_gen_preprocess dct "
@W [SYN-107] Renaming port name 'dct/input' to 'dct/input_r' to avoid the conflict with HDL keywords or other object names.
@W [SYN-107] Renaming port name 'dct/output' to 'dct/output_r' to avoid the conflict with HDL keywords or other object names.
@I [HLS-100] Command 'rtl_gen_preprocess' returned 0; elapsed 0.001Total elapsed time: 15.831 sec.
@I [HLS-0] Model list for synthesis: dct_read_data dct_dct_1d dct_dct_2d dct
@I [HLS-10] ----------------------------------------------------------------
@0 [HLS-0] ----------------------------------------------------------------
@I [HLS-10] -- Scheduling module 'dct_read_data' 
@0 [HLS-0] -- Scheduling module 'dct_read_data' 
@I [HLS-10] ----------------------------------------------------------------
@0 [HLS-0] ----------------------------------------------------------------
@I [HLS-100] Command "set_default_model dct_read_data "
@I [HLS-100] Command 'set_default_model' returned 0; elapsed 0Total elapsed time: 15.831 sec.
@I [HLS-100] Command "schedule -model dct_read_data "
@I [SCHED-11] Starting scheduling ...
@I [SCHED-61] Pipelining loop 'RD_Loop_Row_RD_Loop_Col'.
@I [SCHED-61] Pipelining result: Target II: 1, Final II: 1, Depth: 2.
@I [SCHED-11] Finished scheduling.
@I [HLS-100] Command 'schedule' returned 0; elapsed 0.039Total elapsed time: 15.870 sec.
@I [HLS-111] Elapsed time: 0.125 seconds; current memory usage: 112 MB.
@I [HLS-100] Command "report -o D:/opt/source/Vivado/Vivado_HLS_Tutorial/Design_Analysis/lab1/dct_prj/solution4/.autopilot/db/dct_read_data.verbose.sched.rpt -verbose -f "
@I [HLS-100] Command 'report' returned 0; elapsed 0.01Total elapsed time: 15.930 sec.
@I [HLS-100] Command "db_write -o D:/opt/source/Vivado/Vivado_HLS_Tutorial/Design_Analysis/lab1/dct_prj/solution4/.autopilot/db/dct_read_data.sched.adb -f "
@I [HLS-100] Command 'db_write' returned 0; elapsed 0.022Total elapsed time: 15.952 sec.
@I [HLS-0] Finish scheduling dct_read_data.
@I [HLS-10] ----------------------------------------------------------------
@0 [HLS-0] ----------------------------------------------------------------
@I [HLS-10] -- Exploring micro-architecture for module 'dct_read_data' 
@0 [HLS-0] -- Exploring micro-architecture for module 'dct_read_data' 
@I [HLS-10] ----------------------------------------------------------------
@0 [HLS-0] ----------------------------------------------------------------
@I [HLS-100] Command "set_default_model dct_read_data "
@I [HLS-100] Command 'set_default_model' returned 0; elapsed 0Total elapsed time: 16.13 sec.
@I [HLS-100] Command "bind -model dct_read_data "
@I [BIND-110] clear=
@I [BIND-110] debug=
@I [BIND-110] drf=
@I [BIND-110] effort=
@I [BIND-110] fast_refine=
@I [BIND-110] fu_weight=[ 0.0 -- 1.0 ]
@I [BIND-110] global_opt=
@I [BIND-110] gsearch=
@I [BIND-110] help=
@I [BIND-110] help-hidden=
@I [BIND-110] min_mem_port=
@I [BIND-110] min_op=
@I [BIND-110] minreg=
@I [BIND-110] ml=
@I [BIND-110] model=dct_read_data
@I [BIND-110] no_false_path=
@I [BIND-110] no_min_op=
@I [BIND-110] normalize=
@I [BIND-110] quiet=
@I [BIND-110] refine=
@I [BIND-110] reg_weight=[ 0.0 -- 1.0 ]
@I [BIND-110] search=
@I [BIND-110] tight_delay=
@I [BIND-110] verbose=
@I [BIND-110] wFF=
@I [BIND-110] wFU=
@I [BIND-110] wMUX=
@I [BIND-110] wNET=
@I [BIND-100] Starting micro-architecture generation ...
@I [BIND-101] Performing variable lifetime analysis.
@I [BIND-101] Exploring resource sharing.
@I [BIND-101] Binding ...
@I [BIND-100] Finished micro-architecture generation.
@I [HLS-100] Command 'bind' returned 0; elapsed 0.006Total elapsed time: 16.19 sec.
@I [HLS-111] Elapsed time: 0.14 seconds; current memory usage: 112 MB.
@I [HLS-100] Command "report -o D:/opt/source/Vivado/Vivado_HLS_Tutorial/Design_Analysis/lab1/dct_prj/solution4/.autopilot/db/dct_read_data.verbose.bind.rpt -verbose -f "
@I [HLS-100] Command 'report' returned 0; elapsed 0.044Total elapsed time: 16.71 sec.
@I [HLS-100] Command "db_write -o D:/opt/source/Vivado/Vivado_HLS_Tutorial/Design_Analysis/lab1/dct_prj/solution4/.autopilot/db/dct_read_data.bind.adb -f "
@I [HLS-100] Command 'db_write' returned 0; elapsed 0.037Total elapsed time: 16.109 sec.
@I [HLS-0] Finish binding dct_read_data.
@I [HLS-10] ----------------------------------------------------------------
@0 [HLS-0] ----------------------------------------------------------------
@I [HLS-10] -- Scheduling module 'dct_dct_1d' 
@0 [HLS-0] -- Scheduling module 'dct_dct_1d' 
@I [HLS-10] ----------------------------------------------------------------
@0 [HLS-0] ----------------------------------------------------------------
@I [HLS-100] Command "set_default_model dct_dct_1d "
@I [HLS-100] Command 'set_default_model' returned 0; elapsed 0Total elapsed time: 16.110 sec.
@I [HLS-100] Command "schedule -model dct_dct_1d "
@I [SCHED-11] Starting scheduling ...
@I [SCHED-61] Pipelining loop 'DCT_Outer_Loop'.
@I [SCHED-61] Pipelining result: Target II: 1, Final II: 1, Depth: 5.
@W [SCHED-21] Estimated clock period (8.93ns) exceeds the target (target clock period: 8ns, clock uncertainty: 1ns, effective delay budget: 7ns).
@W [SCHED-21] The critical path consists of the following:
	'mul' operation ('tmp_8', dct.cpp:61) (2.84 ns)
	'add' operation ('tmp2', dct.cpp:63) (2.95 ns)
	'add' operation ('tmp1', dct.cpp:63) (1.7 ns)
	'add' operation ('tmp_2', dct.cpp:63) (1.44 ns)
	'partselect' operation ('tmp_4', dct.cpp:63) (0 ns)
@I [SCHED-11] Finished scheduling.
@I [HLS-100] Command 'schedule' returned 0; elapsed 0.066Total elapsed time: 16.176 sec.
@I [HLS-111] Elapsed time: 0.172 seconds; current memory usage: 113 MB.
@I [HLS-100] Command "report -o D:/opt/source/Vivado/Vivado_HLS_Tutorial/Design_Analysis/lab1/dct_prj/solution4/.autopilot/db/dct_dct_1d.verbose.sched.rpt -verbose -f "
@I [HLS-100] Command 'report' returned 0; elapsed 0.735Total elapsed time: 17.69 sec.
@I [HLS-100] Command "db_write -o D:/opt/source/Vivado/Vivado_HLS_Tutorial/Design_Analysis/lab1/dct_prj/solution4/.autopilot/db/dct_dct_1d.sched.adb -f "
@I [HLS-100] Command 'db_write' returned 0; elapsed 0.023Total elapsed time: 17.92 sec.
@I [HLS-0] Finish scheduling dct_dct_1d.
@I [HLS-10] ----------------------------------------------------------------
@0 [HLS-0] ----------------------------------------------------------------
@I [HLS-10] -- Exploring micro-architecture for module 'dct_dct_1d' 
@0 [HLS-0] -- Exploring micro-architecture for module 'dct_dct_1d' 
@I [HLS-10] ----------------------------------------------------------------
@0 [HLS-0] ----------------------------------------------------------------
@I [HLS-100] Command "set_default_model dct_dct_1d "
@I [HLS-100] Command 'set_default_model' returned 0; elapsed 0Total elapsed time: 17.188 sec.
@I [HLS-100] Command "bind -model dct_dct_1d "
@I [BIND-110] clear=
@I [BIND-110] debug=
@I [BIND-110] drf=
@I [BIND-110] effort=
@I [BIND-110] fast_refine=
@I [BIND-110] fu_weight=[ 0.0 -- 1.0 ]
@I [BIND-110] global_opt=
@I [BIND-110] gsearch=
@I [BIND-110] help=
@I [BIND-110] help-hidden=
@I [BIND-110] min_mem_port=
@I [BIND-110] min_op=
@I [BIND-110] minreg=
@I [BIND-110] ml=
@I [BIND-110] model=dct_dct_1d
@I [BIND-110] no_false_path=
@I [BIND-110] no_min_op=
@I [BIND-110] normalize=
@I [BIND-110] quiet=
@I [BIND-110] refine=
@I [BIND-110] reg_weight=[ 0.0 -- 1.0 ]
@I [BIND-110] search=
@I [BIND-110] tight_delay=
@I [BIND-110] verbose=
@I [BIND-110] wFF=
@I [BIND-110] wFU=
@I [BIND-110] wMUX=
@I [BIND-110] wNET=
@I [BIND-100] Starting micro-architecture generation ...
@I [BIND-101] Performing variable lifetime analysis.
@I [BIND-101] Exploring resource sharing.
@I [BIND-101] Binding ...
@I [BIND-100] Finished micro-architecture generation.
@I [HLS-100] Command 'bind' returned 0; elapsed 0.014Total elapsed time: 17.202 sec.
@I [HLS-111] Elapsed time: 1.013 seconds; current memory usage: 113 MB.
@I [HLS-100] Command "report -o D:/opt/source/Vivado/Vivado_HLS_Tutorial/Design_Analysis/lab1/dct_prj/solution4/.autopilot/db/dct_dct_1d.verbose.bind.rpt -verbose -f "
@I [HLS-100] Command 'report' returned 0; elapsed 0.072Total elapsed time: 17.284 sec.
@I [HLS-100] Command "db_write -o D:/opt/source/Vivado/Vivado_HLS_Tutorial/Design_Analysis/lab1/dct_prj/solution4/.autopilot/db/dct_dct_1d.bind.adb -f "
@I [HLS-100] Command 'db_write' returned 0; elapsed 0.048Total elapsed time: 17.332 sec.
@I [HLS-0] Finish binding dct_dct_1d.
@I [HLS-10] ----------------------------------------------------------------
@0 [HLS-0] ----------------------------------------------------------------
@I [HLS-10] -- Scheduling module 'dct_dct_2d' 
@0 [HLS-0] -- Scheduling module 'dct_dct_2d' 
@I [HLS-10] ----------------------------------------------------------------
@0 [HLS-0] ----------------------------------------------------------------
@I [HLS-100] Command "set_default_model dct_dct_2d "
@I [HLS-100] Command 'set_default_model' returned 0; elapsed 0Total elapsed time: 17.333 sec.
@I [HLS-100] Command "schedule -model dct_dct_2d "
@I [SCHED-11] Starting scheduling ...
@I [SCHED-61] Pipelining loop 'Xpose_Row_Outer_Loop_Xpose_Row_Inner_Loop'.
@I [SCHED-61] Pipelining result: Target II: 1, Final II: 1, Depth: 2.
@I [SCHED-61] Pipelining loop 'Xpose_Col_Outer_Loop_Xpose_Col_Inner_Loop'.
@I [SCHED-61] Pipelining result: Target II: 1, Final II: 1, Depth: 2.
@I [SCHED-11] Finished scheduling.
@I [HLS-100] Command 'schedule' returned 0; elapsed 0.064Total elapsed time: 17.397 sec.
@I [HLS-111] Elapsed time: 0.196 seconds; current memory usage: 114 MB.
@I [HLS-100] Command "report -o D:/opt/source/Vivado/Vivado_HLS_Tutorial/Design_Analysis/lab1/dct_prj/solution4/.autopilot/db/dct_dct_2d.verbose.sched.rpt -verbose -f "
@I [HLS-100] Command 'report' returned 0; elapsed 0.045Total elapsed time: 17.643 sec.
@I [HLS-100] Command "db_write -o D:/opt/source/Vivado/Vivado_HLS_Tutorial/Design_Analysis/lab1/dct_prj/solution4/.autopilot/db/dct_dct_2d.sched.adb -f "
@I [HLS-100] Command 'db_write' returned 0; elapsed 0.029Total elapsed time: 17.672 sec.
@I [HLS-0] Finish scheduling dct_dct_2d.
@I [HLS-10] ----------------------------------------------------------------
@0 [HLS-0] ----------------------------------------------------------------
@I [HLS-10] -- Exploring micro-architecture for module 'dct_dct_2d' 
@0 [HLS-0] -- Exploring micro-architecture for module 'dct_dct_2d' 
@I [HLS-10] ----------------------------------------------------------------
@0 [HLS-0] ----------------------------------------------------------------
@I [HLS-100] Command "set_default_model dct_dct_2d "
@I [HLS-100] Command 'set_default_model' returned 0; elapsed 0Total elapsed time: 17.743 sec.
@I [HLS-100] Command "bind -model dct_dct_2d "
@I [BIND-110] clear=
@I [BIND-110] debug=
@I [BIND-110] drf=
@I [BIND-110] effort=
@I [BIND-110] fast_refine=
@I [BIND-110] fu_weight=[ 0.0 -- 1.0 ]
@I [BIND-110] global_opt=
@I [BIND-110] gsearch=
@I [BIND-110] help=
@I [BIND-110] help-hidden=
@I [BIND-110] min_mem_port=
@I [BIND-110] min_op=
@I [BIND-110] minreg=
@I [BIND-110] ml=
@I [BIND-110] model=dct_dct_2d
@I [BIND-110] no_false_path=
@I [BIND-110] no_min_op=
@I [BIND-110] normalize=
@I [BIND-110] quiet=
@I [BIND-110] refine=
@I [BIND-110] reg_weight=[ 0.0 -- 1.0 ]
@I [BIND-110] search=
@I [BIND-110] tight_delay=
@I [BIND-110] verbose=
@I [BIND-110] wFF=
@I [BIND-110] wFU=
@I [BIND-110] wMUX=
@I [BIND-110] wNET=
@I [BIND-100] Starting micro-architecture generation ...
@I [BIND-101] Performing variable lifetime analysis.
@I [BIND-101] Exploring resource sharing.
@I [BIND-101] Binding ...
@I [BIND-100] Finished micro-architecture generation.
@I [HLS-100] Command 'bind' returned 0; elapsed 0.025Total elapsed time: 17.768 sec.
@I [HLS-111] Elapsed time: 0.37 seconds; current memory usage: 114 MB.
@I [HLS-100] Command "report -o D:/opt/source/Vivado/Vivado_HLS_Tutorial/Design_Analysis/lab1/dct_prj/solution4/.autopilot/db/dct_dct_2d.verbose.bind.rpt -verbose -f "
@I [HLS-100] Command 'report' returned 0; elapsed 0.041Total elapsed time: 17.820 sec.
@I [HLS-100] Command "db_write -o D:/opt/source/Vivado/Vivado_HLS_Tutorial/Design_Analysis/lab1/dct_prj/solution4/.autopilot/db/dct_dct_2d.bind.adb -f "
@I [HLS-100] Command 'db_write' returned 0; elapsed 0.031Total elapsed time: 17.851 sec.
@I [HLS-0] Finish binding dct_dct_2d.
@I [HLS-10] ----------------------------------------------------------------
@0 [HLS-0] ----------------------------------------------------------------
@I [HLS-10] -- Scheduling module 'dct' 
@0 [HLS-0] -- Scheduling module 'dct' 
@I [HLS-10] ----------------------------------------------------------------
@0 [HLS-0] ----------------------------------------------------------------
@I [HLS-100] Command "set_default_model dct "
@I [HLS-100] Command 'set_default_model' returned 0; elapsed 0Total elapsed time: 17.851 sec.
@I [HLS-100] Command "schedule -model dct "
@I [SCHED-11] Starting scheduling ...
@I [SCHED-61] Pipelining loop 'WR_Loop_Row_WR_Loop_Col'.
@I [SCHED-61] Pipelining result: Target II: 1, Final II: 1, Depth: 2.
@I [SCHED-11] Finished scheduling.
@I [HLS-100] Command 'schedule' returned 0; elapsed 0.029Total elapsed time: 17.880 sec.
@I [HLS-111] Elapsed time: 0.113 seconds; current memory usage: 114 MB.
@I [HLS-100] Command "report -o D:/opt/source/Vivado/Vivado_HLS_Tutorial/Design_Analysis/lab1/dct_prj/solution4/.autopilot/db/dct.verbose.sched.rpt -verbose -f "
@I [HLS-100] Command 'report' returned 0; elapsed 0.01Total elapsed time: 18.9 sec.
@I [HLS-100] Command "db_write -o D:/opt/source/Vivado/Vivado_HLS_Tutorial/Design_Analysis/lab1/dct_prj/solution4/.autopilot/db/dct.sched.adb -f "
@I [HLS-100] Command 'db_write' returned 0; elapsed 0.025Total elapsed time: 18.34 sec.
@I [HLS-0] Finish scheduling dct.
@I [HLS-10] ----------------------------------------------------------------
@0 [HLS-0] ----------------------------------------------------------------
@I [HLS-10] -- Exploring micro-architecture for module 'dct' 
@0 [HLS-0] -- Exploring micro-architecture for module 'dct' 
@I [HLS-10] ----------------------------------------------------------------
@0 [HLS-0] ----------------------------------------------------------------
@I [HLS-100] Command "set_default_model dct "
@I [HLS-100] Command 'set_default_model' returned 0; elapsed 0Total elapsed time: 18.98 sec.
@I [HLS-100] Command "bind -model dct "
@I [BIND-110] clear=
@I [BIND-110] debug=
@I [BIND-110] drf=
@I [BIND-110] effort=
@I [BIND-110] fast_refine=
@I [BIND-110] fu_weight=[ 0.0 -- 1.0 ]
@I [BIND-110] global_opt=
@I [BIND-110] gsearch=
@I [BIND-110] help=
@I [BIND-110] help-hidden=
@I [BIND-110] min_mem_port=
@I [BIND-110] min_op=
@I [BIND-110] minreg=
@I [BIND-110] ml=
@I [BIND-110] model=dct
@I [BIND-110] no_false_path=
@I [BIND-110] no_min_op=
@I [BIND-110] normalize=
@I [BIND-110] quiet=
@I [BIND-110] refine=
@I [BIND-110] reg_weight=[ 0.0 -- 1.0 ]
@I [BIND-110] search=
@I [BIND-110] tight_delay=
@I [BIND-110] verbose=
@I [BIND-110] wFF=
@I [BIND-110] wFU=
@I [BIND-110] wMUX=
@I [BIND-110] wNET=
@I [BIND-100] Starting micro-architecture generation ...
@I [BIND-101] Performing variable lifetime analysis.
@I [BIND-101] Exploring resource sharing.
@I [BIND-101] Binding ...
@I [BIND-100] Finished micro-architecture generation.
@I [HLS-100] Command 'bind' returned 0; elapsed 0.038Total elapsed time: 18.136 sec.
@I [HLS-111] Elapsed time: 0.255 seconds; current memory usage: 114 MB.
@I [HLS-100] Command "report -o D:/opt/source/Vivado/Vivado_HLS_Tutorial/Design_Analysis/lab1/dct_prj/solution4/.autopilot/db/dct.verbose.bind.rpt -verbose -f "
@I [HLS-100] Command 'report' returned 0; elapsed 0.056Total elapsed time: 18.204 sec.
@I [HLS-100] Command "db_write -o D:/opt/source/Vivado/Vivado_HLS_Tutorial/Design_Analysis/lab1/dct_prj/solution4/.autopilot/db/dct.bind.adb -f "
@I [HLS-100] Command 'db_write' returned 0; elapsed 0.018Total elapsed time: 18.222 sec.
@I [HLS-0] Finish binding dct.
@I [HLS-100] Command "get_model_list dct -filter all-wo-channel "
@I [HLS-100] Command 'get_model_list' returned 0; elapsed 0Total elapsed time: 18.222 sec.
@I [HLS-0] Preprocessing for RTLGen ...
@I [HLS-100] Command "rtl_gen_preprocess dct_read_data "
@I [HLS-100] Command 'rtl_gen_preprocess' returned 0; elapsed 0.001Total elapsed time: 18.223 sec.
@I [HLS-100] Command "rtl_gen_preprocess dct_dct_1d "
@I [HLS-100] Command 'rtl_gen_preprocess' returned 0; elapsed 0.001Total elapsed time: 18.224 sec.
@I [HLS-100] Command "rtl_gen_preprocess dct_dct_2d "
@I [HLS-100] Command 'rtl_gen_preprocess' returned 0; elapsed 0.001Total elapsed time: 18.225 sec.
@I [HLS-100] Command "rtl_gen_preprocess dct "
@I [HLS-100] Command 'rtl_gen_preprocess' returned 0; elapsed 0.001Total elapsed time: 18.226 sec.
@I [HLS-0] Model list for RTL generation: dct_read_data dct_dct_1d dct_dct_2d dct
@I [HLS-10] ----------------------------------------------------------------
@0 [HLS-0] ----------------------------------------------------------------
@I [HLS-10] -- Generating RTL for module 'dct_read_data' 
@0 [HLS-0] -- Generating RTL for module 'dct_read_data' 
@I [HLS-10] ----------------------------------------------------------------
@0 [HLS-0] ----------------------------------------------------------------
@I [HLS-100] Command "create_rtl_model dct_read_data -vendor xilinx -mg_file D:/opt/source/Vivado/Vivado_HLS_Tutorial/Design_Analysis/lab1/dct_prj/solution4/.autopilot/db/dct_read_data.compgen.tcl "
@I [RTGEN-100] Finished creating RTL model for 'dct_read_data'.
@I [HLS-100] Command 'create_rtl_model' returned 0; elapsed 0.012Total elapsed time: 18.325 sec.
@I [HLS-111] Elapsed time: 0.191 seconds; current memory usage: 114 MB.
@I [HLS-100] Command "source D:/opt/source/Vivado/Vivado_HLS_Tutorial/Design_Analysis/lab1/dct_prj/solution4/.autopilot/db/dct.rtl_wrap.cfg.tcl "
@I [HLS-100] Command 'ap_source' returned 0; elapsed 0.001Total elapsed time: 18.340 sec.
@I [HLS-100] Command "gen_rtl dct_read_data -style xilinx -tracefl mytrace -tracefmt vcd -traceopt all -f -lang sc -o D:/opt/source/Vivado/Vivado_HLS_Tutorial/Design_Analysis/lab1/dct_prj/solution4/syn/systemc/dct_read_data -synmodules dct_read_data dct_dct_1d dct_dct_2d dct "
@I [HLS-100] Command 'gen_rtl' returned 0; elapsed 0.006Total elapsed time: 18.348 sec.
@I [HLS-100] Command "gen_rtl dct_read_data -style xilinx -f -lang vhdl -o D:/opt/source/Vivado/Vivado_HLS_Tutorial/Design_Analysis/lab1/dct_prj/solution4/syn/vhdl/dct_read_data "
@I [HLS-100] Command 'gen_rtl' returned 0; elapsed 0.004Total elapsed time: 18.352 sec.
@I [HLS-100] Command "gen_rtl dct_read_data -style xilinx -f -lang vlog -o D:/opt/source/Vivado/Vivado_HLS_Tutorial/Design_Analysis/lab1/dct_prj/solution4/syn/verilog/dct_read_data "
@I [HLS-100] Command 'gen_rtl' returned 0; elapsed 0.003Total elapsed time: 18.355 sec.
@I [HLS-100] Command "gen_tb_info dct_read_data -o D:/opt/source/Vivado/Vivado_HLS_Tutorial/Design_Analysis/lab1/dct_prj/solution4/.autopilot/db/dct_read_data -p D:/opt/source/Vivado/Vivado_HLS_Tutorial/Design_Analysis/lab1/dct_prj/solution4/.autopilot/db "
@I [HLS-100] Command 'gen_tb_info' returned 0; elapsed 0.649Total elapsed time: 19.5 sec.
@I [HLS-100] Command "report -model dct_read_data -o D:/opt/source/Vivado/Vivado_HLS_Tutorial/Design_Analysis/lab1/dct_prj/solution4/syn/report/dct_read_data_csynth.rpt -f "
@I [HLS-100] Command 'report' returned 0; elapsed 0.006Total elapsed time: 19.11 sec.
@I [HLS-100] Command "report -model dct_read_data -o D:/opt/source/Vivado/Vivado_HLS_Tutorial/Design_Analysis/lab1/dct_prj/solution4/syn/report/dct_read_data_csynth.xml -f -x "
@I [HLS-100] Command 'report' returned 0; elapsed 0.229Total elapsed time: 19.240 sec.
@I [HLS-100] Command "report -model dct_read_data -o D:/opt/source/Vivado/Vivado_HLS_Tutorial/Design_Analysis/lab1/dct_prj/solution4/.autopilot/db/dct_read_data.verbose.rpt -verbose -f "
@I [HLS-100] Command 'report' returned 0; elapsed 0.093Total elapsed time: 19.332 sec.
@I [HLS-100] Command "db_write -model dct_read_data -o D:/opt/source/Vivado/Vivado_HLS_Tutorial/Design_Analysis/lab1/dct_prj/solution4/.autopilot/db/dct_read_data.adb -f "
@I [HLS-100] Command 'db_write' returned 0; elapsed 0.092Total elapsed time: 19.425 sec.
@I [HLS-10] ----------------------------------------------------------------
@0 [HLS-0] ----------------------------------------------------------------
@I [HLS-10] -- Generating RTL for module 'dct_dct_1d' 
@0 [HLS-0] -- Generating RTL for module 'dct_dct_1d' 
@I [HLS-10] ----------------------------------------------------------------
@0 [HLS-0] ----------------------------------------------------------------
@I [HLS-100] Command "create_rtl_model dct_dct_1d -vendor xilinx -mg_file D:/opt/source/Vivado/Vivado_HLS_Tutorial/Design_Analysis/lab1/dct_prj/solution4/.autopilot/db/dct_dct_1d.compgen.tcl "
@I [RTGEN-100] Generating core module 'dct_mac_muladd_16s_14ns_29s_29_1': 1 instance(s).
@I [RTGEN-100] Generating core module 'dct_mac_muladd_16s_15s_14ns_29_1': 1 instance(s).
@I [RTGEN-100] Generating core module 'dct_mac_muladd_16s_15s_29s_29_1': 3 instance(s).
@I [RTGEN-100] Finished creating RTL model for 'dct_dct_1d'.
@I [HLS-100] Command 'create_rtl_model' returned 0; elapsed 0.082Total elapsed time: 20.3 sec.
@I [HLS-111] Elapsed time: 1.676 seconds; current memory usage: 114 MB.
@I [HLS-100] Command "source D:/opt/source/Vivado/Vivado_HLS_Tutorial/Design_Analysis/lab1/dct_prj/solution4/.autopilot/db/dct.rtl_wrap.cfg.tcl "
@I [HLS-100] Command 'ap_source' returned 0; elapsed 0.001Total elapsed time: 20.17 sec.
@I [HLS-100] Command "gen_rtl dct_dct_1d -style xilinx -tracefl mytrace -tracefmt vcd -traceopt all -f -lang sc -o D:/opt/source/Vivado/Vivado_HLS_Tutorial/Design_Analysis/lab1/dct_prj/solution4/syn/systemc/dct_dct_1d -synmodules dct_read_data dct_dct_1d dct_dct_2d dct "
@I [HLS-100] Command 'gen_rtl' returned 0; elapsed 0.007Total elapsed time: 20.23 sec.
@I [HLS-100] Command "gen_rtl dct_dct_1d -style xilinx -f -lang vhdl -o D:/opt/source/Vivado/Vivado_HLS_Tutorial/Design_Analysis/lab1/dct_prj/solution4/syn/vhdl/dct_dct_1d "
@I [HLS-100] Command 'gen_rtl' returned 0; elapsed 0.21Total elapsed time: 20.234 sec.
@I [HLS-100] Command "gen_rtl dct_dct_1d -style xilinx -f -lang vlog -o D:/opt/source/Vivado/Vivado_HLS_Tutorial/Design_Analysis/lab1/dct_prj/solution4/syn/verilog/dct_dct_1d "
@I [HLS-100] Command 'gen_rtl' returned 0; elapsed 0.005Total elapsed time: 20.239 sec.
@I [HLS-100] Command "gen_tb_info dct_dct_1d -o D:/opt/source/Vivado/Vivado_HLS_Tutorial/Design_Analysis/lab1/dct_prj/solution4/.autopilot/db/dct_dct_1d -p D:/opt/source/Vivado/Vivado_HLS_Tutorial/Design_Analysis/lab1/dct_prj/solution4/.autopilot/db "
@I [HLS-100] Command 'gen_tb_info' returned 0; elapsed 0.009Total elapsed time: 20.248 sec.
@I [HLS-100] Command "report -model dct_dct_1d -o D:/opt/source/Vivado/Vivado_HLS_Tutorial/Design_Analysis/lab1/dct_prj/solution4/syn/report/dct_dct_1d_csynth.rpt -f "
@I [HLS-100] Command 'report' returned 0; elapsed 0.072Total elapsed time: 20.320 sec.
@I [HLS-100] Command "report -model dct_dct_1d -o D:/opt/source/Vivado/Vivado_HLS_Tutorial/Design_Analysis/lab1/dct_prj/solution4/syn/report/dct_dct_1d_csynth.xml -f -x "
@I [HLS-100] Command 'report' returned 0; elapsed 0.012Total elapsed time: 20.332 sec.
@I [HLS-100] Command "report -model dct_dct_1d -o D:/opt/source/Vivado/Vivado_HLS_Tutorial/Design_Analysis/lab1/dct_prj/solution4/.autopilot/db/dct_dct_1d.verbose.rpt -verbose -f "
@I [HLS-100] Command 'report' returned 0; elapsed 0.031Total elapsed time: 20.364 sec.
@I [HLS-100] Command "db_write -model dct_dct_1d -o D:/opt/source/Vivado/Vivado_HLS_Tutorial/Design_Analysis/lab1/dct_prj/solution4/.autopilot/db/dct_dct_1d.adb -f "
@I [HLS-100] Command 'db_write' returned 0; elapsed 0.062Total elapsed time: 20.426 sec.
@I [HLS-10] ----------------------------------------------------------------
@0 [HLS-0] ----------------------------------------------------------------
@I [HLS-10] -- Generating RTL for module 'dct_dct_2d' 
@0 [HLS-0] -- Generating RTL for module 'dct_dct_2d' 
@I [HLS-10] ----------------------------------------------------------------
@0 [HLS-0] ----------------------------------------------------------------
@I [HLS-100] Command "create_rtl_model dct_dct_2d -vendor xilinx -mg_file D:/opt/source/Vivado/Vivado_HLS_Tutorial/Design_Analysis/lab1/dct_prj/solution4/.autopilot/db/dct_dct_2d.compgen.tcl "
@I [RTGEN-100] Finished creating RTL model for 'dct_dct_2d'.
@I [HLS-100] Command 'create_rtl_model' returned 0; elapsed 0.073Total elapsed time: 20.699 sec.
@I [HLS-111] Elapsed time: 0.697 seconds; current memory usage: 115 MB.
@I [HLS-100] Command "source D:/opt/source/Vivado/Vivado_HLS_Tutorial/Design_Analysis/lab1/dct_prj/solution4/.autopilot/db/dct.rtl_wrap.cfg.tcl "
@I [HLS-100] Command 'ap_source' returned 0; elapsed 0.002Total elapsed time: 20.773 sec.
@I [HLS-100] Command "gen_rtl dct_dct_2d -style xilinx -tracefl mytrace -tracefmt vcd -traceopt all -f -lang sc -o D:/opt/source/Vivado/Vivado_HLS_Tutorial/Design_Analysis/lab1/dct_prj/solution4/syn/systemc/dct_dct_2d -synmodules dct_read_data dct_dct_1d dct_dct_2d dct "
@I [HLS-100] Command 'gen_rtl' returned 0; elapsed 0.131Total elapsed time: 20.904 sec.
@I [HLS-100] Command "gen_rtl dct_dct_2d -style xilinx -f -lang vhdl -o D:/opt/source/Vivado/Vivado_HLS_Tutorial/Design_Analysis/lab1/dct_prj/solution4/syn/vhdl/dct_dct_2d "
@I [HLS-100] Command 'gen_rtl' returned 0; elapsed 0.005Total elapsed time: 20.909 sec.
@I [HLS-100] Command "gen_rtl dct_dct_2d -style xilinx -f -lang vlog -o D:/opt/source/Vivado/Vivado_HLS_Tutorial/Design_Analysis/lab1/dct_prj/solution4/syn/verilog/dct_dct_2d "
@I [HLS-100] Command 'gen_rtl' returned 0; elapsed 0.007Total elapsed time: 20.916 sec.
@I [HLS-100] Command "gen_tb_info dct_dct_2d -o D:/opt/source/Vivado/Vivado_HLS_Tutorial/Design_Analysis/lab1/dct_prj/solution4/.autopilot/db/dct_dct_2d -p D:/opt/source/Vivado/Vivado_HLS_Tutorial/Design_Analysis/lab1/dct_prj/solution4/.autopilot/db "
@I [HLS-100] Command 'gen_tb_info' returned 0; elapsed 0.01Total elapsed time: 20.926 sec.
@I [HLS-100] Command "report -model dct_dct_2d -o D:/opt/source/Vivado/Vivado_HLS_Tutorial/Design_Analysis/lab1/dct_prj/solution4/syn/report/dct_dct_2d_csynth.rpt -f "
@I [HLS-100] Command 'report' returned 0; elapsed 0.02Total elapsed time: 20.947 sec.
@I [HLS-100] Command "report -model dct_dct_2d -o D:/opt/source/Vivado/Vivado_HLS_Tutorial/Design_Analysis/lab1/dct_prj/solution4/syn/report/dct_dct_2d_csynth.xml -f -x "
@I [HLS-100] Command 'report' returned 0; elapsed 0.021Total elapsed time: 20.968 sec.
@I [HLS-100] Command "report -model dct_dct_2d -o D:/opt/source/Vivado/Vivado_HLS_Tutorial/Design_Analysis/lab1/dct_prj/solution4/.autopilot/db/dct_dct_2d.verbose.rpt -verbose -f "
@I [HLS-100] Command 'report' returned 0; elapsed 0.057Total elapsed time: 21.26 sec.
@I [HLS-100] Command "db_write -model dct_dct_2d -o D:/opt/source/Vivado/Vivado_HLS_Tutorial/Design_Analysis/lab1/dct_prj/solution4/.autopilot/db/dct_dct_2d.adb -f "
@I [HLS-100] Command 'db_write' returned 0; elapsed 0.051Total elapsed time: 21.77 sec.
@I [HLS-10] ----------------------------------------------------------------
@0 [HLS-0] ----------------------------------------------------------------
@I [HLS-10] -- Generating RTL for module 'dct' 
@0 [HLS-0] -- Generating RTL for module 'dct' 
@I [HLS-10] ----------------------------------------------------------------
@0 [HLS-0] ----------------------------------------------------------------
@I [HLS-100] Command "create_rtl_model dct -vendor xilinx -mg_file D:/opt/source/Vivado/Vivado_HLS_Tutorial/Design_Analysis/lab1/dct_prj/solution4/.autopilot/db/dct.compgen.tcl "
@I [RTGEN-500] Setting interface mode on port 'dct/input_r' to 'ap_memory'.
@I [RTGEN-500] Setting interface mode on port 'dct/output_r' to 'ap_memory'.
@I [RTGEN-500] Setting interface mode on function 'dct' to 'ap_ctrl_hs'.
@I [RTGEN-100] Finished creating RTL model for 'dct'.
@I [HLS-100] Command 'create_rtl_model' returned 0; elapsed 0.029Total elapsed time: 21.350 sec.
@I [HLS-111] Elapsed time: 0.655 seconds; current memory usage: 117 MB.
@I [HLS-100] Command "source D:/opt/source/Vivado/Vivado_HLS_Tutorial/Design_Analysis/lab1/dct_prj/solution4/.autopilot/db/dct.rtl_wrap.cfg.tcl "
@I [HLS-100] Command 'ap_source' returned 0; elapsed 0.002Total elapsed time: 21.369 sec.
@I [HLS-100] Command "gen_rtl dct -istop -style xilinx -tracefl mytrace -tracefmt vcd -traceopt all -f -lang sc -o D:/opt/source/Vivado/Vivado_HLS_Tutorial/Design_Analysis/lab1/dct_prj/solution4/syn/systemc/dct -synmodules dct_read_data dct_dct_1d dct_dct_2d dct "
@I [HLS-100] Command 'gen_rtl' returned 0; elapsed 0.043Total elapsed time: 21.412 sec.
@I [HLS-100] Command "gen_rtl dct -istop -style xilinx -f -lang vhdl -o D:/opt/source/Vivado/Vivado_HLS_Tutorial/Design_Analysis/lab1/dct_prj/solution4/syn/vhdl/dct "
@I [HLS-100] Command 'gen_rtl' returned 0; elapsed 0.014Total elapsed time: 21.426 sec.
@I [HLS-100] Command "gen_rtl dct -istop -style xilinx -f -lang vlog -o D:/opt/source/Vivado/Vivado_HLS_Tutorial/Design_Analysis/lab1/dct_prj/solution4/syn/verilog/dct "
@I [HLS-100] Command 'gen_rtl' returned 0; elapsed 0.012Total elapsed time: 21.438 sec.
@I [HLS-100] Command "export_constraint_db -o D:/opt/source/Vivado/Vivado_HLS_Tutorial/Design_Analysis/lab1/dct_prj/solution4/.autopilot/db/dct.constraint.tcl -f -tool general "
@I [HLS-100] Command 'export_constraint_db' returned 0; elapsed 0.004Total elapsed time: 21.442 sec.
@I [HLS-100] Command "report -model dct -o D:/opt/source/Vivado/Vivado_HLS_Tutorial/Design_Analysis/lab1/dct_prj/solution4/.autopilot/db/dct.design.xml -verbose -f -dv "
@I [HLS-100] Command 'report' returned 0; elapsed 0.054Total elapsed time: 21.496 sec.
@I [HLS-100] Command "gen_tb_info dct -o D:/opt/source/Vivado/Vivado_HLS_Tutorial/Design_Analysis/lab1/dct_prj/solution4/.autopilot/db/dct -p D:/opt/source/Vivado/Vivado_HLS_Tutorial/Design_Analysis/lab1/dct_prj/solution4/.autopilot/db "
@I [HLS-100] Command 'gen_tb_info' returned 0; elapsed 0.241Total elapsed time: 21.739 sec.
@I [HLS-100] Command "report -model dct -o D:/opt/source/Vivado/Vivado_HLS_Tutorial/Design_Analysis/lab1/dct_prj/solution4/syn/report/dct_csynth.rpt -f "
@I [HLS-100] Command 'report' returned 0; elapsed 0.01Total elapsed time: 21.750 sec.
@I [HLS-100] Command "report -model dct -o D:/opt/source/Vivado/Vivado_HLS_Tutorial/Design_Analysis/lab1/dct_prj/solution4/syn/report/dct_csynth.xml -f -x "
@I [HLS-100] Command 'report' returned 0; elapsed 0.008Total elapsed time: 21.758 sec.
@I [HLS-100] Command "report -model dct -o D:/opt/source/Vivado/Vivado_HLS_Tutorial/Design_Analysis/lab1/dct_prj/solution4/.autopilot/db/dct.verbose.rpt -verbose -f "
@I [HLS-100] Command 'report' returned 0; elapsed 0.065Total elapsed time: 21.823 sec.
@I [HLS-100] Command "db_write -model dct -o D:/opt/source/Vivado/Vivado_HLS_Tutorial/Design_Analysis/lab1/dct_prj/solution4/.autopilot/db/dct.adb -f "
@I [HLS-100] Command 'db_write' returned 0; elapsed 0.028Total elapsed time: 21.852 sec.
@I [HLS-100] Command "sc_get_clocks dct "
@I [HLS-100] Command 'sc_get_clocks' returned 0; elapsed 0Total elapsed time: 21.918 sec.
@I [HLS-100] Command "sc_get_portdomain dct "
@I [HLS-100] Command 'sc_get_portdomain' returned 0; elapsed 0Total elapsed time: 21.918 sec.
@I [HLS-0] Model list for RTL component generation: dct_read_data dct_dct_1d dct_dct_2d dct
@I [HLS-0] Handling components in module [dct_read_data] ... 
@I [HLS-100] Command "source D:/opt/source/Vivado/Vivado_HLS_Tutorial/Design_Analysis/lab1/dct_prj/solution4/.autopilot/db/dct_read_data.compgen.tcl "
@I [HLS-100] Command 'ap_source' returned 0; elapsed 0.034Total elapsed time: 22.58 sec.
@I [HLS-0] Handling components in module [dct_dct_1d] ... 
@I [HLS-100] Command "source D:/opt/source/Vivado/Vivado_HLS_Tutorial/Design_Analysis/lab1/dct_prj/solution4/.autopilot/db/dct_dct_1d.compgen.tcl "
@I [HLS-0] Found component dct_mac_muladd_16s_15s_29s_29_1.
@I [HLS-0] Append model dct_mac_muladd_16s_15s_29s_29_1
@I [HLS-0] Found component dct_mac_muladd_16s_15s_14ns_29_1.
@I [HLS-0] Append model dct_mac_muladd_16s_15s_14ns_29_1
@I [HLS-0] Found component dct_mac_muladd_16s_14ns_29s_29_1.
@I [HLS-0] Append model dct_mac_muladd_16s_14ns_29s_29_1
@I [HLS-0] Found component dct_dct_1d_dct_coeff_table_0.
@I [HLS-0] Append model dct_dct_1d_dct_coeff_table_0
@I [HLS-0] Found component dct_dct_1d_dct_coeff_table_1.
@I [HLS-0] Append model dct_dct_1d_dct_coeff_table_1
@I [HLS-0] Found component dct_dct_1d_dct_coeff_table_2.
@I [HLS-0] Append model dct_dct_1d_dct_coeff_table_2
@I [HLS-0] Found component dct_dct_1d_dct_coeff_table_3.
@I [HLS-0] Append model dct_dct_1d_dct_coeff_table_3
@I [HLS-0] Found component dct_dct_1d_dct_coeff_table_4.
@I [HLS-0] Append model dct_dct_1d_dct_coeff_table_4
@I [HLS-0] Found component dct_dct_1d_dct_coeff_table_5.
@I [HLS-0] Append model dct_dct_1d_dct_coeff_table_5
@I [HLS-0] Found component dct_dct_1d_dct_coeff_table_6.
@I [HLS-0] Append model dct_dct_1d_dct_coeff_table_6
@I [HLS-0] Found component dct_dct_1d_dct_coeff_table_7.
@I [HLS-0] Append model dct_dct_1d_dct_coeff_table_7
@I [HLS-100] Command 'ap_source' returned 0; elapsed 0.034Total elapsed time: 22.92 sec.
@I [HLS-0] Handling components in module [dct_dct_2d] ... 
@I [HLS-100] Command "source D:/opt/source/Vivado/Vivado_HLS_Tutorial/Design_Analysis/lab1/dct_prj/solution4/.autopilot/db/dct_dct_2d.compgen.tcl "
@I [HLS-0] Found component dct_dct_2d_row_outbuf.
@I [HLS-0] Append model dct_dct_2d_row_outbuf
@I [HLS-0] Found component dct_dct_2d_col_inbuf_0.
@I [HLS-0] Append model dct_dct_2d_col_inbuf_0
@I [HLS-100] Command 'ap_source' returned 0; elapsed 0.034Total elapsed time: 22.158 sec.
@I [HLS-0] Handling components in module [dct] ... 
@I [HLS-100] Command "source D:/opt/source/Vivado/Vivado_HLS_Tutorial/Design_Analysis/lab1/dct_prj/solution4/.autopilot/db/dct.compgen.tcl "
@I [HLS-100] Command 'ap_source' returned 0; elapsed 0.034Total elapsed time: 22.224 sec.
@I [HLS-0] Append model dct_read_data
@I [HLS-0] Append model dct_dct_1d
@I [HLS-0] Append model dct_dct_2d
@I [HLS-0] Append model dct
@I [HLS-0] Generating RTL model list ...
@I [HLS-0] All models in this session: dct_mac_muladd_16s_15s_29s_29_1 dct_mac_muladd_16s_15s_14ns_29_1 dct_mac_muladd_16s_14ns_29s_29_1 dct_dct_1d_dct_coeff_table_0 dct_dct_1d_dct_coeff_table_1 dct_dct_1d_dct_coeff_table_2 dct_dct_1d_dct_coeff_table_3 dct_dct_1d_dct_coeff_table_4 dct_dct_1d_dct_coeff_table_5 dct_dct_1d_dct_coeff_table_6 dct_dct_1d_dct_coeff_table_7 dct_dct_2d_row_outbuf dct_dct_2d_col_inbuf_0 dct_read_data dct_dct_1d dct_dct_2d dct
@I [HLS-0] To file: write model dct_mac_muladd_16s_15s_29s_29_1
@I [HLS-0] To file: write model dct_mac_muladd_16s_15s_14ns_29_1
@I [HLS-0] To file: write model dct_mac_muladd_16s_14ns_29s_29_1
@I [HLS-0] To file: write model dct_dct_1d_dct_coeff_table_0
@I [HLS-0] To file: write model dct_dct_1d_dct_coeff_table_1
@I [HLS-0] To file: write model dct_dct_1d_dct_coeff_table_2
@I [HLS-0] To file: write model dct_dct_1d_dct_coeff_table_3
@I [HLS-0] To file: write model dct_dct_1d_dct_coeff_table_4
@I [HLS-0] To file: write model dct_dct_1d_dct_coeff_table_5
@I [HLS-0] To file: write model dct_dct_1d_dct_coeff_table_6
@I [HLS-0] To file: write model dct_dct_1d_dct_coeff_table_7
@I [HLS-0] To file: write model dct_dct_2d_row_outbuf
@I [HLS-0] To file: write model dct_dct_2d_col_inbuf_0
@I [HLS-0] To file: write model dct_read_data
@I [HLS-0] To file: write model dct_dct_1d
@I [HLS-0] To file: write model dct_dct_2d
@I [HLS-0] To file: write model dct
@I [HLS-0] Finished generating RTL model list.


@I [HLS-0] RTL Generation done.
@I [HLS-0] CAS Generation done.
@I [HLS-0] CBC Generation done.
@I [HLS-100] Command "export_ssdm D:/opt/source/Vivado/Vivado_HLS_Tutorial/Design_Analysis/lab1/dct_prj/solution4/.autopilot/db/a.export.ll "
@I [HLS-100] Command 'export_ssdm' returned 0; elapsed 0.007Total elapsed time: 22.298 sec.
@I [HLS-100] Command "source D:/opt/source/Vivado/Vivado_HLS_Tutorial/Design_Analysis/lab1/dct_prj/solution4/.autopilot/db/global.setting.tcl "
@I [HLS-100] Command 'ap_source' returned 0; elapsed 0.002Total elapsed time: 22.305 sec.
@I [HLS-100] Command "source C:/opt/winprog/Xilinx/Vivado_HLS/2015.2/common/technology/generic/autopilot/common.gen "
@I [HLS-100] Command "source C:/opt/winprog/Xilinx/Vivado_HLS/2015.2/common/technology/generic/autopilot/APCoreGen.gen "
@I [HLS-100] Command 'ap_source' returned 0; elapsed 0.001Total elapsed time: 22.307 sec.
@I [HLS-100] Command 'ap_source' returned 0; elapsed 0.002Total elapsed time: 22.307 sec.
@I [HLS-100] Command "source C:/opt/winprog/Xilinx/Vivado_HLS/2015.2/common/technology/generic/autopilot/op.gen "
@I [HLS-100] Command 'ap_source' returned 0; elapsed 0.04Total elapsed time: 22.347 sec.
@I [HLS-100] Command "source C:/opt/winprog/Xilinx/Vivado_HLS/2015.2/common/technology/generic/autopilot/op_simcore.gen "
@I [HLS-100] Command 'ap_source' returned 0; elapsed 0.002Total elapsed time: 22.349 sec.
@I [HLS-100] Command "source C:/opt/winprog/Xilinx/Vivado_HLS/2015.2/common/technology/generic/autopilot/interface.gen "
@I [HLS-100] Command 'ap_source' returned 0; elapsed 0Total elapsed time: 22.349 sec.
@I [HLS-100] Command "source D:/opt/source/Vivado/Vivado_HLS_Tutorial/Design_Analysis/lab1/dct_prj/solution4/.autopilot/db/global.setting.tcl "
@I [HLS-100] Command 'ap_source' returned 0; elapsed 0.001Total elapsed time: 22.350 sec.
@I [HLS-100] Command "source C:/opt/winprog/Xilinx/Vivado_HLS/2015.2/common/technology/xilinx/kintex7/kintex7.gen "
@I [HLS-100] Command "source C:/opt/winprog/Xilinx/Vivado_HLS/2015.2/common/technology/xilinx/common/virtex.gen "
@I [HLS-100] Command "source C:/opt/winprog/Xilinx/Vivado_HLS/2015.2/common/technology/xilinx/common/xilinx.gen "
@I [HLS-100] Command "source C:/opt/winprog/Xilinx/Vivado_HLS/2015.2/common/technology/xilinx/interface/plb46.gen "
@I [HLS-100] Command 'ap_source' returned 0; elapsed 0.002Total elapsed time: 22.354 sec.
@I [HLS-100] Command "source C:/opt/winprog/Xilinx/Vivado_HLS/2015.2/common/technology/xilinx/interface/fsl.gen "
@I [HLS-100] Command 'ap_source' returned 0; elapsed 0Total elapsed time: 22.354 sec.
@I [HLS-100] Command "source C:/opt/winprog/Xilinx/Vivado_HLS/2015.2/common/technology/xilinx/interface/axi4.gen "
@I [HLS-100] Command 'ap_source' returned 0; elapsed 0.002Total elapsed time: 22.356 sec.
@I [HLS-100] Command "source C:/opt/winprog/Xilinx/Vivado_HLS/2015.2/common/technology/xilinx/interface/nativeAXI4.gen "
@I [HLS-100] Command "source C:/opt/winprog/Xilinx/Vivado_HLS/2015.2/common/technology/xilinx/interface/saxilite.gen "
@I [HLS-100] Command 'ap_source' returned 0; elapsed 0.028Total elapsed time: 22.385 sec.
@I [HLS-100] Command "source C:/opt/winprog/Xilinx/Vivado_HLS/2015.2/common/technology/xilinx/interface/maxi.gen "
@I [HLS-100] Command 'ap_source' returned 0; elapsed 0.01Total elapsed time: 22.395 sec.
@I [HLS-100] Command 'ap_source' returned 0; elapsed 0.039Total elapsed time: 22.395 sec.
@I [HLS-100] Command "source C:/opt/winprog/Xilinx/Vivado_HLS/2015.2/common/technology/xilinx/scripts/xilinxcoregen.gen "
@I [HLS-100] Command 'ap_source' returned 0; elapsed 0.011Total elapsed time: 22.406 sec.
@I [HLS-100] Command "source C:/opt/winprog/Xilinx/Vivado_HLS/2015.2/common/technology/xilinx/interface/XilEDKCoreGen.gen "
@I [HLS-100] Command 'ap_source' returned 0; elapsed 0.01Total elapsed time: 22.416 sec.
@I [HLS-100] Command "source C:/opt/winprog/Xilinx/Vivado_HLS/2015.2/common/technology/xilinx/ip/dds_compiler.gen "
@I [HLS-100] Command 'ap_source' returned 0; elapsed 0.004Total elapsed time: 22.421 sec.
@I [HLS-100] Command "source C:/opt/winprog/Xilinx/Vivado_HLS/2015.2/common/technology/xilinx/ip/util.gen "
@I [HLS-100] Command 'ap_source' returned 0; elapsed 0.001Total elapsed time: 22.422 sec.
@I [HLS-100] Command "source C:/opt/winprog/Xilinx/Vivado_HLS/2015.2/common/technology/xilinx/ip/xfft.gen "
@I [HLS-100] Command 'ap_source' returned 0; elapsed 0.118Total elapsed time: 22.540 sec.
@I [HLS-100] Command "source C:/opt/winprog/Xilinx/Vivado_HLS/2015.2/common/technology/xilinx/ip/xfir.gen "
@I [HLS-100] Command 'ap_source' returned 0; elapsed 0.034Total elapsed time: 22.573 sec.
@I [HLS-100] Command 'ap_source' returned 0; elapsed 0.222Total elapsed time: 22.573 sec.
@I [HLS-100] Command "source C:/opt/winprog/Xilinx/Vivado_HLS/2015.2/common/technology/xilinx/common/dsp48.gen "
@I [HLS-100] Command 'ap_source' returned 0; elapsed 0Total elapsed time: 22.575 sec.
@I [HLS-100] Command 'ap_source' returned 0; elapsed 0.224Total elapsed time: 22.575 sec.
@I [HLS-100] Command 'ap_source' returned 0; elapsed 0.224Total elapsed time: 22.575 sec.
@I [HLS-100] Command "source C:/opt/winprog/Xilinx/Vivado_HLS/2015.2/common/technology/xilinx/kintex7/kintex7_fpv6.gen "
@I [HLS-100] Command "source C:/opt/winprog/Xilinx/Vivado_HLS/2015.2/common/technology/xilinx/common/xilinx_fpv6.gen "
@I [HLS-100] Command 'ap_source' returned 0; elapsed 0.002Total elapsed time: 22.578 sec.
@I [HLS-100] Command 'ap_source' returned 0; elapsed 0.003Total elapsed time: 22.578 sec.
@I [HLS-100] Command "source D:/opt/source/Vivado/Vivado_HLS_Tutorial/Design_Analysis/lab1/dct_prj/solution4/.autopilot/db/global.setting.tcl "
@I [HLS-100] Command 'ap_source' returned 0; elapsed 0.002Total elapsed time: 22.605 sec.
@I [HLS-100] Command "source D:/opt/source/Vivado/Vivado_HLS_Tutorial/Design_Analysis/lab1/dct_prj/solution4/.autopilot/db/global.setting.tcl "
@I [HLS-100] Command 'ap_source' returned 0; elapsed 0.002Total elapsed time: 22.607 sec.
@I [HLS-100] Command "source D:/opt/source/Vivado/Vivado_HLS_Tutorial/Design_Analysis/lab1/dct_prj/solution4/.autopilot/db/global.setting.tcl "
@I [HLS-100] Command 'ap_source' returned 0; elapsed 0.002Total elapsed time: 22.609 sec.
@I [HLS-100] Command "source D:/opt/source/Vivado/Vivado_HLS_Tutorial/Design_Analysis/lab1/dct_prj/solution4/.autopilot/db/global.setting.tcl "
@I [HLS-100] Command 'ap_source' returned 0; elapsed 0.001Total elapsed time: 22.610 sec.
@I [HLS-100] Command "source D:/opt/source/Vivado/Vivado_HLS_Tutorial/Design_Analysis/lab1/dct_prj/solution4/.autopilot/db/dct_read_data.compgen.tcl "
@I [HLS-100] Command 'ap_source' returned 0; elapsed 0.001Total elapsed time: 22.613 sec.
@I [HLS-100] Command "source D:/opt/source/Vivado/Vivado_HLS_Tutorial/Design_Analysis/lab1/dct_prj/solution4/.autopilot/db/dct_dct_1d.compgen.tcl "
@I [RTMG-279] Implementing memory 'dct_dct_1d_dct_coeff_table_0_rom' using distributed ROMs.
@I [RTMG-279] Implementing memory 'dct_dct_1d_dct_coeff_table_1_rom' using distributed ROMs.
@I [RTMG-279] Implementing memory 'dct_dct_1d_dct_coeff_table_2_rom' using distributed ROMs.
@I [RTMG-279] Implementing memory 'dct_dct_1d_dct_coeff_table_3_rom' using distributed ROMs.
@I [RTMG-279] Implementing memory 'dct_dct_1d_dct_coeff_table_4_rom' using distributed ROMs.
@I [RTMG-279] Implementing memory 'dct_dct_1d_dct_coeff_table_5_rom' using distributed ROMs.
@I [RTMG-279] Implementing memory 'dct_dct_1d_dct_coeff_table_6_rom' using distributed ROMs.
@I [RTMG-279] Implementing memory 'dct_dct_1d_dct_coeff_table_7_rom' using distributed ROMs.
@I [HLS-100] Command 'ap_source' returned 0; elapsed 0.928Total elapsed time: 23.542 sec.
@I [HLS-100] Command "source D:/opt/source/Vivado/Vivado_HLS_Tutorial/Design_Analysis/lab1/dct_prj/solution4/.autopilot/db/dct_dct_2d.compgen.tcl "
@I [RTMG-278] Implementing memory 'dct_dct_2d_row_outbuf_ram' using block RAMs.
@I [RTMG-278] Implementing memory 'dct_dct_2d_col_inbuf_0_ram' using distributed RAMs.
@I [HLS-100] Command 'ap_source' returned 0; elapsed 0.116Total elapsed time: 23.657 sec.
@I [HLS-100] Command "source D:/opt/source/Vivado/Vivado_HLS_Tutorial/Design_Analysis/lab1/dct_prj/solution4/.autopilot/db/dct.compgen.tcl "
@I [HLS-100] Command 'ap_source' returned 0; elapsed 0.075Total elapsed time: 23.733 sec.
@I [HLS-10] Finished generating all RTL models.
@0 [HLS-0] Finished generating all RTL models.
@I [WSYSC-301] Generating RTL SystemC for 'dct'.
@I [WVHDL-304] Generating RTL VHDL for 'dct'.
@I [WVLOG-307] Generating RTL Verilog for 'dct'.
@I [HLS-100] Command 'autosyn' returned 0; elapsed 11.243Total elapsed time: 27.5 sec.
@I [HLS-100] Command 'csynth_design' returned 0; elapsed 23.741Total elapsed time: 27.5 sec.
@I [HLS-100] Command 'ap_source' returned 0; elapsed 25.405Total elapsed time: 27.5 sec.
@I [HLS-100] Command "cleanup_all "
@I [HLS-100] Command 'cleanup_all' returned 0; elapsed 0.012Total elapsed time: 27.18 sec.
