

================================================================
== Vivado HLS Report for 'matrixmul'
================================================================
* Date:           Mon Aug 10 15:47:26 2015

* Version:        2015.2 (Build 1266856 on Fri Jun 26 16:57:37 PM 2015)
* Project:        matrixmul_prj
* Solution:       solution1
* Product family: kintex7
* Target device:  xc7k160tfbg484-1


================================================================
== Performance Estimates
================================================================
+ Timing (ns): 
    * Summary: 
    +--------+-------+----------+------------+
    |  Clock | Target| Estimated| Uncertainty|
    +--------+-------+----------+------------+
    |ap_clk  |  13.33|     10.42|        1.67|
    +--------+-------+----------+------------+

+ Latency (clock cycles): 
    * Summary: 
    +-----+-----+-----+-----+---------+
    |  Latency  |  Interval | Pipeline|
    | min | max | min | max |   Type  |
    +-----+-----+-----+-----+---------+
    |   13|   13|   14|   14|   none  |
    +-----+-----+-----+-----+---------+

    + Detail: 
        * Instance: 
        N/A

        * Loop: 
        +-----------+-----+-----+----------+-----------+-----------+------+----------+
        |           |  Latency  | Iteration|  Initiation Interval  | Trip |          |
        | Loop Name | min | max |  Latency |  achieved |   target  | Count| Pipelined|
        +-----------+-----+-----+----------+-----------+-----------+------+----------+
        |- Row_Col  |   11|   11|         4|          1|          1|     9|    yes   |
        +-----------+-----+-----+----------+-----------+-----------+------+----------+



================================================================
== Utilization Estimates
================================================================
* Summary: 
+-----------------+---------+-------+--------+--------+
|       Name      | BRAM_18K| DSP48E|   FF   |   LUT  |
+-----------------+---------+-------+--------+--------+
|Expression       |        -|      1|       0|     140|
|FIFO             |        -|      -|       -|       -|
|Instance         |        -|      2|       0|       0|
|Memory           |        -|      -|       -|       -|
|Multiplexer      |        -|      -|       -|      12|
|Register         |        -|      -|     153|       1|
+-----------------+---------+-------+--------+--------+
|Total            |        0|      3|     153|     153|
+-----------------+---------+-------+--------+--------+
|Available        |      650|    600|  202800|  101400|
+-----------------+---------+-------+--------+--------+
|Utilization (%)  |        0|   ~0  |   ~0   |   ~0   |
+-----------------+---------+-------+--------+--------+

+ Detail: 
    * Instance: 
    +----------------------------------------+-------------------------------------+---------+-------+---+----+
    |                Instance                |                Module               | BRAM_18K| DSP48E| FF| LUT|
    +----------------------------------------+-------------------------------------+---------+-------+---+----+
    |matrixmul_mac_muladd_8s_8s_16s_16_1_U3  |matrixmul_mac_muladd_8s_8s_16s_16_1  |        0|      1|  0|   0|
    |matrixmul_mac_muladd_8s_8s_16s_16_1_U4  |matrixmul_mac_muladd_8s_8s_16s_16_1  |        0|      1|  0|   0|
    |matrixmul_mux_3to1_sel2_8_1_U0          |matrixmul_mux_3to1_sel2_8_1          |        0|      0|  0|   0|
    |matrixmul_mux_3to1_sel2_8_1_U1          |matrixmul_mux_3to1_sel2_8_1          |        0|      0|  0|   0|
    |matrixmul_mux_3to1_sel2_8_1_U2          |matrixmul_mux_3to1_sel2_8_1          |        0|      0|  0|   0|
    +----------------------------------------+-------------------------------------+---------+-------+---+----+
    |Total                                   |                                     |        0|      2|  0|   0|
    +----------------------------------------+-------------------------------------+---------+-------+---+----+

    * Memory: 
    N/A

    * FIFO: 
    N/A

    * Expression: 
    +-------------------------------+----------+-------+---+----+------------+------------+
    |         Variable Name         | Operation| DSP48E| FF| LUT| Bitwidth P0| Bitwidth P1|
    +-------------------------------+----------+-------+---+----+------------+------------+
    |grp_fu_580_p2                  |     *    |      1|  0|   0|           8|           8|
    |i_s_fu_192_p2                  |     +    |      0|  0|   2|           2|           1|
    |indvar_flatten_next_fu_172_p2  |     +    |      0|  0|   4|           4|           1|
    |j_1_fu_218_p2                  |     +    |      0|  0|   2|           2|           1|
    |b_copy_0_2_2_fu_302_p3         |  Select  |      0|  0|   8|           1|           8|
    |b_copy_0_2_4_fu_309_p3         |  Select  |      0|  0|   8|           1|           8|
    |b_copy_0_2_5_fu_317_p3         |  Select  |      0|  0|   8|           1|           8|
    |b_copy_0_2_7_fu_324_p3         |  Select  |      0|  0|   8|           1|           8|
    |b_copy_0_2_fu_294_p3           |  Select  |      0|  0|   8|           1|           8|
    |b_copy_1_2_2_fu_349_p3         |  Select  |      0|  0|   8|           1|           8|
    |b_copy_1_2_4_fu_356_p3         |  Select  |      0|  0|   8|           1|           8|
    |b_copy_1_2_5_fu_364_p3         |  Select  |      0|  0|   8|           1|           8|
    |b_copy_1_2_7_fu_371_p3         |  Select  |      0|  0|   8|           1|           8|
    |b_copy_1_2_fu_341_p3           |  Select  |      0|  0|   8|           1|           8|
    |b_copy_2_2_2_fu_396_p3         |  Select  |      0|  0|   8|           1|           8|
    |b_copy_2_2_4_fu_403_p3         |  Select  |      0|  0|   8|           1|           8|
    |b_copy_2_2_5_fu_411_p3         |  Select  |      0|  0|   8|           1|           8|
    |b_copy_2_2_7_fu_418_p3         |  Select  |      0|  0|   8|           1|           8|
    |b_copy_2_2_fu_388_p3           |  Select  |      0|  0|   8|           1|           8|
    |i_mid2_fu_198_p3               |  Select  |      0|  0|   2|           1|           2|
    |j_mid2_fu_184_p3               |  Select  |      0|  0|   2|           1|           1|
    |ap_sig_bdd_77                  |    and   |      0|  0|   1|           1|           1|
    |exitcond_flatten_fu_166_p2     |   icmp   |      0|  0|   2|           4|           4|
    |exitcond_fu_178_p2             |   icmp   |      0|  0|   1|           2|           2|
    |sel_tmp_fu_289_p2              |   icmp   |      0|  0|   1|           2|           1|
    |tmp_3_fu_212_p2                |   icmp   |      0|  0|   1|           2|           1|
    |tmp_fu_206_p2                  |   icmp   |      0|  0|   1|           2|           1|
    |ap_sig_bdd_67                  |    or    |      0|  0|   1|           1|           1|
    +-------------------------------+----------+-------+---+----+------------+------------+
    |Total                          |          |      1|  0| 140|          47|         145|
    +-------------------------------+----------+-------+---+----+------------+------------+

    * Multiplexer: 
    +------------------------+----+-----------+-----+-----------+
    |          Name          | LUT| Input Size| Bits| Total Bits|
    +------------------------+----+-----------+-----+-----------+
    |ap_NS_fsm               |   1|          4|    1|          4|
    |ap_reg_ppiten_pp0_it3   |   1|          2|    1|          2|
    |i_phi_fu_148_p4         |   2|          2|    2|          4|
    |i_reg_144               |   2|          2|    2|          4|
    |indvar_flatten_reg_133  |   4|          2|    4|          8|
    |j_reg_155               |   2|          2|    2|          4|
    +------------------------+----+-----------+-----+-----------+
    |Total                   |  12|         14|   12|         26|
    +------------------------+----+-----------+-----+-----------+

    * Register: 
    +-------------------------------------+----+----+-----+-----------+
    |                 Name                | FF | LUT| Bits| Const Bits|
    +-------------------------------------+----+----+-----+-----------+
    |a_row_0_1_reg_713                    |   8|   0|    8|          0|
    |a_row_0_fu_66                        |   8|   0|    8|          0|
    |a_row_1_1_fu_70                      |   8|   0|    8|          0|
    |a_row_2_1_fu_74                      |   8|   0|    8|          0|
    |ap_CS_fsm                            |   3|   0|    3|          0|
    |ap_reg_ppiten_pp0_it0                |   1|   0|    1|          0|
    |ap_reg_ppiten_pp0_it1                |   1|   0|    1|          0|
    |ap_reg_ppiten_pp0_it2                |   1|   0|    1|          0|
    |ap_reg_ppiten_pp0_it3                |   1|   0|    1|          0|
    |ap_reg_ppstg_j_mid2_reg_678_pp0_it1  |   2|   0|    2|          0|
    |ap_reg_ppstg_tmp_3_reg_695_pp0_it1   |   1|   0|    1|          0|
    |b_copy_0_2_1_fu_86                   |   8|   0|    8|          0|
    |b_copy_0_2_3_fu_78                   |   8|   0|    8|          0|
    |b_copy_0_2_6_fu_82                   |   8|   0|    8|          0|
    |b_copy_1_2_1_fu_98                   |   8|   0|    8|          0|
    |b_copy_1_2_3_fu_90                   |   8|   0|    8|          0|
    |b_copy_1_2_6_fu_94                   |   8|   0|    8|          0|
    |b_copy_2_2_1_fu_110                  |   8|   0|    8|          0|
    |b_copy_2_2_3_fu_102                  |   8|   0|    8|          0|
    |b_copy_2_2_6_fu_106                  |   8|   0|    8|          0|
    |exitcond_flatten_reg_669             |   1|   0|    1|          0|
    |i_mid2_reg_686                       |   2|   0|    2|          0|
    |i_reg_144                            |   2|   0|    2|          0|
    |indvar_flatten_reg_133               |   4|   0|    4|          0|
    |j_mid2_reg_678                       |   2|   0|    2|          0|
    |j_reg_155                            |   2|   0|    2|          0|
    |tmp9_reg_723                         |  16|   0|   16|          0|
    |tmp_1_reg_718                        |   8|   0|    8|          0|
    |tmp_3_reg_695                        |   1|   0|    1|          0|
    |tmp_reg_691                          |   1|   0|    1|          0|
    |exitcond_flatten_reg_669             |   0|   1|    1|          0|
    +-------------------------------------+----+----+-----+-----------+
    |Total                                | 153|   1|  154|          0|
    +-------------------------------------+----+----+-----+-----------+



================================================================
== Interface
================================================================
* Summary: 
+------------+-----+-----+------------+--------------+--------------+
|  RTL Ports | Dir | Bits|  Protocol  | Source Object|    C Type    |
+------------+-----+-----+------------+--------------+--------------+
|ap_clk      |  in |    1| ap_ctrl_hs |   matrixmul  | return value |
|ap_rst      |  in |    1| ap_ctrl_hs |   matrixmul  | return value |
|ap_start    |  in |    1| ap_ctrl_hs |   matrixmul  | return value |
|ap_done     | out |    1| ap_ctrl_hs |   matrixmul  | return value |
|ap_idle     | out |    1| ap_ctrl_hs |   matrixmul  | return value |
|ap_ready    | out |    1| ap_ctrl_hs |   matrixmul  | return value |
|a_dout      |  in |   24|   ap_fifo  |       a      |    pointer   |
|a_empty_n   |  in |    1|   ap_fifo  |       a      |    pointer   |
|a_read      | out |    1|   ap_fifo  |       a      |    pointer   |
|b_dout      |  in |   24|   ap_fifo  |       b      |    pointer   |
|b_empty_n   |  in |    1|   ap_fifo  |       b      |    pointer   |
|b_read      | out |    1|   ap_fifo  |       b      |    pointer   |
|res_din     | out |   16|   ap_fifo  |      res     |    pointer   |
|res_full_n  |  in |    1|   ap_fifo  |      res     |    pointer   |
|res_write   | out |    1|   ap_fifo  |      res     |    pointer   |
+------------+-----+-----+------------+--------------+--------------+

