

================================================================
== Vivado HLS Report for 'duc_imf2'
================================================================
* Date:           Mon Aug 10 09:10:37 2015

* Version:        2015.2 (Build 1266856 on Fri Jun 26 16:57:37 PM 2015)
* Project:        duc_prj
* Solution:       solution1
* Product family: kintex7
* Target device:  xc7k160tfbg484-1


================================================================
== Performance Estimates
================================================================
+ Timing (ns): 
    * Summary: 
    +--------+-------+----------+------------+
    |  Clock | Target| Estimated| Uncertainty|
    +--------+-------+----------+------------+
    |ap_clk  |   2.71|      2.39|        0.34|
    +--------+-------+----------+------------+

+ Latency (clock cycles): 
    * Summary: 
    +-----+-----+-----+-----+---------+
    |  Latency  |  Interval | Pipeline|
    | min | max | min | max |   Type  |
    +-----+-----+-----+-----+---------+
    |    6|    6|    6|    6|   none  |
    +-----+-----+-----+-----+---------+

    + Detail: 
        * Instance: 
        N/A

        * Loop: 
        N/A



================================================================
== Utilization Estimates
================================================================
* Summary: 
+-----------------+---------+-------+--------+--------+
|       Name      | BRAM_18K| DSP48E|   FF   |   LUT  |
+-----------------+---------+-------+--------+--------+
|Expression       |        -|      -|       0|      62|
|FIFO             |        -|      -|       -|       -|
|Instance         |        -|      1|       -|       -|
|Memory           |        0|      -|      94|      20|
|Multiplexer      |        -|      -|       -|       7|
|Register         |        -|      -|     177|       -|
+-----------------+---------+-------+--------+--------+
|Total            |        0|      1|     271|      89|
+-----------------+---------+-------+--------+--------+
|Available        |      650|    600|  202800|  101400|
+-----------------+---------+-------+--------+--------+
|Utilization (%)  |        0|   ~0  |   ~0   |   ~0   |
+-----------------+---------+-------+--------+--------+

+ Detail: 
    * Instance: 
    +-------------------------------------+----------------------------------+---------+-------+---+----+
    |               Instance              |              Module              | BRAM_18K| DSP48E| FF| LUT|
    +-------------------------------------+----------------------------------+---------+-------+---+----+
    |duc_mac_muladd_18s_18s_38ns_38_4_U0  |duc_mac_muladd_18s_18s_38ns_38_4  |        0|      1|  0|   0|
    +-------------------------------------+----------------------------------+---------+-------+---+----+
    |Total                                |                                  |        0|      1|  0|   0|
    +-------------------------------------+----------------------------------+---------+-------+---+----+

    * Memory: 
    +-----------------+------------------------+---------+----+----+------+-----+------+-------------+
    |      Memory     |         Module         | BRAM_18K| FF | LUT| Words| Bits| Banks| W*Bits*Banks|
    +-----------------+------------------------+---------+----+----+------+-----+------+-------------+
    |c_1_U            |duc_imf2_c_1            |        0|  18|   4|    12|   18|     1|          216|
    |shift_reg_p_1_U  |duc_imf2_shift_reg_p_1  |        0|  76|  16|    26|   38|     1|          988|
    +-----------------+------------------------+---------+----+----+------+-----+------+-------------+
    |Total            |                        |        0|  94|  20|    38|   56|     2|         1204|
    +-----------------+------------------------+---------+----+----+------+-----+------+-------------+

    * FIFO: 
    N/A

    * Expression: 
    +--------------------+----------+-------+---+----+------------+------------+
    |    Variable Name   | Operation| DSP48E| FF| LUT| Bitwidth P0| Bitwidth P1|
    +--------------------+----------+-------+---+----+------------+------------+
    |inc_fu_100_p2       |     +    |      0|  0|   4|           4|           1|
    |tmp_23_fu_217_p2    |     +    |      0|  0|   2|           2|           1|
    |inc_3_fu_238_p3     |  Select  |      0|  0|   4|           1|           1|
    |s_assign_fu_172_p3  |  Select  |      0|  0|  38|           1|           1|
    |sel_tmp5_fu_155_p2  |    and   |      0|  0|   1|           1|           1|
    |sel_tmp1_fu_127_p2  |   icmp   |      0|  0|   2|           4|           4|
    |sel_tmp2_fu_132_p2  |   icmp   |      0|  0|   2|           4|           3|
    |tmp_21_fu_194_p2    |   icmp   |      0|  0|   1|           2|           2|
    |tmp_fu_88_p2        |   icmp   |      0|  0|   2|           4|           1|
    |sel_tmp4_fu_151_p2  |    or    |      0|  0|   1|           1|           1|
    |tmp_20_fu_168_p2    |    or    |      0|  0|   1|           1|           1|
    |sel_tmp3_fu_145_p2  |    xor   |      0|  0|   2|           1|           2|
    |tmp_22_fu_206_p2    |    xor   |      0|  0|   2|           1|           2|
    +--------------------+----------+-------+---+----+------------+------------+
    |Total               |          |      0|  0|  62|          27|          21|
    +--------------------+----------+-------+---+----+------------+------------+

    * Multiplexer: 
    +------------------------+----+-----------+-----+-----------+
    |          Name          | LUT| Input Size| Bits| Total Bits|
    +------------------------+----+-----------+-----+-----------+
    |ap_NS_fsm               |   2|          8|    1|          8|
    |shift_reg_p_1_address0  |   5|          3|    5|         15|
    +------------------------+----+-----------+-----+-----------+
    |Total                   |   7|         11|    6|         23|
    +------------------------+----+-----------+-----+-----------+

    * Register: 
    +----------------------------+----+----+-----+-----------+
    |            Name            | FF | LUT| Bits| Const Bits|
    +----------------------------+----+----+-----+-----------+
    |ap_CS_fsm                   |   7|   0|    7|          0|
    |c_1_load_reg_278            |  18|   0|   18|          0|
    |ch_2                        |   1|   0|    1|          0|
    |ch_2_load_reg_283           |   1|   0|    1|          0|
    |cnt                         |   2|   0|    2|          0|
    |i_3                         |   4|   0|    4|          0|
    |i_3_load_reg_257            |   4|   0|    4|          0|
    |in_2                        |  18|   0|   18|          0|
    |inc_reg_267                 |   4|   0|    4|          0|
    |init_3                      |   1|   0|    1|          0|
    |s_assign_reg_330            |  38|   0|   38|          0|
    |sel_tmp1_reg_294            |   1|   0|    1|          0|
    |sel_tmp2_reg_300            |   1|   0|    1|          0|
    |sel_tmp5_reg_315            |   1|   0|    1|          0|
    |shift_reg_p_1_load_reg_310  |  38|   0|   38|          0|
    |sum_reg_335                 |  38|   0|   38|          0|
    +----------------------------+----+----+-----+-----------+
    |Total                       | 177|   0|  177|          0|
    +----------------------------+----+----+-----+-----------+



================================================================
== Interface
================================================================
* Summary: 
+-----------+-----+-----+------------+--------------+--------------+
| RTL Ports | Dir | Bits|  Protocol  | Source Object|    C Type    |
+-----------+-----+-----+------------+--------------+--------------+
|ap_clk     |  in |    1| ap_ctrl_hs |   duc_imf2   | return value |
|ap_rst     |  in |    1| ap_ctrl_hs |   duc_imf2   | return value |
|ap_start   |  in |    1| ap_ctrl_hs |   duc_imf2   | return value |
|ap_done    | out |    1| ap_ctrl_hs |   duc_imf2   | return value |
|ap_idle    | out |    1| ap_ctrl_hs |   duc_imf2   | return value |
|ap_ready   | out |    1| ap_ctrl_hs |   duc_imf2   | return value |
|ap_return  | out |   18| ap_ctrl_hs |   duc_imf2   | return value |
|x          |  in |   18|   ap_none  |       x      |    scalar    |
+-----------+-----+-----+------------+--------------+--------------+

