

================================================================
== Vivado HLS Report for 'matrixmul'
================================================================
* Date:           Mon Aug 10 14:52:35 2015

* Version:        2015.2 (Build 1266856 on Fri Jun 26 16:57:37 PM 2015)
* Project:        matrixmul_prj
* Solution:       solution2
* Product family: kintex7
* Target device:  xc7k160tfbg484-1


================================================================
== Performance Estimates
================================================================
+ Timing (ns): 
    * Summary: 
    +--------+-------+----------+------------+
    |  Clock | Target| Estimated| Uncertainty|
    +--------+-------+----------+------------+
    |ap_clk  |  13.33|     10.57|        1.67|
    +--------+-------+----------+------------+

+ Latency (clock cycles): 
    * Summary: 
    +-----+-----+-----+-----+---------+
    |  Latency  |  Interval | Pipeline|
    | min | max | min | max |   Type  |
    +-----+-----+-----+-----+---------+
    |   82|   82|   83|   83|   none  |
    +-----+-----+-----+-----+---------+

    + Detail: 
        * Instance: 
        N/A

        * Loop: 
        +------------+-----+-----+----------+-----------+-----------+------+----------+
        |            |  Latency  | Iteration|  Initiation Interval  | Trip |          |
        |  Loop Name | min | max |  Latency |  achieved |   target  | Count| Pipelined|
        +------------+-----+-----+----------+-----------+-----------+------+----------+
        |- Row_Col   |   81|   81|         9|          -|          -|     9|    no    |
        | + Product  |    6|    6|         2|          2|          1|     3|    yes   |
        +------------+-----+-----+----------+-----------+-----------+------+----------+



================================================================
== Utilization Estimates
================================================================
* Summary: 
+-----------------+---------+-------+--------+--------+
|       Name      | BRAM_18K| DSP48E|   FF   |   LUT  |
+-----------------+---------+-------+--------+--------+
|Expression       |        -|      -|       0|      46|
|FIFO             |        -|      -|       -|       -|
|Instance         |        -|      1|       -|       -|
|Memory           |        -|      -|       -|       -|
|Multiplexer      |        -|      -|       -|      31|
|Register         |        -|      -|      37|       -|
+-----------------+---------+-------+--------+--------+
|Total            |        0|      1|      37|      77|
+-----------------+---------+-------+--------+--------+
|Available        |      650|    600|  202800|  101400|
+-----------------+---------+-------+--------+--------+
|Utilization (%)  |        0|   ~0  |   ~0   |   ~0   |
+-----------------+---------+-------+--------+--------+

+ Detail: 
    * Instance: 
    +-----------------------------------------+--------------------------------------+---------+-------+---+----+
    |                 Instance                |                Module                | BRAM_18K| DSP48E| FF| LUT|
    +-----------------------------------------+--------------------------------------+---------+-------+---+----+
    |matrixmul_mac_muladd_8s_8s_16ns_16_1_U0  |matrixmul_mac_muladd_8s_8s_16ns_16_1  |        0|      1|  0|   0|
    +-----------------------------------------+--------------------------------------+---------+-------+---+----+
    |Total                                    |                                      |        0|      1|  0|   0|
    +-----------------------------------------+--------------------------------------+---------+-------+---+----+

    * Memory: 
    N/A

    * FIFO: 
    N/A

    * Expression: 
    +-------------------------------+----------+-------+---+----+------------+------------+
    |         Variable Name         | Operation| DSP48E| FF| LUT| Bitwidth P0| Bitwidth P1|
    +-------------------------------+----------+-------+---+----+------------+------------+
    |i_s_fu_163_p2                  |     +    |      0|  0|   2|           2|           1|
    |indvar_flatten_next_fu_143_p2  |     +    |      0|  0|   4|           4|           1|
    |j_1_fu_300_p2                  |     +    |      0|  0|   2|           2|           1|
    |k_1_fu_228_p2                  |     +    |      0|  0|   2|           2|           1|
    |p_addr1_fu_242_p2              |     +    |      0|  0|   6|           6|           6|
    |p_addr4_fu_278_p2              |     +    |      0|  0|   6|           6|           6|
    |p_addr8_fu_207_p2              |     +    |      0|  0|   6|           6|           6|
    |p_addr3_fu_268_p2              |     -    |      0|  0|   5|           5|           5|
    |p_addr7_fu_197_p2              |     -    |      0|  0|   5|           5|           5|
    |i_mid2_fu_169_p3               |  Select  |      0|  0|   2|           1|           2|
    |j_mid2_fu_155_p3               |  Select  |      0|  0|   2|           1|           1|
    |exitcond1_fu_149_p2            |   icmp   |      0|  0|   1|           2|           2|
    |exitcond_flatten_fu_137_p2     |   icmp   |      0|  0|   2|           4|           4|
    |exitcond_fu_222_p2             |   icmp   |      0|  0|   1|           2|           2|
    +-------------------------------+----------+-------+---+----+------------+------------+
    |Total                          |          |      0|  0|  46|          48|          43|
    +-------------------------------+----------+-------+---+----+------------+------------+

    * Multiplexer: 
    +-----------------------+----+-----------+-----+-----------+
    |          Name         | LUT| Input Size| Bits| Total Bits|
    +-----------------------+----+-----------+-----+-----------+
    |ap_NS_fsm              |   1|          6|    1|          6|
    |i_reg_104              |   2|          2|    2|          4|
    |indvar_flatten_reg_93  |   4|          2|    4|          8|
    |j_reg_115              |   2|          2|    2|          4|
    |k_reg_126              |   2|          2|    2|          4|
    |res_address0           |   4|          3|    4|         12|
    |res_d0                 |  16|          3|   16|         48|
    +-----------------------+----+-----------+-----+-----------+
    |Total                  |  31|         20|   31|         86|
    +-----------------------+----+-----------+-----+-----------+

    * Register: 
    +-----------------------------+---+----+-----+-----------+
    |             Name            | FF| LUT| Bits| Const Bits|
    +-----------------------------+---+----+-----+-----------+
    |ap_CS_fsm                    |  5|   0|    5|          0|
    |i_mid2_reg_328               |  2|   0|    2|          0|
    |i_reg_104                    |  2|   0|    2|          0|
    |indvar_flatten_next_reg_318  |  4|   0|    4|          0|
    |indvar_flatten_reg_93        |  4|   0|    4|          0|
    |j_mid2_reg_323               |  2|   0|    2|          0|
    |j_reg_115                    |  2|   0|    2|          0|
    |k_1_reg_351                  |  2|   0|    2|          0|
    |k_reg_126                    |  2|   0|    2|          0|
    |p_addr7_cast_reg_338         |  6|   0|    6|          0|
    |res_addr_reg_343             |  4|   0|    4|          0|
    |tmp_2_trn6_cast_reg_333      |  2|   0|    6|          4|
    +-----------------------------+---+----+-----+-----------+
    |Total                        | 37|   0|   41|          4|
    +-----------------------------+---+----+-----+-----------+



================================================================
== Interface
================================================================
* Summary: 
+--------------+-----+-----+------------+--------------+--------------+
|   RTL Ports  | Dir | Bits|  Protocol  | Source Object|    C Type    |
+--------------+-----+-----+------------+--------------+--------------+
|ap_clk        |  in |    1| ap_ctrl_hs |   matrixmul  | return value |
|ap_rst        |  in |    1| ap_ctrl_hs |   matrixmul  | return value |
|ap_start      |  in |    1| ap_ctrl_hs |   matrixmul  | return value |
|ap_done       | out |    1| ap_ctrl_hs |   matrixmul  | return value |
|ap_idle       | out |    1| ap_ctrl_hs |   matrixmul  | return value |
|ap_ready      | out |    1| ap_ctrl_hs |   matrixmul  | return value |
|a_address0    | out |    4|  ap_memory |       a      |     array    |
|a_ce0         | out |    1|  ap_memory |       a      |     array    |
|a_q0          |  in |    8|  ap_memory |       a      |     array    |
|b_address0    | out |    4|  ap_memory |       b      |     array    |
|b_ce0         | out |    1|  ap_memory |       b      |     array    |
|b_q0          |  in |    8|  ap_memory |       b      |     array    |
|res_address0  | out |    4|  ap_memory |      res     |     array    |
|res_ce0       | out |    1|  ap_memory |      res     |     array    |
|res_we0       | out |    1|  ap_memory |      res     |     array    |
|res_d0        | out |   16|  ap_memory |      res     |     array    |
|res_q0        |  in |   16|  ap_memory |      res     |     array    |
+--------------+-----+-----+------------+--------------+--------------+

============================================================
+ Verbose Summary: Synthesis Manager
============================================================
InlineROM: 1
ExposeGlobal: 0
============================================================
+ Verbose Summary: CDFG Model
============================================================
IsTopModel: 1
ResetActiveHigh: 1
IsCombinational: 2
IsDatapathOnly: 2
HasWiredReturn: 1
HasMFsm: 0
HasVarLatency: 1
IsPipeline: 0
IsRtlPipelined: 0
IsInstanceOverlapped: 0
IsDontTouch: 0
HasImplIP: 0
IsGatedGlobalClock: 0

+ Individual pipeline summary: 
  * Pipeline-0: initiation interval (II) = 2, depth = 2


============================================================
+ Verbose Summary: Schedule
============================================================
* Number of FSM states: 5
* Pipeline: 1
  Pipeline-0: II = 2, D = 2, States = { 3 4 }
* Dataflow Pipeline: 0

* FSM state transitions: 
1 --> 
	2  / true
2 --> 
	3  / (!exitcond_flatten)
3 --> 
	5  / (exitcond)
	4  / (!exitcond)
4 --> 
	3  / true
5 --> 
	2  / true
* FSM state operations: 

 <State 1>: 1.09ns
ST_1: stg_6 [1/1] 0.00ns
:0  call void (...)* @_ssdm_op_SpecBitsMap([9 x i8]* %a) nounwind, !map !0

ST_1: stg_7 [1/1] 0.00ns
:1  call void (...)* @_ssdm_op_SpecBitsMap([9 x i8]* %b) nounwind, !map !6

ST_1: stg_8 [1/1] 0.00ns
:2  call void (...)* @_ssdm_op_SpecBitsMap([9 x i16]* %res) nounwind, !map !10

ST_1: stg_9 [1/1] 0.00ns
:3  call void (...)* @_ssdm_op_SpecTopModule([10 x i8]* @matrixmul_str) nounwind

ST_1: stg_10 [1/1] 1.09ns
:4  br label %1


 <State 2>: 5.90ns
ST_2: indvar_flatten [1/1] 0.00ns
:0  %indvar_flatten = phi i4 [ 0, %0 ], [ %indvar_flatten_next, %3 ]

ST_2: i [1/1] 0.00ns
:1  %i = phi i2 [ 0, %0 ], [ %i_mid2, %3 ]

ST_2: j [1/1] 0.00ns
:2  %j = phi i2 [ 0, %0 ], [ %j_1, %3 ]

ST_2: exitcond_flatten [1/1] 1.24ns
:3  %exitcond_flatten = icmp eq i4 %indvar_flatten, -7

ST_2: indvar_flatten_next [1/1] 0.48ns
:4  %indvar_flatten_next = add i4 %indvar_flatten, 1

ST_2: stg_16 [1/1] 0.00ns
:5  br i1 %exitcond_flatten, label %4, label %.reset

ST_2: stg_17 [1/1] 0.00ns
.reset:0  call void (...)* @_ssdm_op_SpecLoopName([8 x i8]* @Row_Col_str)

ST_2: empty_4 [1/1] 0.00ns
.reset:1  %empty_4 = call i32 (...)* @_ssdm_op_SpecLoopTripCount(i64 9, i64 9, i64 9) nounwind

ST_2: exitcond1 [1/1] 0.85ns
.reset:2  %exitcond1 = icmp eq i2 %j, -1

ST_2: j_mid2 [1/1] 0.84ns
.reset:3  %j_mid2 = select i1 %exitcond1, i2 0, i2 %j

ST_2: i_s [1/1] 0.48ns
.reset:4  %i_s = add i2 %i, 1

ST_2: i_mid2 [1/1] 0.84ns
.reset:5  %i_mid2 = select i1 %exitcond1, i2 %i_s, i2 %i

ST_2: stg_23 [1/1] 0.00ns
.reset:6  call void (...)* @_ssdm_op_SpecLoopName([4 x i8]* @p_str1) nounwind

ST_2: tmp_3 [1/1] 0.00ns
.reset:7  %tmp_3 = call i32 (...)* @_ssdm_op_SpecRegionBegin([4 x i8]* @p_str1) nounwind

ST_2: tmp_trn5_cast [1/1] 0.00ns
.reset:8  %tmp_trn5_cast = zext i2 %i_mid2 to i5

ST_2: tmp_2_trn6_cast [1/1] 0.00ns
.reset:9  %tmp_2_trn6_cast = zext i2 %j_mid2 to i6

ST_2: tmp [1/1] 0.00ns
.reset:10  %tmp = call i4 @_ssdm_op_BitConcatenate.i4.i2.i2(i2 %i_mid2, i2 0)

ST_2: p_shl_cast [1/1] 0.00ns
.reset:11  %p_shl_cast = zext i4 %tmp to i5

ST_2: p_addr7 [1/1] 0.48ns
.reset:12  %p_addr7 = sub i5 %p_shl_cast, %tmp_trn5_cast

ST_2: p_addr7_cast [1/1] 0.00ns
.reset:13  %p_addr7_cast = sext i5 %p_addr7 to i6

ST_2: p_addr8 [1/1] 1.34ns
.reset:14  %p_addr8 = add i6 %p_addr7_cast, %tmp_2_trn6_cast

ST_2: p_addr8_cast [1/1] 0.00ns
.reset:15  %p_addr8_cast = sext i6 %p_addr8 to i32

ST_2: tmp_1 [1/1] 0.00ns
.reset:16  %tmp_1 = zext i32 %p_addr8_cast to i64

ST_2: res_addr [1/1] 0.00ns
.reset:17  %res_addr = getelementptr [9 x i16]* %res, i64 0, i64 %tmp_1

ST_2: stg_35 [1/1] 2.39ns
.reset:18  store i16 0, i16* %res_addr, align 2

ST_2: stg_36 [1/1] 1.09ns
.reset:19  br label %2

ST_2: stg_37 [1/1] 0.00ns
:0  ret void


 <State 3>: 4.21ns
ST_3: k [1/1] 0.00ns
:0  %k = phi i2 [ 0, %.reset ], [ %k_1, %ifBlock ]

ST_3: exitcond [1/1] 0.85ns
:1  %exitcond = icmp eq i2 %k, -1

ST_3: k_1 [1/1] 0.48ns
:2  %k_1 = add i2 %k, 1

ST_3: stg_41 [1/1] 0.00ns
:3  br i1 %exitcond, label %3, label %ifBlock

ST_3: tmp_4_trn_cast1 [1/1] 0.00ns
ifBlock:4  %tmp_4_trn_cast1 = zext i2 %k to i6

ST_3: tmp_4_trn_cast [1/1] 0.00ns
ifBlock:5  %tmp_4_trn_cast = zext i2 %k to i5

ST_3: p_addr1 [1/1] 1.34ns
ifBlock:6  %p_addr1 = add i6 %p_addr7_cast, %tmp_4_trn_cast1

ST_3: p_addr1_cast [1/1] 0.00ns
ifBlock:7  %p_addr1_cast = sext i6 %p_addr1 to i32

ST_3: tmp_2 [1/1] 0.00ns
ifBlock:8  %tmp_2 = zext i32 %p_addr1_cast to i64

ST_3: a_addr [1/1] 0.00ns
ifBlock:9  %a_addr = getelementptr [9 x i8]* %a, i64 0, i64 %tmp_2

ST_3: a_load [2/2] 2.39ns
ifBlock:10  %a_load = load i8* %a_addr, align 1

ST_3: tmp_4 [1/1] 0.00ns
ifBlock:12  %tmp_4 = call i4 @_ssdm_op_BitConcatenate.i4.i2.i2(i2 %k, i2 0)

ST_3: p_shl9_cast [1/1] 0.00ns
ifBlock:13  %p_shl9_cast = zext i4 %tmp_4 to i5

ST_3: p_addr3 [1/1] 0.48ns
ifBlock:14  %p_addr3 = sub i5 %p_shl9_cast, %tmp_4_trn_cast

ST_3: p_addr3_cast [1/1] 0.00ns
ifBlock:15  %p_addr3_cast = sext i5 %p_addr3 to i6

ST_3: p_addr4 [1/1] 1.34ns
ifBlock:16  %p_addr4 = add i6 %p_addr3_cast, %tmp_2_trn6_cast

ST_3: p_addr4_cast [1/1] 0.00ns
ifBlock:17  %p_addr4_cast = sext i6 %p_addr4 to i32

ST_3: tmp_s [1/1] 0.00ns
ifBlock:18  %tmp_s = zext i32 %p_addr4_cast to i64

ST_3: b_addr [1/1] 0.00ns
ifBlock:19  %b_addr = getelementptr [9 x i8]* %b, i64 0, i64 %tmp_s

ST_3: b_load [2/2] 2.39ns
ifBlock:20  %b_load = load i8* %b_addr, align 1

ST_3: res_load [2/2] 2.39ns
ifBlock:23  %res_load = load i16* %res_addr, align 2


 <State 4>: 10.57ns
ST_4: empty [1/1] 0.00ns
ifBlock:0  %empty = call i32 (...)* @_ssdm_op_SpecLoopTripCount(i64 3, i64 3, i64 3) nounwind

ST_4: stg_60 [1/1] 0.00ns
ifBlock:1  call void (...)* @_ssdm_op_SpecLoopName([8 x i8]* @p_str2) nounwind

ST_4: tmp_9 [1/1] 0.00ns
ifBlock:2  %tmp_9 = call i32 (...)* @_ssdm_op_SpecRegionBegin([8 x i8]* @p_str2) nounwind

ST_4: stg_62 [1/1] 0.00ns
ifBlock:3  call void (...)* @_ssdm_op_SpecPipeline(i32 1, i32 1, i32 1, i32 0, [1 x i8]* @p_str3) nounwind

ST_4: a_load [1/2] 2.39ns
ifBlock:10  %a_load = load i8* %a_addr, align 1

ST_4: tmp_5 [1/1] 0.00ns
ifBlock:11  %tmp_5 = sext i8 %a_load to i16

ST_4: b_load [1/2] 2.39ns
ifBlock:20  %b_load = load i8* %b_addr, align 1

ST_4: tmp_6 [1/1] 0.00ns
ifBlock:21  %tmp_6 = sext i8 %b_load to i16

ST_4: tmp_7 [1/1] 2.84ns
ifBlock:22  %tmp_7 = mul i16 %tmp_6, %tmp_5

ST_4: res_load [1/2] 2.39ns
ifBlock:23  %res_load = load i16* %res_addr, align 2

ST_4: tmp_8 [1/1] 2.95ns
ifBlock:24  %tmp_8 = add i16 %tmp_7, %res_load

ST_4: stg_70 [1/1] 2.39ns
ifBlock:25  store i16 %tmp_8, i16* %res_addr, align 2

ST_4: empty_2 [1/1] 0.00ns
ifBlock:26  %empty_2 = call i32 (...)* @_ssdm_op_SpecRegionEnd([8 x i8]* @p_str2, i32 %tmp_9) nounwind

ST_4: stg_72 [1/1] 0.00ns
ifBlock:27  br label %2


 <State 5>: 0.48ns
ST_5: empty_3 [1/1] 0.00ns
:0  %empty_3 = call i32 (...)* @_ssdm_op_SpecRegionEnd([4 x i8]* @p_str1, i32 %tmp_3) nounwind

ST_5: j_1 [1/1] 0.48ns
:1  %j_1 = add i2 %j_mid2, 1

ST_5: stg_75 [1/1] 0.00ns
:2  br label %1



============================================================
+ Verbose Summary: Binding
============================================================
STG Binding: 
---------------- STG Properties BEGIN ----------------
- Is combinational: 0
- Is one-state seq: 0
- Is datapath-only: 0
- Is clock enabled: 0
- Is pipelined: 0
- Is top level: 1
Port [ Return ] is wired: 1; IO mode=ap_ctrl_hs:ce=0
Port [ a]:  wired=1; compound=1; hidden=0; nouse=0; global=0; static=0; extern=0; dir=0; type=1; mode=0x48996d81e0; pingpong=0; private_global=0; MemPort=[13]; IO mode=ap_memory:ce=0
Port [ b]:  wired=1; compound=1; hidden=0; nouse=0; global=0; static=0; extern=0; dir=0; type=1; mode=0x48996d7850; pingpong=0; private_global=0; MemPort=[13]; IO mode=ap_memory:ce=0
Port [ res]:  wired=1; compound=1; hidden=0; nouse=0; global=0; static=0; extern=0; dir=2; type=1; mode=0x48996d7d60; pingpong=0; private_global=0; MemPort=[23]; IO mode=ap_memory:ce=0
---------------- STG Properties END ------------------

---------------- Datapath Model BEGIN ----------------

<LifeTime>
<method=bitvector/>
stg_6               (specbitsmap      ) [ 000000]
stg_7               (specbitsmap      ) [ 000000]
stg_8               (specbitsmap      ) [ 000000]
stg_9               (spectopmodule    ) [ 000000]
stg_10              (br               ) [ 011111]
indvar_flatten      (phi              ) [ 001000]
i                   (phi              ) [ 001000]
j                   (phi              ) [ 001000]
exitcond_flatten    (icmp             ) [ 001111]
indvar_flatten_next (add              ) [ 011111]
stg_16              (br               ) [ 000000]
stg_17              (specloopname     ) [ 000000]
empty_4             (speclooptripcount) [ 000000]
exitcond1           (icmp             ) [ 000000]
j_mid2              (select           ) [ 000111]
i_s                 (add              ) [ 000000]
i_mid2              (select           ) [ 011111]
stg_23              (specloopname     ) [ 000000]
tmp_3               (specregionbegin  ) [ 000111]
tmp_trn5_cast       (zext             ) [ 000000]
tmp_2_trn6_cast     (zext             ) [ 000110]
tmp                 (bitconcatenate   ) [ 000000]
p_shl_cast          (zext             ) [ 000000]
p_addr7             (sub              ) [ 000000]
p_addr7_cast        (sext             ) [ 000110]
p_addr8             (add              ) [ 000000]
p_addr8_cast        (sext             ) [ 000000]
tmp_1               (zext             ) [ 000000]
res_addr            (getelementptr    ) [ 000110]
stg_35              (store            ) [ 000000]
stg_36              (br               ) [ 001111]
stg_37              (ret              ) [ 000000]
k                   (phi              ) [ 000100]
exitcond            (icmp             ) [ 001111]
k_1                 (add              ) [ 001111]
stg_41              (br               ) [ 000000]
tmp_4_trn_cast1     (zext             ) [ 000000]
tmp_4_trn_cast      (zext             ) [ 000000]
p_addr1             (add              ) [ 000000]
p_addr1_cast        (sext             ) [ 000000]
tmp_2               (zext             ) [ 000000]
a_addr              (getelementptr    ) [ 000010]
tmp_4               (bitconcatenate   ) [ 000000]
p_shl9_cast         (zext             ) [ 000000]
p_addr3             (sub              ) [ 000000]
p_addr3_cast        (sext             ) [ 000000]
p_addr4             (add              ) [ 000000]
p_addr4_cast        (sext             ) [ 000000]
tmp_s               (zext             ) [ 000000]
b_addr              (getelementptr    ) [ 000010]
empty               (speclooptripcount) [ 000000]
stg_60              (specloopname     ) [ 000000]
tmp_9               (specregionbegin  ) [ 000000]
stg_62              (specpipeline     ) [ 000000]
a_load              (load             ) [ 000000]
tmp_5               (sext             ) [ 000000]
b_load              (load             ) [ 000000]
tmp_6               (sext             ) [ 000000]
tmp_7               (mul              ) [ 000000]
res_load            (load             ) [ 000000]
tmp_8               (add              ) [ 000000]
stg_70              (store            ) [ 000000]
empty_2             (specregionend    ) [ 000000]
stg_72              (br               ) [ 001111]
empty_3             (specregionend    ) [ 000000]
j_1                 (add              ) [ 011111]
stg_75              (br               ) [ 011111]
</LifeTime>

<model>

<comp_list>
<comp id="0" class="1000" name="a">
<pin_list>
<pin id="1" dir="1" index="0" bw="1" slack="0"/>
</pin_list>
<bind>
<StgValue><ssdm name="a"/><MemPortTyVec>1 3 </MemPortTyVec>
</StgValue>
</bind>
</comp>

<comp id="2" class="1000" name="b">
<pin_list>
<pin id="3" dir="1" index="0" bw="1" slack="0"/>
</pin_list>
<bind>
<StgValue><ssdm name="b"/><MemPortTyVec>1 3 </MemPortTyVec>
</StgValue>
</bind>
</comp>

<comp id="4" class="1000" name="res">
<pin_list>
<pin id="5" dir="1" index="0" bw="1" slack="0"/>
</pin_list>
<bind>
<StgValue><ssdm name="res"/><MemPortTyVec>2 3 </MemPortTyVec>
</StgValue>
</bind>
</comp>

<comp id="6" class="1001" name="const_6">
<pin_list>
<pin id="7" dir="1" index="0" bw="1" slack="2147483647"/>
</pin_list>
<bind>
<StgValue><ssdm name="_ssdm_op_SpecBitsMap"/></StgValue>
</bind>
</comp>

<comp id="8" class="1001" name="const_8">
<pin_list>
<pin id="9" dir="1" index="0" bw="1" slack="2147483647"/>
</pin_list>
<bind>
<StgValue><ssdm name="_ssdm_op_SpecTopModule"/></StgValue>
</bind>
</comp>

<comp id="10" class="1001" name="const_10">
<pin_list>
<pin id="11" dir="1" index="0" bw="1" slack="2147483647"/>
</pin_list>
<bind>
<StgValue><ssdm name="matrixmul_str"/></StgValue>
</bind>
</comp>

<comp id="12" class="1001" name="const_12">
<pin_list>
<pin id="13" dir="1" index="0" bw="1" slack="1"/>
</pin_list>
<bind>
<StgValue><ssdm name=""/></StgValue>
</bind>
</comp>

<comp id="14" class="1001" name="const_14">
<pin_list>
<pin id="15" dir="1" index="0" bw="1" slack="0"/>
</pin_list>
<bind>
<StgValue><ssdm name=""/></StgValue>
</bind>
</comp>

<comp id="16" class="1001" name="const_16">
<pin_list>
<pin id="17" dir="1" index="0" bw="1" slack="0"/>
</pin_list>
<bind>
<StgValue><ssdm name=""/></StgValue>
</bind>
</comp>

<comp id="18" class="1001" name="const_18">
<pin_list>
<pin id="19" dir="1" index="0" bw="1" slack="0"/>
</pin_list>
<bind>
<StgValue><ssdm name=""/></StgValue>
</bind>
</comp>

<comp id="20" class="1001" name="const_20">
<pin_list>
<pin id="21" dir="1" index="0" bw="1" slack="2147483647"/>
</pin_list>
<bind>
<StgValue><ssdm name="_ssdm_op_SpecLoopName"/></StgValue>
</bind>
</comp>

<comp id="22" class="1001" name="const_22">
<pin_list>
<pin id="23" dir="1" index="0" bw="1" slack="2147483647"/>
</pin_list>
<bind>
<StgValue><ssdm name="Row_Col_str"/></StgValue>
</bind>
</comp>

<comp id="24" class="1001" name="const_24">
<pin_list>
<pin id="25" dir="1" index="0" bw="1" slack="2147483647"/>
</pin_list>
<bind>
<StgValue><ssdm name="_ssdm_op_SpecLoopTripCount"/></StgValue>
</bind>
</comp>

<comp id="26" class="1001" name="const_26">
<pin_list>
<pin id="27" dir="1" index="0" bw="1" slack="2147483647"/>
</pin_list>
<bind>
<StgValue><ssdm name=""/></StgValue>
</bind>
</comp>

<comp id="28" class="1001" name="const_28">
<pin_list>
<pin id="29" dir="1" index="0" bw="1" slack="0"/>
</pin_list>
<bind>
<StgValue><ssdm name=""/></StgValue>
</bind>
</comp>

<comp id="30" class="1001" name="const_30">
<pin_list>
<pin id="31" dir="1" index="0" bw="1" slack="0"/>
</pin_list>
<bind>
<StgValue><ssdm name=""/></StgValue>
</bind>
</comp>

<comp id="32" class="1001" name="const_32">
<pin_list>
<pin id="33" dir="1" index="0" bw="1" slack="2147483647"/>
</pin_list>
<bind>
<StgValue><ssdm name="p_str1"/></StgValue>
</bind>
</comp>

<comp id="34" class="1001" name="const_34">
<pin_list>
<pin id="35" dir="1" index="0" bw="1" slack="2147483647"/>
</pin_list>
<bind>
<StgValue><ssdm name="_ssdm_op_SpecRegionBegin"/></StgValue>
</bind>
</comp>

<comp id="36" class="1001" name="const_36">
<pin_list>
<pin id="37" dir="1" index="0" bw="1" slack="0"/>
</pin_list>
<bind>
<StgValue><ssdm name="_ssdm_op_BitConcatenate.i4.i2.i2"/></StgValue>
</bind>
</comp>

<comp id="38" class="1001" name="const_38">
<pin_list>
<pin id="39" dir="1" index="0" bw="1" slack="0"/>
</pin_list>
<bind>
<StgValue><ssdm name=""/></StgValue>
</bind>
</comp>

<comp id="40" class="1001" name="const_40">
<pin_list>
<pin id="41" dir="1" index="0" bw="1" slack="0"/>
</pin_list>
<bind>
<StgValue><ssdm name=""/></StgValue>
</bind>
</comp>

<comp id="42" class="1001" name="const_42">
<pin_list>
<pin id="43" dir="1" index="0" bw="1" slack="2147483647"/>
</pin_list>
<bind>
<StgValue><ssdm name=""/></StgValue>
</bind>
</comp>

<comp id="44" class="1001" name="const_44">
<pin_list>
<pin id="45" dir="1" index="0" bw="1" slack="2147483647"/>
</pin_list>
<bind>
<StgValue><ssdm name="p_str2"/></StgValue>
</bind>
</comp>

<comp id="46" class="1001" name="const_46">
<pin_list>
<pin id="47" dir="1" index="0" bw="1" slack="2147483647"/>
</pin_list>
<bind>
<StgValue><ssdm name="_ssdm_op_SpecPipeline"/></StgValue>
</bind>
</comp>

<comp id="48" class="1001" name="const_48">
<pin_list>
<pin id="49" dir="1" index="0" bw="1" slack="2147483647"/>
</pin_list>
<bind>
<StgValue><ssdm name=""/></StgValue>
</bind>
</comp>

<comp id="50" class="1001" name="const_50">
<pin_list>
<pin id="51" dir="1" index="0" bw="1" slack="2147483647"/>
</pin_list>
<bind>
<StgValue><ssdm name=""/></StgValue>
</bind>
</comp>

<comp id="52" class="1001" name="const_52">
<pin_list>
<pin id="53" dir="1" index="0" bw="1" slack="2147483647"/>
</pin_list>
<bind>
<StgValue><ssdm name="p_str3"/></StgValue>
</bind>
</comp>

<comp id="54" class="1001" name="const_54">
<pin_list>
<pin id="55" dir="1" index="0" bw="1" slack="2147483647"/>
</pin_list>
<bind>
<StgValue><ssdm name="_ssdm_op_SpecRegionEnd"/></StgValue>
</bind>
</comp>

<comp id="56" class="1004" name="res_addr_gep_fu_56">
<pin_list>
<pin id="57" dir="0" index="0" bw="16" slack="0"/>
<pin id="58" dir="0" index="1" bw="1" slack="0"/>
<pin id="59" dir="0" index="2" bw="32" slack="0"/>
<pin id="60" dir="1" index="3" bw="4" slack="0"/>
</pin_list>
<bind>
<opcode="getelementptr(29) " fcode="getelementptr"/>
<opset="res_addr/2 "/>
</bind>
</comp>

<comp id="63" class="1004" name="grp_access_fu_63">
<pin_list>
<pin id="64" dir="0" index="0" bw="4" slack="0"/>
<pin id="65" dir="0" index="1" bw="16" slack="0"/>
<pin id="66" dir="1" index="2" bw="16" slack="0"/>
</pin_list>
<bind>
<opcode="load(27) store(28) " fcode="store"/>
<opset="stg_35/2 res_load/3 stg_70/4 "/>
</bind>
</comp>

<comp id="69" class="1004" name="a_addr_gep_fu_69">
<pin_list>
<pin id="70" dir="0" index="0" bw="8" slack="0"/>
<pin id="71" dir="0" index="1" bw="1" slack="0"/>
<pin id="72" dir="0" index="2" bw="32" slack="0"/>
<pin id="73" dir="1" index="3" bw="4" slack="0"/>
</pin_list>
<bind>
<opcode="getelementptr(29) " fcode="getelementptr"/>
<opset="a_addr/3 "/>
</bind>
</comp>

<comp id="76" class="1004" name="grp_access_fu_76">
<pin_list>
<pin id="77" dir="0" index="0" bw="4" slack="0"/>
<pin id="78" dir="0" index="1" bw="8" slack="2147483647"/>
<pin id="79" dir="1" index="2" bw="8" slack="0"/>
</pin_list>
<bind>
<opcode="load(27) " fcode="load"/>
<opset="a_load/3 "/>
</bind>
</comp>

<comp id="81" class="1004" name="b_addr_gep_fu_81">
<pin_list>
<pin id="82" dir="0" index="0" bw="8" slack="0"/>
<pin id="83" dir="0" index="1" bw="1" slack="0"/>
<pin id="84" dir="0" index="2" bw="32" slack="0"/>
<pin id="85" dir="1" index="3" bw="4" slack="0"/>
</pin_list>
<bind>
<opcode="getelementptr(29) " fcode="getelementptr"/>
<opset="b_addr/3 "/>
</bind>
</comp>

<comp id="88" class="1004" name="grp_access_fu_88">
<pin_list>
<pin id="89" dir="0" index="0" bw="4" slack="0"/>
<pin id="90" dir="0" index="1" bw="8" slack="2147483647"/>
<pin id="91" dir="1" index="2" bw="8" slack="0"/>
</pin_list>
<bind>
<opcode="load(27) " fcode="load"/>
<opset="b_load/3 "/>
</bind>
</comp>

<comp id="93" class="1005" name="indvar_flatten_reg_93">
<pin_list>
<pin id="94" dir="0" index="0" bw="4" slack="1"/>
<pin id="95" dir="1" index="1" bw="4" slack="1"/>
</pin_list>
<bind>
<opset="indvar_flatten (phireg) "/>
</bind>
</comp>

<comp id="97" class="1004" name="indvar_flatten_phi_fu_97">
<pin_list>
<pin id="98" dir="0" index="0" bw="1" slack="1"/>
<pin id="99" dir="0" index="1" bw="0" slack="2147483647"/>
<pin id="100" dir="0" index="2" bw="4" slack="0"/>
<pin id="101" dir="0" index="3" bw="0" slack="2147483647"/>
<pin id="102" dir="1" index="4" bw="4" slack="0"/>
</pin_list>
<bind>
<opcode="phi(47) " fcode="phi"/>
<opset="indvar_flatten/2 "/>
</bind>
</comp>

<comp id="104" class="1005" name="i_reg_104">
<pin_list>
<pin id="105" dir="0" index="0" bw="2" slack="1"/>
<pin id="106" dir="1" index="1" bw="2" slack="1"/>
</pin_list>
<bind>
<opset="i (phireg) "/>
</bind>
</comp>

<comp id="108" class="1004" name="i_phi_fu_108">
<pin_list>
<pin id="109" dir="0" index="0" bw="1" slack="1"/>
<pin id="110" dir="0" index="1" bw="0" slack="2147483647"/>
<pin id="111" dir="0" index="2" bw="2" slack="0"/>
<pin id="112" dir="0" index="3" bw="0" slack="2147483647"/>
<pin id="113" dir="1" index="4" bw="2" slack="0"/>
</pin_list>
<bind>
<opcode="phi(47) " fcode="phi"/>
<opset="i/2 "/>
</bind>
</comp>

<comp id="115" class="1005" name="j_reg_115">
<pin_list>
<pin id="116" dir="0" index="0" bw="2" slack="1"/>
<pin id="117" dir="1" index="1" bw="2" slack="1"/>
</pin_list>
<bind>
<opset="j (phireg) "/>
</bind>
</comp>

<comp id="119" class="1004" name="j_phi_fu_119">
<pin_list>
<pin id="120" dir="0" index="0" bw="1" slack="1"/>
<pin id="121" dir="0" index="1" bw="0" slack="2147483647"/>
<pin id="122" dir="0" index="2" bw="2" slack="1"/>
<pin id="123" dir="0" index="3" bw="0" slack="2147483647"/>
<pin id="124" dir="1" index="4" bw="2" slack="0"/>
</pin_list>
<bind>
<opcode="phi(47) " fcode="phi"/>
<opset="j/2 "/>
</bind>
</comp>

<comp id="126" class="1005" name="k_reg_126">
<pin_list>
<pin id="127" dir="0" index="0" bw="2" slack="1"/>
<pin id="128" dir="1" index="1" bw="2" slack="1"/>
</pin_list>
<bind>
<opset="k (phireg) "/>
</bind>
</comp>

<comp id="130" class="1004" name="k_phi_fu_130">
<pin_list>
<pin id="131" dir="0" index="0" bw="1" slack="1"/>
<pin id="132" dir="0" index="1" bw="0" slack="2147483647"/>
<pin id="133" dir="0" index="2" bw="2" slack="0"/>
<pin id="134" dir="0" index="3" bw="0" slack="2147483647"/>
<pin id="135" dir="1" index="4" bw="2" slack="0"/>
</pin_list>
<bind>
<opcode="phi(47) " fcode="phi"/>
<opset="k/3 "/>
</bind>
</comp>

<comp id="137" class="1004" name="exitcond_flatten_fu_137">
<pin_list>
<pin id="138" dir="0" index="0" bw="4" slack="0"/>
<pin id="139" dir="0" index="1" bw="4" slack="0"/>
<pin id="140" dir="1" index="2" bw="1" slack="1"/>
</pin_list>
<bind>
<opcode="icmp(45) " fcode="icmp"/>
<opset="exitcond_flatten/2 "/>
</bind>
</comp>

<comp id="143" class="1004" name="indvar_flatten_next_fu_143">
<pin_list>
<pin id="144" dir="0" index="0" bw="4" slack="0"/>
<pin id="145" dir="0" index="1" bw="1" slack="0"/>
<pin id="146" dir="1" index="2" bw="4" slack="0"/>
</pin_list>
<bind>
<opcode="add(8) " fcode="add"/>
<opset="indvar_flatten_next/2 "/>
</bind>
</comp>

<comp id="149" class="1004" name="exitcond1_fu_149">
<pin_list>
<pin id="150" dir="0" index="0" bw="2" slack="0"/>
<pin id="151" dir="0" index="1" bw="2" slack="0"/>
<pin id="152" dir="1" index="2" bw="1" slack="0"/>
</pin_list>
<bind>
<opcode="icmp(45) " fcode="icmp"/>
<opset="exitcond1/2 "/>
</bind>
</comp>

<comp id="155" class="1004" name="j_mid2_fu_155">
<pin_list>
<pin id="156" dir="0" index="0" bw="1" slack="0"/>
<pin id="157" dir="0" index="1" bw="2" slack="0"/>
<pin id="158" dir="0" index="2" bw="2" slack="0"/>
<pin id="159" dir="1" index="3" bw="2" slack="0"/>
</pin_list>
<bind>
<opcode="select(49) " fcode="select"/>
<opset="j_mid2/2 "/>
</bind>
</comp>

<comp id="163" class="1004" name="i_s_fu_163">
<pin_list>
<pin id="164" dir="0" index="0" bw="2" slack="0"/>
<pin id="165" dir="0" index="1" bw="1" slack="0"/>
<pin id="166" dir="1" index="2" bw="2" slack="0"/>
</pin_list>
<bind>
<opcode="add(8) " fcode="add"/>
<opset="i_s/2 "/>
</bind>
</comp>

<comp id="169" class="1004" name="i_mid2_fu_169">
<pin_list>
<pin id="170" dir="0" index="0" bw="1" slack="0"/>
<pin id="171" dir="0" index="1" bw="2" slack="0"/>
<pin id="172" dir="0" index="2" bw="2" slack="0"/>
<pin id="173" dir="1" index="3" bw="2" slack="0"/>
</pin_list>
<bind>
<opcode="select(49) " fcode="select"/>
<opset="i_mid2/2 "/>
</bind>
</comp>

<comp id="177" class="1004" name="tmp_trn5_cast_fu_177">
<pin_list>
<pin id="178" dir="0" index="0" bw="2" slack="0"/>
<pin id="179" dir="1" index="1" bw="5" slack="0"/>
</pin_list>
<bind>
<opcode="zext(34) " fcode="zext"/>
<opset="tmp_trn5_cast/2 "/>
</bind>
</comp>

<comp id="181" class="1004" name="tmp_2_trn6_cast_fu_181">
<pin_list>
<pin id="182" dir="0" index="0" bw="2" slack="0"/>
<pin id="183" dir="1" index="1" bw="6" slack="0"/>
</pin_list>
<bind>
<opcode="zext(34) " fcode="zext"/>
<opset="tmp_2_trn6_cast/2 "/>
</bind>
</comp>

<comp id="185" class="1004" name="tmp_fu_185">
<pin_list>
<pin id="186" dir="0" index="0" bw="4" slack="0"/>
<pin id="187" dir="0" index="1" bw="2" slack="0"/>
<pin id="188" dir="0" index="2" bw="1" slack="0"/>
<pin id="189" dir="1" index="3" bw="4" slack="0"/>
</pin_list>
<bind>
<opcode="bitconcatenate(1004) " fcode="bitconcatenate"/>
<opset="tmp/2 "/>
</bind>
</comp>

<comp id="193" class="1004" name="p_shl_cast_fu_193">
<pin_list>
<pin id="194" dir="0" index="0" bw="4" slack="0"/>
<pin id="195" dir="1" index="1" bw="5" slack="0"/>
</pin_list>
<bind>
<opcode="zext(34) " fcode="zext"/>
<opset="p_shl_cast/2 "/>
</bind>
</comp>

<comp id="197" class="1004" name="p_addr7_fu_197">
<pin_list>
<pin id="198" dir="0" index="0" bw="4" slack="0"/>
<pin id="199" dir="0" index="1" bw="2" slack="0"/>
<pin id="200" dir="1" index="2" bw="5" slack="0"/>
</pin_list>
<bind>
<opcode="sub(10) " fcode="sub"/>
<opset="p_addr7/2 "/>
</bind>
</comp>

<comp id="203" class="1004" name="p_addr7_cast_fu_203">
<pin_list>
<pin id="204" dir="0" index="0" bw="5" slack="0"/>
<pin id="205" dir="1" index="1" bw="6" slack="0"/>
</pin_list>
<bind>
<opcode="sext(35) " fcode="sext"/>
<opset="p_addr7_cast/2 "/>
</bind>
</comp>

<comp id="207" class="1004" name="p_addr8_fu_207">
<pin_list>
<pin id="208" dir="0" index="0" bw="5" slack="0"/>
<pin id="209" dir="0" index="1" bw="2" slack="0"/>
<pin id="210" dir="1" index="2" bw="6" slack="0"/>
</pin_list>
<bind>
<opcode="add(8) " fcode="add"/>
<opset="p_addr8/2 "/>
</bind>
</comp>

<comp id="213" class="1004" name="p_addr8_cast_fu_213">
<pin_list>
<pin id="214" dir="0" index="0" bw="6" slack="0"/>
<pin id="215" dir="1" index="1" bw="32" slack="0"/>
</pin_list>
<bind>
<opcode="sext(35) " fcode="sext"/>
<opset="p_addr8_cast/2 "/>
</bind>
</comp>

<comp id="217" class="1004" name="tmp_1_fu_217">
<pin_list>
<pin id="218" dir="0" index="0" bw="6" slack="0"/>
<pin id="219" dir="1" index="1" bw="64" slack="0"/>
</pin_list>
<bind>
<opcode="zext(34) " fcode="zext"/>
<opset="tmp_1/2 "/>
</bind>
</comp>

<comp id="222" class="1004" name="exitcond_fu_222">
<pin_list>
<pin id="223" dir="0" index="0" bw="2" slack="0"/>
<pin id="224" dir="0" index="1" bw="2" slack="0"/>
<pin id="225" dir="1" index="2" bw="1" slack="2147483647"/>
</pin_list>
<bind>
<opcode="icmp(45) " fcode="icmp"/>
<opset="exitcond/3 "/>
</bind>
</comp>

<comp id="228" class="1004" name="k_1_fu_228">
<pin_list>
<pin id="229" dir="0" index="0" bw="2" slack="0"/>
<pin id="230" dir="0" index="1" bw="1" slack="0"/>
<pin id="231" dir="1" index="2" bw="2" slack="0"/>
</pin_list>
<bind>
<opcode="add(8) " fcode="add"/>
<opset="k_1/3 "/>
</bind>
</comp>

<comp id="234" class="1004" name="tmp_4_trn_cast1_fu_234">
<pin_list>
<pin id="235" dir="0" index="0" bw="2" slack="0"/>
<pin id="236" dir="1" index="1" bw="6" slack="0"/>
</pin_list>
<bind>
<opcode="zext(34) " fcode="zext"/>
<opset="tmp_4_trn_cast1/3 "/>
</bind>
</comp>

<comp id="238" class="1004" name="tmp_4_trn_cast_fu_238">
<pin_list>
<pin id="239" dir="0" index="0" bw="2" slack="0"/>
<pin id="240" dir="1" index="1" bw="5" slack="0"/>
</pin_list>
<bind>
<opcode="zext(34) " fcode="zext"/>
<opset="tmp_4_trn_cast/3 "/>
</bind>
</comp>

<comp id="242" class="1004" name="p_addr1_fu_242">
<pin_list>
<pin id="243" dir="0" index="0" bw="5" slack="1"/>
<pin id="244" dir="0" index="1" bw="2" slack="0"/>
<pin id="245" dir="1" index="2" bw="6" slack="0"/>
</pin_list>
<bind>
<opcode="add(8) " fcode="add"/>
<opset="p_addr1/3 "/>
</bind>
</comp>

<comp id="247" class="1004" name="p_addr1_cast_fu_247">
<pin_list>
<pin id="248" dir="0" index="0" bw="6" slack="0"/>
<pin id="249" dir="1" index="1" bw="32" slack="0"/>
</pin_list>
<bind>
<opcode="sext(35) " fcode="sext"/>
<opset="p_addr1_cast/3 "/>
</bind>
</comp>

<comp id="251" class="1004" name="tmp_2_fu_251">
<pin_list>
<pin id="252" dir="0" index="0" bw="6" slack="0"/>
<pin id="253" dir="1" index="1" bw="64" slack="0"/>
</pin_list>
<bind>
<opcode="zext(34) " fcode="zext"/>
<opset="tmp_2/3 "/>
</bind>
</comp>

<comp id="256" class="1004" name="tmp_4_fu_256">
<pin_list>
<pin id="257" dir="0" index="0" bw="4" slack="0"/>
<pin id="258" dir="0" index="1" bw="2" slack="0"/>
<pin id="259" dir="0" index="2" bw="1" slack="0"/>
<pin id="260" dir="1" index="3" bw="4" slack="0"/>
</pin_list>
<bind>
<opcode="bitconcatenate(1004) " fcode="bitconcatenate"/>
<opset="tmp_4/3 "/>
</bind>
</comp>

<comp id="264" class="1004" name="p_shl9_cast_fu_264">
<pin_list>
<pin id="265" dir="0" index="0" bw="4" slack="0"/>
<pin id="266" dir="1" index="1" bw="5" slack="0"/>
</pin_list>
<bind>
<opcode="zext(34) " fcode="zext"/>
<opset="p_shl9_cast/3 "/>
</bind>
</comp>

<comp id="268" class="1004" name="p_addr3_fu_268">
<pin_list>
<pin id="269" dir="0" index="0" bw="4" slack="0"/>
<pin id="270" dir="0" index="1" bw="2" slack="0"/>
<pin id="271" dir="1" index="2" bw="5" slack="0"/>
</pin_list>
<bind>
<opcode="sub(10) " fcode="sub"/>
<opset="p_addr3/3 "/>
</bind>
</comp>

<comp id="274" class="1004" name="p_addr3_cast_fu_274">
<pin_list>
<pin id="275" dir="0" index="0" bw="5" slack="0"/>
<pin id="276" dir="1" index="1" bw="6" slack="0"/>
</pin_list>
<bind>
<opcode="sext(35) " fcode="sext"/>
<opset="p_addr3_cast/3 "/>
</bind>
</comp>

<comp id="278" class="1004" name="p_addr4_fu_278">
<pin_list>
<pin id="279" dir="0" index="0" bw="5" slack="0"/>
<pin id="280" dir="0" index="1" bw="2" slack="1"/>
<pin id="281" dir="1" index="2" bw="6" slack="0"/>
</pin_list>
<bind>
<opcode="add(8) " fcode="add"/>
<opset="p_addr4/3 "/>
</bind>
</comp>

<comp id="283" class="1004" name="p_addr4_cast_fu_283">
<pin_list>
<pin id="284" dir="0" index="0" bw="6" slack="0"/>
<pin id="285" dir="1" index="1" bw="32" slack="0"/>
</pin_list>
<bind>
<opcode="sext(35) " fcode="sext"/>
<opset="p_addr4_cast/3 "/>
</bind>
</comp>

<comp id="287" class="1004" name="tmp_s_fu_287">
<pin_list>
<pin id="288" dir="0" index="0" bw="6" slack="0"/>
<pin id="289" dir="1" index="1" bw="64" slack="0"/>
</pin_list>
<bind>
<opcode="zext(34) " fcode="zext"/>
<opset="tmp_s/3 "/>
</bind>
</comp>

<comp id="292" class="1004" name="tmp_5_fu_292">
<pin_list>
<pin id="293" dir="0" index="0" bw="8" slack="0"/>
<pin id="294" dir="1" index="1" bw="16" slack="0"/>
</pin_list>
<bind>
<opcode="sext(35) " fcode="sext"/>
<opset="tmp_5/4 "/>
</bind>
</comp>

<comp id="296" class="1004" name="tmp_6_fu_296">
<pin_list>
<pin id="297" dir="0" index="0" bw="8" slack="0"/>
<pin id="298" dir="1" index="1" bw="16" slack="0"/>
</pin_list>
<bind>
<opcode="sext(35) " fcode="sext"/>
<opset="tmp_6/4 "/>
</bind>
</comp>

<comp id="300" class="1004" name="j_1_fu_300">
<pin_list>
<pin id="301" dir="0" index="0" bw="2" slack="2"/>
<pin id="302" dir="0" index="1" bw="1" slack="0"/>
<pin id="303" dir="1" index="2" bw="2" slack="1"/>
</pin_list>
<bind>
<opcode="add(8) " fcode="add"/>
<opset="j_1/5 "/>
</bind>
</comp>

<comp id="305" class="1007" name="grp_fu_305">
<pin_list>
<pin id="306" dir="0" index="0" bw="8" slack="0"/>
<pin id="307" dir="0" index="1" bw="8" slack="0"/>
<pin id="308" dir="0" index="2" bw="16" slack="0"/>
<pin id="309" dir="1" index="3" bw="16" slack="0"/>
</pin_list>
<bind>
<opcode="muladd(1172) " fcode="muladd"/>
<opset="tmp_7/4 tmp_8/4 "/>
</bind>
</comp>

<comp id="314" class="1005" name="exitcond_flatten_reg_314">
<pin_list>
<pin id="315" dir="0" index="0" bw="1" slack="1"/>
<pin id="316" dir="1" index="1" bw="1" slack="2147483647"/>
</pin_list>
<bind>
<opset="exitcond_flatten "/>
</bind>
</comp>

<comp id="318" class="1005" name="indvar_flatten_next_reg_318">
<pin_list>
<pin id="319" dir="0" index="0" bw="4" slack="0"/>
<pin id="320" dir="1" index="1" bw="4" slack="0"/>
</pin_list>
<bind>
<opset="indvar_flatten_next "/>
</bind>
</comp>

<comp id="323" class="1005" name="j_mid2_reg_323">
<pin_list>
<pin id="324" dir="0" index="0" bw="2" slack="2"/>
<pin id="325" dir="1" index="1" bw="2" slack="2"/>
</pin_list>
<bind>
<opset="j_mid2 "/>
</bind>
</comp>

<comp id="328" class="1005" name="i_mid2_reg_328">
<pin_list>
<pin id="329" dir="0" index="0" bw="2" slack="0"/>
<pin id="330" dir="1" index="1" bw="2" slack="0"/>
</pin_list>
<bind>
<opset="i_mid2 "/>
</bind>
</comp>

<comp id="333" class="1005" name="tmp_2_trn6_cast_reg_333">
<pin_list>
<pin id="334" dir="0" index="0" bw="6" slack="1"/>
<pin id="335" dir="1" index="1" bw="6" slack="1"/>
</pin_list>
<bind>
<opset="tmp_2_trn6_cast "/>
</bind>
</comp>

<comp id="338" class="1005" name="p_addr7_cast_reg_338">
<pin_list>
<pin id="339" dir="0" index="0" bw="6" slack="1"/>
<pin id="340" dir="1" index="1" bw="6" slack="1"/>
</pin_list>
<bind>
<opset="p_addr7_cast "/>
</bind>
</comp>

<comp id="343" class="1005" name="res_addr_reg_343">
<pin_list>
<pin id="344" dir="0" index="0" bw="4" slack="1"/>
<pin id="345" dir="1" index="1" bw="4" slack="1"/>
</pin_list>
<bind>
<opset="res_addr "/>
</bind>
</comp>

<comp id="351" class="1005" name="k_1_reg_351">
<pin_list>
<pin id="352" dir="0" index="0" bw="2" slack="0"/>
<pin id="353" dir="1" index="1" bw="2" slack="0"/>
</pin_list>
<bind>
<opset="k_1 "/>
</bind>
</comp>

<comp id="356" class="1005" name="a_addr_reg_356">
<pin_list>
<pin id="357" dir="0" index="0" bw="4" slack="1"/>
<pin id="358" dir="1" index="1" bw="4" slack="1"/>
</pin_list>
<bind>
<opset="a_addr "/>
</bind>
</comp>

<comp id="361" class="1005" name="b_addr_reg_361">
<pin_list>
<pin id="362" dir="0" index="0" bw="4" slack="1"/>
<pin id="363" dir="1" index="1" bw="4" slack="1"/>
</pin_list>
<bind>
<opset="b_addr "/>
</bind>
</comp>

<comp id="366" class="1005" name="j_1_reg_366">
<pin_list>
<pin id="367" dir="0" index="0" bw="2" slack="1"/>
<pin id="368" dir="1" index="1" bw="2" slack="1"/>
</pin_list>
<bind>
<opset="j_1 "/>
</bind>
</comp>

</comp_list>

<net_list>
<net id="61"><net_src comp="4" pin="0"/><net_sink comp="56" pin=0"/></net>

<net id="62"><net_src comp="38" pin="0"/><net_sink comp="56" pin=1"/></net>

<net id="67"><net_src comp="40" pin="0"/><net_sink comp="63" pin=1"/></net>

<net id="68"><net_src comp="56" pin="3"/><net_sink comp="63" pin=0"/></net>

<net id="74"><net_src comp="0" pin="0"/><net_sink comp="69" pin=0"/></net>

<net id="75"><net_src comp="38" pin="0"/><net_sink comp="69" pin=1"/></net>

<net id="80"><net_src comp="69" pin="3"/><net_sink comp="76" pin=0"/></net>

<net id="86"><net_src comp="2" pin="0"/><net_sink comp="81" pin=0"/></net>

<net id="87"><net_src comp="38" pin="0"/><net_sink comp="81" pin=1"/></net>

<net id="92"><net_src comp="81" pin="3"/><net_sink comp="88" pin=0"/></net>

<net id="96"><net_src comp="12" pin="0"/><net_sink comp="93" pin=0"/></net>

<net id="103"><net_src comp="93" pin="1"/><net_sink comp="97" pin=0"/></net>

<net id="107"><net_src comp="14" pin="0"/><net_sink comp="104" pin=0"/></net>

<net id="114"><net_src comp="104" pin="1"/><net_sink comp="108" pin=0"/></net>

<net id="118"><net_src comp="14" pin="0"/><net_sink comp="115" pin=0"/></net>

<net id="125"><net_src comp="115" pin="1"/><net_sink comp="119" pin=0"/></net>

<net id="129"><net_src comp="14" pin="0"/><net_sink comp="126" pin=0"/></net>

<net id="136"><net_src comp="126" pin="1"/><net_sink comp="130" pin=0"/></net>

<net id="141"><net_src comp="97" pin="4"/><net_sink comp="137" pin=0"/></net>

<net id="142"><net_src comp="16" pin="0"/><net_sink comp="137" pin=1"/></net>

<net id="147"><net_src comp="97" pin="4"/><net_sink comp="143" pin=0"/></net>

<net id="148"><net_src comp="18" pin="0"/><net_sink comp="143" pin=1"/></net>

<net id="153"><net_src comp="119" pin="4"/><net_sink comp="149" pin=0"/></net>

<net id="154"><net_src comp="28" pin="0"/><net_sink comp="149" pin=1"/></net>

<net id="160"><net_src comp="149" pin="2"/><net_sink comp="155" pin=0"/></net>

<net id="161"><net_src comp="14" pin="0"/><net_sink comp="155" pin=1"/></net>

<net id="162"><net_src comp="119" pin="4"/><net_sink comp="155" pin=2"/></net>

<net id="167"><net_src comp="108" pin="4"/><net_sink comp="163" pin=0"/></net>

<net id="168"><net_src comp="30" pin="0"/><net_sink comp="163" pin=1"/></net>

<net id="174"><net_src comp="149" pin="2"/><net_sink comp="169" pin=0"/></net>

<net id="175"><net_src comp="163" pin="2"/><net_sink comp="169" pin=1"/></net>

<net id="176"><net_src comp="108" pin="4"/><net_sink comp="169" pin=2"/></net>

<net id="180"><net_src comp="169" pin="3"/><net_sink comp="177" pin=0"/></net>

<net id="184"><net_src comp="155" pin="3"/><net_sink comp="181" pin=0"/></net>

<net id="190"><net_src comp="36" pin="0"/><net_sink comp="185" pin=0"/></net>

<net id="191"><net_src comp="169" pin="3"/><net_sink comp="185" pin=1"/></net>

<net id="192"><net_src comp="14" pin="0"/><net_sink comp="185" pin=2"/></net>

<net id="196"><net_src comp="185" pin="3"/><net_sink comp="193" pin=0"/></net>

<net id="201"><net_src comp="193" pin="1"/><net_sink comp="197" pin=0"/></net>

<net id="202"><net_src comp="177" pin="1"/><net_sink comp="197" pin=1"/></net>

<net id="206"><net_src comp="197" pin="2"/><net_sink comp="203" pin=0"/></net>

<net id="211"><net_src comp="203" pin="1"/><net_sink comp="207" pin=0"/></net>

<net id="212"><net_src comp="181" pin="1"/><net_sink comp="207" pin=1"/></net>

<net id="216"><net_src comp="207" pin="2"/><net_sink comp="213" pin=0"/></net>

<net id="220"><net_src comp="213" pin="1"/><net_sink comp="217" pin=0"/></net>

<net id="221"><net_src comp="217" pin="1"/><net_sink comp="56" pin=2"/></net>

<net id="226"><net_src comp="130" pin="4"/><net_sink comp="222" pin=0"/></net>

<net id="227"><net_src comp="28" pin="0"/><net_sink comp="222" pin=1"/></net>

<net id="232"><net_src comp="130" pin="4"/><net_sink comp="228" pin=0"/></net>

<net id="233"><net_src comp="30" pin="0"/><net_sink comp="228" pin=1"/></net>

<net id="237"><net_src comp="130" pin="4"/><net_sink comp="234" pin=0"/></net>

<net id="241"><net_src comp="130" pin="4"/><net_sink comp="238" pin=0"/></net>

<net id="246"><net_src comp="234" pin="1"/><net_sink comp="242" pin=1"/></net>

<net id="250"><net_src comp="242" pin="2"/><net_sink comp="247" pin=0"/></net>

<net id="254"><net_src comp="247" pin="1"/><net_sink comp="251" pin=0"/></net>

<net id="255"><net_src comp="251" pin="1"/><net_sink comp="69" pin=2"/></net>

<net id="261"><net_src comp="36" pin="0"/><net_sink comp="256" pin=0"/></net>

<net id="262"><net_src comp="130" pin="4"/><net_sink comp="256" pin=1"/></net>

<net id="263"><net_src comp="14" pin="0"/><net_sink comp="256" pin=2"/></net>

<net id="267"><net_src comp="256" pin="3"/><net_sink comp="264" pin=0"/></net>

<net id="272"><net_src comp="264" pin="1"/><net_sink comp="268" pin=0"/></net>

<net id="273"><net_src comp="238" pin="1"/><net_sink comp="268" pin=1"/></net>

<net id="277"><net_src comp="268" pin="2"/><net_sink comp="274" pin=0"/></net>

<net id="282"><net_src comp="274" pin="1"/><net_sink comp="278" pin=0"/></net>

<net id="286"><net_src comp="278" pin="2"/><net_sink comp="283" pin=0"/></net>

<net id="290"><net_src comp="283" pin="1"/><net_sink comp="287" pin=0"/></net>

<net id="291"><net_src comp="287" pin="1"/><net_sink comp="81" pin=2"/></net>

<net id="295"><net_src comp="76" pin="2"/><net_sink comp="292" pin=0"/></net>

<net id="299"><net_src comp="88" pin="2"/><net_sink comp="296" pin=0"/></net>

<net id="304"><net_src comp="30" pin="0"/><net_sink comp="300" pin=1"/></net>

<net id="310"><net_src comp="296" pin="1"/><net_sink comp="305" pin=0"/></net>

<net id="311"><net_src comp="292" pin="1"/><net_sink comp="305" pin=1"/></net>

<net id="312"><net_src comp="63" pin="2"/><net_sink comp="305" pin=2"/></net>

<net id="313"><net_src comp="305" pin="3"/><net_sink comp="63" pin=1"/></net>

<net id="317"><net_src comp="137" pin="2"/><net_sink comp="314" pin=0"/></net>

<net id="321"><net_src comp="143" pin="2"/><net_sink comp="318" pin=0"/></net>

<net id="322"><net_src comp="318" pin="1"/><net_sink comp="97" pin=2"/></net>

<net id="326"><net_src comp="155" pin="3"/><net_sink comp="323" pin=0"/></net>

<net id="327"><net_src comp="323" pin="1"/><net_sink comp="300" pin=0"/></net>

<net id="331"><net_src comp="169" pin="3"/><net_sink comp="328" pin=0"/></net>

<net id="332"><net_src comp="328" pin="1"/><net_sink comp="108" pin=2"/></net>

<net id="336"><net_src comp="181" pin="1"/><net_sink comp="333" pin=0"/></net>

<net id="337"><net_src comp="333" pin="1"/><net_sink comp="278" pin=1"/></net>

<net id="341"><net_src comp="203" pin="1"/><net_sink comp="338" pin=0"/></net>

<net id="342"><net_src comp="338" pin="1"/><net_sink comp="242" pin=0"/></net>

<net id="346"><net_src comp="56" pin="3"/><net_sink comp="343" pin=0"/></net>

<net id="347"><net_src comp="343" pin="1"/><net_sink comp="63" pin=0"/></net>

<net id="354"><net_src comp="228" pin="2"/><net_sink comp="351" pin=0"/></net>

<net id="355"><net_src comp="351" pin="1"/><net_sink comp="130" pin=2"/></net>

<net id="359"><net_src comp="69" pin="3"/><net_sink comp="356" pin=0"/></net>

<net id="360"><net_src comp="356" pin="1"/><net_sink comp="76" pin=0"/></net>

<net id="364"><net_src comp="81" pin="3"/><net_sink comp="361" pin=0"/></net>

<net id="365"><net_src comp="361" pin="1"/><net_sink comp="88" pin=0"/></net>

<net id="369"><net_src comp="300" pin="2"/><net_sink comp="366" pin=0"/></net>

<net id="370"><net_src comp="366" pin="1"/><net_sink comp="119" pin=2"/></net>

</net_list>

</model> 
---------------- Datapath Model END ------------------

* FSMD analyzer results:
  - Output states:
  - Chain level:
	State 1
	State 2
		exitcond_flatten : 1
		indvar_flatten_next : 1
		stg_16 : 2
		exitcond1 : 1
		j_mid2 : 2
		i_s : 1
		i_mid2 : 2
		tmp_trn5_cast : 3
		tmp_2_trn6_cast : 3
		tmp : 3
		p_shl_cast : 4
		p_addr7 : 5
		p_addr7_cast : 6
		p_addr8 : 7
		p_addr8_cast : 8
		tmp_1 : 9
		res_addr : 10
		stg_35 : 11
	State 3
		exitcond : 1
		k_1 : 1
		stg_41 : 2
		tmp_4_trn_cast1 : 1
		tmp_4_trn_cast : 1
		p_addr1 : 2
		p_addr1_cast : 3
		tmp_2 : 4
		a_addr : 5
		a_load : 6
		tmp_4 : 1
		p_shl9_cast : 2
		p_addr3 : 3
		p_addr3_cast : 4
		p_addr4 : 5
		p_addr4_cast : 6
		tmp_s : 7
		b_addr : 8
		b_load : 9
	State 4
		tmp_5 : 1
		tmp_6 : 1
		tmp_7 : 2
		tmp_8 : 3
		stg_70 : 4
		empty_2 : 1
	State 5


============================================================
+ Verbose Summary: Datapath Resource usage 
============================================================

* Functional unit list:
|----------|----------------------------|---------|---------|---------|
| Operation|       Functional Unit      |  DSP48E |    FF   |   LUT   |
|----------|----------------------------|---------|---------|---------|
|          | indvar_flatten_next_fu_143 |    0    |    0    |    4    |
|          |         i_s_fu_163         |    0    |    0    |    2    |
|          |       p_addr8_fu_207       |    0    |    0    |    5    |
|    add   |         k_1_fu_228         |    0    |    0    |    2    |
|          |       p_addr1_fu_242       |    0    |    0    |    5    |
|          |       p_addr4_fu_278       |    0    |    0    |    5    |
|          |         j_1_fu_300         |    0    |    0    |    2    |
|----------|----------------------------|---------|---------|---------|
|    sub   |       p_addr7_fu_197       |    0    |    0    |    4    |
|          |       p_addr3_fu_268       |    0    |    0    |    4    |
|----------|----------------------------|---------|---------|---------|
|          |   exitcond_flatten_fu_137  |    0    |    0    |    2    |
|   icmp   |      exitcond1_fu_149      |    0    |    0    |    1    |
|          |       exitcond_fu_222      |    0    |    0    |    1    |
|----------|----------------------------|---------|---------|---------|
|  select  |        j_mid2_fu_155       |    0    |    0    |    2    |
|          |        i_mid2_fu_169       |    0    |    0    |    2    |
|----------|----------------------------|---------|---------|---------|
|  muladd  |         grp_fu_305         |    1    |    0    |    0    |
|----------|----------------------------|---------|---------|---------|
|          |    tmp_trn5_cast_fu_177    |    0    |    0    |    0    |
|          |   tmp_2_trn6_cast_fu_181   |    0    |    0    |    0    |
|          |      p_shl_cast_fu_193     |    0    |    0    |    0    |
|          |        tmp_1_fu_217        |    0    |    0    |    0    |
|   zext   |   tmp_4_trn_cast1_fu_234   |    0    |    0    |    0    |
|          |    tmp_4_trn_cast_fu_238   |    0    |    0    |    0    |
|          |        tmp_2_fu_251        |    0    |    0    |    0    |
|          |     p_shl9_cast_fu_264     |    0    |    0    |    0    |
|          |        tmp_s_fu_287        |    0    |    0    |    0    |
|----------|----------------------------|---------|---------|---------|
|bitconcatenate|         tmp_fu_185         |    0    |    0    |    0    |
|          |        tmp_4_fu_256        |    0    |    0    |    0    |
|----------|----------------------------|---------|---------|---------|
|          |     p_addr7_cast_fu_203    |    0    |    0    |    0    |
|          |     p_addr8_cast_fu_213    |    0    |    0    |    0    |
|          |     p_addr1_cast_fu_247    |    0    |    0    |    0    |
|   sext   |     p_addr3_cast_fu_274    |    0    |    0    |    0    |
|          |     p_addr4_cast_fu_283    |    0    |    0    |    0    |
|          |        tmp_5_fu_292        |    0    |    0    |    0    |
|          |        tmp_6_fu_296        |    0    |    0    |    0    |
|----------|----------------------------|---------|---------|---------|
|   Total  |                            |    1    |    0    |    41   |
|----------|----------------------------|---------|---------|---------|

Memories:
N/A

* Register list:
+---------------------------+--------+
|                           |   FF   |
+---------------------------+--------+
|       a_addr_reg_356      |    4   |
|       b_addr_reg_361      |    4   |
|  exitcond_flatten_reg_314 |    1   |
|       i_mid2_reg_328      |    2   |
|         i_reg_104         |    2   |
|indvar_flatten_next_reg_318|    4   |
|   indvar_flatten_reg_93   |    4   |
|        j_1_reg_366        |    2   |
|       j_mid2_reg_323      |    2   |
|         j_reg_115         |    2   |
|        k_1_reg_351        |    2   |
|         k_reg_126         |    2   |
|    p_addr7_cast_reg_338   |    6   |
|      res_addr_reg_343     |    4   |
|  tmp_2_trn6_cast_reg_333  |    6   |
+---------------------------+--------+
|           Total           |   47   |
+---------------------------+--------+

* Multiplexer (MUX) list: 
|------------------|------|------|------|--------||---------||---------|
|       Comp       |  Pin | Size |  BW  | S x BW ||  Delay  ||   LUT   |
|------------------|------|------|------|--------||---------||---------|
| grp_access_fu_63 |  p0  |   2  |   4  |    8   ||    4    |
| grp_access_fu_63 |  p1  |   2  |  16  |   32   ||    16   |
| grp_access_fu_76 |  p0  |   2  |   4  |    8   ||    4    |
| grp_access_fu_88 |  p0  |   2  |   4  |    8   ||    4    |
|------------------|------|------|------|--------||---------||---------|
|       Total      |      |      |      |   56   ||   4.34  ||    28   |
|------------------|------|------|------|--------||---------||---------|



* Summary:
+-----------+--------+--------+--------+--------+
|           | DSP48E |  Delay |   FF   |   LUT  |
+-----------+--------+--------+--------+--------+
|  Function |    1   |    -   |    0   |   41   |
|   Memory  |    -   |    -   |    -   |    -   |
|Multiplexer|    -   |    4   |    -   |   28   |
|  Register |    -   |    -   |   47   |    -   |
+-----------+--------+--------+--------+--------+
|   Total   |    1   |    4   |   47   |   69   |
+-----------+--------+--------+--------+--------+
