

================================================================
== Vivado HLS Report for 'dct'
================================================================
* Date:           Mon Aug 10 14:23:08 2015

* Version:        2015.2 (Build 1266856 on Fri Jun 26 16:57:37 PM 2015)
* Project:        dct_prj
* Solution:       solution6
* Product family: kintex7
* Target device:  xc7k160tfbg484-1


================================================================
== Performance Estimates
================================================================
+ Timing (ns): 
    * Summary: 
    +--------+-------+----------+------------+
    |  Clock | Target| Estimated| Uncertainty|
    +--------+-------+----------+------------+
    |ap_clk  |   8.00|      8.93|        1.00|
    +--------+-------+----------+------------+

+ Latency (clock cycles): 
    * Summary: 
    +-----+-----+-----+-----+----------+
    |  Latency  |  Interval | Pipeline |
    | min | max | min | max |   Type   |
    +-----+-----+-----+-----+----------+
    |  407|  407|   70|   70| dataflow |
    +-----+-----+-----+-----+----------+

    + Detail: 
        * Instance: 
        N/A

        * Loop: 
        N/A



================================================================
== Utilization Estimates
================================================================
* Summary: 
+-----------------+---------+-------+--------+--------+
|       Name      | BRAM_18K| DSP48E|   FF   |   LUT  |
+-----------------+---------+-------+--------+--------+
|Expression       |        -|      -|       -|       -|
|FIFO             |        -|      -|       -|       -|
|Instance         |        -|      -|       -|       -|
|Memory           |        -|      -|       -|       -|
|Multiplexer      |        -|      -|       -|       -|
|Register         |        -|      -|       -|       -|
+-----------------+---------+-------+--------+--------+
|Total            |        0|      0|       0|       0|
+-----------------+---------+-------+--------+--------+
|Available        |      650|    600|  202800|  101400|
+-----------------+---------+-------+--------+--------+
|Utilization (%)  |        0|      0|       0|       0|
+-----------------+---------+-------+--------+--------+

+ Detail: 
    * Instance: 
    N/A

    * Memory: 
    N/A

    * FIFO: 
    N/A

    * Expression: 
    N/A

    * Multiplexer: 
    N/A

    * Register: 
    N/A



================================================================
== Interface
================================================================
* Summary: 
N/A

============================================================
+ Verbose Summary: Synthesis Manager
============================================================
InlineROM: 1
ExposeGlobal: 0
============================================================
+ Verbose Summary: CDFG Model
============================================================
IsTopModel: 1
ResetActiveHigh: 1
IsCombinational: 2
IsDatapathOnly: 0
HasWiredReturn: 1
HasMFsm: 0
HasVarLatency: 1
IsPipeline: 0
IsRtlPipelined: 0
IsInstanceOverlapped: 0
IsDontTouch: 0
HasImplIP: 0
IsGatedGlobalClock: 0


============================================================
+ Verbose Summary: Schedule
============================================================
* Number of FSM states: 12
* Pipeline: 0
* Dataflow Pipeline: 1
  DF-Pipeline-0: Size = 12, States = { 1 2 3 4 5 6 7 8 9 10 11 12 }

* FSM state transitions: 
1 --> 
	2  / true
2 --> 
	3  / true
3 --> 
	4  / true
4 --> 
	5  / true
5 --> 
	6  / true
6 --> 
	7  / true
7 --> 
	8  / true
8 --> 
	9  / true
9 --> 
	10  / true
10 --> 
	11  / true
11 --> 
	12  / true
12 --> 
* FSM state operations: 

 <State 1>: 0.00ns
ST_1: row_outbuf_i [1/1] 0.00ns
codeRepl:3  %row_outbuf_i = alloca [64 x i16], align 2

ST_1: col_outbuf_i [1/1] 0.00ns
codeRepl:4  %col_outbuf_i = alloca [64 x i16], align 2

ST_1: col_inbuf_0 [1/1] 0.00ns
codeRepl:5  %col_inbuf_0 = alloca [8 x i16], align 2

ST_1: col_inbuf_1 [1/1] 0.00ns
codeRepl:6  %col_inbuf_1 = alloca [8 x i16], align 2

ST_1: col_inbuf_2 [1/1] 0.00ns
codeRepl:7  %col_inbuf_2 = alloca [8 x i16], align 2

ST_1: col_inbuf_3 [1/1] 0.00ns
codeRepl:8  %col_inbuf_3 = alloca [8 x i16], align 2

ST_1: col_inbuf_4 [1/1] 0.00ns
codeRepl:9  %col_inbuf_4 = alloca [8 x i16], align 2

ST_1: col_inbuf_5 [1/1] 0.00ns
codeRepl:10  %col_inbuf_5 = alloca [8 x i16], align 2

ST_1: col_inbuf_6 [1/1] 0.00ns
codeRepl:11  %col_inbuf_6 = alloca [8 x i16], align 2

ST_1: col_inbuf_7 [1/1] 0.00ns
codeRepl:12  %col_inbuf_7 = alloca [8 x i16], align 2

ST_1: buf_2d_in_0 [1/1] 0.00ns
codeRepl:14  %buf_2d_in_0 = alloca [8 x i16], align 2

ST_1: buf_2d_in_1 [1/1] 0.00ns
codeRepl:15  %buf_2d_in_1 = alloca [8 x i16], align 2

ST_1: buf_2d_in_2 [1/1] 0.00ns
codeRepl:16  %buf_2d_in_2 = alloca [8 x i16], align 2

ST_1: buf_2d_in_3 [1/1] 0.00ns
codeRepl:17  %buf_2d_in_3 = alloca [8 x i16], align 2

ST_1: buf_2d_in_4 [1/1] 0.00ns
codeRepl:18  %buf_2d_in_4 = alloca [8 x i16], align 2

ST_1: buf_2d_in_5 [1/1] 0.00ns
codeRepl:19  %buf_2d_in_5 = alloca [8 x i16], align 2

ST_1: buf_2d_in_6 [1/1] 0.00ns
codeRepl:20  %buf_2d_in_6 = alloca [8 x i16], align 2

ST_1: buf_2d_in_7 [1/1] 0.00ns
codeRepl:21  %buf_2d_in_7 = alloca [8 x i16], align 2

ST_1: buf_2d_out [1/1] 0.00ns
codeRepl:22  %buf_2d_out = alloca [64 x i16], align 2

ST_1: stg_32 [2/2] 0.00ns
codeRepl:23  call fastcc void @dct_read_data([64 x i16]* %input_r, [8 x i16]* %buf_2d_in_0, [8 x i16]* %buf_2d_in_1, [8 x i16]* %buf_2d_in_2, [8 x i16]* %buf_2d_in_3, [8 x i16]* %buf_2d_in_4, [8 x i16]* %buf_2d_in_5, [8 x i16]* %buf_2d_in_6, [8 x i16]* %buf_2d_in_7) nounwind


 <State 2>: 0.00ns
ST_2: stg_33 [1/2] 0.00ns
codeRepl:23  call fastcc void @dct_read_data([64 x i16]* %input_r, [8 x i16]* %buf_2d_in_0, [8 x i16]* %buf_2d_in_1, [8 x i16]* %buf_2d_in_2, [8 x i16]* %buf_2d_in_3, [8 x i16]* %buf_2d_in_4, [8 x i16]* %buf_2d_in_5, [8 x i16]* %buf_2d_in_6, [8 x i16]* %buf_2d_in_7) nounwind


 <State 3>: 0.00ns
ST_3: stg_34 [2/2] 0.00ns
codeRepl:24  call fastcc void @dct_Loop_Row_DCT_Loop_proc([8 x i16]* nocapture %buf_2d_in_0, [8 x i16]* nocapture %buf_2d_in_1, [8 x i16]* nocapture %buf_2d_in_2, [8 x i16]* nocapture %buf_2d_in_3, [8 x i16]* nocapture %buf_2d_in_4, [8 x i16]* nocapture %buf_2d_in_5, [8 x i16]* nocapture %buf_2d_in_6, [8 x i16]* nocapture %buf_2d_in_7, [64 x i16]* nocapture %row_outbuf_i) nounwind


 <State 4>: 0.00ns
ST_4: stg_35 [1/2] 0.00ns
codeRepl:24  call fastcc void @dct_Loop_Row_DCT_Loop_proc([8 x i16]* nocapture %buf_2d_in_0, [8 x i16]* nocapture %buf_2d_in_1, [8 x i16]* nocapture %buf_2d_in_2, [8 x i16]* nocapture %buf_2d_in_3, [8 x i16]* nocapture %buf_2d_in_4, [8 x i16]* nocapture %buf_2d_in_5, [8 x i16]* nocapture %buf_2d_in_6, [8 x i16]* nocapture %buf_2d_in_7, [64 x i16]* nocapture %row_outbuf_i) nounwind


 <State 5>: 0.00ns
ST_5: stg_36 [2/2] 0.00ns
codeRepl:25  call fastcc void @dct_Loop_Xpose_Row_Outer_Loop_proc([64 x i16]* nocapture %row_outbuf_i, [8 x i16]* nocapture %col_inbuf_0, [8 x i16]* nocapture %col_inbuf_1, [8 x i16]* nocapture %col_inbuf_2, [8 x i16]* nocapture %col_inbuf_3, [8 x i16]* nocapture %col_inbuf_4, [8 x i16]* nocapture %col_inbuf_5, [8 x i16]* nocapture %col_inbuf_6, [8 x i16]* nocapture %col_inbuf_7) nounwind


 <State 6>: 0.00ns
ST_6: stg_37 [1/2] 0.00ns
codeRepl:25  call fastcc void @dct_Loop_Xpose_Row_Outer_Loop_proc([64 x i16]* nocapture %row_outbuf_i, [8 x i16]* nocapture %col_inbuf_0, [8 x i16]* nocapture %col_inbuf_1, [8 x i16]* nocapture %col_inbuf_2, [8 x i16]* nocapture %col_inbuf_3, [8 x i16]* nocapture %col_inbuf_4, [8 x i16]* nocapture %col_inbuf_5, [8 x i16]* nocapture %col_inbuf_6, [8 x i16]* nocapture %col_inbuf_7) nounwind


 <State 7>: 0.00ns
ST_7: stg_38 [2/2] 0.00ns
codeRepl:26  call fastcc void @dct_Loop_Col_DCT_Loop_proc([8 x i16]* nocapture %col_inbuf_0, [8 x i16]* nocapture %col_inbuf_1, [8 x i16]* nocapture %col_inbuf_2, [8 x i16]* nocapture %col_inbuf_3, [8 x i16]* nocapture %col_inbuf_4, [8 x i16]* nocapture %col_inbuf_5, [8 x i16]* nocapture %col_inbuf_6, [8 x i16]* nocapture %col_inbuf_7, [64 x i16]* nocapture %col_outbuf_i) nounwind


 <State 8>: 0.00ns
ST_8: stg_39 [1/2] 0.00ns
codeRepl:26  call fastcc void @dct_Loop_Col_DCT_Loop_proc([8 x i16]* nocapture %col_inbuf_0, [8 x i16]* nocapture %col_inbuf_1, [8 x i16]* nocapture %col_inbuf_2, [8 x i16]* nocapture %col_inbuf_3, [8 x i16]* nocapture %col_inbuf_4, [8 x i16]* nocapture %col_inbuf_5, [8 x i16]* nocapture %col_inbuf_6, [8 x i16]* nocapture %col_inbuf_7, [64 x i16]* nocapture %col_outbuf_i) nounwind


 <State 9>: 0.00ns
ST_9: stg_40 [2/2] 0.00ns
codeRepl:27  call fastcc void @dct_Loop_Xpose_Col_Outer_Loop_proc([64 x i16]* nocapture %col_outbuf_i, [64 x i16]* nocapture %buf_2d_out) nounwind


 <State 10>: 0.00ns
ST_10: stg_41 [1/2] 0.00ns
codeRepl:27  call fastcc void @dct_Loop_Xpose_Col_Outer_Loop_proc([64 x i16]* nocapture %col_outbuf_i, [64 x i16]* nocapture %buf_2d_out) nounwind


 <State 11>: 0.00ns
ST_11: stg_42 [2/2] 0.00ns
codeRepl:28  call fastcc void @dct_write_data([64 x i16]* nocapture %buf_2d_out, [64 x i16]* nocapture %output_r) nounwind


 <State 12>: 0.00ns
ST_12: stg_43 [1/1] 0.00ns
codeRepl:0  call void (...)* @_ssdm_op_SpecDataflowPipeline(i32 -1, [1 x i8]* @p_str1) nounwind

ST_12: stg_44 [1/1] 0.00ns
codeRepl:1  call void (...)* @_ssdm_op_SpecBitsMap([64 x i16]* %input_r) nounwind, !map !7

ST_12: stg_45 [1/1] 0.00ns
codeRepl:2  call void (...)* @_ssdm_op_SpecBitsMap([64 x i16]* %output_r) nounwind, !map !13

ST_12: stg_46 [1/1] 0.00ns
codeRepl:13  call void (...)* @_ssdm_op_SpecTopModule([4 x i8]* @dct_str) nounwind

ST_12: stg_47 [1/2] 0.00ns
codeRepl:28  call fastcc void @dct_write_data([64 x i16]* nocapture %buf_2d_out, [64 x i16]* nocapture %output_r) nounwind

ST_12: stg_48 [1/1] 0.00ns
codeRepl:29  ret void



============================================================
+ Verbose Summary: Binding
============================================================
N/A
* FSMD analyzer results:
  - Output states:
  - Chain level:
	State 1
	State 2
	State 3
	State 4
	State 5
	State 6
	State 7
	State 8
	State 9
	State 10
	State 11
	State 12


============================================================
+ Verbose Summary: Datapath Resource usage 
============================================================
N/A
