==============================================================
File generated by Vivado(TM) HLS - High-Level Synthesis from C, C++ and SystemC
Version: 2015.2
Copyright (C) 2015 Xilinx Inc. All rights reserved.

==============================================================

@I [LIC-101] Checked out feature [HLS]
@I [HLS-10] Setting target device to 'xc7k160tfbg484-1'
@I [SYN-201] Setting up clock 'default' with a period of 13.3333ns.
@I [HLS-10] Analyzing design file 'matrixmul.cpp' ... 
@I [HLS-10] Validating synthesis directives ...
@I [HLS-10] Starting code transformations ...
@I [HLS-10] Checking synthesizability ...
@E [SYNCHK-91] Port 'res' (matrixmul.cpp:48) of function 'matrixmul' cannot be set to a FIFO 
               as it has both write (matrixmul.cpp:60:13) and read (matrixmul.cpp:60:13) operations.
@I [SYNCHK-10] 1 error(s), 0 warning(s).
@E [HLS-70] Synthesizability check failed.
@I [HLS-111] Elapsed time: 10.354 seconds; current memory usage: 58.2 MB.
command 'ap_source' returned error code
    while executing
"source D:/opt/source/Vivado/Vivado_HLS_Tutorial/Design_Optimization/lab1/matrixmul_prj/solution5/csynth.tcl"
    invoked from within
"hls::main D:/opt/source/Vivado/Vivado_HLS_Tutorial/Design_Optimization/lab1/matrixmul_prj/solution5/csynth.tcl"
    ("uplevel" body line 1)
    invoked from within
"uplevel 1 hls::main {*}$args"
    (procedure "hls_proc" line 5)
    invoked from within
"hls_proc $argv"
@I [HLS-112] Total elapsed time: 10.398 seconds; peak memory usage: 58.3 MB.
@I [LIC-101] Checked in feature [HLS]
