@I [HLS-0] Workspace D:/opt/source/Vivado/Vivado_HLS_Tutorial/Interface_Synthesis/lab3/array_io_prj/solution1 opened at Sat Aug 08 15:21:26 +0800 2015
@I [HLS-100] Command "config_clock -quiet -name default -period 4 -default=false "
@I [SYN-201] Setting up clock 'default' with a period of 4ns.
@I [HLS-100] Command 'config_clock' returned 0; elapsed 0Total elapsed time: 1.394 sec.
@I [HLS-100] Command "open_platform DefaultPlatform "
@I [HLS-100] Command 'open_platform' returned 0; elapsed 0Total elapsed time: 1.395 sec.
@I [HLS-100] Command "import_lib C:/opt/winprog/Xilinx/Vivado_HLS/2015.2/common/technology/xilinx/kintex7/kintex7 "
@I [HLS-100] Command "source C:/opt/winprog/Xilinx/Vivado_HLS/2015.2/common/technology/xilinx/common/xilinx.lib "
@I [HLS-100] Command "source C:/opt/winprog/Xilinx/Vivado_HLS/2015.2/common/technology/xilinx/interface/xilinx_interface.lib "
@I [HLS-100] Command "source C:/opt/winprog/Xilinx/Vivado_HLS/2015.2/common/technology/xilinx/interface/plb46.lib "
@I [HLS-100] Command 'ap_source' returned 0; elapsed 0.001Total elapsed time: 1.399 sec.
@I [HLS-100] Command "source C:/opt/winprog/Xilinx/Vivado_HLS/2015.2/common/technology/xilinx/interface/fsl.lib "
@I [HLS-100] Command 'ap_source' returned 0; elapsed 0Total elapsed time: 1.399 sec.
@I [HLS-100] Command "source C:/opt/winprog/Xilinx/Vivado_HLS/2015.2/common/technology/xilinx/interface/axi4.lib "
@I [HLS-100] Command 'ap_source' returned 0; elapsed 0.001Total elapsed time: 1.400 sec.
@I [HLS-100] Command "source C:/opt/winprog/Xilinx/Vivado_HLS/2015.2/common/technology/xilinx/interface/maxi.lib "
@I [HLS-100] Command 'ap_source' returned 0; elapsed 0Total elapsed time: 1.400 sec.
@I [HLS-100] Command "source C:/opt/winprog/Xilinx/Vivado_HLS/2015.2/common/technology/xilinx/interface/saxilite.lib "
@I [HLS-100] Command 'ap_source' returned 0; elapsed 0Total elapsed time: 1.400 sec.
@I [HLS-100] Command 'ap_source' returned 0; elapsed 0.003Total elapsed time: 1.400 sec.
@I [HLS-100] Command "source C:/opt/winprog/Xilinx/Vivado_HLS/2015.2/common/technology/xilinx/common/dsp48.lib "
@I [HLS-100] Command 'ap_source' returned 0; elapsed 0.001Total elapsed time: 1.401 sec.
@I [HLS-100] Command "source C:/opt/winprog/Xilinx/Vivado_HLS/2015.2/common/technology/xilinx/ip/dds_compiler.lib "
@I [HLS-100] Command 'ap_source' returned 0; elapsed 0.001Total elapsed time: 1.402 sec.
@I [HLS-100] Command "source C:/opt/winprog/Xilinx/Vivado_HLS/2015.2/common/technology/xilinx/ip/xfft.lib "
@I [HLS-100] Command 'ap_source' returned 0; elapsed 0Total elapsed time: 1.402 sec.
@I [HLS-100] Command "source C:/opt/winprog/Xilinx/Vivado_HLS/2015.2/common/technology/xilinx/ip/xfir.lib "
@I [HLS-100] Command 'ap_source' returned 0; elapsed 0Total elapsed time: 1.402 sec.
@I [HLS-100] Command 'ap_source' returned 0; elapsed 0.007Total elapsed time: 1.404 sec.
@I [HLS-100] Command "source C:/opt/winprog/Xilinx/Vivado_HLS/2015.2/common/technology/xilinx/common/xilinx_old.lib "
@I [HLS-100] Command 'ap_source' returned 0; elapsed 0Total elapsed time: 1.405 sec.
@I [HLS-100] Command "source C:/opt/winprog/Xilinx/Vivado_HLS/2015.2/common/technology/xilinx/common/xilinx_vivado.lib "
@I [HLS-100] Command 'ap_source' returned 0; elapsed 0.001Total elapsed time: 1.406 sec.
@I [HLS-100] Command "source C:/opt/winprog/Xilinx/Vivado_HLS/2015.2/common/technology/xilinx/common/xilinx.hlp "
@I [HLS-100] Command "source C:/opt/winprog/Xilinx/Vivado_HLS/2015.2/common/technology/xilinx/common/target_info.tcl "
@I [HLS-100] Command 'ap_source' returned 0; elapsed 0.002Total elapsed time: 1.412 sec.
@I [HLS-100] Command "source C:/opt/winprog/Xilinx/Vivado_HLS/2015.2/common/technology/xilinx/interface/xilinx_interface.hlp "
@I [HLS-100] Command "source C:/opt/winprog/Xilinx/Vivado_HLS/2015.2/common/technology/xilinx/interface/maxi.hlp "
@I [HLS-100] Command 'ap_source' returned 0; elapsed 0.001Total elapsed time: 1.413 sec.
@I [HLS-100] Command "source C:/opt/winprog/Xilinx/Vivado_HLS/2015.2/common/technology/xilinx/interface/saxilite.hlp "
@I [HLS-100] Command 'ap_source' returned 0; elapsed 0Total elapsed time: 1.413 sec.
@I [HLS-100] Command 'ap_source' returned 0; elapsed 0.001Total elapsed time: 1.413 sec.
@I [HLS-100] Command "source C:/opt/winprog/Xilinx/Vivado_HLS/2015.2/common/technology/xilinx/common/dsp48.hlp "
@I [HLS-100] Command 'ap_source' returned 0; elapsed 0.002Total elapsed time: 1.415 sec.
@I [HLS-100] Command 'ap_source' returned 0; elapsed 0.006Total elapsed time: 1.415 sec.
@I [HLS-100] Command "source C:/opt/winprog/Xilinx/Vivado_HLS/2015.2/common/technology/xilinx/kintex7/dsp48e1.hlp "
@I [HLS-100] Command 'ap_source' returned 0; elapsed 0.001Total elapsed time: 1.416 sec.
@I [HLS-100] Command "get_default_platform "
@I [HLS-100] Command 'get_default_platform' returned 0; elapsed 0Total elapsed time: 1.416 sec.
@I [HLS-100] Command "config_chip_info -quiet -resource  {SLICE 50950} {LUT 203800}    {FF 407600} {DSP48E 840}    {BRAM 890}  "
@I [HLS-100] Command 'config_chip_info' returned 0; elapsed 0Total elapsed time: 1.416 sec.
@I [HLS-100] Command "config_chip_info -quiet -speed medium "
@I [HLS-100] Command 'config_chip_info' returned 0; elapsed 0Total elapsed time: 1.416 sec.
@I [HLS-100] Command 'import_lib' returned 0; elapsed 0.022Total elapsed time: 1.418 sec.
@I [HLS-100] Command "source C:/opt/winprog/Xilinx/Vivado_HLS/2015.2/common/technology/xilinx/kintex7/kintex7.gen "
@I [HLS-100] Command "source C:/opt/winprog/Xilinx/Vivado_HLS/2015.2/common/technology/xilinx/common/virtex.gen "
@I [HLS-100] Command "source C:/opt/winprog/Xilinx/Vivado_HLS/2015.2/common/technology/xilinx/common/xilinx.gen "
@I [HLS-100] Command "source C:/opt/winprog/Xilinx/Vivado_HLS/2015.2/common/technology/xilinx/interface/plb46.gen "
@I [HLS-100] Command 'ap_source' returned 0; elapsed 0.002Total elapsed time: 1.422 sec.
@I [HLS-100] Command "source C:/opt/winprog/Xilinx/Vivado_HLS/2015.2/common/technology/xilinx/interface/fsl.gen "
@I [HLS-100] Command 'ap_source' returned 0; elapsed 0Total elapsed time: 1.422 sec.
@I [HLS-100] Command "source C:/opt/winprog/Xilinx/Vivado_HLS/2015.2/common/technology/xilinx/interface/axi4.gen "
@I [HLS-100] Command 'ap_source' returned 0; elapsed 0.004Total elapsed time: 1.426 sec.
@I [HLS-100] Command "source C:/opt/winprog/Xilinx/Vivado_HLS/2015.2/common/technology/xilinx/interface/nativeAXI4.gen "
@I [HLS-100] Command "source C:/opt/winprog/Xilinx/Vivado_HLS/2015.2/common/technology/xilinx/interface/saxilite.gen "
@I [HLS-100] Command 'ap_source' returned 0; elapsed 0.005Total elapsed time: 1.431 sec.
@I [HLS-100] Command "source C:/opt/winprog/Xilinx/Vivado_HLS/2015.2/common/technology/xilinx/interface/maxi.gen "
@I [HLS-100] Command 'ap_source' returned 0; elapsed 0.011Total elapsed time: 1.442 sec.
@I [HLS-100] Command 'ap_source' returned 0; elapsed 0.016Total elapsed time: 1.442 sec.
@I [HLS-100] Command "source C:/opt/winprog/Xilinx/Vivado_HLS/2015.2/common/technology/xilinx/scripts/xilinxcoregen.gen "
@I [HLS-100] Command 'ap_source' returned 0; elapsed 0.015Total elapsed time: 1.457 sec.
@I [HLS-100] Command "source C:/opt/winprog/Xilinx/Vivado_HLS/2015.2/common/technology/xilinx/interface/XilEDKCoreGen.gen "
@I [HLS-100] Command 'ap_source' returned 0; elapsed 0.013Total elapsed time: 1.470 sec.
@I [HLS-100] Command "source C:/opt/winprog/Xilinx/Vivado_HLS/2015.2/common/technology/xilinx/ip/dds_compiler.gen "
@I [HLS-100] Command 'ap_source' returned 0; elapsed 0.005Total elapsed time: 1.475 sec.
@I [HLS-100] Command "source C:/opt/winprog/Xilinx/Vivado_HLS/2015.2/common/technology/xilinx/ip/util.gen "
@I [HLS-100] Command 'ap_source' returned 0; elapsed 0.001Total elapsed time: 1.476 sec.
@I [HLS-100] Command "source C:/opt/winprog/Xilinx/Vivado_HLS/2015.2/common/technology/xilinx/ip/xfft.gen "
@I [HLS-100] Command 'ap_source' returned 0; elapsed 0.151Total elapsed time: 1.627 sec.
@I [HLS-100] Command "source C:/opt/winprog/Xilinx/Vivado_HLS/2015.2/common/technology/xilinx/ip/xfir.gen "
@I [HLS-100] Command "source C:/opt/winprog/Xilinx/Vivado_HLS/2015.2/tps/tcl/tcllib1.11.1/struct/list.tcl "
@I [HLS-100] Command "source C:/opt/winprog/Xilinx/Vivado_HLS/2015.2/tps/tcl/tcllib1.11.1/cmdline/cmdline.tcl "
@I [HLS-100] Command 'ap_source' returned 0; elapsed 0.002Total elapsed time: 1.689 sec.
@I [HLS-100] Command 'ap_source' returned 0; elapsed 0.041Total elapsed time: 1.690 sec.
@I [HLS-100] Command "source C:/opt/winprog/Xilinx/Vivado_HLS/2015.2/tps/tcl/tcllib1.11.1/math/bignum.tcl "
@I [HLS-100] Command 'ap_source' returned 0; elapsed 0.023Total elapsed time: 1.721 sec.
@I [HLS-100] Command 'ap_source' returned 0; elapsed 0.103Total elapsed time: 1.730 sec.
@I [HLS-100] Command 'ap_source' returned 0; elapsed 0.311Total elapsed time: 1.730 sec.
@I [HLS-100] Command "source C:/opt/winprog/Xilinx/Vivado_HLS/2015.2/common/technology/xilinx/common/dsp48.gen "
@I [HLS-100] Command 'ap_source' returned 0; elapsed 0.001Total elapsed time: 1.732 sec.
@I [HLS-100] Command 'ap_source' returned 0; elapsed 0.313Total elapsed time: 1.732 sec.
@I [HLS-100] Command 'ap_source' returned 0; elapsed 0.314Total elapsed time: 1.732 sec.
@I [HLS-100] Command "open_platform DefaultPlatform "
@I [HLS-100] Command 'open_platform' returned 0; elapsed 0Total elapsed time: 1.732 sec.
@I [HLS-100] Command "import_lib C:/opt/winprog/Xilinx/Vivado_HLS/2015.2/common/technology/xilinx/kintex7/kintex7_fpv6 "
@I [HLS-100] Command "source C:/opt/winprog/Xilinx/Vivado_HLS/2015.2/common/technology/xilinx/common/xilinx_fpv7.lib "
@I [HLS-100] Command 'ap_source' returned 0; elapsed 0.003Total elapsed time: 1.736 sec.
@I [HLS-100] Command "source C:/opt/winprog/Xilinx/Vivado_HLS/2015.2/common/technology/xilinx/common/xilinx_fpv.hlp "
@I [HLS-100] Command "source C:/opt/winprog/Xilinx/Vivado_HLS/2015.2/common/technology/xilinx/common/xilinx.hlp "
@I [HLS-100] Command "source C:/opt/winprog/Xilinx/Vivado_HLS/2015.2/common/technology/xilinx/common/target_info.tcl "
@I [HLS-100] Command 'ap_source' returned 0; elapsed 0.002Total elapsed time: 1.746 sec.
@I [HLS-100] Command "source C:/opt/winprog/Xilinx/Vivado_HLS/2015.2/common/technology/xilinx/interface/xilinx_interface.hlp "
@I [HLS-100] Command "source C:/opt/winprog/Xilinx/Vivado_HLS/2015.2/common/technology/xilinx/interface/maxi.hlp "
@I [HLS-100] Command 'ap_source' returned 0; elapsed 0Total elapsed time: 1.746 sec.
@I [HLS-100] Command "source C:/opt/winprog/Xilinx/Vivado_HLS/2015.2/common/technology/xilinx/interface/saxilite.hlp "
@I [HLS-100] Command 'ap_source' returned 0; elapsed 0.001Total elapsed time: 1.747 sec.
@I [HLS-100] Command 'ap_source' returned 0; elapsed 0.001Total elapsed time: 1.747 sec.
@I [HLS-100] Command "source C:/opt/winprog/Xilinx/Vivado_HLS/2015.2/common/technology/xilinx/common/dsp48.hlp "
@I [HLS-100] Command 'ap_source' returned 0; elapsed 0.001Total elapsed time: 1.748 sec.
@I [HLS-100] Command 'ap_source' returned 0; elapsed 0.006Total elapsed time: 1.749 sec.
@I [HLS-100] Command 'ap_source' returned 0; elapsed 0.006Total elapsed time: 1.749 sec.
@I [HLS-100] Command "source C:/opt/winprog/Xilinx/Vivado_HLS/2015.2/common/technology/xilinx/kintex7/kintex7_hp.hlp "
@I [HLS-100] Command 'ap_source' returned 0; elapsed 0.001Total elapsed time: 1.750 sec.
@I [HLS-100] Command 'import_lib' returned 0; elapsed 0.024Total elapsed time: 1.756 sec.
@I [HLS-100] Command "source C:/opt/winprog/Xilinx/Vivado_HLS/2015.2/common/technology/xilinx/kintex7/kintex7_fpv6.gen "
@I [HLS-100] Command "source C:/opt/winprog/Xilinx/Vivado_HLS/2015.2/common/technology/xilinx/common/xilinx_fpv6.gen "
@I [HLS-100] Command 'ap_source' returned 0; elapsed 0.003Total elapsed time: 1.759 sec.
@I [HLS-100] Command 'ap_source' returned 0; elapsed 0.003Total elapsed time: 1.759 sec.
@I [HLS-100] Command "set_part xc7k160tfbg484-1 "
@I [HLS-100] Command "add_library xilinx/kintex7/kintex7:xc7k160t:fbg484:-1 "
@I [HLS-100] Command "get_default_platform "
@I [HLS-100] Command 'get_default_platform' returned 0; elapsed 0Total elapsed time: 1.764 sec.
@I [HLS-100] Command "license_exists VIVADO_HLS "
@I [HLS-100] Command 'license_exists' returned 1; elapsed 0.098Total elapsed time: 1.863 sec.
@I [HLS-100] Command "license_exists ap_opencl "
@I [HLS-100] Command 'license_exists' returned 1; elapsed 0.08Total elapsed time: 1.943 sec.
@I [HLS-100] Command "license_exists ap_sdsoc "
@I [HLS-100] Command 'license_exists' returned 1; elapsed 0.121Total elapsed time: 2.65 sec.
@I [HLS-100] Command "license_exists AUTOESL_NI "
@I [HLS-100] Command 'license_exists' returned 1; elapsed 0.121Total elapsed time: 2.186 sec.
@I [HLS-100] Command "license_exists HLS "
@I [LICQ-103] Checked out feature [HLS]
@I [LIC-101] Checked out feature [HLS]
@I [HLS-100] Command 'license_exists' returned 0; elapsed 0Total elapsed time: 2.186 sec.
@I [HLS-100] Command "open_platform DefaultPlatform "
@I [HLS-100] Command 'open_platform' returned 0; elapsed 0Total elapsed time: 2.187 sec.
@I [HLS-100] Command "import_lib C:/opt/winprog/Xilinx/Vivado_HLS/2015.2/common/technology/xilinx/kintex7/kintex7 "
@I [HLS-100] Command "source C:/opt/winprog/Xilinx/Vivado_HLS/2015.2/common/technology/xilinx/common/xilinx.lib "
@I [HLS-100] Command "source C:/opt/winprog/Xilinx/Vivado_HLS/2015.2/common/technology/xilinx/interface/xilinx_interface.lib "
@I [HLS-100] Command "source C:/opt/winprog/Xilinx/Vivado_HLS/2015.2/common/technology/xilinx/interface/plb46.lib "
@I [HLS-100] Command 'ap_source' returned 0; elapsed 0Total elapsed time: 2.189 sec.
@I [HLS-100] Command "source C:/opt/winprog/Xilinx/Vivado_HLS/2015.2/common/technology/xilinx/interface/fsl.lib "
@I [HLS-100] Command 'ap_source' returned 0; elapsed 0.001Total elapsed time: 2.190 sec.
@I [HLS-100] Command "source C:/opt/winprog/Xilinx/Vivado_HLS/2015.2/common/technology/xilinx/interface/axi4.lib "
@I [HLS-100] Command 'ap_source' returned 0; elapsed 0Total elapsed time: 2.190 sec.
@I [HLS-100] Command "source C:/opt/winprog/Xilinx/Vivado_HLS/2015.2/common/technology/xilinx/interface/maxi.lib "
@I [HLS-100] Command 'ap_source' returned 0; elapsed 0.001Total elapsed time: 2.191 sec.
@I [HLS-100] Command "source C:/opt/winprog/Xilinx/Vivado_HLS/2015.2/common/technology/xilinx/interface/saxilite.lib "
@I [HLS-100] Command 'ap_source' returned 0; elapsed 0Total elapsed time: 2.191 sec.
@I [HLS-100] Command 'ap_source' returned 0; elapsed 0.003Total elapsed time: 2.191 sec.
@I [HLS-100] Command "source C:/opt/winprog/Xilinx/Vivado_HLS/2015.2/common/technology/xilinx/common/dsp48.lib "
@I [HLS-100] Command 'ap_source' returned 0; elapsed 0.001Total elapsed time: 2.192 sec.
@I [HLS-100] Command "source C:/opt/winprog/Xilinx/Vivado_HLS/2015.2/common/technology/xilinx/ip/dds_compiler.lib "
@I [HLS-100] Command 'ap_source' returned 0; elapsed 0Total elapsed time: 2.193 sec.
@I [HLS-100] Command "source C:/opt/winprog/Xilinx/Vivado_HLS/2015.2/common/technology/xilinx/ip/xfft.lib "
@I [HLS-100] Command 'ap_source' returned 0; elapsed 0Total elapsed time: 2.193 sec.
@I [HLS-100] Command "source C:/opt/winprog/Xilinx/Vivado_HLS/2015.2/common/technology/xilinx/ip/xfir.lib "
@I [HLS-100] Command 'ap_source' returned 0; elapsed 0.001Total elapsed time: 2.194 sec.
@I [HLS-100] Command 'ap_source' returned 0; elapsed 0.007Total elapsed time: 2.195 sec.
@I [HLS-100] Command "source C:/opt/winprog/Xilinx/Vivado_HLS/2015.2/common/technology/xilinx/common/xilinx_old.lib "
@I [HLS-100] Command 'ap_source' returned 0; elapsed 0.001Total elapsed time: 2.197 sec.
@I [HLS-100] Command "source C:/opt/winprog/Xilinx/Vivado_HLS/2015.2/common/technology/xilinx/common/xilinx_vivado.lib "
@I [HLS-100] Command 'ap_source' returned 0; elapsed 0.001Total elapsed time: 2.198 sec.
@I [HLS-100] Command "source C:/opt/winprog/Xilinx/Vivado_HLS/2015.2/common/technology/xilinx/common/xilinx.hlp "
@I [HLS-100] Command "source C:/opt/winprog/Xilinx/Vivado_HLS/2015.2/common/technology/xilinx/common/target_info.tcl "
@I [HLS-100] Command 'ap_source' returned 0; elapsed 0.041Total elapsed time: 2.242 sec.
@I [HLS-100] Command "source C:/opt/winprog/Xilinx/Vivado_HLS/2015.2/common/technology/xilinx/interface/xilinx_interface.hlp "
@I [HLS-100] Command "source C:/opt/winprog/Xilinx/Vivado_HLS/2015.2/common/technology/xilinx/interface/maxi.hlp "
@I [HLS-100] Command 'ap_source' returned 0; elapsed 0.001Total elapsed time: 2.243 sec.
@I [HLS-100] Command "source C:/opt/winprog/Xilinx/Vivado_HLS/2015.2/common/technology/xilinx/interface/saxilite.hlp "
@I [HLS-100] Command 'ap_source' returned 0; elapsed 0Total elapsed time: 2.243 sec.
@I [HLS-100] Command 'ap_source' returned 0; elapsed 0.001Total elapsed time: 2.243 sec.
@I [HLS-100] Command "source C:/opt/winprog/Xilinx/Vivado_HLS/2015.2/common/technology/xilinx/common/dsp48.hlp "
@I [HLS-100] Command 'ap_source' returned 0; elapsed 0.002Total elapsed time: 2.245 sec.
@I [HLS-100] Command 'ap_source' returned 0; elapsed 0.044Total elapsed time: 2.245 sec.
@I [HLS-100] Command "source C:/opt/winprog/Xilinx/Vivado_HLS/2015.2/common/technology/xilinx/kintex7/dsp48e1.hlp "
@I [HLS-100] Command 'ap_source' returned 0; elapsed 0Total elapsed time: 2.245 sec.
@I [HLS-100] Command "get_default_platform "
@I [HLS-100] Command 'get_default_platform' returned 0; elapsed 0Total elapsed time: 2.246 sec.
@I [HLS-100] Command "config_chip_info -quiet -resource  {SLICE 50950} {LUT 203800}    {FF 407600} {DSP48E 840}    {BRAM 890}  "
@I [HLS-100] Command 'config_chip_info' returned 0; elapsed 0Total elapsed time: 2.246 sec.
@I [HLS-100] Command "config_chip_info -quiet -speed medium "
@I [HLS-100] Command 'config_chip_info' returned 0; elapsed 0Total elapsed time: 2.246 sec.
@I [HLS-100] Command 'import_lib' returned 0; elapsed 0.06Total elapsed time: 2.247 sec.
@I [HLS-100] Command "source C:/opt/winprog/Xilinx/Vivado_HLS/2015.2/common/technology/xilinx/kintex7/kintex7.gen "
@I [HLS-100] Command "source C:/opt/winprog/Xilinx/Vivado_HLS/2015.2/common/technology/xilinx/common/virtex.gen "
@I [HLS-100] Command "source C:/opt/winprog/Xilinx/Vivado_HLS/2015.2/common/technology/xilinx/common/xilinx.gen "
@I [HLS-100] Command "source C:/opt/winprog/Xilinx/Vivado_HLS/2015.2/common/technology/xilinx/interface/plb46.gen "
@I [HLS-100] Command 'ap_source' returned 0; elapsed 0.001Total elapsed time: 2.250 sec.
@I [HLS-100] Command "source C:/opt/winprog/Xilinx/Vivado_HLS/2015.2/common/technology/xilinx/interface/fsl.gen "
@I [HLS-100] Command 'ap_source' returned 0; elapsed 0.001Total elapsed time: 2.251 sec.
@I [HLS-100] Command "source C:/opt/winprog/Xilinx/Vivado_HLS/2015.2/common/technology/xilinx/interface/axi4.gen "
@I [HLS-100] Command 'ap_source' returned 0; elapsed 0.003Total elapsed time: 2.254 sec.
@I [HLS-100] Command "source C:/opt/winprog/Xilinx/Vivado_HLS/2015.2/common/technology/xilinx/interface/nativeAXI4.gen "
@I [HLS-100] Command "source C:/opt/winprog/Xilinx/Vivado_HLS/2015.2/common/technology/xilinx/interface/saxilite.gen "
@I [HLS-100] Command 'ap_source' returned 0; elapsed 0.003Total elapsed time: 2.258 sec.
@I [HLS-100] Command "source C:/opt/winprog/Xilinx/Vivado_HLS/2015.2/common/technology/xilinx/interface/maxi.gen "
@I [HLS-100] Command 'ap_source' returned 0; elapsed 0.009Total elapsed time: 2.267 sec.
@I [HLS-100] Command 'ap_source' returned 0; elapsed 0.013Total elapsed time: 2.267 sec.
@I [HLS-100] Command "source C:/opt/winprog/Xilinx/Vivado_HLS/2015.2/common/technology/xilinx/scripts/xilinxcoregen.gen "
@I [HLS-100] Command 'ap_source' returned 0; elapsed 0.014Total elapsed time: 2.281 sec.
@I [HLS-100] Command "source C:/opt/winprog/Xilinx/Vivado_HLS/2015.2/common/technology/xilinx/interface/XilEDKCoreGen.gen "
@I [HLS-100] Command 'ap_source' returned 0; elapsed 0.013Total elapsed time: 2.294 sec.
@I [HLS-100] Command "source C:/opt/winprog/Xilinx/Vivado_HLS/2015.2/common/technology/xilinx/ip/dds_compiler.gen "
@I [HLS-100] Command 'ap_source' returned 0; elapsed 0.004Total elapsed time: 2.299 sec.
@I [HLS-100] Command "source C:/opt/winprog/Xilinx/Vivado_HLS/2015.2/common/technology/xilinx/ip/util.gen "
@I [HLS-100] Command 'ap_source' returned 0; elapsed 0.002Total elapsed time: 2.301 sec.
@I [HLS-100] Command "source C:/opt/winprog/Xilinx/Vivado_HLS/2015.2/common/technology/xilinx/ip/xfft.gen "
@I [HLS-100] Command 'ap_source' returned 0; elapsed 0.124Total elapsed time: 2.425 sec.
@I [HLS-100] Command "source C:/opt/winprog/Xilinx/Vivado_HLS/2015.2/common/technology/xilinx/ip/xfir.gen "
@I [HLS-100] Command 'ap_source' returned 0; elapsed 0.039Total elapsed time: 2.464 sec.
@I [HLS-100] Command 'ap_source' returned 0; elapsed 0.215Total elapsed time: 2.464 sec.
@I [HLS-100] Command "source C:/opt/winprog/Xilinx/Vivado_HLS/2015.2/common/technology/xilinx/common/dsp48.gen "
@I [HLS-100] Command 'ap_source' returned 0; elapsed 0Total elapsed time: 2.466 sec.
@I [HLS-100] Command 'ap_source' returned 0; elapsed 0.219Total elapsed time: 2.467 sec.
@I [HLS-100] Command 'ap_source' returned 0; elapsed 0.219Total elapsed time: 2.467 sec.
@I [HLS-100] Command "get_default_platform "
@I [HLS-100] Command 'get_default_platform' returned 0; elapsed 0Total elapsed time: 2.467 sec.
@I [HLS-100] Command "config_chip_info -quiet -resource  {SLICE 25350} {LUT 101400}    {FF 202800} {DSP48E 600}    {BRAM 650}  "
@I [HLS-100] Command 'config_chip_info' returned 0; elapsed 0.001Total elapsed time: 2.468 sec.
@I [HLS-100] Command "config_chip_info -quiet -speed slow "
@I [HLS-100] Command 'config_chip_info' returned 0; elapsed 0Total elapsed time: 2.468 sec.
@I [HLS-100] Command 'add_library' returned 0; elapsed 0.705Total elapsed time: 2.469 sec.
@I [HLS-100] Command "add_library xilinx/kintex7/kintex7_fpv6 "
@I [HLS-100] Command "get_default_platform "
@I [HLS-100] Command 'get_default_platform' returned 0; elapsed 0Total elapsed time: 2.469 sec.
@I [HLS-100] Command "license_exists VIVADO_HLS "
@I [HLS-100] Command 'license_exists' returned 1; elapsed 0.06Total elapsed time: 2.530 sec.
@I [HLS-100] Command "license_exists ap_opencl "
@I [HLS-100] Command 'license_exists' returned 1; elapsed 0.041Total elapsed time: 2.570 sec.
@I [HLS-100] Command "license_exists ap_sdsoc "
@I [HLS-100] Command 'license_exists' returned 1; elapsed 0.04Total elapsed time: 2.611 sec.
@I [HLS-100] Command "license_exists AUTOESL_NI "
@I [HLS-100] Command 'license_exists' returned 1; elapsed 0.04Total elapsed time: 2.651 sec.
@I [HLS-100] Command "license_exists HLS "
@I [HLS-100] Command 'license_exists' returned 0; elapsed 0Total elapsed time: 2.651 sec.
@I [HLS-100] Command "open_platform DefaultPlatform "
@I [HLS-100] Command 'open_platform' returned 0; elapsed 0Total elapsed time: 2.651 sec.
@I [HLS-100] Command "import_lib C:/opt/winprog/Xilinx/Vivado_HLS/2015.2/common/technology/xilinx/kintex7/kintex7_fpv6 "
@I [HLS-100] Command "source C:/opt/winprog/Xilinx/Vivado_HLS/2015.2/common/technology/xilinx/common/xilinx_fpv7.lib "
@I [HLS-100] Command 'ap_source' returned 0; elapsed 0.003Total elapsed time: 2.655 sec.
@I [HLS-100] Command "source C:/opt/winprog/Xilinx/Vivado_HLS/2015.2/common/technology/xilinx/common/xilinx_fpv.hlp "
@I [HLS-100] Command "source C:/opt/winprog/Xilinx/Vivado_HLS/2015.2/common/technology/xilinx/common/xilinx.hlp "
@I [HLS-100] Command "source C:/opt/winprog/Xilinx/Vivado_HLS/2015.2/common/technology/xilinx/common/target_info.tcl "
@I [HLS-100] Command 'ap_source' returned 0; elapsed 0.065Total elapsed time: 2.730 sec.
@I [HLS-100] Command "source C:/opt/winprog/Xilinx/Vivado_HLS/2015.2/common/technology/xilinx/interface/xilinx_interface.hlp "
@I [HLS-100] Command "source C:/opt/winprog/Xilinx/Vivado_HLS/2015.2/common/technology/xilinx/interface/maxi.hlp "
@I [HLS-100] Command 'ap_source' returned 0; elapsed 0Total elapsed time: 2.731 sec.
@I [HLS-100] Command "source C:/opt/winprog/Xilinx/Vivado_HLS/2015.2/common/technology/xilinx/interface/saxilite.hlp "
@I [HLS-100] Command 'ap_source' returned 0; elapsed 0.001Total elapsed time: 2.732 sec.
@I [HLS-100] Command 'ap_source' returned 0; elapsed 0.002Total elapsed time: 2.732 sec.
@I [HLS-100] Command "source C:/opt/winprog/Xilinx/Vivado_HLS/2015.2/common/technology/xilinx/common/dsp48.hlp "
@I [HLS-100] Command 'ap_source' returned 0; elapsed 0.001Total elapsed time: 2.733 sec.
@I [HLS-100] Command 'ap_source' returned 0; elapsed 0.071Total elapsed time: 2.734 sec.
@I [HLS-100] Command 'ap_source' returned 0; elapsed 0.072Total elapsed time: 2.734 sec.
@I [HLS-100] Command "source C:/opt/winprog/Xilinx/Vivado_HLS/2015.2/common/technology/xilinx/kintex7/kintex7_hp.hlp "
@I [HLS-100] Command 'ap_source' returned 0; elapsed 0.001Total elapsed time: 2.735 sec.
@I [HLS-100] Command 'import_lib' returned 0; elapsed 0.089Total elapsed time: 2.740 sec.
@I [HLS-100] Command "source C:/opt/winprog/Xilinx/Vivado_HLS/2015.2/common/technology/xilinx/kintex7/kintex7_fpv6.gen "
@I [HLS-100] Command "source C:/opt/winprog/Xilinx/Vivado_HLS/2015.2/common/technology/xilinx/common/xilinx_fpv6.gen "
@I [HLS-100] Command 'ap_source' returned 0; elapsed 0.002Total elapsed time: 2.743 sec.
@I [HLS-100] Command 'ap_source' returned 0; elapsed 0.003Total elapsed time: 2.744 sec.
@I [HLS-100] Command 'add_library' returned 0; elapsed 0.275Total elapsed time: 2.744 sec.
@I [HLS-10] Setting target device to 'xc7k160tfbg484-1'
@I [HLS-100] Command 'set_part' returned 0; elapsed 0.986Total elapsed time: 2.744 sec.
@I [HLS-100] Command "get_default_platform "
@I [HLS-100] Command 'get_default_platform' returned 0; elapsed 0Total elapsed time: 2.744 sec.
@I [HLS-100] Command "config_chip_info -quiet -resource  {SLICE 25350} {LUT 101400}    {FF 202800} {DSP48E 600}    {BRAM 650}  "
@I [HLS-100] Command 'config_chip_info' returned 0; elapsed 0Total elapsed time: 2.744 sec.
@I [HLS-100] Command "config_chip_info -quiet -speed slow "
@I [HLS-100] Command 'config_chip_info' returned 0; elapsed 0Total elapsed time: 2.744 sec.
@I [HLS-100] Command 'open_solution' returned 0; elapsed 1.519Total elapsed time: 2.745 sec.
@I [HLS-100] Command "set_part xc7k160tfbg484-1 "
@I [HLS-100] Command "add_library xilinx/kintex7/kintex7:xc7k160t:fbg484:-1 "
@I [HLS-100] Command "get_default_platform "
@I [HLS-100] Command 'get_default_platform' returned 0; elapsed 0Total elapsed time: 2.837 sec.
@I [HLS-100] Command "license_exists VIVADO_HLS "
@I [HLS-100] Command 'license_exists' returned 1; elapsed 0.05Total elapsed time: 2.888 sec.
@I [HLS-100] Command "license_exists ap_opencl "
@I [HLS-100] Command 'license_exists' returned 1; elapsed 0.039Total elapsed time: 2.927 sec.
@I [HLS-100] Command "license_exists ap_sdsoc "
@I [HLS-100] Command 'license_exists' returned 1; elapsed 0.041Total elapsed time: 2.967 sec.
@I [HLS-100] Command "license_exists AUTOESL_NI "
@I [HLS-100] Command 'license_exists' returned 1; elapsed 0.04Total elapsed time: 3.9 sec.
@I [HLS-100] Command "license_exists HLS "
@I [HLS-100] Command 'license_exists' returned 0; elapsed 0Total elapsed time: 3.9 sec.
@I [HLS-100] Command "open_platform DefaultPlatform "
@I [HLS-100] Command 'open_platform' returned 0; elapsed 0Total elapsed time: 3.9 sec.
@I [HLS-100] Command "import_lib C:/opt/winprog/Xilinx/Vivado_HLS/2015.2/common/technology/xilinx/kintex7/kintex7 "
@I [HLS-100] Command "source C:/opt/winprog/Xilinx/Vivado_HLS/2015.2/common/technology/xilinx/common/xilinx.lib "
@I [HLS-100] Command "source C:/opt/winprog/Xilinx/Vivado_HLS/2015.2/common/technology/xilinx/interface/xilinx_interface.lib "
@I [HLS-100] Command "source C:/opt/winprog/Xilinx/Vivado_HLS/2015.2/common/technology/xilinx/interface/plb46.lib "
@I [HLS-100] Command 'ap_source' returned 0; elapsed 0.001Total elapsed time: 3.10 sec.
@I [HLS-100] Command "source C:/opt/winprog/Xilinx/Vivado_HLS/2015.2/common/technology/xilinx/interface/fsl.lib "
@I [HLS-100] Command 'ap_source' returned 0; elapsed 0Total elapsed time: 3.10 sec.
@I [HLS-100] Command "source C:/opt/winprog/Xilinx/Vivado_HLS/2015.2/common/technology/xilinx/interface/axi4.lib "
@I [HLS-100] Command 'ap_source' returned 0; elapsed 0.001Total elapsed time: 3.11 sec.
@I [HLS-100] Command "source C:/opt/winprog/Xilinx/Vivado_HLS/2015.2/common/technology/xilinx/interface/maxi.lib "
@I [HLS-100] Command 'ap_source' returned 0; elapsed 0Total elapsed time: 3.11 sec.
@I [HLS-100] Command "source C:/opt/winprog/Xilinx/Vivado_HLS/2015.2/common/technology/xilinx/interface/saxilite.lib "
@I [HLS-100] Command 'ap_source' returned 0; elapsed 0Total elapsed time: 3.11 sec.
@I [HLS-100] Command 'ap_source' returned 0; elapsed 0.002Total elapsed time: 3.11 sec.
@I [HLS-100] Command "source C:/opt/winprog/Xilinx/Vivado_HLS/2015.2/common/technology/xilinx/common/dsp48.lib "
@I [HLS-100] Command 'ap_source' returned 0; elapsed 0Total elapsed time: 3.12 sec.
@I [HLS-100] Command "source C:/opt/winprog/Xilinx/Vivado_HLS/2015.2/common/technology/xilinx/ip/dds_compiler.lib "
@I [HLS-100] Command 'ap_source' returned 0; elapsed 0Total elapsed time: 3.13 sec.
@I [HLS-100] Command "source C:/opt/winprog/Xilinx/Vivado_HLS/2015.2/common/technology/xilinx/ip/xfft.lib "
@I [HLS-100] Command 'ap_source' returned 0; elapsed 0.001Total elapsed time: 3.14 sec.
@I [HLS-100] Command "source C:/opt/winprog/Xilinx/Vivado_HLS/2015.2/common/technology/xilinx/ip/xfir.lib "
@I [HLS-100] Command 'ap_source' returned 0; elapsed 0Total elapsed time: 3.14 sec.
@I [HLS-100] Command 'ap_source' returned 0; elapsed 0.005Total elapsed time: 3.15 sec.
@I [HLS-100] Command "source C:/opt/winprog/Xilinx/Vivado_HLS/2015.2/common/technology/xilinx/common/xilinx_old.lib "
@I [HLS-100] Command 'ap_source' returned 0; elapsed 0.001Total elapsed time: 3.17 sec.
@I [HLS-100] Command "source C:/opt/winprog/Xilinx/Vivado_HLS/2015.2/common/technology/xilinx/common/xilinx_vivado.lib "
@I [HLS-100] Command 'ap_source' returned 0; elapsed 0Total elapsed time: 3.17 sec.
@I [HLS-100] Command "source C:/opt/winprog/Xilinx/Vivado_HLS/2015.2/common/technology/xilinx/common/xilinx.hlp "
@I [HLS-100] Command "source C:/opt/winprog/Xilinx/Vivado_HLS/2015.2/common/technology/xilinx/common/target_info.tcl "
@I [HLS-100] Command 'ap_source' returned 0; elapsed 0.068Total elapsed time: 3.90 sec.
@I [HLS-100] Command "source C:/opt/winprog/Xilinx/Vivado_HLS/2015.2/common/technology/xilinx/interface/xilinx_interface.hlp "
@I [HLS-100] Command "source C:/opt/winprog/Xilinx/Vivado_HLS/2015.2/common/technology/xilinx/interface/maxi.hlp "
@I [HLS-100] Command 'ap_source' returned 0; elapsed 0Total elapsed time: 3.90 sec.
@I [HLS-100] Command "source C:/opt/winprog/Xilinx/Vivado_HLS/2015.2/common/technology/xilinx/interface/saxilite.hlp "
@I [HLS-100] Command 'ap_source' returned 0; elapsed 0.001Total elapsed time: 3.91 sec.
@I [HLS-100] Command 'ap_source' returned 0; elapsed 0.001Total elapsed time: 3.91 sec.
@I [HLS-100] Command "source C:/opt/winprog/Xilinx/Vivado_HLS/2015.2/common/technology/xilinx/common/dsp48.hlp "
@I [HLS-100] Command 'ap_source' returned 0; elapsed 0.001Total elapsed time: 3.92 sec.
@I [HLS-100] Command 'ap_source' returned 0; elapsed 0.072Total elapsed time: 3.93 sec.
@I [HLS-100] Command "source C:/opt/winprog/Xilinx/Vivado_HLS/2015.2/common/technology/xilinx/kintex7/dsp48e1.hlp "
@I [HLS-100] Command 'ap_source' returned 0; elapsed 0Total elapsed time: 3.93 sec.
@I [HLS-100] Command "get_default_platform "
@I [HLS-100] Command 'get_default_platform' returned 0; elapsed 0Total elapsed time: 3.93 sec.
@I [HLS-100] Command "config_chip_info -quiet -resource  {SLICE 50950} {LUT 203800}    {FF 407600} {DSP48E 840}    {BRAM 890}  "
@I [HLS-100] Command 'config_chip_info' returned 0; elapsed 0Total elapsed time: 3.94 sec.
@I [HLS-100] Command "config_chip_info -quiet -speed medium "
@I [HLS-100] Command 'config_chip_info' returned 0; elapsed 0Total elapsed time: 3.94 sec.
@I [HLS-100] Command 'import_lib' returned 0; elapsed 0.086Total elapsed time: 3.95 sec.
@I [HLS-100] Command "source C:/opt/winprog/Xilinx/Vivado_HLS/2015.2/common/technology/xilinx/kintex7/kintex7.gen "
@I [HLS-100] Command "source C:/opt/winprog/Xilinx/Vivado_HLS/2015.2/common/technology/xilinx/common/virtex.gen "
@I [HLS-100] Command "source C:/opt/winprog/Xilinx/Vivado_HLS/2015.2/common/technology/xilinx/common/xilinx.gen "
@I [HLS-100] Command "source C:/opt/winprog/Xilinx/Vivado_HLS/2015.2/common/technology/xilinx/interface/plb46.gen "
@I [HLS-100] Command 'ap_source' returned 0; elapsed 0.001Total elapsed time: 3.97 sec.
@I [HLS-100] Command "source C:/opt/winprog/Xilinx/Vivado_HLS/2015.2/common/technology/xilinx/interface/fsl.gen "
@I [HLS-100] Command 'ap_source' returned 0; elapsed 0.001Total elapsed time: 3.98 sec.
@I [HLS-100] Command "source C:/opt/winprog/Xilinx/Vivado_HLS/2015.2/common/technology/xilinx/interface/axi4.gen "
@I [HLS-100] Command 'ap_source' returned 0; elapsed 0.002Total elapsed time: 3.101 sec.
@I [HLS-100] Command "source C:/opt/winprog/Xilinx/Vivado_HLS/2015.2/common/technology/xilinx/interface/nativeAXI4.gen "
@I [HLS-100] Command "source C:/opt/winprog/Xilinx/Vivado_HLS/2015.2/common/technology/xilinx/interface/saxilite.gen "
@I [HLS-100] Command 'ap_source' returned 0; elapsed 0.004Total elapsed time: 3.105 sec.
@I [HLS-100] Command "source C:/opt/winprog/Xilinx/Vivado_HLS/2015.2/common/technology/xilinx/interface/maxi.gen "
@I [HLS-100] Command 'ap_source' returned 0; elapsed 0.008Total elapsed time: 3.114 sec.
@I [HLS-100] Command 'ap_source' returned 0; elapsed 0.013Total elapsed time: 3.114 sec.
@I [HLS-100] Command "source C:/opt/winprog/Xilinx/Vivado_HLS/2015.2/common/technology/xilinx/scripts/xilinxcoregen.gen "
@I [HLS-100] Command 'ap_source' returned 0; elapsed 0.013Total elapsed time: 3.127 sec.
@I [HLS-100] Command "source C:/opt/winprog/Xilinx/Vivado_HLS/2015.2/common/technology/xilinx/interface/XilEDKCoreGen.gen "
@I [HLS-100] Command 'ap_source' returned 0; elapsed 0.011Total elapsed time: 3.138 sec.
@I [HLS-100] Command "source C:/opt/winprog/Xilinx/Vivado_HLS/2015.2/common/technology/xilinx/ip/dds_compiler.gen "
@I [HLS-100] Command 'ap_source' returned 0; elapsed 0.005Total elapsed time: 3.143 sec.
@I [HLS-100] Command "source C:/opt/winprog/Xilinx/Vivado_HLS/2015.2/common/technology/xilinx/ip/util.gen "
@I [HLS-100] Command 'ap_source' returned 0; elapsed 0Total elapsed time: 3.143 sec.
@I [HLS-100] Command "source C:/opt/winprog/Xilinx/Vivado_HLS/2015.2/common/technology/xilinx/ip/xfft.gen "
@I [HLS-100] Command 'ap_source' returned 0; elapsed 0.13Total elapsed time: 3.273 sec.
@I [HLS-100] Command "source C:/opt/winprog/Xilinx/Vivado_HLS/2015.2/common/technology/xilinx/ip/xfir.gen "
@I [HLS-100] Command 'ap_source' returned 0; elapsed 0.038Total elapsed time: 3.312 sec.
@I [HLS-100] Command 'ap_source' returned 0; elapsed 0.215Total elapsed time: 3.312 sec.
@I [HLS-100] Command "source C:/opt/winprog/Xilinx/Vivado_HLS/2015.2/common/technology/xilinx/common/dsp48.gen "
@I [HLS-100] Command 'ap_source' returned 0; elapsed 0Total elapsed time: 3.314 sec.
@I [HLS-100] Command 'ap_source' returned 0; elapsed 0.218Total elapsed time: 3.314 sec.
@I [HLS-100] Command 'ap_source' returned 0; elapsed 0.219Total elapsed time: 3.314 sec.
@I [HLS-100] Command "get_default_platform "
@I [HLS-100] Command 'get_default_platform' returned 0; elapsed 0Total elapsed time: 3.315 sec.
@I [HLS-100] Command "config_chip_info -quiet -resource  {SLICE 25350} {LUT 101400}    {FF 202800} {DSP48E 600}    {BRAM 650}  "
@I [HLS-100] Command 'config_chip_info' returned 0; elapsed 0Total elapsed time: 3.315 sec.
@I [HLS-100] Command "config_chip_info -quiet -speed slow "
@I [HLS-100] Command 'config_chip_info' returned 0; elapsed 0Total elapsed time: 3.315 sec.
@I [HLS-100] Command 'add_library' returned 0; elapsed 0.48Total elapsed time: 3.316 sec.
@I [HLS-100] Command "add_library xilinx/kintex7/kintex7_fpv6 "
@I [HLS-100] Command "get_default_platform "
@I [HLS-100] Command 'get_default_platform' returned 0; elapsed 0Total elapsed time: 3.316 sec.
@I [HLS-100] Command "license_exists VIVADO_HLS "
@I [HLS-100] Command 'license_exists' returned 1; elapsed 0.061Total elapsed time: 3.378 sec.
@I [HLS-100] Command "license_exists ap_opencl "
@I [HLS-100] Command 'license_exists' returned 1; elapsed 0.039Total elapsed time: 3.418 sec.
@I [HLS-100] Command "license_exists ap_sdsoc "
@I [HLS-100] Command 'license_exists' returned 1; elapsed 0.038Total elapsed time: 3.456 sec.
@I [HLS-100] Command "license_exists AUTOESL_NI "
@I [HLS-100] Command 'license_exists' returned 1; elapsed 0.04Total elapsed time: 3.497 sec.
@I [HLS-100] Command "license_exists HLS "
@I [HLS-100] Command 'license_exists' returned 0; elapsed 0Total elapsed time: 3.497 sec.
@I [HLS-100] Command "open_platform DefaultPlatform "
@I [HLS-100] Command 'open_platform' returned 0; elapsed 0Total elapsed time: 3.497 sec.
@I [HLS-100] Command "import_lib C:/opt/winprog/Xilinx/Vivado_HLS/2015.2/common/technology/xilinx/kintex7/kintex7_fpv6 "
@I [HLS-100] Command "source C:/opt/winprog/Xilinx/Vivado_HLS/2015.2/common/technology/xilinx/common/xilinx_fpv7.lib "
@I [HLS-100] Command 'ap_source' returned 0; elapsed 0.002Total elapsed time: 3.500 sec.
@I [HLS-100] Command "source C:/opt/winprog/Xilinx/Vivado_HLS/2015.2/common/technology/xilinx/common/xilinx_fpv.hlp "
@I [HLS-100] Command "source C:/opt/winprog/Xilinx/Vivado_HLS/2015.2/common/technology/xilinx/common/xilinx.hlp "
@I [HLS-100] Command "source C:/opt/winprog/Xilinx/Vivado_HLS/2015.2/common/technology/xilinx/common/target_info.tcl "
@I [HLS-100] Command 'ap_source' returned 0; elapsed 0.068Total elapsed time: 3.578 sec.
@I [HLS-100] Command "source C:/opt/winprog/Xilinx/Vivado_HLS/2015.2/common/technology/xilinx/interface/xilinx_interface.hlp "
@I [HLS-100] Command "source C:/opt/winprog/Xilinx/Vivado_HLS/2015.2/common/technology/xilinx/interface/maxi.hlp "
@I [HLS-100] Command 'ap_source' returned 0; elapsed 0.001Total elapsed time: 3.578 sec.
@I [HLS-100] Command "source C:/opt/winprog/Xilinx/Vivado_HLS/2015.2/common/technology/xilinx/interface/saxilite.hlp "
@I [HLS-100] Command 'ap_source' returned 0; elapsed 0Total elapsed time: 3.578 sec.
@I [HLS-100] Command 'ap_source' returned 0; elapsed 0.001Total elapsed time: 3.578 sec.
@I [HLS-100] Command "source C:/opt/winprog/Xilinx/Vivado_HLS/2015.2/common/technology/xilinx/common/dsp48.hlp "
@I [HLS-100] Command 'ap_source' returned 0; elapsed 0.002Total elapsed time: 3.580 sec.
@I [HLS-100] Command 'ap_source' returned 0; elapsed 0.072Total elapsed time: 3.580 sec.
@I [HLS-100] Command 'ap_source' returned 0; elapsed 0.073Total elapsed time: 3.580 sec.
@I [HLS-100] Command "source C:/opt/winprog/Xilinx/Vivado_HLS/2015.2/common/technology/xilinx/kintex7/kintex7_hp.hlp "
@I [HLS-100] Command 'ap_source' returned 0; elapsed 0Total elapsed time: 3.581 sec.
@I [HLS-100] Command 'import_lib' returned 0; elapsed 0.09Total elapsed time: 3.587 sec.
@I [HLS-100] Command "source C:/opt/winprog/Xilinx/Vivado_HLS/2015.2/common/technology/xilinx/kintex7/kintex7_fpv6.gen "
@I [HLS-100] Command "source C:/opt/winprog/Xilinx/Vivado_HLS/2015.2/common/technology/xilinx/common/xilinx_fpv6.gen "
@I [HLS-100] Command 'ap_source' returned 0; elapsed 0.002Total elapsed time: 3.589 sec.
@I [HLS-100] Command 'ap_source' returned 0; elapsed 0.002Total elapsed time: 3.589 sec.
@I [HLS-100] Command 'add_library' returned 0; elapsed 0.273Total elapsed time: 3.590 sec.
@I [HLS-100] Command 'set_part' returned 0; elapsed 0.844Total elapsed time: 3.590 sec.
@I [HLS-100] Command "create_clock -period 4 -name default "
@I [HLS-100] Command 'create_clock' returned 0; elapsed 0.001Total elapsed time: 3.591 sec.
@I [HLS-100] Command "csynth_design "
@I [HLS-100] Command "elaborate -effort=medium -skip_syncheck=0 -lm=0 -skip_cdt=0 -skip_transform=0 -ng=0 -g=0 -opt_fp=0 "
@I [HLS-10] Analyzing design file 'array_io.c' ... 
@0 [HLS-0] Analyzing design file 'array_io.c' ... 
@I [HLS-0] Compiling one TU...
@I [HLS-0] 
Checking before pre-process: exec clang -fno-limit-debug-info -gcc-toolchain "C:/opt/winprog/Xilinx/Vivado_HLS/2015.2/msys" -hls    -fno-math-errno -c -emit-llvm -O0  -mllvm -disable-llvm-optzns -std=gnu89   -DAESL_SYN -D__SYNTHESIS__ -D__HLS_SYN__ -I "C:/opt/winprog/Xilinx/Vivado_HLS/2015.2/common/technology/autopilot" -I "C:/opt/winprog/Xilinx/Vivado_HLS/2015.2/common/technology/autopilot/ap_sysc" -include etc/autopilot_ssdm_op.h -D__cdecl=  "array_io.c"  -o "D:/opt/source/Vivado/Vivado_HLS_Tutorial/Interface_Synthesis/lab3/array_io_prj/solution1/.autopilot/db/array_io.pp.00.o"

@I [HLS-100] Command "is_encrypted D:/opt/source/Vivado/Vivado_HLS_Tutorial/Interface_Synthesis/lab3/array_io_prj/solution1/.autopilot/db/array_io.pp.00.o "
@I [HLS-100] Command 'is_encrypted' returned 0; elapsed 0Total elapsed time: 4.151 sec.
@I [HLS-0] Syntax Checker time: 0 seconds per iteration
@I [HLS-0] 
Source preprocessing: exec clang -fno-limit-debug-info -gcc-toolchain "C:/opt/winprog/Xilinx/Vivado_HLS/2015.2/msys" -hls -fno-exceptions  -D__llvm__  -CC -E "array_io.c"     -fno-math-errno -c -emit-llvm -O0  -mllvm -disable-llvm-optzns -std=gnu89   -DAESL_SYN -D__SYNTHESIS__ -D__HLS_SYN__ -I "C:/opt/winprog/Xilinx/Vivado_HLS/2015.2/common/technology/autopilot" -I "C:/opt/winprog/Xilinx/Vivado_HLS/2015.2/common/technology/autopilot/ap_sysc" -include etc/autopilot_ssdm_op.h -D__cdecl=  -o "D:/opt/source/Vivado/Vivado_HLS_Tutorial/Interface_Synthesis/lab3/array_io_prj/solution1/.autopilot/db/array_io.pp.0.c"

@I [HLS-0] GCC PP time: 0 seconds per iteration
@I [HLS-100] Command "list_core -type functional_unit "
@I [HLS-100] Command 'list_core' returned 0; elapsed 0Total elapsed time: 4.678 sec.
@I [HLS-0] Marker-Pragma convertor: D:/opt/source/Vivado/Vivado_HLS_Tutorial/Interface_Synthesis/lab3/array_io_prj/solution1/.autopilot/db/array_io.pp.0.c D:/opt/source/Vivado/Vivado_HLS_Tutorial/Interface_Synthesis/lab3/array_io_prj/solution1/.autopilot/db/array_io.pp.0.c.ap-line.c D:/opt/source/Vivado/Vivado_HLS_Tutorial/Interface_Synthesis/lab3/array_io_prj/solution1/.autopilot/db/array_io.pp.0.c.ap-line.c.CXX 1
@I [HLS-0] 
Source processor: exec C:/opt/winprog/Xilinx/Vivado_HLS/2015.2/tps/win64/jre/bin/java -Xmx512m -classpath   "C:/opt/winprog/Xilinx/Vivado_HLS/2015.2/lib/classes/autopilot.sourceprocessor.jar;C:/opt/winprog/Xilinx/Vivado_HLS/2015.2/lib/classes/org.eclipse.cdt.core_5.3.0.xilinx_patch.jar;C:/opt/winprog/Xilinx/Vivado_HLS/2015.2/lib/classes/org.eclipse.core.runtime_3.7.0.v20110110.jar;C:/opt/winprog/Xilinx/Vivado_HLS/2015.2/lib/classes/org.eclipse.equinox.common_3.6.0.v20110523.jar;C:/opt/winprog/Xilinx/Vivado_HLS/2015.2/lib/classes/com.ibm.icu_4.4.2.v20110208.jar;C:/opt/winprog/Xilinx/Vivado_HLS/2015.2/lib/classes/jargs.jar;C:/opt/winprog/Xilinx/Vivado_HLS/2015.2/win64/tools/eclipse/plugins/org.eclipse.emf.common_2.10.0.v20140514-1158.jar;C:/opt/winprog/Xilinx/Vivado_HLS/2015.2/win64/tools/eclipse/plugins/org.eclipse.emf.ecore_2.10.0.v20140514-1158.jar;C:/opt/winprog/Xilinx/Vivado_HLS/2015.2/win64/tools/eclipse/plugins/org.eclipse.emf.ecore.xmi_2.10.0.v20140514-1158.jar;C:/opt/winprog/Xilinx/Vivado_HLS/2015.2/win64/tools/eclipse/plugins/com.autoesl.autopilot.ui.directiveFileModel_1.0.0.jar;C:/opt/winprog/Xilinx/Vivado_HLS/2015.2/win64/tools/eclipse/plugins/com.autoesl.autopilot.ui.common_1.0.0.jar"  autopilot.sourceprocessor.CParser  "D:/opt/source/Vivado/Vivado_HLS_Tutorial/Interface_Synthesis/lab3/array_io_prj/solution1/.autopilot/db/array_io.pp.0.c.ap-line.c"  -m "array_io" -o "D:/opt/source/Vivado/Vivado_HLS_Tutorial/Interface_Synthesis/lab3/array_io_prj/solution1/.autopilot/db/array_io.pp.0.c.ap-cdt.c" -c --pp --directive D:/opt/source/Vivado/Vivado_HLS_Tutorial/Interface_Synthesis/lab3/array_io_prj/solution1/solution1.directive --source D:/opt/source/Vivado/Vivado_HLS_Tutorial/Interface_Synthesis/lab3/array_io.c --error D:/opt/source/Vivado/Vivado_HLS_Tutorial/Interface_Synthesis/lab3/array_io_prj/solution1/.autopilot/db --funcunit "AddSub AddSub_DSP AddSubnS DAddSub_fulldsp DAddSub_nodsp DDiv DExp_fulldsp DExp_meddsp DExp_nodsp DLog_fulldsp DLog_meddsp DLog_nodsp DMul_fulldsp DMul_maxdsp DMul_meddsp DMul_nodsp DRSqrt DRecip DSqrt DivnS FAddSub_fulldsp FAddSub_nodsp FDiv FExp_fulldsp FExp_meddsp FExp_nodsp FLog_fulldsp FLog_meddsp FLog_nodsp FMul_fulldsp FMul_maxdsp FMul_meddsp FMul_nodsp FRSqrt_fulldsp FRSqrt_nodsp FRecip_fulldsp FRecip_nodsp FSqrt Mul Mul2S Mul3S Mul4S Mul5S Mul6S MulnS MuxnS" --ca --gf --df --pd --p2d D:/opt/source/Vivado/Vivado_HLS_Tutorial/Interface_Synthesis/lab3/array_io_prj/solution1/.autopilot/db --sd --scff D:/opt/source/Vivado/Vivado_HLS_Tutorial/Interface_Synthesis/lab3/array_io_prj/solution1/.autopilot/db/.systemc_flag --ad

@I [HLS-0] Marker-Pragma convertor: D:/opt/source/Vivado/Vivado_HLS_Tutorial/Interface_Synthesis/lab3/array_io_prj/solution1/.autopilot/db/array_io.pp.0.c.ap-cdt.c D:/opt/source/Vivado/Vivado_HLS_Tutorial/Interface_Synthesis/lab3/array_io_prj/solution1/.autopilot/db/array_io.pragma.0.c D:/opt/source/Vivado/Vivado_HLS_Tutorial/Interface_Synthesis/lab3/array_io_prj/solution1/.autopilot/db/array_io.pragma.0.c.ap-line.CXX 0
@I [HLS-100] Command "source D:/opt/source/Vivado/Vivado_HLS_Tutorial/Interface_Synthesis/lab3/array_io_prj/solution1/.autopilot/db/pragma.status.tcl "
@I [HLS-100] Command 'ap_source' returned 0; elapsed 0.007Total elapsed time: 6.403 sec.
@I [HLS-0] CDT processor time: 1 seconds per iteration
@I [HLS-0] Pragma handling time: 0 seconds per iteration
@I [HLS-0] 
Source preprocessing: exec clang -fno-limit-debug-info -gcc-toolchain "C:/opt/winprog/Xilinx/Vivado_HLS/2015.2/msys" -hls -fno-exceptions  -D__llvm__  -CC -E "D:/opt/source/Vivado/Vivado_HLS_Tutorial/Interface_Synthesis/lab3/array_io_prj/solution1/.autopilot/db/array_io.pragma.1.c"     -fno-math-errno -c -emit-llvm -O0  -mllvm -disable-llvm-optzns -std=gnu89   -DAESL_SYN -D__SYNTHESIS__ -D__HLS_SYN__ -I "C:/opt/winprog/Xilinx/Vivado_HLS/2015.2/common/technology/autopilot" -I "C:/opt/winprog/Xilinx/Vivado_HLS/2015.2/common/technology/autopilot/ap_sysc" -include etc/autopilot_ssdm_op.h -D__cdecl=  -o "D:/opt/source/Vivado/Vivado_HLS_Tutorial/Interface_Synthesis/lab3/array_io_prj/solution1/.autopilot/db/array_io.pragma.2.c"

@I [HLS-0] exec clang -fno-limit-debug-info -gcc-toolchain C:/opt/winprog/Xilinx/Vivado_HLS/2015.2/msys -hls -hls-analyze-label -hls-analyze-pragma -fno-exceptions  -D__llvm__  -w  "D:/opt/source/Vivado/Vivado_HLS_Tutorial/Interface_Synthesis/lab3/array_io_prj/solution1/.autopilot/db/array_io.pragma.2.c"    -fno-math-errno -c -emit-llvm -O0  -mllvm -disable-llvm-optzns -std=gnu89  -DAESL_SYN -D__SYNTHESIS__ -D__HLS_SYN__ -I "C:/opt/winprog/Xilinx/Vivado_HLS/2015.2/common/technology/autopilot" -I "C:/opt/winprog/Xilinx/Vivado_HLS/2015.2/common/technology/autopilot/ap_sysc" -include etc/autopilot_ssdm_op.h -g -o "D:/opt/source/Vivado/Vivado_HLS_Tutorial/Interface_Synthesis/lab3/array_io_prj/solution1/.autopilot/db/array_io.g.bc"
@I [HLS-10] Validating synthesis directives ...
@0 [HLS-0] Validating synthesis directives ...
@I [HLS-100] Command "source D:/opt/source/Vivado/Vivado_HLS_Tutorial/Interface_Synthesis/lab3/array_io_prj/solution1/.autopilot/db/pragma.status.tcl "
@I [HLS-100] Command 'ap_source' returned 0; elapsed 0.054Total elapsed time: 7.644 sec.
@I [HLS-0] Linking all ...
@I [HLS-0] exec llvm-ld  "D:/opt/source/Vivado/Vivado_HLS_Tutorial/Interface_Synthesis/lab3/array_io_prj/solution1/.autopilot/db/array_io.bc"  -disable-opt  -LC:/opt/winprog/Xilinx/Vivado_HLS/2015.2/win64/lib -lm_basic -o "D:/opt/source/Vivado/Vivado_HLS_Tutorial/Interface_Synthesis/lab3/array_io_prj/solution1/.autopilot/db/a.o.pre"
@I [HLS-0] Link time: 0 seconds per iteration
@I [HLS-0] Linking all ...
@I [HLS-0] exec llvm-ld  "D:/opt/source/Vivado/Vivado_HLS_Tutorial/Interface_Synthesis/lab3/array_io_prj/solution1/.autopilot/db/array_io.g.bc"  -disable-opt  -LC:/opt/winprog/Xilinx/Vivado_HLS/2015.2/win64/lib -lm_basic -o "D:/opt/source/Vivado/Vivado_HLS_Tutorial/Interface_Synthesis/lab3/array_io_prj/solution1/.autopilot/db/a.g.pre"
@I [HLS-0] Link time: 0 seconds per iteration
@I [HLS-100] Command "opt_and_import_c a -opt_level=2 -skip_syncheck=0 -ng=0 "
@I [HLS-100] Command "cleanup_all_models "
@I [HLS-100] Command 'cleanup_all_models' returned 0; elapsed 0Total elapsed time: 8.755 sec.
@I [HLS-10] Starting code transformations ...
@0 [HLS-0] Starting code transformations ...
@I [HLS-0] std xform: transform -hls -share-std-xform -always-inline -promote-dbg-pointer  -interface-preproc  -scalarrepl -mem2reg -keep-read-access -instcombine -dce  -promote-dbg-pointer  -bitop-raise  -indvars -loop-simplify -xunroll  -constprop -instcombine -simplifycfg -indvars  -simplifycfg -dce -globaldce  -basicaa  -simplifycfg -mem2reg -globalopt  -global-constprop -deadargelim -instcombine -simplifycfg  -prune-eh -simplifycfg  -scalarrepl -instcombine -reassociate -licm  -simplifycfg -loop-simplify -indvars -instcombine  -simplifycfg -mem2reg -loop-simplify -indvars -instcombine  -gvn -gvn -instcombine -adce  -break-crit-edges  -simplifycfg -loop-delete  -global-array-opt -dce -dse -adce  -find-syn-modules -top array_io  -deadargelim  -mem2reg -instcombine -dce  -presyn-prepare -auto-rom-infer  -interface-preproc  -syn-check -check-rec-only  -find-region -simplifycfg -func-extr -function-inline  -globaldce -mem2reg -instcombine -dce   -gvn -globaldce -adce -adse  -constprop -instcombine -bit-constprop  -instcombine -dce -simplifycfg -bitop-raise  -simplifycfg -dce -loop-delete -reassociate  -globalopt -global-privatize -mem2reg -dce  -global-constprop -pointer-simplify -constprop -dce  -func-inst -deadargelim  -promote-dbg-pointer  -norm-name   D:/opt/source/Vivado/Vivado_HLS_Tutorial/Interface_Synthesis/lab3/array_io_prj/solution1/.autopilot/db/a.g.0.bc -o D:/opt/source/Vivado/Vivado_HLS_Tutorial/Interface_Synthesis/lab3/array_io_prj/solution1/.autopilot/db/a.g.1.bc -f  -phase std-opt
@I [HLS-0] Std xform time: 0 seconds per iteration
@I [HLS-100] Command "is_encrypted D:/opt/source/Vivado/Vivado_HLS_Tutorial/Interface_Synthesis/lab3/array_io_prj/solution1/.autopilot/db/a.g.1.bc "
@I [HLS-100] Command 'is_encrypted' returned 0; elapsed 0.008Total elapsed time: 9.388 sec.
@I [HLS-10] Checking synthesizability ...
@0 [HLS-0] Checking synthesizability ...
@I [HLS-0] syn check 1/2: transform -hls -syn-check -check-rec-only -disaggr -scalarrepl -norm-name -dce  -mem2reg -instcombine  -function-uniquify -directive-preproc -mem2reg -dse -dce -auto-rom-infer -dce  -array-normalize -instcombine -dce  -array-seg-normalize -instcombine -dce  -array-flatten -instcombine -dce  -array-burst -dce  -deadargelim -promote-global-argument  -function-inline -globaldce -dce  -doublePtrSimplify -doublePtrElim -dce  -doublePtrSimplify -promote-dbg-pointer  -dce -scalarrepl -dse -adse -instcombine  -ptrLegalization  -simplifycfg -dce -instcombine  -pointer-simplify -ptrArgReplace -dce -instcombine   -disaggr -scalarrepl -norm-name -dce  -mem2reg -instcombine -ptrLegalization   -simplifycfg -deadargelim  -instcombine -dce -inst-simplify  -function-uniquify -directive-preproc -mem2reg -dse -dce  -globaldce    D:/opt/source/Vivado/Vivado_HLS_Tutorial/Interface_Synthesis/lab3/array_io_prj/solution1/.autopilot/db/a.g.1.bc -o D:/opt/source/Vivado/Vivado_HLS_Tutorial/Interface_Synthesis/lab3/array_io_prj/solution1/.autopilot/db/a.g.2.prechk.bc -f
@I [HLS-0] Syn check 1/2 time: 0 seconds per iteration
@I [HLS-0] syn check 2/2: transform -syn-check   D:/opt/source/Vivado/Vivado_HLS_Tutorial/Interface_Synthesis/lab3/array_io_prj/solution1/.autopilot/db/a.g.2.prechk.bc -o D:/opt/source/Vivado/Vivado_HLS_Tutorial/Interface_Synthesis/lab3/array_io_prj/solution1/.autopilot/db/a.g.2.bc -f  -phase syn-check
@I [HLS-0] Syn check 2/2 time: 0 seconds per iteration
@I [HLS-0] Compiler optimizing ...
@I [HLS-0] Share syncheck's 1.bc for syn flow: copy D:/opt/source/Vivado/Vivado_HLS_Tutorial/Interface_Synthesis/lab3/array_io_prj/solution1/.autopilot/db/a.g.1.bc to D:/opt/source/Vivado/Vivado_HLS_Tutorial/Interface_Synthesis/lab3/array_io_prj/solution1/.autopilot/db/a.o.1.bc
@I [HLS-0] presyn 1: transform -hls -tmp D:/opt/source/Vivado/Vivado_HLS_Tutorial/Interface_Synthesis/lab3/array_io_prj/solution1/.autopilot/db -type-info  -function-uniquify -directive-preproc -mem2reg -dse -dce  -disaggr -scalarrepl -norm-name -deadargelim  -mem2reg -instcombine -dce -auto-rom-infer -dce -function-uniquify  -clib-intrinsic-prepare -dce  -func-buffer -dce -array-normalize  -func-legal -instcombine -gvn -constprop -dce   -ptrArgReplace -mem2reg -instcombine -dce  -array-seg-normalize -deadargelim  -instcombine -dce  -pointer-simplify -dce  -port-alignment -dce  -interface-preproc  -data-pack -instcombine -dce   -basicaa -aggr-aa -aggrmodref-aa -aggr-aa -gvn -gvn  -basicaa -aggr-aa -aggrmodref-aa -aggr-aa -dse -adse -adce  -loop-simplify -indvars -instcombine  -gvn -loop-simplify -mem2reg -dce -simplifycfg  -find-region -instcombine  -auto-loop-pipeline  -inst-simplify  -interface-preproc  -indvars -auto-loop-unroll -loop-simplify -loop-bound -xunroll  -constprop -instcombine -simplifycfg -indvars  -simplifycfg -dce -globaldce  -attach-range  -gvn -disable-agg-range -inst-simplify  -constprop -simplifycfg -dce  -pointer-simplify -dce  -globalopt -constprop -dce  -array-promote -constprop -instcombine -dce  -ptrArgReplace -mem2reg  -instcombine -simplifycfg -dce  -auto-par -instcombine -dce  -array-transform-check  -array-reshape -instcombine -simplifycfg -dce  -ptrArgReplace -deadargelim -mem2reg  -instcombine -simplifycfg -dce   -array-partition -instcombine -simplifycfg -dce  -ptrArgReplace -global-constprop -deadargelim -mem2reg  -func-legal -instcombine -dce -global-constprop -deadargelim -mem2reg  -instcombine -simplifycfg -dce   -globalopt -constprop -dce  -array-promote -constprop -instcombine -dce  -ptrArgReplace -mem2reg  -instcombine -simplifycfg -dce   -mem-intrinsic-preproc -dce  -global-privatize  -mem2reg -globaldce  -promote-global-argument  -ptrArgReplace -mem2reg -instcombine -dce  -globalopt -mergereturn -simplify-global-access -mem2reg -dce  -pointer-simplify -dce  -functionattrs  -basicaa -aggr-aa -aggrmodref-aa -aggr-aa -gvn -gvn  -basicaa -aggr-aa -aggrmodref-aa -aggr-aa -dse -adse -adce  -inst-simplify -dce -norm-name  -function-inline -globaldce  -func-inst -constprop -instcombine -simplifycfg -dce  -func-legal -dce   -loop-bound  -arraycheck -bitwidthmin -on-by-dataflow  -loop-delete -instcombine -simplifycfg -dce -loop-simplify -clean-region -simplifycfg -loop-stream -instcombine -simplifycfg -dce -globaldce  -stream-intrinsic-preproc -dce  -check-ap-stream -check-dataflow-syntax  -legalize-stream-variable -legalize-global -legalize-global-1  -extract-subproc -scalar-propagation -globaldce -mem2reg  -check-dataflow-channels -function-stream -dce -globaldce  -prop-fifo-spec -internal-stream-gen  -array-streaming -instcombine -simplifycfg -dce    -function-uniquify -directive-preproc -mem2reg -dse -dce  -group-axi-access    -simplifycfg -dce -loop-delete  -norm-name  D:/opt/source/Vivado/Vivado_HLS_Tutorial/Interface_Synthesis/lab3/array_io_prj/solution1/.autopilot/db/a.o.1.bc -o D:/opt/source/Vivado/Vivado_HLS_Tutorial/Interface_Synthesis/lab3/array_io_prj/solution1/.autopilot/db/a.o.1.tmp.bc -f
@I [HLS-0] Presyn 1 time: 0 seconds per iteration
@I [HLS-0] presyn 2: transform -hls -keep-callgraph -scalarrepl -mem2reg  -port-alignment -attach-range -dce  -pipe-mux-gen  -indvars -loop-bound  -inst-simplify -instcombine -dce  -merge-array-access -mem2reg -dce  -clean-region -mergereturn -if-conv  -instcombine -dce -constprop  -basicaa -aggr-aa -aggrmodref-aa -aggr-aa -gvn -gvn  -basicaa -aggr-aa -aggrmodref-aa -aggr-aa -dse -adse -adce  -scalarrepl -mem2reg  -global-constprop -deadargelim -deadargelim  -instcombine -dce -simplifycfg    -ptrArgReplace -mem2reg -function-inline  -globaldce -mem2reg -instcombine -dce -expr-balance  -instcombine -dce  -bitwidthmin  -directive-preproc  -inst-rectify -instcombine -dce  -functionattrs  -constprop -instcombine -bit-constprop  -simplify-global-access  -globalopt -globaldce  -inst-simplify -instcombine -elimdeaddata -dce  -loop-delete -simplifycfg   -norm-name D:/opt/source/Vivado/Vivado_HLS_Tutorial/Interface_Synthesis/lab3/array_io_prj/solution1/.autopilot/db/a.o.1.tmp.bc -o D:/opt/source/Vivado/Vivado_HLS_Tutorial/Interface_Synthesis/lab3/array_io_prj/solution1/.autopilot/db/a.o.2.bc -f  -phase presyn
@I [HLS-0] Presyn 2 time: 0 seconds per iteration
@I [HLS-100] Command "is_encrypted D:/opt/source/Vivado/Vivado_HLS_Tutorial/Interface_Synthesis/lab3/array_io_prj/solution1/.autopilot/db/a.o.2.bc "
@I [HLS-100] Command 'is_encrypted' returned 0; elapsed 0.012Total elapsed time: 9.847 sec.
@I [HLS-0] build ssdm: transform -hls -function-uniquify -auto-function-inline -globaldce  -ptrArgReplace -mem2reg -instcombine -dce  -loop-simplify -indvars -licm -loop-dep  -loop-bound -licm -loop-simplify -flattenloopnest  -array-flatten -gvn -instcombine -dce  -array-map -dce -func-legal  -gvn -adce -instcombine -cfgopt -simplifycfg -loop-simplify   -array-burst -promote-global-argument -dce  -axi4-lower -array-seg-normalize  -basicaa -aggrmodref-aa -globalsmodref-aa -aggr-aa -gvn -gvn  -basicaa -aggrmodref-aa -globalsmodref-aa -aggr-aa -dse -adse -adce -licm  -inst-simplify -dce  -globaldce -array-streaming -instcombine  -dce   -deadargelim -doublePtrSimplify  -doublePtrElim -dce -doublePtrSimplify -promote-dbg-pointer  -dce -scalarrepl -mem2reg -disaggr -norm-name -mem2reg  -instcombine  -dse -adse -adce -ptrLegalization -dce -auto-rom-infer -array-flatten -dce -instcombine  -loop-rot -constprop -cfgopt -simplifycfg -loop-simplify -indvars -pointer-simplify -dce -loop-bound  -loop-simplify -loop-preproc  -constprop -global-constprop -gvn -mem2reg -instcombine -dce  -loop-merge -dce  -bitwidthmin  -scalar-propagation -globaldce -mem2reg  -interface-preproc -interface-gen  -deadargelim -directive-preproc -inst-simplify -dce  -gvn -mem2reg -instcombine -dce -adse  -loop-bound  -instcombine -cfgopt -simplifycfg -loop-simplify  -clean-region -io-protocol  -find-region -mem2reg  -bitop-raise  -inst-simplify -inst-rectify -instcombine -adce -deadargelim  -loop-simplify -phi-opt -bitop-raise  -cfgopt -simplifycfg -strip-dead-prototypes  -interface-lower -bitop-lower -intrinsic-lower -auto-function-inline  -basicaa -aggrmodref-aa -globalsmodref-aa -aggr-aa  -inst-simplify -simplifycfg   -mergereturn -inst-simplify -inst-rectify  -dce -bitop-lower  -loop-rewind -pointer-simplify -dce -cfgopt  -norm-name -legalize -read-loop-dep -dce -bitwidth   -cdfg-build  D:/opt/source/Vivado/Vivado_HLS_Tutorial/Interface_Synthesis/lab3/array_io_prj/solution1/.autopilot/db/a.o.2.bc -o D:/opt/source/Vivado/Vivado_HLS_Tutorial/Interface_Synthesis/lab3/array_io_prj/solution1/.autopilot/db/a.o.3.bc -f  -phase build-ssdm
@I [HLS-0] Build ssdm time: 0 seconds per iteration
@I [HLS-100] Command "is_encrypted D:/opt/source/Vivado/Vivado_HLS_Tutorial/Interface_Synthesis/lab3/array_io_prj/solution1/.autopilot/db/a.o.3.bc "
@I [HLS-100] Command 'is_encrypted' returned 0; elapsed 0.006Total elapsed time: 10.51 sec.
@I [HLS-0] Finish building internal data model.
@I [HLS-100] Command 'opt_and_import_c' returned 0; elapsed 1.325Total elapsed time: 10.79 sec.
@I [HLS-111] Elapsed time: 10.089 seconds; current memory usage: 69.9 MB.
@I [HLS-100] Command 'elaborate' returned 0; elapsed 6.493Total elapsed time: 10.84 sec.
@I [HLS-100] Command "autosyn "
@I [HLS-10] Starting hardware synthesis ...
@0 [HLS-0] Starting hardware synthesis ...
@I [HLS-0] Synthesizing C/C++ design ...
@I [HLS-10] Synthesizing 'array_io' ...
@0 [HLS-0] Synthesizing 'array_io' ...
@I [HLS-100] Command "ap_set_top_model array_io "
@I [HLS-100] Command 'ap_set_top_model' returned 0; elapsed 0Total elapsed time: 10.175 sec.
@I [HLS-100] Command "get_model_list array_io -filter all-wo-channel -topdown "
@I [HLS-100] Command 'get_model_list' returned 0; elapsed 0Total elapsed time: 10.175 sec.
@I [HLS-100] Command "preproc_iomode -model array_io "
@I [HLS-100] Command 'preproc_iomode' returned 0; elapsed 0Total elapsed time: 10.175 sec.
@I [HLS-100] Command "get_model_list array_io -filter all-wo-channel "
@I [HLS-100] Command 'get_model_list' returned 0; elapsed 0Total elapsed time: 10.176 sec.
@I [HLS-0] Model list for configure: array_io
@I [HLS-0] Configuring Module : array_io ...
@I [HLS-100] Command "set_default_model array_io "
@I [HLS-100] Command 'set_default_model' returned 0; elapsed 0Total elapsed time: 10.176 sec.
@I [HLS-100] Command "apply_spec_resource_limit array_io "
@I [HLS-100] Command 'apply_spec_resource_limit' returned 0; elapsed 0Total elapsed time: 10.176 sec.
@I [HLS-0] Model list for preprocess: array_io
@I [HLS-0] Preprocessing Module: array_io ...
@I [HLS-100] Command "set_default_model array_io "
@I [HLS-100] Command 'set_default_model' returned 0; elapsed 0Total elapsed time: 10.176 sec.
@I [HLS-100] Command "cdfg_preprocess -model array_io "
@I [HLS-100] Command 'cdfg_preprocess' returned 0; elapsed 0.001Total elapsed time: 10.176 sec.
@I [HLS-100] Command "rtl_gen_preprocess array_io "
@I [HLS-100] Command 'rtl_gen_preprocess' returned 0; elapsed 0.001Total elapsed time: 10.177 sec.
@I [HLS-0] Model list for synthesis: array_io
@I [HLS-10] ----------------------------------------------------------------
@0 [HLS-0] ----------------------------------------------------------------
@I [HLS-10] -- Scheduling module 'array_io' 
@0 [HLS-0] -- Scheduling module 'array_io' 
@I [HLS-10] ----------------------------------------------------------------
@0 [HLS-0] ----------------------------------------------------------------
@I [HLS-100] Command "set_default_model array_io "
@I [HLS-100] Command 'set_default_model' returned 0; elapsed 0Total elapsed time: 10.177 sec.
@I [HLS-100] Command "schedule -model array_io "
@I [SCHED-11] Starting scheduling ...
@I [SCHED-11] Finished scheduling.
@I [HLS-100] Command 'schedule' returned 0; elapsed 0.019Total elapsed time: 10.197 sec.
@I [HLS-111] Elapsed time: 0.118 seconds; current memory usage: 70.7 MB.
@I [HLS-100] Command "report -o D:/opt/source/Vivado/Vivado_HLS_Tutorial/Interface_Synthesis/lab3/array_io_prj/solution1/.autopilot/db/array_io.verbose.sched.rpt -verbose -f "
@I [HLS-100] Command 'report' returned 0; elapsed 0.082Total elapsed time: 10.317 sec.
@I [HLS-100] Command "db_write -o D:/opt/source/Vivado/Vivado_HLS_Tutorial/Interface_Synthesis/lab3/array_io_prj/solution1/.autopilot/db/array_io.sched.adb -f "
@I [HLS-100] Command 'db_write' returned 0; elapsed 0.013Total elapsed time: 10.330 sec.
@I [HLS-0] Finish scheduling array_io.
@I [HLS-10] ----------------------------------------------------------------
@0 [HLS-0] ----------------------------------------------------------------
@I [HLS-10] -- Exploring micro-architecture for module 'array_io' 
@0 [HLS-0] -- Exploring micro-architecture for module 'array_io' 
@I [HLS-10] ----------------------------------------------------------------
@0 [HLS-0] ----------------------------------------------------------------
@I [HLS-100] Command "set_default_model array_io "
@I [HLS-100] Command 'set_default_model' returned 0; elapsed 0Total elapsed time: 10.358 sec.
@I [HLS-100] Command "bind -model array_io "
@I [BIND-110] clear=
@I [BIND-110] debug=
@I [BIND-110] drf=
@I [BIND-110] effort=
@I [BIND-110] fast_refine=
@I [BIND-110] fu_weight=[ 0.0 -- 1.0 ]
@I [BIND-110] global_opt=
@I [BIND-110] gsearch=
@I [BIND-110] help=
@I [BIND-110] help-hidden=
@I [BIND-110] min_mem_port=
@I [BIND-110] min_op=
@I [BIND-110] minreg=
@I [BIND-110] ml=
@I [BIND-110] model=array_io
@I [BIND-110] no_false_path=
@I [BIND-110] no_min_op=
@I [BIND-110] normalize=
@I [BIND-110] quiet=
@I [BIND-110] refine=
@I [BIND-110] reg_weight=[ 0.0 -- 1.0 ]
@I [BIND-110] search=
@I [BIND-110] tight_delay=
@I [BIND-110] verbose=
@I [BIND-110] wFF=
@I [BIND-110] wFU=
@I [BIND-110] wMUX=
@I [BIND-110] wNET=
@I [BIND-100] Starting micro-architecture generation ...
@I [BIND-101] Performing variable lifetime analysis.
@I [BIND-101] Exploring resource sharing.
@I [BIND-101] Binding ...
@I [BIND-100] Finished micro-architecture generation.
@I [HLS-100] Command 'bind' returned 0; elapsed 0.009Total elapsed time: 10.367 sec.
@I [HLS-111] Elapsed time: 0.173 seconds; current memory usage: 70.9 MB.
@I [HLS-100] Command "report -o D:/opt/source/Vivado/Vivado_HLS_Tutorial/Interface_Synthesis/lab3/array_io_prj/solution1/.autopilot/db/array_io.verbose.bind.rpt -verbose -f "
@I [HLS-100] Command 'report' returned 0; elapsed 0.015Total elapsed time: 10.391 sec.
@I [HLS-100] Command "db_write -o D:/opt/source/Vivado/Vivado_HLS_Tutorial/Interface_Synthesis/lab3/array_io_prj/solution1/.autopilot/db/array_io.bind.adb -f "
@I [HLS-100] Command 'db_write' returned 0; elapsed 0.018Total elapsed time: 10.409 sec.
@I [HLS-0] Finish binding array_io.
@I [HLS-100] Command "get_model_list array_io -filter all-wo-channel "
@I [HLS-100] Command 'get_model_list' returned 0; elapsed 0Total elapsed time: 10.409 sec.
@I [HLS-0] Preprocessing for RTLGen ...
@I [HLS-100] Command "rtl_gen_preprocess array_io "
@I [HLS-100] Command 'rtl_gen_preprocess' returned 0; elapsed 0.001Total elapsed time: 10.410 sec.
@I [HLS-0] Model list for RTL generation: array_io
@I [HLS-10] ----------------------------------------------------------------
@0 [HLS-0] ----------------------------------------------------------------
@I [HLS-10] -- Generating RTL for module 'array_io' 
@0 [HLS-0] -- Generating RTL for module 'array_io' 
@I [HLS-10] ----------------------------------------------------------------
@0 [HLS-0] ----------------------------------------------------------------
@I [HLS-100] Command "create_rtl_model array_io -vendor xilinx -mg_file D:/opt/source/Vivado/Vivado_HLS_Tutorial/Interface_Synthesis/lab3/array_io_prj/solution1/.autopilot/db/array_io.compgen.tcl "
@I [RTGEN-500] Setting interface mode on port 'array_io/d_o' to 'ap_memory'.
@I [RTGEN-500] Setting interface mode on port 'array_io/d_i' to 'ap_memory'.
@I [RTGEN-500] Setting interface mode on function 'array_io' to 'ap_ctrl_hs'.
@I [RTGEN-100] Finished creating RTL model for 'array_io'.
@I [HLS-100] Command 'create_rtl_model' returned 0; elapsed 0.052Total elapsed time: 10.523 sec.
@I [HLS-111] Elapsed time: 0.156 seconds; current memory usage: 70.8 MB.
@I [HLS-100] Command "source D:/opt/source/Vivado/Vivado_HLS_Tutorial/Interface_Synthesis/lab3/array_io_prj/solution1/.autopilot/db/array_io.rtl_wrap.cfg.tcl "
@I [HLS-100] Command 'ap_source' returned 0; elapsed 0.002Total elapsed time: 10.534 sec.
@I [HLS-100] Command "gen_rtl array_io -istop -style xilinx -tracefl mytrace -tracefmt vcd -traceopt all -f -lang sc -o D:/opt/source/Vivado/Vivado_HLS_Tutorial/Interface_Synthesis/lab3/array_io_prj/solution1/syn/systemc/array_io -synmodules array_io "
@I [HLS-100] Command 'gen_rtl' returned 0; elapsed 0.032Total elapsed time: 10.567 sec.
@I [HLS-100] Command "gen_rtl array_io -istop -style xilinx -f -lang vhdl -o D:/opt/source/Vivado/Vivado_HLS_Tutorial/Interface_Synthesis/lab3/array_io_prj/solution1/syn/vhdl/array_io "
@I [HLS-100] Command 'gen_rtl' returned 0; elapsed 0.017Total elapsed time: 10.584 sec.
@I [HLS-100] Command "gen_rtl array_io -istop -style xilinx -f -lang vlog -o D:/opt/source/Vivado/Vivado_HLS_Tutorial/Interface_Synthesis/lab3/array_io_prj/solution1/syn/verilog/array_io "
@I [HLS-100] Command 'gen_rtl' returned 0; elapsed 0.007Total elapsed time: 10.591 sec.
@I [HLS-100] Command "export_constraint_db -o D:/opt/source/Vivado/Vivado_HLS_Tutorial/Interface_Synthesis/lab3/array_io_prj/solution1/.autopilot/db/array_io.constraint.tcl -f -tool general "
@I [HLS-100] Command 'export_constraint_db' returned 0; elapsed 0.006Total elapsed time: 10.598 sec.
@I [HLS-100] Command "report -model array_io -o D:/opt/source/Vivado/Vivado_HLS_Tutorial/Interface_Synthesis/lab3/array_io_prj/solution1/.autopilot/db/array_io.design.xml -verbose -f -dv "
@I [HLS-100] Command 'report' returned 0; elapsed 0.011Total elapsed time: 10.609 sec.
@I [HLS-100] Command "gen_tb_info array_io -o D:/opt/source/Vivado/Vivado_HLS_Tutorial/Interface_Synthesis/lab3/array_io_prj/solution1/.autopilot/db/array_io -p D:/opt/source/Vivado/Vivado_HLS_Tutorial/Interface_Synthesis/lab3/array_io_prj/solution1/.autopilot/db "
@I [HLS-100] Command 'gen_tb_info' returned 0; elapsed 0.037Total elapsed time: 10.646 sec.
@I [HLS-100] Command "report -model array_io -o D:/opt/source/Vivado/Vivado_HLS_Tutorial/Interface_Synthesis/lab3/array_io_prj/solution1/syn/report/array_io_csynth.rpt -f "
@I [HLS-100] Command 'report' returned 0; elapsed 0.009Total elapsed time: 10.655 sec.
@I [HLS-100] Command "report -model array_io -o D:/opt/source/Vivado/Vivado_HLS_Tutorial/Interface_Synthesis/lab3/array_io_prj/solution1/syn/report/array_io_csynth.xml -f -x "
@I [HLS-100] Command 'report' returned 0; elapsed 0.005Total elapsed time: 10.660 sec.
@I [HLS-100] Command "report -model array_io -o D:/opt/source/Vivado/Vivado_HLS_Tutorial/Interface_Synthesis/lab3/array_io_prj/solution1/.autopilot/db/array_io.verbose.rpt -verbose -f "
@I [HLS-100] Command 'report' returned 0; elapsed 0.026Total elapsed time: 10.687 sec.
@I [HLS-100] Command "db_write -model array_io -o D:/opt/source/Vivado/Vivado_HLS_Tutorial/Interface_Synthesis/lab3/array_io_prj/solution1/.autopilot/db/array_io.adb -f "
@I [HLS-100] Command 'db_write' returned 0; elapsed 0.031Total elapsed time: 10.718 sec.
@I [HLS-100] Command "sc_get_clocks array_io "
@I [HLS-100] Command 'sc_get_clocks' returned 0; elapsed 0Total elapsed time: 10.776 sec.
@I [HLS-100] Command "sc_get_portdomain array_io "
@I [HLS-100] Command 'sc_get_portdomain' returned 0; elapsed 0Total elapsed time: 10.776 sec.
@I [HLS-0] Model list for RTL component generation: array_io
@I [HLS-0] Handling components in module [array_io] ... 
@I [HLS-100] Command "source D:/opt/source/Vivado/Vivado_HLS_Tutorial/Interface_Synthesis/lab3/array_io_prj/solution1/.autopilot/db/array_io.compgen.tcl "
@I [HLS-0] Found component array_io_acc.
@I [HLS-0] Append model array_io_acc
@I [HLS-100] Command 'ap_source' returned 0; elapsed 0.084Total elapsed time: 11.18 sec.
@I [HLS-0] Append model array_io
@I [HLS-0] Generating RTL model list ...
@I [HLS-0] All models in this session: array_io_acc array_io
@I [HLS-0] To file: write model array_io_acc
@I [HLS-0] To file: write model array_io
@I [HLS-0] Finished generating RTL model list.


@I [HLS-0] RTL Generation done.
@I [HLS-0] CAS Generation done.
@I [HLS-0] CBC Generation done.
@I [HLS-100] Command "export_ssdm D:/opt/source/Vivado/Vivado_HLS_Tutorial/Interface_Synthesis/lab3/array_io_prj/solution1/.autopilot/db/a.export.ll "
@I [HLS-100] Command 'export_ssdm' returned 0; elapsed 0.002Total elapsed time: 11.114 sec.
@I [HLS-100] Command "source D:/opt/source/Vivado/Vivado_HLS_Tutorial/Interface_Synthesis/lab3/array_io_prj/solution1/.autopilot/db/global.setting.tcl "
@I [HLS-100] Command 'ap_source' returned 0; elapsed 0.002Total elapsed time: 11.123 sec.
@I [HLS-100] Command "source C:/opt/winprog/Xilinx/Vivado_HLS/2015.2/common/technology/generic/autopilot/common.gen "
@I [HLS-100] Command "source C:/opt/winprog/Xilinx/Vivado_HLS/2015.2/common/technology/generic/autopilot/APCoreGen.gen "
@I [HLS-100] Command 'ap_source' returned 0; elapsed 0.002Total elapsed time: 11.126 sec.
@I [HLS-100] Command 'ap_source' returned 0; elapsed 0.003Total elapsed time: 11.126 sec.
@I [HLS-100] Command "source C:/opt/winprog/Xilinx/Vivado_HLS/2015.2/common/technology/generic/autopilot/op.gen "
@I [HLS-100] Command 'ap_source' returned 0; elapsed 0.001Total elapsed time: 11.127 sec.
@I [HLS-100] Command "source C:/opt/winprog/Xilinx/Vivado_HLS/2015.2/common/technology/generic/autopilot/op_simcore.gen "
@I [HLS-100] Command 'ap_source' returned 0; elapsed 0.002Total elapsed time: 11.130 sec.
@I [HLS-100] Command "source C:/opt/winprog/Xilinx/Vivado_HLS/2015.2/common/technology/generic/autopilot/interface.gen "
@I [HLS-100] Command 'ap_source' returned 0; elapsed 0.001Total elapsed time: 11.131 sec.
@I [HLS-100] Command "source D:/opt/source/Vivado/Vivado_HLS_Tutorial/Interface_Synthesis/lab3/array_io_prj/solution1/.autopilot/db/global.setting.tcl "
@I [HLS-100] Command 'ap_source' returned 0; elapsed 0.002Total elapsed time: 11.133 sec.
@I [HLS-100] Command "source C:/opt/winprog/Xilinx/Vivado_HLS/2015.2/common/technology/xilinx/kintex7/kintex7.gen "
@I [HLS-100] Command "source C:/opt/winprog/Xilinx/Vivado_HLS/2015.2/common/technology/xilinx/common/virtex.gen "
@I [HLS-100] Command "source C:/opt/winprog/Xilinx/Vivado_HLS/2015.2/common/technology/xilinx/common/xilinx.gen "
@I [HLS-100] Command "source C:/opt/winprog/Xilinx/Vivado_HLS/2015.2/common/technology/xilinx/interface/plb46.gen "
@I [HLS-100] Command 'ap_source' returned 0; elapsed 0.002Total elapsed time: 11.138 sec.
@I [HLS-100] Command "source C:/opt/winprog/Xilinx/Vivado_HLS/2015.2/common/technology/xilinx/interface/fsl.gen "
@I [HLS-100] Command 'ap_source' returned 0; elapsed 0.001Total elapsed time: 11.139 sec.
@I [HLS-100] Command "source C:/opt/winprog/Xilinx/Vivado_HLS/2015.2/common/technology/xilinx/interface/axi4.gen "
@I [HLS-100] Command 'ap_source' returned 0; elapsed 0.003Total elapsed time: 11.141 sec.
@I [HLS-100] Command "source C:/opt/winprog/Xilinx/Vivado_HLS/2015.2/common/technology/xilinx/interface/nativeAXI4.gen "
@I [HLS-100] Command "source C:/opt/winprog/Xilinx/Vivado_HLS/2015.2/common/technology/xilinx/interface/saxilite.gen "
@I [HLS-100] Command 'ap_source' returned 0; elapsed 0.003Total elapsed time: 11.146 sec.
@I [HLS-100] Command "source C:/opt/winprog/Xilinx/Vivado_HLS/2015.2/common/technology/xilinx/interface/maxi.gen "
@I [HLS-100] Command 'ap_source' returned 0; elapsed 0.01Total elapsed time: 11.156 sec.
@I [HLS-100] Command 'ap_source' returned 0; elapsed 0.014Total elapsed time: 11.156 sec.
@I [HLS-100] Command "source C:/opt/winprog/Xilinx/Vivado_HLS/2015.2/common/technology/xilinx/scripts/xilinxcoregen.gen "
@I [HLS-100] Command 'ap_source' returned 0; elapsed 0.014Total elapsed time: 11.170 sec.
@I [HLS-100] Command "source C:/opt/winprog/Xilinx/Vivado_HLS/2015.2/common/technology/xilinx/interface/XilEDKCoreGen.gen "
@I [HLS-100] Command 'ap_source' returned 0; elapsed 0.012Total elapsed time: 11.182 sec.
@I [HLS-100] Command "source C:/opt/winprog/Xilinx/Vivado_HLS/2015.2/common/technology/xilinx/ip/dds_compiler.gen "
@I [HLS-100] Command 'ap_source' returned 0; elapsed 0.004Total elapsed time: 11.186 sec.
@I [HLS-100] Command "source C:/opt/winprog/Xilinx/Vivado_HLS/2015.2/common/technology/xilinx/ip/util.gen "
@I [HLS-100] Command 'ap_source' returned 0; elapsed 0.001Total elapsed time: 11.187 sec.
@I [HLS-100] Command "source C:/opt/winprog/Xilinx/Vivado_HLS/2015.2/common/technology/xilinx/ip/xfft.gen "
@I [HLS-100] Command 'ap_source' returned 0; elapsed 0.165Total elapsed time: 11.352 sec.
@I [HLS-100] Command "source C:/opt/winprog/Xilinx/Vivado_HLS/2015.2/common/technology/xilinx/ip/xfir.gen "
@I [HLS-100] Command 'ap_source' returned 0; elapsed 0.04Total elapsed time: 11.392 sec.
@I [HLS-100] Command 'ap_source' returned 0; elapsed 0.257Total elapsed time: 11.392 sec.
@I [HLS-100] Command "source C:/opt/winprog/Xilinx/Vivado_HLS/2015.2/common/technology/xilinx/common/dsp48.gen "
@I [HLS-100] Command 'ap_source' returned 0; elapsed 0Total elapsed time: 11.394 sec.
@I [HLS-100] Command 'ap_source' returned 0; elapsed 0.261Total elapsed time: 11.395 sec.
@I [HLS-100] Command 'ap_source' returned 0; elapsed 0.262Total elapsed time: 11.395 sec.
@I [HLS-100] Command "source C:/opt/winprog/Xilinx/Vivado_HLS/2015.2/common/technology/xilinx/kintex7/kintex7_fpv6.gen "
@I [HLS-100] Command "source C:/opt/winprog/Xilinx/Vivado_HLS/2015.2/common/technology/xilinx/common/xilinx_fpv6.gen "
@I [HLS-100] Command 'ap_source' returned 0; elapsed 0.003Total elapsed time: 11.398 sec.
@I [HLS-100] Command 'ap_source' returned 0; elapsed 0.003Total elapsed time: 11.398 sec.
@I [HLS-100] Command "source D:/opt/source/Vivado/Vivado_HLS_Tutorial/Interface_Synthesis/lab3/array_io_prj/solution1/.autopilot/db/global.setting.tcl "
@I [HLS-100] Command 'ap_source' returned 0; elapsed 0.001Total elapsed time: 11.448 sec.
@I [HLS-100] Command "source D:/opt/source/Vivado/Vivado_HLS_Tutorial/Interface_Synthesis/lab3/array_io_prj/solution1/.autopilot/db/global.setting.tcl "
@I [HLS-100] Command 'ap_source' returned 0; elapsed 0.001Total elapsed time: 11.450 sec.
@I [HLS-100] Command "source D:/opt/source/Vivado/Vivado_HLS_Tutorial/Interface_Synthesis/lab3/array_io_prj/solution1/.autopilot/db/global.setting.tcl "
@I [HLS-100] Command 'ap_source' returned 0; elapsed 0.002Total elapsed time: 11.452 sec.
@I [HLS-100] Command "source D:/opt/source/Vivado/Vivado_HLS_Tutorial/Interface_Synthesis/lab3/array_io_prj/solution1/.autopilot/db/global.setting.tcl "
@I [HLS-100] Command 'ap_source' returned 0; elapsed 0.001Total elapsed time: 11.453 sec.
@I [HLS-100] Command "source D:/opt/source/Vivado/Vivado_HLS_Tutorial/Interface_Synthesis/lab3/array_io_prj/solution1/.autopilot/db/array_io.compgen.tcl "
@I [RTMG-278] Implementing memory 'array_io_acc_ram' using distributed RAMs with power-on initialization.
@I [HLS-100] Command 'ap_source' returned 0; elapsed 0.066Total elapsed time: 11.520 sec.
@I [HLS-10] Finished generating all RTL models.
@0 [HLS-0] Finished generating all RTL models.
@I [WSYSC-301] Generating RTL SystemC for 'array_io'.
@I [WVHDL-304] Generating RTL VHDL for 'array_io'.
@I [WVLOG-307] Generating RTL Verilog for 'array_io'.
@I [HLS-100] Command 'autosyn' returned 0; elapsed 1.497Total elapsed time: 11.581 sec.
@I [HLS-100] Command 'csynth_design' returned 0; elapsed 7.99Total elapsed time: 11.581 sec.
@I [HLS-100] Command 'ap_source' returned 0; elapsed 10.378Total elapsed time: 11.581 sec.
@I [HLS-100] Command "cleanup_all "
@I [HLS-100] Command 'cleanup_all' returned 0; elapsed 0.002Total elapsed time: 11.584 sec.
