

================================================================
== Vivado HLS Report for 'dct_Loop_Xpose_Col_Outer_Loop_proc'
================================================================
* Date:           Mon Aug 10 14:23:09 2015

* Version:        2015.2 (Build 1266856 on Fri Jun 26 16:57:37 PM 2015)
* Project:        dct_prj
* Solution:       solution6
* Product family: kintex7
* Target device:  xc7k160tfbg484-1


================================================================
== Performance Estimates
================================================================
+ Timing (ns): 
    * Summary: 
    +--------+-------+----------+------------+
    |  Clock | Target| Estimated| Uncertainty|
    +--------+-------+----------+------------+
    |ap_clk  |   8.00|      5.75|        1.00|
    +--------+-------+----------+------------+

+ Latency (clock cycles): 
    * Summary: 
    +-----+-----+-----+-----+---------+
    |  Latency  |  Interval | Pipeline|
    | min | max | min | max |   Type  |
    +-----+-----+-----+-----+---------+
    |   66|   66|   66|   66|   none  |
    +-----+-----+-----+-----+---------+

    + Detail: 
        * Instance: 
        N/A

        * Loop: 
        +---------------------------------------------+-----+-----+----------+-----------+-----------+------+----------+
        |                                             |  Latency  | Iteration|  Initiation Interval  | Trip |          |
        |                  Loop Name                  | min | max |  Latency |  achieved |   target  | Count| Pipelined|
        +---------------------------------------------+-----+-----+----------+-----------+-----------+------+----------+
        |- Xpose_Col_Outer_Loop_Xpose_Col_Inner_Loop  |   64|   64|         2|          1|          1|    64|    yes   |
        +---------------------------------------------+-----+-----+----------+-----------+-----------+------+----------+



================================================================
== Utilization Estimates
================================================================
* Summary: 
+-----------------+---------+-------+--------+--------+
|       Name      | BRAM_18K| DSP48E|   FF   |   LUT  |
+-----------------+---------+-------+--------+--------+
|Expression       |        -|      -|       0|      45|
|FIFO             |        -|      -|       -|       -|
|Instance         |        -|      -|       -|       -|
|Memory           |        -|      -|       -|       -|
|Multiplexer      |        -|      -|       -|      20|
|Register         |        -|      -|      30|       -|
+-----------------+---------+-------+--------+--------+
|Total            |        0|      0|      30|      65|
+-----------------+---------+-------+--------+--------+
|Available        |      650|    600|  202800|  101400|
+-----------------+---------+-------+--------+--------+
|Utilization (%)  |        0|      0|   ~0   |   ~0   |
+-----------------+---------+-------+--------+--------+

+ Detail: 
    * Instance: 
    N/A

    * Memory: 
    N/A

    * FIFO: 
    N/A

    * Expression: 
    +-------------------------------+----------+-------+---+----+------------+------------+
    |         Variable Name         | Operation| DSP48E| FF| LUT| Bitwidth P0| Bitwidth P1|
    +-------------------------------+----------+-------+---+----+------------+------------+
    |i_fu_169_p2                    |     +    |      0|  0|   4|           4|           1|
    |indvar_flatten_next_fu_108_p2  |     +    |      0|  0|   7|           7|           1|
    |j6_fu_128_p2                   |     +    |      0|  0|   4|           4|           1|
    |p_addr1_fu_158_p2              |     +    |      0|  0|   8|           8|           8|
    |p_addr5_fu_189_p2              |     +    |      0|  0|   8|           8|           8|
    |i_3_i_mid2_fu_120_p3           |  Select  |      0|  0|   4|           1|           1|
    |j_1_i_mid2_fu_134_p3           |  Select  |      0|  0|   4|           1|           4|
    |exitcond_flatten_fu_102_p2     |   icmp   |      0|  0|   3|           7|           8|
    |exitcond_i8_fu_114_p2          |   icmp   |      0|  0|   2|           4|           5|
    |ap_sig_bdd_79                  |    or    |      0|  0|   1|           1|           1|
    +-------------------------------+----------+-------+---+----+------------+------------+
    |Total                          |          |      0|  0|  45|          45|          38|
    +-------------------------------+----------+-------+---+----+------------+------------+

    * Multiplexer: 
    +-----------------------+----+-----------+-----+-----------+
    |          Name         | LUT| Input Size| Bits| Total Bits|
    +-----------------------+----+-----------+-----+-----------+
    |ap_NS_fsm              |   1|          4|    1|          4|
    |i_3_i_reg_91           |   4|          2|    4|          8|
    |indvar_flatten_reg_69  |   7|          2|    7|         14|
    |j_1_i_phi_fu_84_p4     |   4|          2|    4|          8|
    |j_1_i_reg_80           |   4|          2|    4|          8|
    +-----------------------+----+-----------+-----+-----------+
    |Total                  |  20|         12|   20|         42|
    +-----------------------+----+-----------+-----+-----------+

    * Register: 
    +--------------------------+---+----+-----+-----------+
    |           Name           | FF| LUT| Bits| Const Bits|
    +--------------------------+---+----+-----+-----------+
    |ap_CS_fsm                 |  3|   0|    3|          0|
    |ap_done_reg               |  1|   0|    1|          0|
    |ap_reg_ppiten_pp0_it0     |  1|   0|    1|          0|
    |ap_reg_ppiten_pp0_it1     |  1|   0|    1|          0|
    |exitcond_flatten_reg_200  |  1|   0|    1|          0|
    |i_3_i_mid2_reg_209        |  4|   0|    4|          0|
    |i_3_i_reg_91              |  4|   0|    4|          0|
    |indvar_flatten_reg_69     |  7|   0|    7|          0|
    |j_1_i_mid2_reg_214        |  4|   0|    4|          0|
    |j_1_i_reg_80              |  4|   0|    4|          0|
    +--------------------------+---+----+-----+-----------+
    |Total                     | 30|   0|   30|          0|
    +--------------------------+---+----+-----+-----------+



================================================================
== Interface
================================================================
* Summary: 
+-----------------------+-----+-----+------------+------------------------------------+--------------+
|       RTL Ports       | Dir | Bits|  Protocol  |            Source Object           |    C Type    |
+-----------------------+-----+-----+------------+------------------------------------+--------------+
|ap_clk                 |  in |    1| ap_ctrl_hs | dct_Loop_Xpose_Col_Outer_Loop_proc | return value |
|ap_rst                 |  in |    1| ap_ctrl_hs | dct_Loop_Xpose_Col_Outer_Loop_proc | return value |
|ap_start               |  in |    1| ap_ctrl_hs | dct_Loop_Xpose_Col_Outer_Loop_proc | return value |
|ap_done                | out |    1| ap_ctrl_hs | dct_Loop_Xpose_Col_Outer_Loop_proc | return value |
|ap_continue            |  in |    1| ap_ctrl_hs | dct_Loop_Xpose_Col_Outer_Loop_proc | return value |
|ap_idle                | out |    1| ap_ctrl_hs | dct_Loop_Xpose_Col_Outer_Loop_proc | return value |
|ap_ready               | out |    1| ap_ctrl_hs | dct_Loop_Xpose_Col_Outer_Loop_proc | return value |
|col_outbuf_i_address0  | out |    6|  ap_memory |            col_outbuf_i            |     array    |
|col_outbuf_i_ce0       | out |    1|  ap_memory |            col_outbuf_i            |     array    |
|col_outbuf_i_q0        |  in |   16|  ap_memory |            col_outbuf_i            |     array    |
|buf_2d_out_address0    | out |    6|  ap_memory |             buf_2d_out             |     array    |
|buf_2d_out_ce0         | out |    1|  ap_memory |             buf_2d_out             |     array    |
|buf_2d_out_we0         | out |    1|  ap_memory |             buf_2d_out             |     array    |
|buf_2d_out_d0          | out |   16|  ap_memory |             buf_2d_out             |     array    |
+-----------------------+-----+-----+------------+------------------------------------+--------------+

