@I [LIC-101] Checked out feature [HLS]
@I [HLS-10] Running 'C:/opt/winprog/Xilinx/Vivado_HLS/2015.2/bin/unwrapped/win64.o/vivado_hls.exe'
            for user 'William' on host 'nalu' (Windows NT_amd64 version 6.2) on Sat Aug 08 22:33:26 +0800 2015
            in directory 'D:/opt/source/Vivado/Vivado_HLS_Tutorial/Arbitrary_Precision/lab1'
@I [HLS-10] Opening project 'D:/opt/source/Vivado/Vivado_HLS_Tutorial/Arbitrary_Precision/lab1/window_fn_prj'.
@I [HLS-10] Adding design file 'window_fn_top.cpp' to the project
@I [HLS-10] Adding test bench file 'window_fn_test.cpp' to the project
@I [HLS-10] Opening solution 'D:/opt/source/Vivado/Vivado_HLS_Tutorial/Arbitrary_Precision/lab1/window_fn_prj/solution1'.
@I [SYN-201] Setting up clock 'default' with a period of 5ns.
@I [LIC-101] Checked out feature [HLS]
@I [HLS-10] Setting target device to 'xc7k160tfbg484-1'
@I [HLS-10] Analyzing design file 'window_fn_top.cpp' ... 
@I [HLS-10] Validating synthesis directives ...
@I [HLS-10] Starting code transformations ...
@I [HLS-10] Checking synthesizability ...
@I [XFORM-602] Inlining function 'xhls_window_fn::window_fn<float, float, float, 32, (xhls_window_fn::win_fn_t)1>::apply' into 'window_fn_top' (window_fn_top.cpp:64) automatically.
@I [XFORM-602] Inlining function 'xhls_window_fn::window_fn<float, float, float, 32, (xhls_window_fn::win_fn_t)1>::apply' into 'window_fn_top' (window_fn_top.cpp:64) automatically.
@I [HLS-111] Elapsed time: 55.07 seconds; current memory usage: 601 MB.
@I [HLS-10] Starting hardware synthesis ...
@I [HLS-10] Synthesizing 'window_fn_top' ...
@I [HLS-10] ----------------------------------------------------------------
@I [HLS-10] -- Scheduling module 'window_fn_top' 
@I [HLS-10] ----------------------------------------------------------------
@I [SCHED-11] Starting scheduling ...
@I [SCHED-11] Finished scheduling.
@I [HLS-111] Elapsed time: 4.914 seconds; current memory usage: 601 MB.
@I [HLS-10] ----------------------------------------------------------------
@I [HLS-10] -- Exploring micro-architecture for module 'window_fn_top' 
@I [HLS-10] ----------------------------------------------------------------
@I [BIND-100] Starting micro-architecture generation ...
@I [BIND-101] Performing variable lifetime analysis.
@I [BIND-101] Exploring resource sharing.
@I [BIND-101] Binding ...
@I [BIND-100] Finished micro-architecture generation.
@I [HLS-111] Elapsed time: 0.935 seconds; current memory usage: 601 MB.
@I [HLS-10] ----------------------------------------------------------------
@I [HLS-10] -- Generating RTL for module 'window_fn_top' 
@I [HLS-10] ----------------------------------------------------------------
@I [RTGEN-500] Setting interface mode on port 'window_fn_top/outdata' to 'ap_memory'.
@I [RTGEN-500] Setting interface mode on port 'window_fn_top/indata' to 'ap_memory'.
@I [RTGEN-500] Setting interface mode on function 'window_fn_top' to 'ap_ctrl_hs'.
@I [RTGEN-100] Generating core module 'window_fn_top_fmul_32ns_32ns_32_5_max_dsp': 1 instance(s).
@I [RTGEN-100] Finished creating RTL model for 'window_fn_top'.
@I [HLS-111] Elapsed time: 0.374 seconds; current memory usage: 601 MB.
@I [RTMG-279] Implementing memory 'window_fn_top_coeff_tab1_rom' using auto ROMs.
@I [HLS-10] Finished generating all RTL models.
@I [WSYSC-301] Generating RTL SystemC for 'window_fn_top'.
@I [WVHDL-304] Generating RTL VHDL for 'window_fn_top'.
@I [WVLOG-307] Generating RTL Verilog for 'window_fn_top'.
@I [HLS-112] Total elapsed time: 62.699 seconds; peak memory usage: 601 MB.
@I [LIC-101] Checked in feature [HLS]
