==============================================================
File generated by Vivado(TM) HLS - High-Level Synthesis from C, C++ and SystemC
Version: 2015.2
Copyright (C) 2015 Xilinx Inc. All rights reserved.

==============================================================

@I [SYN-201] Setting up clock 'default' with a period of 5ns.
@I [LIC-101] Checked out feature [HLS]
@I [HLS-10] Setting target device to 'xc7k160tfbg484-1'
@I [HLS-10] Analyzing design file 'window_fn_top.cpp' ... 
@I [HLS-10] Validating synthesis directives ...
@I [HLS-10] Starting code transformations ...
@I [HLS-10] Checking synthesizability ...
@I [XFORM-602] Inlining function 'xhls_window_fn::window_fn<ap_fixed<8, 8, (ap_q_mode)5, (ap_o_mode)3, 0>, ap_fixed<24, 8, (ap_q_mode)5, (ap_o_mode)3, 0>, ap_fixed<18, 2, (ap_q_mode)5, (ap_o_mode)3, 0>, 32, (xhls_window_fn::win_fn_t)1>::apply' into 'window_fn_top' (window_fn_top.cpp:64) automatically.
@I [XFORM-602] Inlining function 'xhls_window_fn::window_fn<ap_fixed<8, 8, (ap_q_mode)5, (ap_o_mode)3, 0>, ap_fixed<24, 8, (ap_q_mode)5, (ap_o_mode)3, 0>, ap_fixed<18, 2, (ap_q_mode)5, (ap_o_mode)3, 0>, 32, (xhls_window_fn::win_fn_t)1>::apply' into 'window_fn_top' (window_fn_top.cpp:64) automatically.
@I [HLS-111] Elapsed time: 54.784 seconds; current memory usage: 623 MB.
@I [HLS-10] Starting hardware synthesis ...
@I [HLS-10] Synthesizing 'window_fn_top' ...
@I [HLS-10] ----------------------------------------------------------------
@I [HLS-10] -- Scheduling module 'window_fn_top' 
@I [HLS-10] ----------------------------------------------------------------
@I [SCHED-11] Starting scheduling ...
@I [SCHED-11] Finished scheduling.
@I [HLS-111] Elapsed time: 0.42 seconds; current memory usage: 623 MB.
@I [HLS-10] ----------------------------------------------------------------
@I [HLS-10] -- Exploring micro-architecture for module 'window_fn_top' 
@I [HLS-10] ----------------------------------------------------------------
@I [BIND-100] Starting micro-architecture generation ...
@I [BIND-101] Performing variable lifetime analysis.
@I [BIND-101] Exploring resource sharing.
@I [BIND-101] Binding ...
@I [BIND-100] Finished micro-architecture generation.
@I [HLS-111] Elapsed time: 0.502 seconds; current memory usage: 623 MB.
@I [HLS-10] ----------------------------------------------------------------
@I [HLS-10] -- Generating RTL for module 'window_fn_top' 
@I [HLS-10] ----------------------------------------------------------------
@I [RTGEN-500] Setting interface mode on port 'window_fn_top/outdata_V' to 'ap_memory'.
@I [RTGEN-500] Setting interface mode on port 'window_fn_top/indata_V' to 'ap_memory'.
@I [RTGEN-500] Setting interface mode on function 'window_fn_top' to 'ap_ctrl_hs'.
@I [RTGEN-100] Generating core module 'window_fn_top_mul_17ns_8s_24_3': 1 instance(s).
@I [RTGEN-100] Finished creating RTL model for 'window_fn_top'.
@I [HLS-111] Elapsed time: 0.387 seconds; current memory usage: 623 MB.
@I [RTMG-282] Generating pipelined core: 'window_fn_top_mul_17ns_8s_24_3_MulnS_0'
@I [RTMG-279] Implementing memory 'window_fn_top_coeff_tab1_rom' using distributed ROMs.
@I [HLS-10] Finished generating all RTL models.
@I [WSYSC-301] Generating RTL SystemC for 'window_fn_top'.
@I [WVHDL-304] Generating RTL VHDL for 'window_fn_top'.
@I [WVLOG-307] Generating RTL Verilog for 'window_fn_top'.
@I [HLS-112] Total elapsed time: 58.257 seconds; peak memory usage: 623 MB.
@I [LIC-101] Checked in feature [HLS]
