

================================================================
== Vivado HLS Report for 'axi_interfaces'
================================================================
* Date:           Sat Aug 08 16:37:25 2015

* Version:        2015.2 (Build 1266856 on Fri Jun 26 16:57:37 PM 2015)
* Project:        axi_interfaces_prj
* Solution:       solution2
* Product family: kintex7
* Target device:  xc7k160tfbg484-1


================================================================
== Performance Estimates
================================================================
+ Timing (ns): 
    * Summary: 
    +--------+-------+----------+------------+
    |  Clock | Target| Estimated| Uncertainty|
    +--------+-------+----------+------------+
    |ap_clk  |   4.00|      2.65|        0.50|
    +--------+-------+----------+------------+

+ Latency (clock cycles): 
    * Summary: 
    +-----+-----+-----+-----+---------+
    |  Latency  |  Interval | Pipeline|
    | min | max | min | max |   Type  |
    +-----+-----+-----+-----+---------+
    |    3|    4|    4|    5|   none  |
    +-----+-----+-----+-----+---------+

    + Detail: 
        * Instance: 
        N/A

        * Loop: 
        +------------+-----+-----+----------+-----------+-----------+------+----------+
        |            |  Latency  | Iteration|  Initiation Interval  | Trip |          |
        |  Loop Name | min | max |  Latency |  achieved |   target  | Count| Pipelined|
        +------------+-----+-----+----------+-----------+-----------+------+----------+
        |- For_Loop  |    3|    3|         1|          1|          1|     4|    yes   |
        +------------+-----+-----+----------+-----------+-----------+------+----------+



================================================================
== Utilization Estimates
================================================================
* Summary: 
+-----------------+---------+-------+--------+--------+
|       Name      | BRAM_18K| DSP48E|   FF   |   LUT  |
+-----------------+---------+-------+--------+--------+
|Expression       |        -|      -|       0|     274|
|FIFO             |        -|      -|       -|       -|
|Instance         |        0|      -|      36|      40|
|Memory           |        -|      -|       -|       -|
|Multiplexer      |        -|      -|       -|      14|
|Register         |        -|      -|     271|       -|
+-----------------+---------+-------+--------+--------+
|Total            |        0|      0|     307|     328|
+-----------------+---------+-------+--------+--------+
|Available        |      650|    600|  202800|  101400|
+-----------------+---------+-------+--------+--------+
|Utilization (%)  |        0|      0|   ~0   |   ~0   |
+-----------------+---------+-------+--------+--------+

+ Detail: 
    * Instance: 
    +---------------------------------+-------------------------------+---------+-------+----+----+
    |             Instance            |             Module            | BRAM_18K| DSP48E| FF | LUT|
    +---------------------------------+-------------------------------+---------+-------+----+----+
    |axi_interfaces_AXILiteS_s_axi_U  |axi_interfaces_AXILiteS_s_axi  |        0|      0|  36|  40|
    +---------------------------------+-------------------------------+---------+-------+----+----+
    |Total                            |                               |        0|      0|  36|  40|
    +---------------------------------+-------------------------------+---------+-------+----+----+

    * Memory: 
    N/A

    * FIFO: 
    N/A

    * Expression: 
    +--------------------+----------+-------+---+----+------------+------------+
    |    Variable Name   | Operation| DSP48E| FF| LUT| Bitwidth P0| Bitwidth P1|
    +--------------------+----------+-------+---+----+------------+------------+
    |i_1_7_fu_431_p2     |     +    |      0|  0|   6|           4|           6|
    |tmp_3_1_fu_264_p2   |     +    |      0|  0|  32|          32|          32|
    |tmp_3_2_fu_289_p2   |     +    |      0|  0|  32|          32|          32|
    |tmp_3_3_fu_314_p2   |     +    |      0|  0|  32|          32|          32|
    |tmp_3_4_fu_339_p2   |     +    |      0|  0|  32|          32|          32|
    |tmp_3_5_fu_364_p2   |     +    |      0|  0|  32|          32|          32|
    |tmp_3_6_fu_389_p2   |     +    |      0|  0|  32|          32|          32|
    |tmp_3_7_fu_414_p2   |     +    |      0|  0|  32|          32|          32|
    |tmp_3_fu_239_p2     |     +    |      0|  0|  32|          32|          32|
    |ap_sig_bdd_363      |    and   |      0|  0|   1|           1|           1|
    |ap_sig_bdd_365      |    and   |      0|  0|   1|           1|           1|
    |ap_sig_bdd_367      |    and   |      0|  0|   1|           1|           1|
    |ap_sig_bdd_369      |    and   |      0|  0|   1|           1|           1|
    |ap_sig_bdd_371      |    and   |      0|  0|   1|           1|           1|
    |ap_sig_bdd_373      |    and   |      0|  0|   1|           1|           1|
    |ap_sig_bdd_375      |    and   |      0|  0|   1|           1|           1|
    |ap_sig_bdd_377      |    and   |      0|  0|   1|           1|           1|
    |exitcond_fu_441_p2  |   icmp   |      0|  0|   3|           6|           7|
    |ap_sig_bdd_145      |    or    |      0|  0|   1|           1|           1|
    +--------------------+----------+-------+---+----+------------+------------+
    |Total               |          |      0|  0| 274|         275|         278|
    +--------------------+----------+-------+---+----+------------+------------+

    * Multiplexer: 
    +-----------------------------+----+-----------+-----+-----------+
    |             Name            | LUT| Input Size| Bits| Total Bits|
    +-----------------------------+----+-----------+-----+-----------+
    |ap_NS_fsm                    |   1|          3|    1|          3|
    |ap_sig_ioackin_d_o_0_TREADY  |   1|          2|    1|          2|
    |ap_sig_ioackin_d_o_1_TREADY  |   1|          2|    1|          2|
    |ap_sig_ioackin_d_o_2_TREADY  |   1|          2|    1|          2|
    |ap_sig_ioackin_d_o_3_TREADY  |   1|          2|    1|          2|
    |ap_sig_ioackin_d_o_4_TREADY  |   1|          2|    1|          2|
    |ap_sig_ioackin_d_o_5_TREADY  |   1|          2|    1|          2|
    |ap_sig_ioackin_d_o_6_TREADY  |   1|          2|    1|          2|
    |ap_sig_ioackin_d_o_7_TREADY  |   1|          2|    1|          2|
    |i1_reg_213                   |   5|          2|    5|         10|
    +-----------------------------+----+-----------+-----+-----------+
    |Total                        |  14|         21|   14|         29|
    +-----------------------------+----+-----------+-----+-----------+

    * Register: 
    +-----------------------------+----+----+-----+-----------+
    |             Name            | FF | LUT| Bits| Const Bits|
    +-----------------------------+----+----+-----+-----------+
    |acc_0                        |  32|   0|   32|          0|
    |acc_1                        |  32|   0|   32|          0|
    |acc_2                        |  32|   0|   32|          0|
    |acc_3                        |  32|   0|   32|          0|
    |acc_4                        |  32|   0|   32|          0|
    |acc_5                        |  32|   0|   32|          0|
    |acc_6                        |  32|   0|   32|          0|
    |acc_7                        |  32|   0|   32|          0|
    |ap_CS_fsm                    |   2|   0|    2|          0|
    |ap_reg_ioackin_d_o_0_TREADY  |   1|   0|    1|          0|
    |ap_reg_ioackin_d_o_1_TREADY  |   1|   0|    1|          0|
    |ap_reg_ioackin_d_o_2_TREADY  |   1|   0|    1|          0|
    |ap_reg_ioackin_d_o_3_TREADY  |   1|   0|    1|          0|
    |ap_reg_ioackin_d_o_4_TREADY  |   1|   0|    1|          0|
    |ap_reg_ioackin_d_o_5_TREADY  |   1|   0|    1|          0|
    |ap_reg_ioackin_d_o_6_TREADY  |   1|   0|    1|          0|
    |ap_reg_ioackin_d_o_7_TREADY  |   1|   0|    1|          0|
    |i1_reg_213                   |   5|   0|    5|          0|
    +-----------------------------+----+----+-----+-----------+
    |Total                        | 271|   0|  271|          0|
    +-----------------------------+----+----+-----+-----------+



================================================================
== Interface
================================================================
* Summary: 
+------------------------+-----+-----+------------+----------------+--------------+
|        RTL Ports       | Dir | Bits|  Protocol  |  Source Object |    C Type    |
+------------------------+-----+-----+------------+----------------+--------------+
|s_axi_AXILiteS_AWVALID  |  in |    1|    s_axi   |    AXILiteS    |  return void |
|s_axi_AXILiteS_AWREADY  | out |    1|    s_axi   |    AXILiteS    |  return void |
|s_axi_AXILiteS_AWADDR   |  in |    5|    s_axi   |    AXILiteS    |  return void |
|s_axi_AXILiteS_WVALID   |  in |    1|    s_axi   |    AXILiteS    |  return void |
|s_axi_AXILiteS_WREADY   | out |    1|    s_axi   |    AXILiteS    |  return void |
|s_axi_AXILiteS_WDATA    |  in |   32|    s_axi   |    AXILiteS    |  return void |
|s_axi_AXILiteS_WSTRB    |  in |    4|    s_axi   |    AXILiteS    |  return void |
|s_axi_AXILiteS_ARVALID  |  in |    1|    s_axi   |    AXILiteS    |  return void |
|s_axi_AXILiteS_ARREADY  | out |    1|    s_axi   |    AXILiteS    |  return void |
|s_axi_AXILiteS_ARADDR   |  in |    5|    s_axi   |    AXILiteS    |  return void |
|s_axi_AXILiteS_RVALID   | out |    1|    s_axi   |    AXILiteS    |  return void |
|s_axi_AXILiteS_RREADY   |  in |    1|    s_axi   |    AXILiteS    |  return void |
|s_axi_AXILiteS_RDATA    | out |   32|    s_axi   |    AXILiteS    |  return void |
|s_axi_AXILiteS_RRESP    | out |    2|    s_axi   |    AXILiteS    |  return void |
|s_axi_AXILiteS_BVALID   | out |    1|    s_axi   |    AXILiteS    |  return void |
|s_axi_AXILiteS_BREADY   |  in |    1|    s_axi   |    AXILiteS    |  return void |
|s_axi_AXILiteS_BRESP    | out |    2|    s_axi   |    AXILiteS    |  return void |
|ap_clk                  |  in |    1| ap_ctrl_hs | axi_interfaces | return value |
|ap_rst_n                |  in |    1| ap_ctrl_hs | axi_interfaces | return value |
|interrupt               | out |    1| ap_ctrl_hs | axi_interfaces | return value |
|d_o_0_TDATA             | out |   16|    axis    |      d_o_0     |    pointer   |
|d_o_0_TVALID            | out |    1|    axis    |      d_o_0     |    pointer   |
|d_o_0_TREADY            |  in |    1|    axis    |      d_o_0     |    pointer   |
|d_o_1_TDATA             | out |   16|    axis    |      d_o_1     |    pointer   |
|d_o_1_TVALID            | out |    1|    axis    |      d_o_1     |    pointer   |
|d_o_1_TREADY            |  in |    1|    axis    |      d_o_1     |    pointer   |
|d_o_2_TDATA             | out |   16|    axis    |      d_o_2     |    pointer   |
|d_o_2_TVALID            | out |    1|    axis    |      d_o_2     |    pointer   |
|d_o_2_TREADY            |  in |    1|    axis    |      d_o_2     |    pointer   |
|d_o_3_TDATA             | out |   16|    axis    |      d_o_3     |    pointer   |
|d_o_3_TVALID            | out |    1|    axis    |      d_o_3     |    pointer   |
|d_o_3_TREADY            |  in |    1|    axis    |      d_o_3     |    pointer   |
|d_o_4_TDATA             | out |   16|    axis    |      d_o_4     |    pointer   |
|d_o_4_TVALID            | out |    1|    axis    |      d_o_4     |    pointer   |
|d_o_4_TREADY            |  in |    1|    axis    |      d_o_4     |    pointer   |
|d_o_5_TDATA             | out |   16|    axis    |      d_o_5     |    pointer   |
|d_o_5_TVALID            | out |    1|    axis    |      d_o_5     |    pointer   |
|d_o_5_TREADY            |  in |    1|    axis    |      d_o_5     |    pointer   |
|d_o_6_TDATA             | out |   16|    axis    |      d_o_6     |    pointer   |
|d_o_6_TVALID            | out |    1|    axis    |      d_o_6     |    pointer   |
|d_o_6_TREADY            |  in |    1|    axis    |      d_o_6     |    pointer   |
|d_o_7_TDATA             | out |   16|    axis    |      d_o_7     |    pointer   |
|d_o_7_TVALID            | out |    1|    axis    |      d_o_7     |    pointer   |
|d_o_7_TREADY            |  in |    1|    axis    |      d_o_7     |    pointer   |
|d_i_0_TDATA             |  in |   16|    axis    |      d_i_0     |    pointer   |
|d_i_0_TVALID            |  in |    1|    axis    |      d_i_0     |    pointer   |
|d_i_0_TREADY            | out |    1|    axis    |      d_i_0     |    pointer   |
|d_i_1_TDATA             |  in |   16|    axis    |      d_i_1     |    pointer   |
|d_i_1_TVALID            |  in |    1|    axis    |      d_i_1     |    pointer   |
|d_i_1_TREADY            | out |    1|    axis    |      d_i_1     |    pointer   |
|d_i_2_TDATA             |  in |   16|    axis    |      d_i_2     |    pointer   |
|d_i_2_TVALID            |  in |    1|    axis    |      d_i_2     |    pointer   |
|d_i_2_TREADY            | out |    1|    axis    |      d_i_2     |    pointer   |
|d_i_3_TDATA             |  in |   16|    axis    |      d_i_3     |    pointer   |
|d_i_3_TVALID            |  in |    1|    axis    |      d_i_3     |    pointer   |
|d_i_3_TREADY            | out |    1|    axis    |      d_i_3     |    pointer   |
|d_i_4_TDATA             |  in |   16|    axis    |      d_i_4     |    pointer   |
|d_i_4_TVALID            |  in |    1|    axis    |      d_i_4     |    pointer   |
|d_i_4_TREADY            | out |    1|    axis    |      d_i_4     |    pointer   |
|d_i_5_TDATA             |  in |   16|    axis    |      d_i_5     |    pointer   |
|d_i_5_TVALID            |  in |    1|    axis    |      d_i_5     |    pointer   |
|d_i_5_TREADY            | out |    1|    axis    |      d_i_5     |    pointer   |
|d_i_6_TDATA             |  in |   16|    axis    |      d_i_6     |    pointer   |
|d_i_6_TVALID            |  in |    1|    axis    |      d_i_6     |    pointer   |
|d_i_6_TREADY            | out |    1|    axis    |      d_i_6     |    pointer   |
|d_i_7_TDATA             |  in |   16|    axis    |      d_i_7     |    pointer   |
|d_i_7_TVALID            |  in |    1|    axis    |      d_i_7     |    pointer   |
|d_i_7_TREADY            | out |    1|    axis    |      d_i_7     |    pointer   |
+------------------------+-----+-----+------------+----------------+--------------+

